Log file open, 01/28/18 12:06:18
LogWindows: Failed to load 'aqProf.dll' (GetLastError=126)
LogWindows: File 'aqProf.dll' does not exist
LogWindows: Failed to load 'VSPerf140.dll' (GetLastError=126)
LogWindows: File 'VSPerf140.dll' does not exist
LogWindows: Failed to load 'VtuneApi.dll' (GetLastError=126)
LogWindows: File 'VtuneApi.dll' does not exist
LogWindows: Failed to load 'VtuneApi32e.dll' (GetLastError=126)
LogWindows: File 'VtuneApi32e.dll' does not exist
LogInit: Display: Running engine for game: GGJ2018
LogPlatformFile: Not using cached read wrapper
LogInit: Display: RandInit(474383435) SRandInit(474383435).
LogInit: Read version file with build ID '3709383'
LogInit: Overriding engine version to CL 3832480, compatible CL 3709383
LogInit: Registered custom module enumerator with build ID '3709383'
LogTaskGraph: Started task graph with 5 named threads and 14 total threads with 3 sets of task threads.
LogStats: Stats thread started at 0.209253
LogD3D11RHI: Aftermath initialized
LogModuleManager: Display: Found up-to-date module file ../../../Engine/Plugins/2D/Paper2D/Binaries/Win64/UE4Editor-Paper2D.dll (API version 3709383).
LogModuleManager: Display: Found up-to-date module file ../../../Engine/Plugins/2D/Paper2D/Binaries/Win64/UE4Editor-Paper2DEditor.dll (API version 3709383).
LogModuleManager: Display: Found up-to-date module file ../../../Engine/Plugins/2D/Paper2D/Binaries/Win64/UE4Editor-PaperSpriteSheetImporter.dll (API version 3709383).
LogModuleManager: Display: Found up-to-date module file ../../../Engine/Plugins/2D/Paper2D/Binaries/Win64/UE4Editor-PaperTiledImporter.dll (API version 3709383).
LogModuleManager: Display: Found up-to-date module file ../../../Engine/Plugins/2D/Paper2D/Binaries/Win64/UE4Editor-SmartSnapping.dll (API version 3709383).
LogModuleManager: Display: Found up-to-date module file ../../../Engine/Plugins/Blendables/LightPropagationVolume/Binaries/Win64/UE4Editor-LightPropagationVolumeRuntime.dll (API version 3709383).
LogModuleManager: Display: Found up-to-date module file ../../../Engine/Plugins/Blendables/LightPropagationVolume/Binaries/Win64/UE4Editor-LightPropagationVolumeEditor.dll (API version 3709383).
LogModuleManager: Display: Found up-to-date module file ../../../Engine/Plugins/Developer/GitSourceControl/Binaries/Win64/UE4Editor-GitSourceControl.dll (API version 3709383).
LogModuleManager: Display: Found up-to-date module file ../../../Engine/Plugins/Developer/PerforceSourceControl/Binaries/Win64/UE4Editor-PerforceSourceControl.dll (API version 3709383).
LogModuleManager: Display: Found up-to-date module file ../../../Engine/Plugins/Developer/SubversionSourceControl/Binaries/Win64/UE4Editor-SubversionSourceControl.dll (API version 3709383).
LogModuleManager: Display: Found up-to-date module file ../../../Engine/Plugins/Developer/UObjectPlugin/Binaries/Win64/UE4Editor-UObjectPlugin.dll (API version 3709383).
LogModuleManager: Display: Found up-to-date module file ../../../Engine/Plugins/Developer/VisualStudioCodeSourceCodeAccess/Binaries/Win64/UE4Editor-VisualStudioCodeSourceCodeAccess.dll (API version 3709383).
LogModuleManager: Display: Found up-to-date module file ../../../Engine/Plugins/Developer/VisualStudioSourceCodeAccess/Binaries/Win64/UE4Editor-VisualStudioSourceCodeAccess.dll (API version 3709383).
LogModuleManager: Display: Found up-to-date module file ../../../Engine/Plugins/Editor/AssetManagerEditor/Binaries/Win64/UE4Editor-AssetManagerEditor.dll (API version 3709383).
LogModuleManager: Display: Found up-to-date module file ../../../Engine/Plugins/Editor/AudioCapture/Binaries/Win64/UE4Editor-AudioCapture.dll (API version 3709383).
LogModuleManager: Display: Found up-to-date module file ../../../Engine/Plugins/Editor/FacialAnimation/Binaries/Win64/UE4Editor-FacialAnimation.dll (API version 3709383).
LogModuleManager: Display: Found up-to-date module file ../../../Engine/Plugins/Editor/FacialAnimation/Binaries/Win64/UE4Editor-FacialAnimationEditor.dll (API version 3709383).
LogModuleManager: Display: Found up-to-date module file ../../../Engine/Plugins/Editor/GameplayTagsEditor/Binaries/Win64/UE4Editor-GameplayTagsEditor.dll (API version 3709383).
LogModuleManager: Display: Found up-to-date module file ../../../Engine/Plugins/Editor/MobileLauncherProfileWizard/Binaries/Win64/UE4Editor-MobileLauncherProfileWizard.dll (API version 3709383).
LogModuleManager: Display: Found up-to-date module file ../../../Engine/Plugins/Editor/PluginBrowser/Binaries/Win64/UE4Editor-PluginBrowser.dll (API version 3709383).
LogModuleManager: Display: Found up-to-date module file ../../../Engine/Plugins/Editor/SpeedTreeImporter/Binaries/Win64/UE4Editor-SpeedTreeImporter.dll (API version 3709383).
LogModuleManager: Display: Found up-to-date module file ../../../Engine/Plugins/Experimental/AlembicImporter/Binaries/Win64/UE4Editor-AlembicImporter.dll (API version 3709383).
LogModuleManager: Display: Found up-to-date module file ../../../Engine/Plugins/Experimental/AlembicImporter/Binaries/Win64/UE4Editor-AlembicLibrary.dll (API version 3709383).
LogModuleManager: Display: Found up-to-date module file ../../../Engine/Plugins/Experimental/CharacterAI/Binaries/Win64/UE4Editor-CharacterAI.dll (API version 3709383).
LogModuleManager: Display: Found up-to-date module file ../../../Engine/Plugins/Experimental/HTML5Networking/Binaries/Win64/UE4Editor-HTML5Networking.dll (API version 3709383).
LogModuleManager: Display: Found up-to-date module file ../../../Engine/Plugins/Media/AndroidMedia/Binaries/Win64/UE4Editor-AndroidMediaEditor.dll (API version 3709383).
LogModuleManager: Display: Found up-to-date module file ../../../Engine/Plugins/Media/AndroidMedia/Binaries/Win64/UE4Editor-AndroidMediaFactory.dll (API version 3709383).
LogModuleManager: Display: Found up-to-date module file ../../../Engine/Plugins/Media/AvfMedia/Binaries/Win64/UE4Editor-AvfMediaEditor.dll (API version 3709383).
LogModuleManager: Display: Found up-to-date module file ../../../Engine/Plugins/Media/AvfMedia/Binaries/Win64/UE4Editor-AvfMediaFactory.dll (API version 3709383).
LogModuleManager: Display: Found up-to-date module file ../../../Engine/Plugins/Media/AvfMedia/Binaries/Win64/UE4Editor-AvfMediaFactory.dll (API version 3709383).
LogModuleManager: Display: Found up-to-date module file ../../../Engine/Plugins/Media/ImgMedia/Binaries/Win64/UE4Editor-ImgMedia.dll (API version 3709383).
LogModuleManager: Display: Found up-to-date module file ../../../Engine/Plugins/Media/ImgMedia/Binaries/Win64/UE4Editor-ImgMediaEditor.dll (API version 3709383).
LogModuleManager: Display: Found up-to-date module file ../../../Engine/Plugins/Media/ImgMedia/Binaries/Win64/UE4Editor-ImgMediaFactory.dll (API version 3709383).
LogModuleManager: Display: Found up-to-date module file ../../../Engine/Plugins/Media/ImgMedia/Binaries/Win64/UE4Editor-ImgMediaFactory.dll (API version 3709383).
LogModuleManager: Display: Found up-to-date module file ../../../Engine/Plugins/Media/ImgMedia/Binaries/Win64/UE4Editor-OpenExrWrapper.dll (API version 3709383).
LogModuleManager: Display: Found up-to-date module file ../../../Engine/Plugins/Media/MediaCompositing/Binaries/Win64/UE4Editor-MediaCompositing.dll (API version 3709383).
LogModuleManager: Display: Found up-to-date module file ../../../Engine/Plugins/Media/MediaCompositing/Binaries/Win64/UE4Editor-MediaCompositingEditor.dll (API version 3709383).
LogModuleManager: Display: Found up-to-date module file ../../../Engine/Plugins/Media/MediaPlayerEditor/Binaries/Win64/UE4Editor-MediaPlayerEditor.dll (API version 3709383).
LogModuleManager: Display: Found up-to-date module file ../../../Engine/Plugins/Media/WmfMedia/Binaries/Win64/UE4Editor-WmfMedia.dll (API version 3709383).
LogModuleManager: Display: Found up-to-date module file ../../../Engine/Plugins/Media/WmfMedia/Binaries/Win64/UE4Editor-WmfMediaEditor.dll (API version 3709383).
LogModuleManager: Display: Found up-to-date module file ../../../Engine/Plugins/Media/WmfMedia/Binaries/Win64/UE4Editor-WmfMediaFactory.dll (API version 3709383).
LogModuleManager: Display: Found up-to-date module file ../../../Engine/Plugins/Media/WmfMedia/Binaries/Win64/UE4Editor-WmfMediaFactory.dll (API version 3709383).
LogModuleManager: Display: Found up-to-date module file ../../../Engine/Plugins/Messaging/TcpMessaging/Binaries/Win64/UE4Editor-TcpMessaging.dll (API version 3709383).
LogModuleManager: Display: Found up-to-date module file ../../../Engine/Plugins/Messaging/UdpMessaging/Binaries/Win64/UE4Editor-UdpMessaging.dll (API version 3709383).
LogModuleManager: Display: Found up-to-date module file ../../../Engine/Plugins/MovieScene/ActorSequence/Binaries/Win64/UE4Editor-ActorSequence.dll (API version 3709383).
LogModuleManager: Display: Found up-to-date module file ../../../Engine/Plugins/MovieScene/LevelSequenceEditor/Binaries/Win64/UE4Editor-LevelSequenceEditor.dll (API version 3709383).
LogModuleManager: Display: Found up-to-date module file ../../../Engine/Plugins/MovieScene/MatineeToLevelSequence/Binaries/Win64/UE4Editor-MatineeToLevelSequence.dll (API version 3709383).
LogModuleManager: Display: Found up-to-date module file ../../../Engine/Plugins/Online/OnlineSubsystem/Binaries/Win64/UE4Editor-OnlineSubsystem.dll (API version 3709383).
LogModuleManager: Display: Found up-to-date module file ../../../Engine/Plugins/Runtime/AndroidPermission/Binaries/Win64/UE4Editor-AndroidPermission.dll (API version 3709383).
LogModuleManager: Display: Found up-to-date module file ../../../Engine/Plugins/Online/OnlineSubsystemNull/Binaries/Win64/UE4Editor-OnlineSubsystemNull.dll (API version 3709383).
LogModuleManager: Display: Found up-to-date module file ../../../Engine/Plugins/Online/OnlineSubsystemUtils/Binaries/Win64/UE4Editor-OnlineSubsystemUtils.dll (API version 3709383).
LogModuleManager: Display: Found up-to-date module file ../../../Engine/Plugins/Online/OnlineSubsystemUtils/Binaries/Win64/UE4Editor-OnlineBlueprintSupport.dll (API version 3709383).
LogModuleManager: Display: Found up-to-date module file ../../../Engine/Plugins/Runtime/AndroidDeviceProfileSelector/Binaries/Win64/UE4Editor-AndroidDeviceProfileSelector.dll (API version 3709383).
LogModuleManager: Display: Found up-to-date module file ../../../Engine/Plugins/Runtime/AppleARKit/Binaries/Win64/UE4Editor-AppleARKit.dll (API version 3709383).
LogModuleManager: Display: Found up-to-date module file ../../../Engine/Plugins/Runtime/ArchVisCharacter/Binaries/Win64/UE4Editor-ArchVisCharacter.dll (API version 3709383).
LogModuleManager: Display: Found up-to-date module file ../../../Engine/Plugins/Runtime/CableComponent/Binaries/Win64/UE4Editor-CableComponent.dll (API version 3709383).
LogModuleManager: Display: Found up-to-date module file ../../../Engine/Plugins/Runtime/CustomMeshComponent/Binaries/Win64/UE4Editor-CustomMeshComponent.dll (API version 3709383).
LogModuleManager: Display: Found up-to-date module file ../../../Engine/Plugins/Runtime/ExampleDeviceProfileSelector/Binaries/Win64/UE4Editor-ExampleDeviceProfileSelector.dll (API version 3709383).
LogModuleManager: Display: Found up-to-date module file ../../../Engine/Plugins/Runtime/ImmediatePhysics/Binaries/Win64/UE4Editor-ImmediatePhysics.dll (API version 3709383).
LogModuleManager: Display: Found up-to-date module file ../../../Engine/Plugins/Runtime/ImmediatePhysics/Binaries/Win64/UE4Editor-ImmediatePhysicsEditor.dll (API version 3709383).
LogModuleManager: Display: Found up-to-date module file ../../../Engine/Plugins/Runtime/LocationServicesBPLibrary/Binaries/Win64/UE4Editor-LocationServicesBPLibrary.dll (API version 3709383).
LogModuleManager: Display: Found up-to-date module file ../../../Engine/Plugins/Runtime/MobilePatchingUtils/Binaries/Win64/UE4Editor-MobilePatchingUtils.dll (API version 3709383).
LogModuleManager: Display: Found up-to-date module file ../../../Engine/Plugins/Runtime/Oculus/OculusVR/Binaries/Win64/UE4Editor-OculusHMD.dll (API version 3709383).
LogModuleManager: Display: Found up-to-date module file ../../../Engine/Plugins/Runtime/Oculus/OculusVR/Binaries/Win64/UE4Editor-OculusInput.dll (API version 3709383).
LogModuleManager: Display: Found up-to-date module file ../../../Engine/Plugins/Runtime/Oculus/OculusVR/Binaries/Win64/UE4Editor-OculusEditor.dll (API version 3709383).
LogModuleManager: Display: Found up-to-date module file ../../../Engine/Plugins/Runtime/PhysXVehicles/Binaries/Win64/UE4Editor-PhysXVehicles.dll (API version 3709383).
LogModuleManager: Display: Found up-to-date module file ../../../Engine/Plugins/Runtime/PhysXVehicles/Binaries/Win64/UE4Editor-PhysXVehiclesEditor.dll (API version 3709383).
LogModuleManager: Display: Found up-to-date module file ../../../Engine/Plugins/Runtime/ProceduralMeshComponent/Binaries/Win64/UE4Editor-ProceduralMeshComponent.dll (API version 3709383).
LogModuleManager: Display: Found up-to-date module file ../../../Engine/Plugins/Runtime/ProceduralMeshComponent/Binaries/Win64/UE4Editor-ProceduralMeshComponentEditor.dll (API version 3709383).
LogModuleManager: Display: Found up-to-date module file ../../../Engine/Plugins/Runtime/RuntimePhysXCooking/Binaries/Win64/UE4Editor-RuntimePhysXCooking.dll (API version 3709383).
LogModuleManager: Display: Found up-to-date module file ../../../Engine/Plugins/Runtime/Steam/SteamVR/Binaries/Win64/UE4Editor-SteamVR.dll (API version 3709383).
LogModuleManager: Display: Found up-to-date module file ../../../Engine/Plugins/Runtime/Steam/SteamVR/Binaries/Win64/UE4Editor-SteamVRController.dll (API version 3709383).
LogModuleManager: Display: Found up-to-date module file ../../../Engine/Plugins/Runtime/WindowsMoviePlayer/Binaries/Win64/UE4Editor-WindowsMoviePlayer.dll (API version 3709383).
LogPluginManager: Mounting plugin Paper2D
LogPluginManager: Mounting plugin LightPropagationVolume
LogPluginManager: Mounting plugin CodeLiteSourceCodeAccess
LogPluginManager: Mounting plugin GitSourceControl
LogPluginManager: Mounting plugin KDevelopSourceCodeAccess
LogPluginManager: Mounting plugin NullSourceCodeAccess
LogPluginManager: Mounting plugin PerforceSourceControl
LogPluginManager: Mounting plugin SubversionSourceControl
LogPluginManager: Mounting plugin UObjectPlugin
LogPluginManager: Mounting plugin VisualStudioCodeSourceCodeAccess
LogPluginManager: Mounting plugin VisualStudioSourceCodeAccess
LogPluginManager: Mounting plugin XCodeSourceCodeAccess
LogPluginManager: Mounting plugin AssetManagerEditor
LogPluginManager: Mounting plugin AudioCapture
LogPluginManager: Mounting plugin FacialAnimation
LogPluginManager: Mounting plugin GameplayTagsEditor
LogPluginManager: Mounting plugin MobileLauncherProfileWizard
LogPluginManager: Mounting plugin PluginBrowser
LogPluginManager: Mounting plugin SpeedTreeImporter
LogPluginManager: Mounting plugin AlembicImporter
LogPluginManager: Mounting plugin CharacterAI
LogPluginManager: Mounting plugin HTML5Networking
LogPluginManager: Mounting plugin AndroidMedia
LogPluginManager: Mounting plugin AvfMedia
LogPluginManager: Mounting plugin ImgMedia
LogPluginManager: Mounting plugin MediaCompositing
LogPluginManager: Mounting plugin MediaPlayerEditor
LogPluginManager: Mounting plugin WmfMedia
LogPluginManager: Mounting plugin TcpMessaging
LogPluginManager: Mounting plugin UdpMessaging
LogPluginManager: Mounting plugin ActorSequence
LogPluginManager: Mounting plugin LevelSequenceEditor
LogPluginManager: Mounting plugin MatineeToLevelSequence
LogPluginManager: Mounting plugin OnlineSubsystemGooglePlay
LogPluginManager: Mounting plugin OnlineSubsystemIOS
LogPluginManager: Mounting plugin OnlineSubsystem
LogPluginManager: Mounting plugin OnlineSubsystemNull
LogPluginManager: Mounting plugin OnlineSubsystemUtils
LogPluginManager: Mounting plugin AndroidDeviceProfileSelector
LogPluginManager: Mounting plugin AndroidMoviePlayer
LogPluginManager: Mounting plugin AndroidPermission
LogPluginManager: Mounting plugin AppleARKit
LogPluginManager: Mounting plugin AppleMoviePlayer
LogPluginManager: Mounting plugin ArchVisCharacter
LogPluginManager: Mounting plugin CableComponent
LogPluginManager: Mounting plugin CustomMeshComponent
LogPluginManager: Mounting plugin ExampleDeviceProfileSelector
LogPluginManager: Mounting plugin GoogleCloudMessaging
LogPluginManager: Mounting plugin ImmediatePhysics
LogPluginManager: Mounting plugin IOSDeviceProfileSelector
LogPluginManager: Mounting plugin LinuxDeviceProfileSelector
LogPluginManager: Mounting plugin LocationServicesBPLibrary
LogPluginManager: Mounting plugin MobilePatchingUtils
LogPluginManager: Mounting plugin OculusVR
LogPluginManager: Plugin shader directory ../../../Engine/Plugins/Runtime/Oculus/OculusVR/Shaders found
LogPluginManager: Mapping shader source directory ../../../Engine/Plugins/Runtime/Oculus/OculusVR/Shaders to virtual directory /Plugin/OculusVR
LogPluginManager: Mounting plugin PhysXVehicles
LogPluginManager: Mounting plugin ProceduralMeshComponent
LogPluginManager: Mounting plugin RuntimePhysXCooking
LogPluginManager: Mounting plugin SteamVR
LogPluginManager: Mounting plugin WindowsMoviePlayer
LogInit: Using libcurl 7.47.1
LogInit:  - built for x86_64-pc-win32
LogInit:  - supports SSL with OpenSSL/1.0.2g
LogInit:  - supports HTTP deflate (compression) using libz 1.2.8
LogInit:  - other features:
LogInit:      CURL_VERSION_SSL
LogInit:      CURL_VERSION_LIBZ
LogInit:      CURL_VERSION_IPV6
LogInit:      CURL_VERSION_ASYNCHDNS
LogInit:      CURL_VERSION_LARGEFILE
LogInit:      CURL_VERSION_IDN
LogInit:  CurlRequestOptions (configurable via config and command line):
LogInit:  - bVerifyPeer = false  - Libcurl will NOT verify peer certificate
LogInit:  - bUseHttpProxy = false  - Libcurl will NOT use HTTP proxy
LogInit:  - bDontReuseConnections = false  - Libcurl will reuse connections
LogInit:  - CertBundlePath = nullptr  - Libcurl will use whatever was configured at build time.
LogInit: Build: ++UE4+Release-4.18-CL-3832480
LogInit: Engine Version: 4.18.3-3832480+++UE4+Release-4.18
LogInit: Compatible Engine Version: 4.18.0-3709383+++UE4+Release-4.18
LogInit: Net CL: 3709383
LogDevObjectVersion: Number of dev versions registered: 16
LogDevObjectVersion:   Dev-Blueprints (B0D832E4-1F89-4F0D-ACCF-7EB736FD4AA2): 10
LogDevObjectVersion:   Dev-Build (E1C64328-A22C-4D53-A36C-8E866417BD8C): 0
LogDevObjectVersion:   Dev-Core (375EC13C-06E4-48FB-B500-84F0262A717E): 2
LogDevObjectVersion:   Dev-Editor (E4B068ED-F494-42E9-A231-DA0B2E46BB41): 20
LogDevObjectVersion:   Dev-Framework (CFFC743F-43B0-4480-9391-14DF171D2073): 30
LogDevObjectVersion:   Dev-Mobile (B02B49B5-BB20-44E9-A304-32B752E40360): 0
LogDevObjectVersion:   Dev-Networking (A4E4105C-59A1-49B5-A7C5-40C4547EDFEE): 0
LogDevObjectVersion:   Dev-Online (39C831C9-5AE6-47DC-9A44-9C173E1C8E7C): 0
LogDevObjectVersion:   Dev-Physics (78F01B33-EBEA-4F98-B9B4-84EACCB95AA2): 0
LogDevObjectVersion:   Dev-Platform (6631380F-2D4D-43E0-8009-CF276956A95A): 0
LogDevObjectVersion:   Dev-Rendering (12F88B9F-8875-4AFC-A67C-D90C383ABD29): 20
LogDevObjectVersion:   Dev-Sequencer (7B5AE74C-D270-4C10-A958-57980B212A5A): 4
LogDevObjectVersion:   Dev-VR (D7296918-1DD6-4BDD-9DE2-64A83CC13884): 0
LogDevObjectVersion:   Dev-LoadTimes (C2A15278-BFE7-4AFE-6C17-90FF531DF755): 1
LogDevObjectVersion:   Private-Geometry (6EACA3D4-40EC-4CC1-B786-8BED09428FC5): 1
LogDevObjectVersion:   Dev-AnimPhys (29E575DD-E0A3-4627-9D10-D276232CDCEA): 12
LogInit: Compiled (64-bit): Jan 12 2018 02:04:55
LogInit: Compiled with Visual C++: 19.00.24215.01
LogInit: Build Configuration: Development
LogInit: Branch Name: ++UE4+Release-4.18
LogInit: Command line: -log -d3d10 "D:\Projects\Unreal Projects\GGJ2018\GGJ2018\GGJ2018.uproject"
LogInit: Base directory: D:/Epic Games/UE_4.18/Engine/Binaries/Win64/
LogInit: Installed Engine Build: 1
LogInit: Presizing for max 8388607 objects, including 0 objects not considered by GC, pre-allocating 0 bytes for permanent pool.
LogInit: Object subsystem initialized
[2018.01.28-09.06.20:459][  0]LogInit: Selected Device Profile: [Windows]
[2018.01.28-09.06.20:459][  0]LogInit: Applying CVar settings loaded from the selected device profile: [Windows]
[2018.01.28-09.06.20:495][  0]LogInit: Computer: DESKTOP-R47TH6J
[2018.01.28-09.06.20:495][  0]LogInit: User: Wheatley
[2018.01.28-09.06.20:497][  0]LogInit: CPU Page size=4096, Cores=4
[2018.01.28-09.06.20:498][  0]LogInit: High frequency timer resolution =2.338347 MHz
[2018.01.28-09.06.20:499][  0]LogMemory: Memory total: Physical=7.9GB (8GB approx)
[2018.01.28-09.06.20:499][  0]LogMemory: Platform Memory Stats for Windows
[2018.01.28-09.06.20:500][  0]LogMemory: Process Physical Memory: 273.81 MB used, 273.81 MB peak
[2018.01.28-09.06.20:500][  0]LogMemory: Process Virtual Memory: 276.81 MB used, 276.81 MB peak
[2018.01.28-09.06.20:500][  0]LogMemory: Physical Memory: 4361.99 MB used,  3746.37 MB free, 8108.36 MB total
[2018.01.28-09.06.20:501][  0]LogMemory: Virtual Memory: 651.13 MB used,  3746.37 MB free, 134217728.00 MB total
[2018.01.28-09.06.20:706][  0]LogInit: Using OS detected language (ru-RU).
[2018.01.28-09.06.20:706][  0]LogInit: Using OS detected locale (ru-RU).
[2018.01.28-09.06.20:712][  0]LogTextLocalizationManager: No localization for 'ru-RU' exists, so 'en' will be used for the language.
[2018.01.28-09.06.20:713][  0]LogTextLocalizationManager: No localization for 'ru-RU' exists, so 'en' will be used for the locale.
[2018.01.28-09.06.21:239][  0]LogInit: Setting process to per monitor DPI aware
[2018.01.28-09.06.21:529][  0]LogD3D11RHI: D3D11 adapters:
[2018.01.28-09.06.21:550][  0]LogD3D11RHI:    0. 'AMD Radeon R7 M265 Series' (Feature Level 10_0)
[2018.01.28-09.06.21:550][  0]LogD3D11RHI:       2028/0/4054 MB DedicatedVideo/DedicatedSystem/SharedSystem, Outputs:1, VendorId:0x1002
[2018.01.28-09.06.21:557][  0]LogD3D11RHI:    1. 'Intel(R) HD Graphics 4600' (Feature Level 10_0)
[2018.01.28-09.06.21:557][  0]LogD3D11RHI:       112/0/2048 MB DedicatedVideo/DedicatedSystem/SharedSystem, Outputs:0, VendorId:0x8086
[2018.01.28-09.06.21:559][  0]LogD3D11RHI:    2. 'Microsoft Basic Render Driver' (Feature Level 10_0)
[2018.01.28-09.06.21:559][  0]LogD3D11RHI:       0/0/4054 MB DedicatedVideo/DedicatedSystem/SharedSystem, Outputs:0, VendorId:0x1414
[2018.01.28-09.06.21:560][  0]LogD3D11RHI: Chosen D3D11 Adapter: 0
[2018.01.28-09.06.21:569][  0]LogD3D11RHI: Creating new Direct3DDevice
[2018.01.28-09.06.21:569][  0]LogD3D11RHI:     GPU DeviceId: 0x6604 (for the marketing name, search the web for "GPU Device Id")
[2018.01.28-09.06.21:569][  0]LogWindows: EnumDisplayDevices:
[2018.01.28-09.06.21:570][  0]LogWindows:    0. 'Intel(R) HD Graphics 4600' (P:1 D:1)
[2018.01.28-09.06.21:571][  0]LogWindows:    1. 'Intel(R) HD Graphics 4600' (P:0 D:0)
[2018.01.28-09.06.21:572][  0]LogWindows:    2. 'Intel(R) HD Graphics 4600' (P:0 D:0)
[2018.01.28-09.06.21:572][  0]LogWindows:    3. 'AMD Radeon R7 M265 Series' (P:0 D:0)
[2018.01.28-09.06.21:573][  0]LogWindows:    4. 'AMD Radeon R7 M265 Series' (P:0 D:0)
[2018.01.28-09.06.21:573][  0]LogWindows:    5. 'AMD Radeon R7 M265 Series' (P:0 D:0)
[2018.01.28-09.06.21:573][  0]LogWindows:    6. 'AMD Radeon R7 M265 Series' (P:0 D:0)
[2018.01.28-09.06.21:574][  0]LogWindows:    7. 'AMD Radeon R7 M265 Series' (P:0 D:0)
[2018.01.28-09.06.21:574][  0]LogWindows:    8. 'AMD Radeon R7 M265 Series' (P:0 D:0)
[2018.01.28-09.06.21:575][  0]LogWindows:    9. 'AMD Radeon R7 M265 Series' (P:0 D:0)
[2018.01.28-09.06.21:575][  0]LogWindows:    10. 'AMD Radeon R7 M265 Series' (P:0 D:0)
[2018.01.28-09.06.21:575][  0]LogWindows:    11. 'AMD Radeon R7 M265 Series' (P:0 D:0)
[2018.01.28-09.06.21:576][  0]LogWindows:    12. 'AMD Radeon R7 M265 Series' (P:0 D:0)
[2018.01.28-09.06.21:576][  0]LogWindows:    13. 'AMD Radeon R7 M265 Series' (P:0 D:0)
[2018.01.28-09.06.21:577][  0]LogWindows:    14. 'AMD Radeon R7 M265 Series' (P:0 D:0)
[2018.01.28-09.06.21:579][  0]LogWindows:    15. 'AMD Radeon R7 M265 Series' (P:0 D:0)
[2018.01.28-09.06.21:580][  0]LogWindows:    16. 'AMD Radeon R7 M265 Series' (P:0 D:0)
[2018.01.28-09.06.21:580][  0]LogWindows:    17. 'AMD Radeon R7 M265 Series' (P:0 D:0)
[2018.01.28-09.06.21:580][  0]LogWindows:    18. 'AMD Radeon R7 M265 Series' (P:0 D:0)
[2018.01.28-09.06.21:581][  0]LogWindows: DebugString: PrimaryIsNotTheChoosenAdapter PrimaryIsNotTheChoosenAdapter PrimaryIsNotTheChoosenAdapter FoundDriverCount:16 
[2018.01.28-09.06.21:581][  0]LogD3D11RHI:     Adapter Name: AMD Radeon R7 M265 Series
[2018.01.28-09.06.21:581][  0]LogD3D11RHI:   Driver Version: Crimson ReLive 17.11.1 (internal:23.20.788.0, unified:23.20.788.0)
[2018.01.28-09.06.21:582][  0]LogD3D11RHI:      Driver Date: 11-2-2017
[2018.01.28-09.06.21:582][  0]LogRHI: Texture pool is 1419 MB (70% of 2028 MB)
[2018.01.28-09.06.21:619][  0]LogD3D11RHI: Async texture creation enabled
[2018.01.28-09.06.21:631][  0]LogD3D11RHI: GPU Timing Frequency: 27.000000 (Debug: 2 1)
[2018.01.28-09.06.21:632][  0]LogShaderCompilers: Guid format shader working directory is -6 characters bigger than the processId version (../../../../../Projects/Unreal Projects/GGJ2018/GGJ2018/Intermediate/Shaders/WorkingDirectory/7740/).
[2018.01.28-09.06.21:632][  0]LogShaderCompilers: Cleaned the shader compiler working directory 'C:/Users/Wheatley/AppData/Local/Temp/UnrealShaderWorkingDir/6FB043D3418FC56C028128A0B402B0DA/'.
[2018.01.28-09.06.21:632][  0]LogShaderCompilers: Display: Using Local Shader Compiler.
[2018.01.28-09.06.22:727][  0]LogTemp: Display: Loaded TP AllDesktopTargetPlatform
[2018.01.28-09.06.22:783][  0]LogTemp: Display: Loaded TP MacClientTargetPlatform
[2018.01.28-09.06.22:838][  0]LogTemp: Display: Loaded TP MacNoEditorTargetPlatform
[2018.01.28-09.06.22:894][  0]LogTemp: Display: Loaded TP MacServerTargetPlatform
[2018.01.28-09.06.22:950][  0]LogTemp: Display: Loaded TP MacTargetPlatform
[2018.01.28-09.06.23:008][  0]LogTemp: Display: Loaded TP WindowsClientTargetPlatform
[2018.01.28-09.06.23:064][  0]LogTemp: Display: Loaded TP WindowsNoEditorTargetPlatform
[2018.01.28-09.06.23:120][  0]LogTemp: Display: Loaded TP WindowsServerTargetPlatform
[2018.01.28-09.06.23:167][  0]LogTemp: Display: Loaded TP WindowsTargetPlatform
[2018.01.28-09.06.23:223][  0]LogTemp: Display: Loaded TP Android_ASTCTargetPlatform
[2018.01.28-09.06.23:277][  0]LogTemp: Display: Loaded TP Android_ATCTargetPlatform
[2018.01.28-09.06.23:332][  0]LogTemp: Display: Loaded TP Android_DXTTargetPlatform
[2018.01.28-09.06.23:387][  0]LogTemp: Display: Loaded TP Android_ETC1TargetPlatform
[2018.01.28-09.06.23:442][  0]LogTemp: Display: Loaded TP Android_ETC2TargetPlatform
[2018.01.28-09.06.23:550][  0]LogTemp: Display: Loaded TP Android_MultiTargetPlatform
[2018.01.28-09.06.23:550][  0]LogTemp: Display: Loaded TP Android_PVRTCTargetPlatform
[2018.01.28-09.06.23:606][  0]LogTemp: Display: Loaded TP AndroidTargetPlatform
[2018.01.28-09.06.23:645][  0]LogTemp: Display: Loaded TP HTML5TargetPlatform
[2018.01.28-09.06.23:741][  0]LogTemp: Display: Loaded TP IOSTargetPlatform
[2018.01.28-09.06.23:773][  0]LogTemp: Display: Loaded TP TVOSTargetPlatform
[2018.01.28-09.06.23:827][  0]LogTemp: Display: Loaded TP LinuxClientTargetPlatform
[2018.01.28-09.06.23:881][  0]LogTemp: Display: Loaded TP LinuxNoEditorTargetPlatform
[2018.01.28-09.06.23:936][  0]LogTemp: Display: Loaded TP LinuxServerTargetPlatform
[2018.01.28-09.06.23:992][  0]LogTemp: Display: Loaded TP LinuxTargetPlatform
[2018.01.28-09.06.23:992][  0]LogTargetPlatformManager: Display: Building Assets For Windows
[2018.01.28-09.06.24:459][  0]LogDerivedDataCache: Display: Max Cache Size: 512 MB
[2018.01.28-09.06.24:573][  0]LogDerivedDataCache: Loaded boot cache 0.11s 75MB C:/Users/Wheatley/AppData/Local/UnrealEngine/4.18/DerivedDataCache/Boot.ddc.
[2018.01.28-09.06.24:573][  0]LogDerivedDataCache: Display: Loaded Boot cache: C:/Users/Wheatley/AppData/Local/UnrealEngine/4.18/DerivedDataCache/Boot.ddc
[2018.01.28-09.06.24:574][  0]LogDerivedDataCache: FDerivedDataBackendGraph:  Pak pak cache file ../../../../../Projects/Unreal Projects/GGJ2018/GGJ2018/DerivedDataCache/DDC.ddp not found, will not use a pak cache.
[2018.01.28-09.06.24:575][  0]LogDerivedDataCache: Unable to find inner node Pak for hierarchical cache Hierarchy.
[2018.01.28-09.06.24:576][  0]LogDerivedDataCache: FDerivedDataBackendGraph:  CompressedPak pak cache file ../../../../../Projects/Unreal Projects/GGJ2018/GGJ2018/DerivedDataCache/Compressed.ddp not found, will not use a pak cache.
[2018.01.28-09.06.24:576][  0]LogDerivedDataCache: Unable to find inner node CompressedPak for hierarchical cache Hierarchy.
[2018.01.28-09.06.24:600][  0]LogDerivedDataCache: Display: Pak cache opened for reading ../../../Engine/DerivedDataCache/Compressed.ddp.
[2018.01.28-09.06.24:613][  0]LogDerivedDataCache: Using Local data cache path C:/Users/Wheatley/AppData/Local/UnrealEngine/Common/DerivedDataCache: Writable
[2018.01.28-09.06.24:621][  0]LogMaterial: Verifying Global Shaders for PCD3D_SM4
[2018.01.28-09.06.24:621][  0]LogSlate: Using Freetype 2.6.0
[2018.01.28-09.06.24:622][  0]LogSlate: SlateFontCache - WITH_FREETYPE: 1, WITH_HARFBUZZ: 1
[2018.01.28-09.06.24:622][  0]LogSlate: SlateFontCache - WITH_FREETYPE: 1, WITH_HARFBUZZ: 1
[2018.01.28-09.06.25:090][  0]LogInit: Selected Device Profile: [Windows]
[2018.01.28-09.06.25:445][  0]LogSimplygon: Simplygon DLL not present - disabling.
[2018.01.28-09.06.25:486][  0]LogMeshReduction: Using SimplygonSwarm for distributed automatic mesh merging
[2018.01.28-09.06.25:486][  0]LogMeshReduction: Using QuadricMeshReduction for automatic static mesh reduction
[2018.01.28-09.06.25:487][  0]LogMeshReduction: No automatic skeletal mesh reduction module available
[2018.01.28-09.06.25:488][  0]LogMeshReduction: No automatic mesh merging module available
[2018.01.28-09.06.25:488][  0]LogMeshMerging: No automatic mesh merging module available
[2018.01.28-09.06.25:519][  0]LogNetVersion: GGJ2018 , NetCL: 3709383, EngineNetVer: 2, GameNetVer: 0 (Checksum: 4219683102)
[2018.01.28-09.06.25:707][  0]LogAssetRegistry: FAssetRegistry took 0.0270 seconds to start up
[2018.01.28-09.06.26:323][  0]LogPackageLocalizationCache: Processed 7 localized package path(s) for 1 prioritized culture(s) in 0.039376 seconds
[2018.01.28-09.06.26:330][  0]LogUObjectArray: 35870 objects as part of root set at end of initial load.
[2018.01.28-09.06.26:330][  0]LogUObjectAllocator: 7363704 out of 0 bytes used by permanent object pool.
[2018.01.28-09.06.26:331][  0]LogUObjectArray: CloseDisregardForGC: 0/0 objects in disregard for GC pool
[2018.01.28-09.06.26:384][  0]LogInit: WinSock: version 1.1 (2.2), MaxSocks=32767, MaxUdp=65467
[2018.01.28-09.06.29:418][  0]LogTcpMessaging: Initializing TcpMessaging bridge
[2018.01.28-09.06.29:463][  0]LogUdpMessaging: Initializing bridge on interface 0.0.0.0:0 to multicast group 230.0.0.1:6666.
[2018.01.28-09.06.30:158][  0]LogMaterial: Uniform references updated for custom material expression Custom.
[2018.01.28-09.06.30:602][  0]SourceControl: Source control is disabled
[2018.01.28-09.06.30:603][  0]SourceControl: Source control is disabled
[2018.01.28-09.06.30:659][  0]SourceControl: Source control is disabled
[2018.01.28-09.06.30:715][  0]SourceControl: Source control is disabled
[2018.01.28-09.06.31:544][  0]LogAndroidPermission: UAndroidPermissionCallbackProxy::GetInstance
[2018.01.28-09.06.31:757][  0]LogOcInput: OculusInput pre-init called
[2018.01.28-09.06.31:994][  0]LogEngine: Initializing Engine...
[2018.01.28-09.06.31:996][  0]LogHMD: Failed to initialize OpenVR with code 110
[2018.01.28-09.06.32:250][  0]LogStats: UGameplayTagsManager::ConstructGameplayTagTree: Construct from data asset -  0.000 s
[2018.01.28-09.06.32:250][  0]LogStats: UGameplayTagsManager::ConstructGameplayTagTree: GameplayTagTreeChangedEvent.Broadcast -  0.000 s
[2018.01.28-09.06.32:346][  0]LogAIModule: Creating AISystem for world Untitled
[2018.01.28-09.06.32:352][  0]LogInit: XAudio2 using 'Динамики (Conexant SmartAudio HD)' : 2 channels at 48 kHz using 16 bits per sample (channel mask 0x3)
[2018.01.28-09.06.32:390][  0]LogInit: FAudioDevice initialized.
[2018.01.28-09.06.32:468][  0]LogDerivedDataCache: Saved boot cache 0.08s 75MB C:/Users/Wheatley/AppData/Local/UnrealEngine/4.18/DerivedDataCache/Boot.ddc.
[2018.01.28-09.06.32:488][  0]LogInit: Texture streaming: Enabled
[2018.01.28-09.06.32:565][  0]LogEngineSessionManager: EngineSessionManager initialized
[2018.01.28-09.06.32:566][  0]LogEngineSessionManager: EngineSessionManager sent abnormal shutdown report. Type=Crashed, SessionId={23F59D78-4B0E-8952-D643-A4A7C965BD48}
[2018.01.28-09.06.32:667][  0]LogInit: Transaction tracking system initialized
[2018.01.28-09.06.32:898][  0]BlueprintLog: New page: Editor Load
[2018.01.28-09.06.33:565][  0]LocalizationService: Localization service is disabled
[2018.01.28-09.06.34:122][  0]LogConsoleResponse: Display: 
[2018.01.28-09.06.34:278][  0]LogCook: Display: Max memory allowance for cook 16384mb min free memory 0mb
[2018.01.28-09.06.34:278][  0]LogCook: Display: Mobile HDR setting 1
[2018.01.28-09.06.34:279][  0]LogGameplayTags: Display: UGameplayTagsManager::DoneAddingNativeTags. DelegateIsBound: 0
[2018.01.28-09.06.34:402][  0]LogFileCache: Scanning file cache for directory 'D:/Projects/Unreal Projects/GGJ2018/GGJ2018/Content/' took 0.01s
[2018.01.28-09.06.35:209][  0]SourceControl: Source control is disabled
[2018.01.28-09.06.35:210][  0]Cmd: MAP LOAD FILE="../../../../../Projects/Unreal Projects/GGJ2018/GGJ2018/Content/JAM/Maps/Level01.umap" TEMPLATE=0 SHOWPROGRESS=1 FEATURELEVEL=2
[2018.01.28-09.06.35:211][  0]LightingResults: New page: Lighting Build
[2018.01.28-09.06.35:243][  0]MapCheck: New page: Map Check
[2018.01.28-09.06.35:244][  0]LightingResults: New page: Lighting Build
[2018.01.28-09.06.36:025][  0]LogAIModule: Creating AISystem for world Level01
[2018.01.28-09.06.36:035][  0]LogPhysics: Warning: Initialising Body : Scale3D is (nearly) zero: Component: '/Game/JAM/Maps/Level01.Level01:PersistentLevel.WeakSpot_Hand_GEN_VARIABLE_A_WeakSpot_C_CAT_630.Sphere' 
[2018.01.28-09.06.36:036][  0]LogPhysics: Warning: Initialising Body : Scale3D is (nearly) zero: Component: '/Game/JAM/Maps/Level01.Level01:PersistentLevel.WeakSpot_Hand_GEN_VARIABLE_A_WeakSpot_C_CAT_630.Sphere' 
[2018.01.28-09.06.36:036][  0]LogPhysics: Warning: Initialising Body : Scale3D is (nearly) zero: Component: '/Game/JAM/Maps/Level01.Level01:PersistentLevel.ChildActor_GEN_VARIABLE_A_WeakSpot_C_CAT_447.Sphere' 
[2018.01.28-09.06.36:036][  0]LogPhysics: Warning: Initialising Body : Scale3D is (nearly) zero: Component: '/Game/JAM/Maps/Level01.Level01:PersistentLevel.ChildActor_GEN_VARIABLE_A_WeakSpot_C_CAT_447.Sphere' 
[2018.01.28-09.06.36:037][  0]LogPhysics: Warning: Initialising Body : Scale3D is (nearly) zero: Component: '/Game/JAM/Maps/Level01.Level01:PersistentLevel.ChildActor_GEN_VARIABLE_A_WeakSpot_C_CAT_628.Sphere' 
[2018.01.28-09.06.36:037][  0]LogPhysics: Warning: Initialising Body : Scale3D is (nearly) zero: Component: '/Game/JAM/Maps/Level01.Level01:PersistentLevel.ChildActor_GEN_VARIABLE_A_WeakSpot_C_CAT_628.Sphere' 
[2018.01.28-09.06.36:038][  0]LogPhysics: Warning: Initialising Body : Scale3D is (nearly) zero: Component: '/Game/JAM/Maps/Level01.Level01:PersistentLevel.ChildActor_GEN_VARIABLE_A_WeakSpot_C_CAT_659.Sphere' 
[2018.01.28-09.06.36:038][  0]LogPhysics: Warning: Initialising Body : Scale3D is (nearly) zero: Component: '/Game/JAM/Maps/Level01.Level01:PersistentLevel.ChildActor_GEN_VARIABLE_A_WeakSpot_C_CAT_659.Sphere' 
[2018.01.28-09.06.36:039][  0]LogEditorServer: Finished looking for orphan Actors (0.000 secs)
[2018.01.28-09.06.36:054][  0]Cmd: MAP CHECKDEP NOCLEARLOG
[2018.01.28-09.06.36:100][  0]MapCheck: Map check complete: 0 Error(s), 0 Warning(s), took 45.668ms to complete.
[2018.01.28-09.06.36:101][  0]LogFileHelpers: Loading map 'Level01' took 0.890
[2018.01.28-09.06.36:169][  0]LogWindowsTextInputMethodSystem: Display: IME system now deactivated.
[2018.01.28-09.06.36:247][  0]LogCollectionManager: Loaded 0 collections in 0.001604 seconds
[2018.01.28-09.06.36:317][  0]LogFileCache: Scanning file cache for directory 'D:/Projects/Unreal Projects/GGJ2018/GGJ2018/Saved/Collections/' took 0.01s
[2018.01.28-09.06.36:317][  0]LogFileCache: Scanning file cache for directory 'D:/Projects/Unreal Projects/GGJ2018/GGJ2018/Content/Developers/Wheatley/Collections/' took 0.01s
[2018.01.28-09.06.36:318][  0]LogFileCache: Scanning file cache for directory 'D:/Projects/Unreal Projects/GGJ2018/GGJ2018/Content/Collections/' took 0.01s
[2018.01.28-09.06.36:320][  0]LogCollectionManager: Rebuilt the GUID cache for 0 collections in 0.000000 seconds
[2018.01.28-09.06.36:329][  0]LogContentBrowser: Native class hierarchy populated in 0.0086 seconds. Added 2363 classes and 519 folders.
[2018.01.28-09.06.36:384][  0]LogContentBrowser: Native class hierarchy updated for 'WidgetCarousel' in 0.0003 seconds. Added 0 classes and 0 folders.
[2018.01.28-09.06.36:421][  0]LogContentBrowser: Native class hierarchy updated for 'AddContentDialog' in 0.0002 seconds. Added 0 classes and 0 folders.
[2018.01.28-09.06.36:461][  0]LogContentBrowser: Native class hierarchy updated for 'SceneOutliner' in 0.0003 seconds. Added 1 classes and 2 folders.
[2018.01.28-09.06.36:488][  0]LogDirectoryWatcher: Warning: Failed to begin reading directory changes for ../../../../../Projects/Unreal Projects/GGJ2018/GGJ2018/Plugins/. Error: Не удается найти указанный файл. (0x00000002)
[2018.01.28-09.06.36:496][  0]LogSlate: Took 0.000168 seconds to synchronously load lazily loaded font '../../../Engine/Content/Slate/Fonts/Roboto-Regular.ttf' (155K)
[2018.01.28-09.06.36:498][  0]LogSlate: Took 0.000214 seconds to synchronously load lazily loaded font '../../../Engine/Content/Slate/Fonts/Roboto-Bold.ttf' (160K)
[2018.01.28-09.06.36:504][  0]LogSlate: Took 0.000236 seconds to synchronously load lazily loaded font '../../../Engine/Content/Editor/Slate/Fonts/FontAwesome.ttf' (139K)
[2018.01.28-09.06.36:603][  0]LogRenderer: Reallocating scene render targets to support 792x396 Format 9 NumSamples 1 (Frame:1).
[2018.01.28-09.06.36:798][  0]LogContentBrowser: Native class hierarchy updated for 'HierarchicalLODOutliner' in 0.0003 seconds. Added 1 classes and 2 folders.
[2018.01.28-09.06.36:798][  0]LogLoad: (Engine Initialization) Total time: 19.13 seconds
[2018.01.28-09.06.36:799][  0]LogLoad: (Engine Initialization) Total Blueprint compile time: 0.00 seconds
[2018.01.28-09.06.36:800][  0]LogExternalProfiler: No external profilers were discovered.  External profiling features will not be available.
[2018.01.28-09.06.36:839][  0]LogContentStreaming: Texture pool size now 800 MB
[2018.01.28-09.06.36:902][  0]LogSlate: Took 0.000135 seconds to synchronously load lazily loaded font '../../../Engine/Content/Slate/Fonts/Roboto-Light.ttf' (159K)
[2018.01.28-09.06.36:924][  1]LogAssetRegistry: Asset discovery search completed in 11.2378 seconds
[2018.01.28-09.06.36:927][  1]LogCollectionManager: Rebuilt the object cache for 0 collections in 0.000000 seconds (found 0 objects)
[2018.01.28-09.06.36:927][  1]LogCollectionManager: Fixed up redirectors for 0 collections in 0.000160 seconds (updated 0 objects)
[2018.01.28-09.06.37:838][ 48]LogSlate: Took 0.000182 seconds to synchronously load lazily loaded font '../../../Engine/Content/Slate/Fonts/Roboto-Light.ttf' (159K)
[2018.01.28-09.06.38:005][ 58]LogDirectoryWatcher: A directory notification for '../../../Engine/Plugins/' was aborted.
[2018.01.28-09.06.39:113][123]LogSlate: Took 0.000154 seconds to synchronously load lazily loaded font '../../../Engine/Content/Slate/Fonts/Roboto-Light.ttf' (159K)
[2018.01.28-09.06.39:282][123]LogContentBrowser: Native class hierarchy updated for 'SkeletonEditor' in 0.0003 seconds. Added 1 classes and 2 folders.
[2018.01.28-09.06.39:520][123]LogActorComponent: RegisterComponentWithWorld: (/Engine/Transient.World_2:PersistentLevel.Actor_0.DebugSkelMeshComponent_0) Already registered. Aborting.
[2018.01.28-09.06.39:798][123]LogContentBrowser: Native class hierarchy updated for 'BlueprintGraph' in 0.0006 seconds. Added 116 classes and 0 folders.
[2018.01.28-09.06.40:456][123]LogSkeletalMesh: USkeletalMeshComponent::InitArticulated : Bodies already created (/Engine/Transient.World_2:PersistentLevel.Actor_0.DebugSkelMeshComponent_0) - call TermArticulated first.
[2018.01.28-09.06.42:044][123]LogContentBrowser: Native class hierarchy updated for 'Cascade' in 0.0003 seconds. Added 2 classes and 2 folders.
[2018.01.28-09.06.42:175][123]LogSlate: Took 0.000180 seconds to synchronously load lazily loaded font '../../../Engine/Content/Editor/Slate/Fonts/Roboto-BoldCondensed.ttf' (158K)
[2018.01.28-09.06.42:487][124]LogSlate: Took 0.000219 seconds to synchronously load lazily loaded font '../../../Engine/Content/Editor/Slate/Fonts/Roboto-Italic.ttf' (157K)
[2018.01.28-09.06.48:490][456]LogActorFactory: Actor Factory created Sphere
[2018.01.28-09.06.48:750][471]LogActorFactory: Actor Factory created Sphere
[2018.01.28-09.06.52:745][638]Cmd: OBJ SAVEPACKAGE PACKAGE="/Game/JAM/Maps/Level01" FILE="../../../../../Projects/Unreal Projects/GGJ2018/GGJ2018/Content/JAM/Maps/Level01.umap" SILENT=true AUTOSAVING=false KEEPDIRTY=false
[2018.01.28-09.06.53:377][638]LogSavePackage: Save=522.32ms
[2018.01.28-09.06.53:377][638]LogSavePackage: Moving '../../../../../Projects/Unreal Projects/GGJ2018/GGJ2018/Saved/Level019B36584D40A86D8D01785294AE5685C2.tmp' to '../../../../../Projects/Unreal Projects/GGJ2018/GGJ2018/Content/JAM/Maps/Level01.umap'
[2018.01.28-09.06.53:383][638]LogSavePackage: Display: Finished SavePackage ../../../../../Projects/Unreal Projects/GGJ2018/GGJ2018/Content/JAM/Maps/Level01.umap
[2018.01.28-09.06.53:458][638]LogFileHelpers: Saving map 'Level01' took 0.777
[2018.01.28-09.07.23:521][302]LogEditorViewport: Clicking on Actor (LMB): StaticMeshActor (Sphere)
[2018.01.28-09.07.34:660][965]Cmd: DELETE
[2018.01.28-09.07.34:660][965]Cmd: ACTOR DELETE
[2018.01.28-09.07.34:684][965]LogEditorActor: Deleted Actor: StaticMeshActor
[2018.01.28-09.07.34:716][965]LogEditorActor: Deleted 1 Actors (0.055 secs)
[2018.01.28-09.07.35:057][985]LogEditorViewport: Clicking on Actor (LMB): A_CloseRangeAOE_C (A_CloseRangeAOE)
[2018.01.28-09.07.35:721][ 23]Cmd: DELETE
[2018.01.28-09.07.35:721][ 23]Cmd: ACTOR DELETE
[2018.01.28-09.07.35:726][ 23]LogEditorActor: Deleted Actor: A_CloseRangeAOE_C
[2018.01.28-09.07.35:755][ 23]LogEditorActor: Deleted 1 Actors (0.032 secs)
[2018.01.28-09.07.59:926][787]Cmd: OBJ SAVEPACKAGE PACKAGE="/Game/JAM/Particles/FX_CloseRangeAOE" FILE="../../../../../Projects/Unreal Projects/GGJ2018/GGJ2018/Content/JAM/Particles/FX_CloseRangeAOE.uasset" SILENT=true
[2018.01.28-09.07.59:960][787]LogSavePackage: Save=18.70ms
[2018.01.28-09.07.59:960][787]LogSavePackage: Moving '../../../../../Projects/Unreal Projects/GGJ2018/GGJ2018/Saved/FX_CloseRangeAOE9BE104AE48B9086C6AFCD39A3E3238A6.tmp' to '../../../../../Projects/Unreal Projects/GGJ2018/GGJ2018/Content/JAM/Particles/FX_CloseRangeAOE.uasset'
[2018.01.28-09.07.59:965][787]LogSavePackage: Display: Finished SavePackage ../../../../../Projects/Unreal Projects/GGJ2018/GGJ2018/Content/JAM/Particles/FX_CloseRangeAOE.uasset
[2018.01.28-09.08.00:470][811]Cmd: OBJ SAVEPACKAGE PACKAGE="/Game/JAM/Maps/Level01" FILE="../../../../../Projects/Unreal Projects/GGJ2018/GGJ2018/Content/JAM/Maps/Level01.umap" SILENT=true AUTOSAVING=false KEEPDIRTY=false
[2018.01.28-09.08.01:119][811]LogSavePackage: Save=608.43ms
[2018.01.28-09.08.01:120][811]LogSavePackage: Moving '../../../../../Projects/Unreal Projects/GGJ2018/GGJ2018/Saved/Level014DDD169A4E02F2D02C7ED48A8F45BB72.tmp' to '../../../../../Projects/Unreal Projects/GGJ2018/GGJ2018/Content/JAM/Maps/Level01.umap'
[2018.01.28-09.08.01:125][811]LogSavePackage: Display: Finished SavePackage ../../../../../Projects/Unreal Projects/GGJ2018/GGJ2018/Content/JAM/Maps/Level01.umap
[2018.01.28-09.08.01:185][811]LogFileHelpers: Saving map 'Level01' took 0.780
[2018.01.28-09.08.13:053][478]LogMaterial: Warning: Material /Game/JAM/Materials/M_BinaryRandom.M_BinaryRandom needed to have new flag set bUsedWithParticleSprites !
[2018.01.28-09.08.13:056][478]LogMaterial: Missing cached shader map for material M_BinaryRandom, compiling. 
[2018.01.28-09.08.15:890][638]Cmd: OBJ SAVEPACKAGE PACKAGE="/Game/JAM/Particles/FX_CloseRangeAOE" FILE="../../../../../Projects/Unreal Projects/GGJ2018/GGJ2018/Content/JAM/Particles/FX_CloseRangeAOE.uasset" SILENT=true
[2018.01.28-09.08.15:992][638]LogSavePackage: Save=86.27ms
[2018.01.28-09.08.15:993][638]LogSavePackage: Moving '../../../../../Projects/Unreal Projects/GGJ2018/GGJ2018/Saved/FX_CloseRangeAOE53A5772942901E1B1964FC95583DDBF3.tmp' to '../../../../../Projects/Unreal Projects/GGJ2018/GGJ2018/Content/JAM/Particles/FX_CloseRangeAOE.uasset'
[2018.01.28-09.08.15:999][638]LogSavePackage: Display: Finished SavePackage ../../../../../Projects/Unreal Projects/GGJ2018/GGJ2018/Content/JAM/Particles/FX_CloseRangeAOE.uasset
[2018.01.28-09.08.16:996][638]LogSlate: Took 0.000168 seconds to synchronously load lazily loaded font '../../../Engine/Content/Slate/Fonts/Roboto-Regular.ttf' (155K)
[2018.01.28-09.08.17:031][638]Cmd: OBJ SAVEPACKAGE PACKAGE="/Game/JAM/Materials/M_BinaryRandom" FILE="../../../../../Projects/Unreal Projects/GGJ2018/GGJ2018/Content/JAM/Materials/M_BinaryRandom.uasset" SILENT=true
[2018.01.28-09.08.17:073][638]LogSavePackage: Save=24.13ms
[2018.01.28-09.08.17:073][638]LogSavePackage: Moving '../../../../../Projects/Unreal Projects/GGJ2018/GGJ2018/Saved/M_BinaryRandom1A35F7C8469BEC0498D9359AFD74BF0B.tmp' to '../../../../../Projects/Unreal Projects/GGJ2018/GGJ2018/Content/JAM/Materials/M_BinaryRandom.uasset'
[2018.01.28-09.08.17:078][638]LogSavePackage: Display: Finished SavePackage ../../../../../Projects/Unreal Projects/GGJ2018/GGJ2018/Content/JAM/Materials/M_BinaryRandom.uasset
[2018.01.28-09.08.22:398][951]Cmd: OBJ SAVEPACKAGE PACKAGE="/Game/JAM/Particles/FX_CloseRangeAOE" FILE="../../../../../Projects/Unreal Projects/GGJ2018/GGJ2018/Content/JAM/Particles/FX_CloseRangeAOE.uasset" SILENT=true
[2018.01.28-09.08.22:502][951]LogSavePackage: Save=92.46ms
[2018.01.28-09.08.22:502][951]LogSavePackage: Moving '../../../../../Projects/Unreal Projects/GGJ2018/GGJ2018/Saved/FX_CloseRangeAOE57FA00AD44CDD8789E9563AA1D16D055.tmp' to '../../../../../Projects/Unreal Projects/GGJ2018/GGJ2018/Content/JAM/Particles/FX_CloseRangeAOE.uasset'
[2018.01.28-09.08.22:508][951]LogSavePackage: Display: Finished SavePackage ../../../../../Projects/Unreal Projects/GGJ2018/GGJ2018/Content/JAM/Particles/FX_CloseRangeAOE.uasset
[2018.01.28-09.08.31:639][485]Cmd: OBJ SAVEPACKAGE PACKAGE="/Game/JAM/Particles/FX_CloseRangeAOE" FILE="../../../../../Projects/Unreal Projects/GGJ2018/GGJ2018/Content/JAM/Particles/FX_CloseRangeAOE.uasset" SILENT=true
[2018.01.28-09.08.31:750][485]LogSavePackage: Save=99.89ms
[2018.01.28-09.08.31:750][485]LogSavePackage: Moving '../../../../../Projects/Unreal Projects/GGJ2018/GGJ2018/Saved/FX_CloseRangeAOEFCEADFCE45D2F8B68EBAB8B31261CE73.tmp' to '../../../../../Projects/Unreal Projects/GGJ2018/GGJ2018/Content/JAM/Particles/FX_CloseRangeAOE.uasset'
[2018.01.28-09.08.31:755][485]LogSavePackage: Display: Finished SavePackage ../../../../../Projects/Unreal Projects/GGJ2018/GGJ2018/Content/JAM/Particles/FX_CloseRangeAOE.uasset
[2018.01.28-09.08.40:443][947]LogMaterial: Missing cached shader map for material Material_0, compiling. 
[2018.01.28-09.08.41:253][963]LogD3D11RHI: Error: Result failed 
 at D:\Build\++UE4+Release-4.18+Compile\Sync\Engine\Source\Runtime\Windows\D3D11RHI\Private\D3D11Viewport.cpp:289 
 with error DXGI_ERROR_DEVICE_REMOVED DXGI_ERROR_DRIVER_INTERNAL_ERROR
[2018.01.28-09.08.41:255][963]LogWindows: Windows GetLastError: Операция успешно завершена. (0)
[2018.01.28-09.08.42:446][963]LogWindows: Windows GetLastError: Операция успешно завершена. (0)
[2018.01.28-09.08.42:446][963]LogWindows: Error: === Critical error: ===
[2018.01.28-09.08.42:449][963]LogWindows: Error: 
[2018.01.28-09.08.42:450][963]LogWindows: Error: Fatal error: [File:D:\Build\++UE4+Release-4.18+Compile\Sync\Engine\Source\Runtime\RenderCore\Private\RenderingThread.cpp] [Line: 813] 
[2018.01.28-09.08.42:451][963]LogWindows: Error: Rendering thread exception:
[2018.01.28-09.08.42:451][963]LogWindows: Error: Fatal error: [File:D:\Build\++UE4+Release-4.18+Compile\Sync\Engine\Source\Runtime\Windows\D3D11RHI\Private\D3D11Util.cpp] [Line: 182] 
[2018.01.28-09.08.42:452][963]LogWindows: Error: Unreal Engine is exiting due to D3D device being lost. (Error: 0x887A0020 - 'INTERNAL_ERROR')
[2018.01.28-09.08.42:453][963]LogWindows: Error: 
[2018.01.28-09.08.42:453][963]LogWindows: Error: 
[2018.01.28-09.08.42:453][963]LogWindows: Error: [Callstack] 0x00000000AFEE9D98 KERNELBASE.dll!UnknownFunction []
[2018.01.28-09.08.42:455][963]LogWindows: Error: [Callstack] 0x00000000898876D4 UE4Editor-ApplicationCore.dll!UnknownFunction []
[2018.01.28-09.08.42:455][963]LogWindows: Error: [Callstack] 0x0000000078C6330B UE4Editor-Core.dll!UnknownFunction []
[2018.01.28-09.08.42:456][963]LogWindows: Error: [Callstack] 0x0000000078BF47F9 UE4Editor-Core.dll!UnknownFunction []
[2018.01.28-09.08.42:461][963]LogWindows: Error: [Callstack] 0x0000000051D079FF UE4Editor-D3D11RHI.dll!UnknownFunction []
[2018.01.28-09.08.42:462][963]LogWindows: Error: [Callstack] 0x0000000051D0BBC0 UE4Editor-D3D11RHI.dll!UnknownFunction []
[2018.01.28-09.08.42:462][963]LogWindows: Error: [Callstack] 0x0000000051CEB3FA UE4Editor-D3D11RHI.dll!UnknownFunction []
[2018.01.28-09.08.42:463][963]LogWindows: Error: [Callstack] 0x0000000051CEB35E UE4Editor-D3D11RHI.dll!UnknownFunction []
[2018.01.28-09.08.42:463][963]LogWindows: Error: [Callstack] 0x0000000051CF83E8 UE4Editor-D3D11RHI.dll!UnknownFunction []
[2018.01.28-09.08.42:464][963]LogWindows: Error: [Callstack] 0x00000000A232E4F7 UE4Editor-RHI.dll!UnknownFunction []
[2018.01.28-09.08.42:465][963]LogWindows: Error: [Callstack] 0x0000000051C00B45 UE4Editor-SlateRHIRenderer.dll!UnknownFunction []
[2018.01.28-09.08.42:465][963]LogWindows: Error: [Callstack] 0x0000000051C060A9 UE4Editor-SlateRHIRenderer.dll!UnknownFunction []
[2018.01.28-09.08.42:466][963]LogWindows: Error: [Callstack] 0x0000000078AC4845 UE4Editor-Core.dll!UnknownFunction []
[2018.01.28-09.08.42:466][963]LogWindows: Error: [Callstack] 0x0000000078AC4E2A UE4Editor-Core.dll!UnknownFunction []
[2018.01.28-09.08.42:467][963]LogWindows: Error: [Callstack] 0x00000000A24122C4 UE4Editor-RenderCore.dll!UnknownFunction []
[2018.01.28-09.08.42:470][963]LogWindows: Error: [Callstack] 0x00000000A24132F6 UE4Editor-RenderCore.dll!UnknownFunction []
[2018.01.28-09.08.42:471][963]LogWindows: Error: [Callstack] 0x0000000078E6092C UE4Editor-Core.dll!UnknownFunction []
[2018.01.28-09.08.42:472][963]LogWindows: Error: [Callstack] 0x0000000078E52563 UE4Editor-Core.dll!UnknownFunction []
[2018.01.28-09.08.42:472][963]LogWindows: Error: [Callstack] 0x00000000B3492774 KERNEL32.DLL!UnknownFunction []
[2018.01.28-09.08.42:473][963]LogWindows: Error: [Callstack] 0x00000000B35D0D51 ntdll.dll!UnknownFunction []
[2018.01.28-09.08.42:474][963]LogWindows: Error: [Callstack] 0x00000000B35D0D51 ntdll.dll!UnknownFunction []
[2018.01.28-09.08.42:474][963]LogWindows: Error: 
[2018.01.28-09.08.42:475][963]LogWindows: Error: 
[2018.01.28-09.08.42:476][963]LogWindows: Error: 
[2018.01.28-09.08.42:476][963]LogWindows: Error: 
[2018.01.28-09.08.42:514][963]LogExit: Executing StaticShutdownAfterError
[2018.01.28-09.08.42:524][963]LogWindows: FPlatformMisc::RequestExit(1)
[2018.01.28-09.08.42:524][963]Log file closed, 01/28/18 12:08:42
