Log file open, 01/27/18 03:56:14
LogWindows: Failed to load 'aqProf.dll' (GetLastError=126)
LogWindows: File 'aqProf.dll' does not exist
LogWindows: Failed to load 'VSPerf140.dll' (GetLastError=126)
LogWindows: File 'VSPerf140.dll' does not exist
LogWindows: Failed to load 'VtuneApi.dll' (GetLastError=126)
LogWindows: File 'VtuneApi.dll' does not exist
LogWindows: Failed to load 'VtuneApi32e.dll' (GetLastError=126)
LogWindows: File 'VtuneApi32e.dll' does not exist
LogInit: Display: Running engine for game: GGJ2018
LogPlatformFile: Not using cached read wrapper
LogInit: Display: RandInit(259272155) SRandInit(259272156).
LogInit: Read version file with build ID '3709383'
LogInit: Overriding engine version to CL 3832480, compatible CL 3709383
LogInit: Registered custom module enumerator with build ID '3709383'
LogTaskGraph: Started task graph with 5 named threads and 14 total threads with 3 sets of task threads.
LogStats: Stats thread started at 0.203727
LogD3D11RHI: Aftermath initialized
LogModuleManager: Display: Found up-to-date module file ../../../Engine/Plugins/2D/Paper2D/Binaries/Win64/UE4Editor-Paper2D.dll (API version 3709383).
LogModuleManager: Display: Found up-to-date module file ../../../Engine/Plugins/2D/Paper2D/Binaries/Win64/UE4Editor-Paper2DEditor.dll (API version 3709383).
LogModuleManager: Display: Found up-to-date module file ../../../Engine/Plugins/2D/Paper2D/Binaries/Win64/UE4Editor-PaperSpriteSheetImporter.dll (API version 3709383).
LogModuleManager: Display: Found up-to-date module file ../../../Engine/Plugins/2D/Paper2D/Binaries/Win64/UE4Editor-PaperTiledImporter.dll (API version 3709383).
LogModuleManager: Display: Found up-to-date module file ../../../Engine/Plugins/2D/Paper2D/Binaries/Win64/UE4Editor-SmartSnapping.dll (API version 3709383).
LogModuleManager: Display: Found up-to-date module file ../../../Engine/Plugins/Blendables/LightPropagationVolume/Binaries/Win64/UE4Editor-LightPropagationVolumeRuntime.dll (API version 3709383).
LogModuleManager: Display: Found up-to-date module file ../../../Engine/Plugins/Blendables/LightPropagationVolume/Binaries/Win64/UE4Editor-LightPropagationVolumeEditor.dll (API version 3709383).
LogModuleManager: Display: Found up-to-date module file ../../../Engine/Plugins/Developer/GitSourceControl/Binaries/Win64/UE4Editor-GitSourceControl.dll (API version 3709383).
LogModuleManager: Display: Found up-to-date module file ../../../Engine/Plugins/Developer/PerforceSourceControl/Binaries/Win64/UE4Editor-PerforceSourceControl.dll (API version 3709383).
LogModuleManager: Display: Found up-to-date module file ../../../Engine/Plugins/Developer/SubversionSourceControl/Binaries/Win64/UE4Editor-SubversionSourceControl.dll (API version 3709383).
LogModuleManager: Display: Found up-to-date module file ../../../Engine/Plugins/Developer/UObjectPlugin/Binaries/Win64/UE4Editor-UObjectPlugin.dll (API version 3709383).
LogModuleManager: Display: Found up-to-date module file ../../../Engine/Plugins/Developer/VisualStudioCodeSourceCodeAccess/Binaries/Win64/UE4Editor-VisualStudioCodeSourceCodeAccess.dll (API version 3709383).
LogModuleManager: Display: Found up-to-date module file ../../../Engine/Plugins/Developer/VisualStudioSourceCodeAccess/Binaries/Win64/UE4Editor-VisualStudioSourceCodeAccess.dll (API version 3709383).
LogModuleManager: Display: Found up-to-date module file ../../../Engine/Plugins/Editor/AssetManagerEditor/Binaries/Win64/UE4Editor-AssetManagerEditor.dll (API version 3709383).
LogModuleManager: Display: Found up-to-date module file ../../../Engine/Plugins/Editor/AudioCapture/Binaries/Win64/UE4Editor-AudioCapture.dll (API version 3709383).
LogModuleManager: Display: Found up-to-date module file ../../../Engine/Plugins/Editor/FacialAnimation/Binaries/Win64/UE4Editor-FacialAnimation.dll (API version 3709383).
LogModuleManager: Display: Found up-to-date module file ../../../Engine/Plugins/Editor/FacialAnimation/Binaries/Win64/UE4Editor-FacialAnimationEditor.dll (API version 3709383).
LogModuleManager: Display: Found up-to-date module file ../../../Engine/Plugins/Editor/GameplayTagsEditor/Binaries/Win64/UE4Editor-GameplayTagsEditor.dll (API version 3709383).
LogModuleManager: Display: Found up-to-date module file ../../../Engine/Plugins/Editor/MobileLauncherProfileWizard/Binaries/Win64/UE4Editor-MobileLauncherProfileWizard.dll (API version 3709383).
LogModuleManager: Display: Found up-to-date module file ../../../Engine/Plugins/Editor/PluginBrowser/Binaries/Win64/UE4Editor-PluginBrowser.dll (API version 3709383).
LogModuleManager: Display: Found up-to-date module file ../../../Engine/Plugins/Editor/SpeedTreeImporter/Binaries/Win64/UE4Editor-SpeedTreeImporter.dll (API version 3709383).
LogModuleManager: Display: Found up-to-date module file ../../../Engine/Plugins/Experimental/AlembicImporter/Binaries/Win64/UE4Editor-AlembicImporter.dll (API version 3709383).
LogModuleManager: Display: Found up-to-date module file ../../../Engine/Plugins/Experimental/AlembicImporter/Binaries/Win64/UE4Editor-AlembicLibrary.dll (API version 3709383).
LogModuleManager: Display: Found up-to-date module file ../../../Engine/Plugins/Experimental/CharacterAI/Binaries/Win64/UE4Editor-CharacterAI.dll (API version 3709383).
LogModuleManager: Display: Found up-to-date module file ../../../Engine/Plugins/Experimental/HTML5Networking/Binaries/Win64/UE4Editor-HTML5Networking.dll (API version 3709383).
LogModuleManager: Display: Found up-to-date module file ../../../Engine/Plugins/Media/AndroidMedia/Binaries/Win64/UE4Editor-AndroidMediaEditor.dll (API version 3709383).
LogModuleManager: Display: Found up-to-date module file ../../../Engine/Plugins/Media/AndroidMedia/Binaries/Win64/UE4Editor-AndroidMediaFactory.dll (API version 3709383).
LogModuleManager: Display: Found up-to-date module file ../../../Engine/Plugins/Media/AvfMedia/Binaries/Win64/UE4Editor-AvfMediaEditor.dll (API version 3709383).
LogModuleManager: Display: Found up-to-date module file ../../../Engine/Plugins/Media/AvfMedia/Binaries/Win64/UE4Editor-AvfMediaFactory.dll (API version 3709383).
LogModuleManager: Display: Found up-to-date module file ../../../Engine/Plugins/Media/AvfMedia/Binaries/Win64/UE4Editor-AvfMediaFactory.dll (API version 3709383).
LogModuleManager: Display: Found up-to-date module file ../../../Engine/Plugins/Media/ImgMedia/Binaries/Win64/UE4Editor-ImgMedia.dll (API version 3709383).
LogModuleManager: Display: Found up-to-date module file ../../../Engine/Plugins/Media/ImgMedia/Binaries/Win64/UE4Editor-ImgMediaEditor.dll (API version 3709383).
LogModuleManager: Display: Found up-to-date module file ../../../Engine/Plugins/Media/ImgMedia/Binaries/Win64/UE4Editor-ImgMediaFactory.dll (API version 3709383).
LogModuleManager: Display: Found up-to-date module file ../../../Engine/Plugins/Media/ImgMedia/Binaries/Win64/UE4Editor-ImgMediaFactory.dll (API version 3709383).
LogModuleManager: Display: Found up-to-date module file ../../../Engine/Plugins/Media/ImgMedia/Binaries/Win64/UE4Editor-OpenExrWrapper.dll (API version 3709383).
LogModuleManager: Display: Found up-to-date module file ../../../Engine/Plugins/Media/MediaCompositing/Binaries/Win64/UE4Editor-MediaCompositing.dll (API version 3709383).
LogModuleManager: Display: Found up-to-date module file ../../../Engine/Plugins/Media/MediaCompositing/Binaries/Win64/UE4Editor-MediaCompositingEditor.dll (API version 3709383).
LogModuleManager: Display: Found up-to-date module file ../../../Engine/Plugins/Media/MediaPlayerEditor/Binaries/Win64/UE4Editor-MediaPlayerEditor.dll (API version 3709383).
LogModuleManager: Display: Found up-to-date module file ../../../Engine/Plugins/Media/WmfMedia/Binaries/Win64/UE4Editor-WmfMedia.dll (API version 3709383).
LogModuleManager: Display: Found up-to-date module file ../../../Engine/Plugins/Media/WmfMedia/Binaries/Win64/UE4Editor-WmfMediaEditor.dll (API version 3709383).
LogModuleManager: Display: Found up-to-date module file ../../../Engine/Plugins/Media/WmfMedia/Binaries/Win64/UE4Editor-WmfMediaFactory.dll (API version 3709383).
LogModuleManager: Display: Found up-to-date module file ../../../Engine/Plugins/Media/WmfMedia/Binaries/Win64/UE4Editor-WmfMediaFactory.dll (API version 3709383).
LogModuleManager: Display: Found up-to-date module file ../../../Engine/Plugins/Messaging/TcpMessaging/Binaries/Win64/UE4Editor-TcpMessaging.dll (API version 3709383).
LogModuleManager: Display: Found up-to-date module file ../../../Engine/Plugins/Messaging/UdpMessaging/Binaries/Win64/UE4Editor-UdpMessaging.dll (API version 3709383).
LogModuleManager: Display: Found up-to-date module file ../../../Engine/Plugins/MovieScene/ActorSequence/Binaries/Win64/UE4Editor-ActorSequence.dll (API version 3709383).
LogModuleManager: Display: Found up-to-date module file ../../../Engine/Plugins/MovieScene/LevelSequenceEditor/Binaries/Win64/UE4Editor-LevelSequenceEditor.dll (API version 3709383).
LogModuleManager: Display: Found up-to-date module file ../../../Engine/Plugins/MovieScene/MatineeToLevelSequence/Binaries/Win64/UE4Editor-MatineeToLevelSequence.dll (API version 3709383).
LogModuleManager: Display: Found up-to-date module file ../../../Engine/Plugins/Online/OnlineSubsystem/Binaries/Win64/UE4Editor-OnlineSubsystem.dll (API version 3709383).
LogModuleManager: Display: Found up-to-date module file ../../../Engine/Plugins/Runtime/AndroidPermission/Binaries/Win64/UE4Editor-AndroidPermission.dll (API version 3709383).
LogModuleManager: Display: Found up-to-date module file ../../../Engine/Plugins/Online/OnlineSubsystemNull/Binaries/Win64/UE4Editor-OnlineSubsystemNull.dll (API version 3709383).
LogModuleManager: Display: Found up-to-date module file ../../../Engine/Plugins/Online/OnlineSubsystemUtils/Binaries/Win64/UE4Editor-OnlineSubsystemUtils.dll (API version 3709383).
LogModuleManager: Display: Found up-to-date module file ../../../Engine/Plugins/Online/OnlineSubsystemUtils/Binaries/Win64/UE4Editor-OnlineBlueprintSupport.dll (API version 3709383).
LogModuleManager: Display: Found up-to-date module file ../../../Engine/Plugins/Runtime/AndroidDeviceProfileSelector/Binaries/Win64/UE4Editor-AndroidDeviceProfileSelector.dll (API version 3709383).
LogModuleManager: Display: Found up-to-date module file ../../../Engine/Plugins/Runtime/AppleARKit/Binaries/Win64/UE4Editor-AppleARKit.dll (API version 3709383).
LogModuleManager: Display: Found up-to-date module file ../../../Engine/Plugins/Runtime/ArchVisCharacter/Binaries/Win64/UE4Editor-ArchVisCharacter.dll (API version 3709383).
LogModuleManager: Display: Found up-to-date module file ../../../Engine/Plugins/Runtime/CableComponent/Binaries/Win64/UE4Editor-CableComponent.dll (API version 3709383).
LogModuleManager: Display: Found up-to-date module file ../../../Engine/Plugins/Runtime/CustomMeshComponent/Binaries/Win64/UE4Editor-CustomMeshComponent.dll (API version 3709383).
LogModuleManager: Display: Found up-to-date module file ../../../Engine/Plugins/Runtime/ExampleDeviceProfileSelector/Binaries/Win64/UE4Editor-ExampleDeviceProfileSelector.dll (API version 3709383).
LogModuleManager: Display: Found up-to-date module file ../../../Engine/Plugins/Runtime/ImmediatePhysics/Binaries/Win64/UE4Editor-ImmediatePhysics.dll (API version 3709383).
LogModuleManager: Display: Found up-to-date module file ../../../Engine/Plugins/Runtime/ImmediatePhysics/Binaries/Win64/UE4Editor-ImmediatePhysicsEditor.dll (API version 3709383).
LogModuleManager: Display: Found up-to-date module file ../../../Engine/Plugins/Runtime/LocationServicesBPLibrary/Binaries/Win64/UE4Editor-LocationServicesBPLibrary.dll (API version 3709383).
LogModuleManager: Display: Found up-to-date module file ../../../Engine/Plugins/Runtime/MobilePatchingUtils/Binaries/Win64/UE4Editor-MobilePatchingUtils.dll (API version 3709383).
LogModuleManager: Display: Found up-to-date module file ../../../Engine/Plugins/Runtime/Oculus/OculusVR/Binaries/Win64/UE4Editor-OculusHMD.dll (API version 3709383).
LogModuleManager: Display: Found up-to-date module file ../../../Engine/Plugins/Runtime/Oculus/OculusVR/Binaries/Win64/UE4Editor-OculusInput.dll (API version 3709383).
LogModuleManager: Display: Found up-to-date module file ../../../Engine/Plugins/Runtime/Oculus/OculusVR/Binaries/Win64/UE4Editor-OculusEditor.dll (API version 3709383).
LogModuleManager: Display: Found up-to-date module file ../../../Engine/Plugins/Runtime/PhysXVehicles/Binaries/Win64/UE4Editor-PhysXVehicles.dll (API version 3709383).
LogModuleManager: Display: Found up-to-date module file ../../../Engine/Plugins/Runtime/PhysXVehicles/Binaries/Win64/UE4Editor-PhysXVehiclesEditor.dll (API version 3709383).
LogModuleManager: Display: Found up-to-date module file ../../../Engine/Plugins/Runtime/ProceduralMeshComponent/Binaries/Win64/UE4Editor-ProceduralMeshComponent.dll (API version 3709383).
LogModuleManager: Display: Found up-to-date module file ../../../Engine/Plugins/Runtime/ProceduralMeshComponent/Binaries/Win64/UE4Editor-ProceduralMeshComponentEditor.dll (API version 3709383).
LogModuleManager: Display: Found up-to-date module file ../../../Engine/Plugins/Runtime/RuntimePhysXCooking/Binaries/Win64/UE4Editor-RuntimePhysXCooking.dll (API version 3709383).
LogModuleManager: Display: Found up-to-date module file ../../../Engine/Plugins/Runtime/Steam/SteamVR/Binaries/Win64/UE4Editor-SteamVR.dll (API version 3709383).
LogModuleManager: Display: Found up-to-date module file ../../../Engine/Plugins/Runtime/Steam/SteamVR/Binaries/Win64/UE4Editor-SteamVRController.dll (API version 3709383).
LogModuleManager: Display: Found up-to-date module file ../../../Engine/Plugins/Runtime/WindowsMoviePlayer/Binaries/Win64/UE4Editor-WindowsMoviePlayer.dll (API version 3709383).
LogPluginManager: Mounting plugin Paper2D
LogPluginManager: Mounting plugin LightPropagationVolume
LogPluginManager: Mounting plugin CodeLiteSourceCodeAccess
LogPluginManager: Mounting plugin GitSourceControl
LogPluginManager: Mounting plugin KDevelopSourceCodeAccess
LogPluginManager: Mounting plugin NullSourceCodeAccess
LogPluginManager: Mounting plugin PerforceSourceControl
LogPluginManager: Mounting plugin SubversionSourceControl
LogPluginManager: Mounting plugin UObjectPlugin
LogPluginManager: Mounting plugin VisualStudioCodeSourceCodeAccess
LogPluginManager: Mounting plugin VisualStudioSourceCodeAccess
LogPluginManager: Mounting plugin XCodeSourceCodeAccess
LogPluginManager: Mounting plugin AssetManagerEditor
LogPluginManager: Mounting plugin AudioCapture
LogPluginManager: Mounting plugin FacialAnimation
LogPluginManager: Mounting plugin GameplayTagsEditor
LogPluginManager: Mounting plugin MobileLauncherProfileWizard
LogPluginManager: Mounting plugin PluginBrowser
LogPluginManager: Mounting plugin SpeedTreeImporter
LogPluginManager: Mounting plugin AlembicImporter
LogPluginManager: Mounting plugin CharacterAI
LogPluginManager: Mounting plugin HTML5Networking
LogPluginManager: Mounting plugin AndroidMedia
LogPluginManager: Mounting plugin AvfMedia
LogPluginManager: Mounting plugin ImgMedia
LogPluginManager: Mounting plugin MediaCompositing
LogPluginManager: Mounting plugin MediaPlayerEditor
LogPluginManager: Mounting plugin WmfMedia
LogPluginManager: Mounting plugin TcpMessaging
LogPluginManager: Mounting plugin UdpMessaging
LogPluginManager: Mounting plugin ActorSequence
LogPluginManager: Mounting plugin LevelSequenceEditor
LogPluginManager: Mounting plugin MatineeToLevelSequence
LogPluginManager: Mounting plugin OnlineSubsystemGooglePlay
LogPluginManager: Mounting plugin OnlineSubsystemIOS
LogPluginManager: Mounting plugin OnlineSubsystem
LogPluginManager: Mounting plugin OnlineSubsystemNull
LogPluginManager: Mounting plugin OnlineSubsystemUtils
LogPluginManager: Mounting plugin AndroidDeviceProfileSelector
LogPluginManager: Mounting plugin AndroidMoviePlayer
LogPluginManager: Mounting plugin AndroidPermission
LogPluginManager: Mounting plugin AppleARKit
LogPluginManager: Mounting plugin AppleMoviePlayer
LogPluginManager: Mounting plugin ArchVisCharacter
LogPluginManager: Mounting plugin CableComponent
LogPluginManager: Mounting plugin CustomMeshComponent
LogPluginManager: Mounting plugin ExampleDeviceProfileSelector
LogPluginManager: Mounting plugin GoogleCloudMessaging
LogPluginManager: Mounting plugin ImmediatePhysics
LogPluginManager: Mounting plugin IOSDeviceProfileSelector
LogPluginManager: Mounting plugin LinuxDeviceProfileSelector
LogPluginManager: Mounting plugin LocationServicesBPLibrary
LogPluginManager: Mounting plugin MobilePatchingUtils
LogPluginManager: Mounting plugin OculusVR
LogPluginManager: Plugin shader directory ../../../Engine/Plugins/Runtime/Oculus/OculusVR/Shaders found
LogPluginManager: Mapping shader source directory ../../../Engine/Plugins/Runtime/Oculus/OculusVR/Shaders to virtual directory /Plugin/OculusVR
LogPluginManager: Mounting plugin PhysXVehicles
LogPluginManager: Mounting plugin ProceduralMeshComponent
LogPluginManager: Mounting plugin RuntimePhysXCooking
LogPluginManager: Mounting plugin SteamVR
LogPluginManager: Mounting plugin WindowsMoviePlayer
LogInit: Using libcurl 7.47.1
LogInit:  - built for x86_64-pc-win32
LogInit:  - supports SSL with OpenSSL/1.0.2g
LogInit:  - supports HTTP deflate (compression) using libz 1.2.8
LogInit:  - other features:
LogInit:      CURL_VERSION_SSL
LogInit:      CURL_VERSION_LIBZ
LogInit:      CURL_VERSION_IPV6
LogInit:      CURL_VERSION_ASYNCHDNS
LogInit:      CURL_VERSION_LARGEFILE
LogInit:      CURL_VERSION_IDN
LogInit:  CurlRequestOptions (configurable via config and command line):
LogInit:  - bVerifyPeer = false  - Libcurl will NOT verify peer certificate
LogInit:  - bUseHttpProxy = false  - Libcurl will NOT use HTTP proxy
LogInit:  - bDontReuseConnections = false  - Libcurl will reuse connections
LogInit:  - CertBundlePath = nullptr  - Libcurl will use whatever was configured at build time.
LogInit: Build: ++UE4+Release-4.18-CL-3832480
LogInit: Engine Version: 4.18.3-3832480+++UE4+Release-4.18
LogInit: Compatible Engine Version: 4.18.0-3709383+++UE4+Release-4.18
LogInit: Net CL: 3709383
LogDevObjectVersion: Number of dev versions registered: 16
LogDevObjectVersion:   Dev-Blueprints (B0D832E4-1F89-4F0D-ACCF-7EB736FD4AA2): 10
LogDevObjectVersion:   Dev-Build (E1C64328-A22C-4D53-A36C-8E866417BD8C): 0
LogDevObjectVersion:   Dev-Core (375EC13C-06E4-48FB-B500-84F0262A717E): 2
LogDevObjectVersion:   Dev-Editor (E4B068ED-F494-42E9-A231-DA0B2E46BB41): 20
LogDevObjectVersion:   Dev-Framework (CFFC743F-43B0-4480-9391-14DF171D2073): 30
LogDevObjectVersion:   Dev-Mobile (B02B49B5-BB20-44E9-A304-32B752E40360): 0
LogDevObjectVersion:   Dev-Networking (A4E4105C-59A1-49B5-A7C5-40C4547EDFEE): 0
LogDevObjectVersion:   Dev-Online (39C831C9-5AE6-47DC-9A44-9C173E1C8E7C): 0
LogDevObjectVersion:   Dev-Physics (78F01B33-EBEA-4F98-B9B4-84EACCB95AA2): 0
LogDevObjectVersion:   Dev-Platform (6631380F-2D4D-43E0-8009-CF276956A95A): 0
LogDevObjectVersion:   Dev-Rendering (12F88B9F-8875-4AFC-A67C-D90C383ABD29): 20
LogDevObjectVersion:   Dev-Sequencer (7B5AE74C-D270-4C10-A958-57980B212A5A): 4
LogDevObjectVersion:   Dev-VR (D7296918-1DD6-4BDD-9DE2-64A83CC13884): 0
LogDevObjectVersion:   Dev-LoadTimes (C2A15278-BFE7-4AFE-6C17-90FF531DF755): 1
LogDevObjectVersion:   Private-Geometry (6EACA3D4-40EC-4CC1-B786-8BED09428FC5): 1
LogDevObjectVersion:   Dev-AnimPhys (29E575DD-E0A3-4627-9D10-D276232CDCEA): 12
LogInit: Compiled (64-bit): Jan 12 2018 02:04:55
LogInit: Compiled with Visual C++: 19.00.24215.01
LogInit: Build Configuration: Development
LogInit: Branch Name: ++UE4+Release-4.18
LogInit: Command line: 
LogInit: Base directory: D:/Epic Games/UE_4.18/Engine/Binaries/Win64/
LogInit: Installed Engine Build: 1
LogInit: Presizing for max 8388607 objects, including 0 objects not considered by GC, pre-allocating 0 bytes for permanent pool.
LogInit: Object subsystem initialized
[2018.01.27-00.56.16:206][  0]LogInit: Selected Device Profile: [Windows]
[2018.01.27-00.56.16:206][  0]LogInit: Applying CVar settings loaded from the selected device profile: [Windows]
[2018.01.27-00.56.16:223][  0]LogInit: Computer: DESKTOP-R47TH6J
[2018.01.27-00.56.16:223][  0]LogInit: User: Wheatley
[2018.01.27-00.56.16:223][  0]LogInit: CPU Page size=4096, Cores=4
[2018.01.27-00.56.16:223][  0]LogInit: High frequency timer resolution =2.338347 MHz
[2018.01.27-00.56.16:223][  0]LogMemory: Memory total: Physical=7.9GB (8GB approx)
[2018.01.27-00.56.16:223][  0]LogMemory: Platform Memory Stats for Windows
[2018.01.27-00.56.16:223][  0]LogMemory: Process Physical Memory: 272.14 MB used, 272.14 MB peak
[2018.01.27-00.56.16:223][  0]LogMemory: Process Virtual Memory: 269.70 MB used, 269.70 MB peak
[2018.01.27-00.56.16:223][  0]LogMemory: Physical Memory: 3369.82 MB used,  4738.53 MB free, 8108.36 MB total
[2018.01.27-00.56.16:223][  0]LogMemory: Virtual Memory: 644.07 MB used,  4738.53 MB free, 134217728.00 MB total
[2018.01.27-00.56.16:435][  0]LogInit: Using OS detected language (ru-RU).
[2018.01.27-00.56.16:435][  0]LogInit: Using OS detected locale (ru-RU).
[2018.01.27-00.56.16:440][  0]LogTextLocalizationManager: No localization for 'ru-RU' exists, so 'en' will be used for the language.
[2018.01.27-00.56.16:441][  0]LogTextLocalizationManager: No localization for 'ru-RU' exists, so 'en' will be used for the locale.
[2018.01.27-00.56.17:006][  0]LogInit: Setting process to per monitor DPI aware
[2018.01.27-00.56.17:311][  0]LogD3D11RHI: D3D11 adapters:
[2018.01.27-00.56.17:332][  0]LogD3D11RHI:    0. 'AMD Radeon R7 M265 Series' (Feature Level 11_0)
[2018.01.27-00.56.17:332][  0]LogD3D11RHI:       2028/0/4054 MB DedicatedVideo/DedicatedSystem/SharedSystem, Outputs:1, VendorId:0x1002
[2018.01.27-00.56.17:338][  0]LogD3D11RHI:    1. 'Intel(R) HD Graphics 4600' (Feature Level 11_0)
[2018.01.27-00.56.17:338][  0]LogD3D11RHI:       112/0/2048 MB DedicatedVideo/DedicatedSystem/SharedSystem, Outputs:0, VendorId:0x8086
[2018.01.27-00.56.17:339][  0]LogD3D11RHI:    2. 'Microsoft Basic Render Driver' (Feature Level 11_0)
[2018.01.27-00.56.17:339][  0]LogD3D11RHI:       0/0/4054 MB DedicatedVideo/DedicatedSystem/SharedSystem, Outputs:0, VendorId:0x1414
[2018.01.27-00.56.17:339][  0]LogD3D11RHI: Chosen D3D11 Adapter: 0
[2018.01.27-00.56.17:346][  0]LogD3D11RHI: Creating new Direct3DDevice
[2018.01.27-00.56.17:347][  0]LogD3D11RHI:     GPU DeviceId: 0x6604 (for the marketing name, search the web for "GPU Device Id")
[2018.01.27-00.56.17:347][  0]LogWindows: EnumDisplayDevices:
[2018.01.27-00.56.17:347][  0]LogWindows:    0. 'Intel(R) HD Graphics 4600' (P:1 D:1)
[2018.01.27-00.56.17:347][  0]LogWindows:    1. 'Intel(R) HD Graphics 4600' (P:0 D:0)
[2018.01.27-00.56.17:347][  0]LogWindows:    2. 'Intel(R) HD Graphics 4600' (P:0 D:0)
[2018.01.27-00.56.17:347][  0]LogWindows:    3. 'AMD Radeon R7 M265 Series' (P:0 D:0)
[2018.01.27-00.56.17:348][  0]LogWindows:    4. 'AMD Radeon R7 M265 Series' (P:0 D:0)
[2018.01.27-00.56.17:348][  0]LogWindows:    5. 'AMD Radeon R7 M265 Series' (P:0 D:0)
[2018.01.27-00.56.17:348][  0]LogWindows:    6. 'AMD Radeon R7 M265 Series' (P:0 D:0)
[2018.01.27-00.56.17:348][  0]LogWindows:    7. 'AMD Radeon R7 M265 Series' (P:0 D:0)
[2018.01.27-00.56.17:349][  0]LogWindows:    8. 'AMD Radeon R7 M265 Series' (P:0 D:0)
[2018.01.27-00.56.17:349][  0]LogWindows:    9. 'AMD Radeon R7 M265 Series' (P:0 D:0)
[2018.01.27-00.56.17:349][  0]LogWindows:    10. 'AMD Radeon R7 M265 Series' (P:0 D:0)
[2018.01.27-00.56.17:349][  0]LogWindows:    11. 'AMD Radeon R7 M265 Series' (P:0 D:0)
[2018.01.27-00.56.17:350][  0]LogWindows:    12. 'AMD Radeon R7 M265 Series' (P:0 D:0)
[2018.01.27-00.56.17:350][  0]LogWindows:    13. 'AMD Radeon R7 M265 Series' (P:0 D:0)
[2018.01.27-00.56.17:350][  0]LogWindows:    14. 'AMD Radeon R7 M265 Series' (P:0 D:0)
[2018.01.27-00.56.17:350][  0]LogWindows:    15. 'AMD Radeon R7 M265 Series' (P:0 D:0)
[2018.01.27-00.56.17:351][  0]LogWindows:    16. 'AMD Radeon R7 M265 Series' (P:0 D:0)
[2018.01.27-00.56.17:351][  0]LogWindows:    17. 'AMD Radeon R7 M265 Series' (P:0 D:0)
[2018.01.27-00.56.17:351][  0]LogWindows:    18. 'AMD Radeon R7 M265 Series' (P:0 D:0)
[2018.01.27-00.56.17:351][  0]LogWindows: DebugString: PrimaryIsNotTheChoosenAdapter PrimaryIsNotTheChoosenAdapter PrimaryIsNotTheChoosenAdapter FoundDriverCount:16 
[2018.01.27-00.56.17:351][  0]LogD3D11RHI:     Adapter Name: AMD Radeon R7 M265 Series
[2018.01.27-00.56.17:351][  0]LogD3D11RHI:   Driver Version: Crimson ReLive 17.11.1 (internal:23.20.788.0, unified:23.20.788.0)
[2018.01.27-00.56.17:351][  0]LogD3D11RHI:      Driver Date: 11-2-2017
[2018.01.27-00.56.17:351][  0]LogRHI: Texture pool is 1419 MB (70% of 2028 MB)
[2018.01.27-00.56.17:387][  0]LogD3D11RHI: Async texture creation enabled
[2018.01.27-00.56.17:400][  0]LogD3D11RHI: GPU Timing Frequency: 27.000000 (Debug: 2 1)
[2018.01.27-00.56.17:400][  0]LogShaderCompilers: Guid format shader working directory is -6 characters bigger than the processId version (../../../../../Projects/Unreal Projects/GGJ2018/GGJ2018/Intermediate/Shaders/WorkingDirectory/7108/).
[2018.01.27-00.56.17:401][  0]LogShaderCompilers: Cleaned the shader compiler working directory 'C:/Users/Wheatley/AppData/Local/Temp/UnrealShaderWorkingDir/E94F487D4A248A9F667D4FB9660985C7/'.
[2018.01.27-00.56.17:401][  0]LogShaderCompilers: Display: Using Local Shader Compiler.
[2018.01.27-00.56.18:615][  0]LogTemp: Display: Loaded TP AllDesktopTargetPlatform
[2018.01.27-00.56.18:673][  0]LogTemp: Display: Loaded TP MacClientTargetPlatform
[2018.01.27-00.56.18:727][  0]LogTemp: Display: Loaded TP MacNoEditorTargetPlatform
[2018.01.27-00.56.18:781][  0]LogTemp: Display: Loaded TP MacServerTargetPlatform
[2018.01.27-00.56.18:836][  0]LogTemp: Display: Loaded TP MacTargetPlatform
[2018.01.27-00.56.18:900][  0]LogTemp: Display: Loaded TP WindowsClientTargetPlatform
[2018.01.27-00.56.18:954][  0]LogTemp: Display: Loaded TP WindowsNoEditorTargetPlatform
[2018.01.27-00.56.19:010][  0]LogTemp: Display: Loaded TP WindowsServerTargetPlatform
[2018.01.27-00.56.19:057][  0]LogTemp: Display: Loaded TP WindowsTargetPlatform
[2018.01.27-00.56.19:110][  0]LogTemp: Display: Loaded TP Android_ASTCTargetPlatform
[2018.01.27-00.56.19:163][  0]LogTemp: Display: Loaded TP Android_ATCTargetPlatform
[2018.01.27-00.56.19:215][  0]LogTemp: Display: Loaded TP Android_DXTTargetPlatform
[2018.01.27-00.56.19:275][  0]LogTemp: Display: Loaded TP Android_ETC1TargetPlatform
[2018.01.27-00.56.19:328][  0]LogTemp: Display: Loaded TP Android_ETC2TargetPlatform
[2018.01.27-00.56.19:439][  0]LogTemp: Display: Loaded TP Android_MultiTargetPlatform
[2018.01.27-00.56.19:439][  0]LogTemp: Display: Loaded TP Android_PVRTCTargetPlatform
[2018.01.27-00.56.19:495][  0]LogTemp: Display: Loaded TP AndroidTargetPlatform
[2018.01.27-00.56.19:532][  0]LogTemp: Display: Loaded TP HTML5TargetPlatform
[2018.01.27-00.56.19:624][  0]LogTemp: Display: Loaded TP IOSTargetPlatform
[2018.01.27-00.56.19:658][  0]LogTemp: Display: Loaded TP TVOSTargetPlatform
[2018.01.27-00.56.19:711][  0]LogTemp: Display: Loaded TP LinuxClientTargetPlatform
[2018.01.27-00.56.19:770][  0]LogTemp: Display: Loaded TP LinuxNoEditorTargetPlatform
[2018.01.27-00.56.19:823][  0]LogTemp: Display: Loaded TP LinuxServerTargetPlatform
[2018.01.27-00.56.19:880][  0]LogTemp: Display: Loaded TP LinuxTargetPlatform
[2018.01.27-00.56.19:880][  0]LogTargetPlatformManager: Display: Building Assets For Windows
[2018.01.27-00.56.20:350][  0]LogDerivedDataCache: Display: Max Cache Size: 512 MB
[2018.01.27-00.56.20:470][  0]LogDerivedDataCache: Loaded boot cache 0.12s 78MB C:/Users/Wheatley/AppData/Local/UnrealEngine/4.18/DerivedDataCache/Boot.ddc.
[2018.01.27-00.56.20:470][  0]LogDerivedDataCache: Display: Loaded Boot cache: C:/Users/Wheatley/AppData/Local/UnrealEngine/4.18/DerivedDataCache/Boot.ddc
[2018.01.27-00.56.20:470][  0]LogDerivedDataCache: FDerivedDataBackendGraph:  Pak pak cache file ../../../../../Projects/Unreal Projects/GGJ2018/GGJ2018/DerivedDataCache/DDC.ddp not found, will not use a pak cache.
[2018.01.27-00.56.20:470][  0]LogDerivedDataCache: Unable to find inner node Pak for hierarchical cache Hierarchy.
[2018.01.27-00.56.20:470][  0]LogDerivedDataCache: FDerivedDataBackendGraph:  CompressedPak pak cache file ../../../../../Projects/Unreal Projects/GGJ2018/GGJ2018/DerivedDataCache/Compressed.ddp not found, will not use a pak cache.
[2018.01.27-00.56.20:470][  0]LogDerivedDataCache: Unable to find inner node CompressedPak for hierarchical cache Hierarchy.
[2018.01.27-00.56.20:494][  0]LogDerivedDataCache: Display: Pak cache opened for reading ../../../Engine/DerivedDataCache/Compressed.ddp.
[2018.01.27-00.56.20:506][  0]LogDerivedDataCache: Using Local data cache path C:/Users/Wheatley/AppData/Local/UnrealEngine/Common/DerivedDataCache: Writable
[2018.01.27-00.56.20:521][  0]LogMaterial: Verifying Global Shaders for PCD3D_SM5
[2018.01.27-00.56.20:521][  0]LogSlate: Using Freetype 2.6.0
[2018.01.27-00.56.20:522][  0]LogSlate: SlateFontCache - WITH_FREETYPE: 1, WITH_HARFBUZZ: 1
[2018.01.27-00.56.20:522][  0]LogSlate: SlateFontCache - WITH_FREETYPE: 1, WITH_HARFBUZZ: 1
[2018.01.27-00.56.21:001][  0]LogInit: Selected Device Profile: [Windows]
[2018.01.27-00.56.21:370][  0]LogSimplygon: Simplygon DLL not present - disabling.
[2018.01.27-00.56.21:413][  0]LogMeshReduction: Using SimplygonSwarm for distributed automatic mesh merging
[2018.01.27-00.56.21:413][  0]LogMeshReduction: Using QuadricMeshReduction for automatic static mesh reduction
[2018.01.27-00.56.21:413][  0]LogMeshReduction: No automatic skeletal mesh reduction module available
[2018.01.27-00.56.21:413][  0]LogMeshReduction: No automatic mesh merging module available
[2018.01.27-00.56.21:413][  0]LogMeshMerging: No automatic mesh merging module available
[2018.01.27-00.56.21:446][  0]LogNetVersion: GGJ2018 , NetCL: 3709383, EngineNetVer: 2, GameNetVer: 0 (Checksum: 4219683102)
[2018.01.27-00.56.21:638][  0]LogAssetRegistry: FAssetRegistry took 0.0274 seconds to start up
[2018.01.27-00.56.22:237][  0]LogPackageLocalizationCache: Processed 7 localized package path(s) for 1 prioritized culture(s) in 0.047989 seconds
[2018.01.27-00.56.22:243][  0]LogUObjectArray: 35870 objects as part of root set at end of initial load.
[2018.01.27-00.56.22:243][  0]LogUObjectAllocator: 7363696 out of 0 bytes used by permanent object pool.
[2018.01.27-00.56.22:243][  0]LogUObjectArray: CloseDisregardForGC: 0/0 objects in disregard for GC pool
[2018.01.27-00.56.22:294][  0]LogInit: WinSock: version 1.1 (2.2), MaxSocks=32767, MaxUdp=65467
[2018.01.27-00.56.25:545][  0]LogTcpMessaging: Initializing TcpMessaging bridge
[2018.01.27-00.56.25:591][  0]LogUdpMessaging: Initializing bridge on interface 0.0.0.0:0 to multicast group 230.0.0.1:6666.
[2018.01.27-00.56.26:375][  0]LogMaterial: Uniform references updated for custom material expression Custom.
[2018.01.27-00.56.26:831][  0]SourceControl: Source control is disabled
[2018.01.27-00.56.26:831][  0]SourceControl: Source control is disabled
[2018.01.27-00.56.26:884][  0]SourceControl: Source control is disabled
[2018.01.27-00.56.26:935][  0]SourceControl: Source control is disabled
[2018.01.27-00.56.27:847][  0]LogAndroidPermission: UAndroidPermissionCallbackProxy::GetInstance
[2018.01.27-00.56.28:134][  0]LogOcInput: OculusInput pre-init called
[2018.01.27-00.56.28:458][  0]LogEngine: Initializing Engine...
[2018.01.27-00.56.28:460][  0]LogHMD: Failed to initialize OpenVR with code 110
[2018.01.27-00.56.28:767][  0]LogStats: UGameplayTagsManager::ConstructGameplayTagTree: Construct from data asset -  0.000 s
[2018.01.27-00.56.28:767][  0]LogStats: UGameplayTagsManager::ConstructGameplayTagTree: GameplayTagTreeChangedEvent.Broadcast -  0.000 s
[2018.01.27-00.56.28:893][  0]LogAIModule: Creating AISystem for world Untitled
[2018.01.27-00.56.28:901][  0]LogInit: XAudio2 using 'Динамики (Conexant SmartAudio HD)' : 2 channels at 48 kHz using 16 bits per sample (channel mask 0x3)
[2018.01.27-00.56.28:952][  0]LogInit: FAudioDevice initialized.
[2018.01.27-00.56.29:052][  0]LogDerivedDataCache: Saved boot cache 0.10s 78MB C:/Users/Wheatley/AppData/Local/UnrealEngine/4.18/DerivedDataCache/Boot.ddc.
[2018.01.27-00.56.29:074][  0]LogInit: Texture streaming: Enabled
[2018.01.27-00.56.29:187][  0]LogEngineSessionManager: EngineSessionManager initialized
[2018.01.27-00.56.29:187][  0]LogEngineSessionManager: EngineSessionManager sent abnormal shutdown report. Type=Crashed, SessionId={AC0E0929-4395-6DB7-7AF0-C1BC12486BBD}
[2018.01.27-00.56.29:354][  0]LogInit: Transaction tracking system initialized
[2018.01.27-00.56.29:685][  0]BlueprintLog: New page: Editor Load
[2018.01.27-00.56.30:479][  0]LocalizationService: Localization service is disabled
[2018.01.27-00.56.31:091][  0]LogConsoleResponse: Display: 
[2018.01.27-00.56.31:256][  0]LogCook: Display: Max memory allowance for cook 16384mb min free memory 0mb
[2018.01.27-00.56.31:256][  0]LogCook: Display: Mobile HDR setting 1
[2018.01.27-00.56.31:256][  0]LogGameplayTags: Display: UGameplayTagsManager::DoneAddingNativeTags. DelegateIsBound: 0
[2018.01.27-00.56.31:614][  0]LogFileCache: Scanning file cache for directory 'D:/Projects/Unreal Projects/GGJ2018/GGJ2018/Content/' took 0.01s
[2018.01.27-00.56.32:246][  0]SourceControl: Source control is disabled
[2018.01.27-00.56.32:246][  0]Cmd: MAP LOAD FILE="../../../../../Projects/Unreal Projects/GGJ2018/GGJ2018/Content/ThirdPersonBP/Maps/ThirdPersonExampleMap.umap" TEMPLATE=0 SHOWPROGRESS=1 FEATURELEVEL=3
[2018.01.27-00.56.32:247][  0]LightingResults: New page: Lighting Build
[2018.01.27-00.56.32:281][  0]MapCheck: New page: Map Check
[2018.01.27-00.56.32:281][  0]LightingResults: New page: Lighting Build
[2018.01.27-00.56.33:006][  0]LogAIModule: Creating AISystem for world ThirdPersonExampleMap
[2018.01.27-00.56.33:028][  0]LogPhysics: Warning: Initialising Body : Scale3D is (nearly) zero: Component: '/Game/ThirdPersonBP/Maps/ThirdPersonExampleMap.ThirdPersonExampleMap:PersistentLevel.WeakSpot_Hand_GEN_VARIABLE_A_WeakSpot_C_CAT_178.Sphere' 
[2018.01.27-00.56.33:028][  0]LogPhysics: Warning: Initialising Body : Scale3D is (nearly) zero: Component: '/Game/ThirdPersonBP/Maps/ThirdPersonExampleMap.ThirdPersonExampleMap:PersistentLevel.WeakSpot_Hand_GEN_VARIABLE_A_WeakSpot_C_CAT_178.Sphere' 
[2018.01.27-00.56.33:029][  0]LogPhysics: Warning: Initialising Body : Scale3D is (nearly) zero: Component: '/Game/ThirdPersonBP/Maps/ThirdPersonExampleMap.ThirdPersonExampleMap:PersistentLevel.ChildActor_GEN_VARIABLE_A_WeakSpot_C_CAT_176.Sphere' 
[2018.01.27-00.56.33:029][  0]LogPhysics: Warning: Initialising Body : Scale3D is (nearly) zero: Component: '/Game/ThirdPersonBP/Maps/ThirdPersonExampleMap.ThirdPersonExampleMap:PersistentLevel.ChildActor_GEN_VARIABLE_A_WeakSpot_C_CAT_176.Sphere' 
[2018.01.27-00.56.33:029][  0]LogEditorServer: Finished looking for orphan Actors (0.000 secs)
[2018.01.27-00.56.33:043][  0]Cmd: MAP CHECKDEP NOCLEARLOG
[2018.01.27-00.56.33:095][  0]MapCheck: Map check complete: 0 Error(s), 0 Warning(s), took 52.163ms to complete.
[2018.01.27-00.56.33:095][  0]LogFileHelpers: Loading map 'ThirdPersonExampleMap' took 0.849
[2018.01.27-00.56.33:151][  0]LogWindowsTextInputMethodSystem: Display: IME system now deactivated.
[2018.01.27-00.56.33:235][  0]LogCollectionManager: Loaded 0 collections in 0.001499 seconds
[2018.01.27-00.56.33:303][  0]LogFileCache: Scanning file cache for directory 'D:/Projects/Unreal Projects/GGJ2018/GGJ2018/Saved/Collections/' took 0.01s
[2018.01.27-00.56.33:303][  0]LogFileCache: Scanning file cache for directory 'D:/Projects/Unreal Projects/GGJ2018/GGJ2018/Content/Developers/Wheatley/Collections/' took 0.01s
[2018.01.27-00.56.33:303][  0]LogFileCache: Scanning file cache for directory 'D:/Projects/Unreal Projects/GGJ2018/GGJ2018/Content/Collections/' took 0.01s
[2018.01.27-00.56.33:303][  0]LogCollectionManager: Rebuilt the GUID cache for 0 collections in 0.000000 seconds
[2018.01.27-00.56.33:312][  0]LogContentBrowser: Native class hierarchy populated in 0.0084 seconds. Added 2363 classes and 519 folders.
[2018.01.27-00.56.33:359][  0]LogContentBrowser: Native class hierarchy updated for 'WidgetCarousel' in 0.0002 seconds. Added 0 classes and 0 folders.
[2018.01.27-00.56.33:400][  0]LogContentBrowser: Native class hierarchy updated for 'AddContentDialog' in 0.0002 seconds. Added 0 classes and 0 folders.
[2018.01.27-00.56.33:435][  0]LogContentBrowser: Native class hierarchy updated for 'SceneOutliner' in 0.0003 seconds. Added 1 classes and 2 folders.
[2018.01.27-00.56.33:451][  0]LogSlate: Took 0.000173 seconds to synchronously load lazily loaded font '../../../Engine/Content/Slate/Fonts/Roboto-Regular.ttf' (155K)
[2018.01.27-00.56.33:453][  0]LogSlate: Took 0.000165 seconds to synchronously load lazily loaded font '../../../Engine/Content/Slate/Fonts/Roboto-Bold.ttf' (160K)
[2018.01.27-00.56.33:458][  0]LogSlate: Took 0.000161 seconds to synchronously load lazily loaded font '../../../Engine/Content/Editor/Slate/Fonts/FontAwesome.ttf' (139K)
[2018.01.27-00.56.33:560][  0]LogRenderer: Reallocating scene render targets to support 792x396 Format 10 NumSamples 1 (Frame:1).
[2018.01.27-00.56.33:760][  0]LogContentBrowser: Native class hierarchy updated for 'HierarchicalLODOutliner' in 0.0003 seconds. Added 1 classes and 2 folders.
[2018.01.27-00.56.33:760][  0]LogLoad: (Engine Initialization) Total time: 20.29 seconds
[2018.01.27-00.56.33:760][  0]LogLoad: (Engine Initialization) Total Blueprint compile time: 0.00 seconds
[2018.01.27-00.56.33:760][  0]LogExternalProfiler: No external profilers were discovered.  External profiling features will not be available.
[2018.01.27-00.56.33:804][  0]LogContentStreaming: Texture pool size now 1000 MB
[2018.01.27-00.56.33:859][  0]LogSlate: Took 0.000177 seconds to synchronously load lazily loaded font '../../../Engine/Content/Slate/Fonts/Roboto-Light.ttf' (159K)
[2018.01.27-00.56.33:889][  1]LogAssetRegistry: Asset discovery search completed in 12.2724 seconds
[2018.01.27-00.56.33:892][  1]LogCollectionManager: Rebuilt the object cache for 0 collections in 0.000000 seconds (found 0 objects)
[2018.01.27-00.56.33:892][  1]LogCollectionManager: Fixed up redirectors for 0 collections in 0.000063 seconds (updated 0 objects)
[2018.01.27-00.56.34:805][ 44]LogSlate: Took 0.000218 seconds to synchronously load lazily loaded font '../../../Engine/Content/Slate/Fonts/Roboto-Light.ttf' (159K)
[2018.01.27-00.56.35:944][101]LogSlate: Took 0.000165 seconds to synchronously load lazily loaded font '../../../Engine/Content/Slate/Fonts/Roboto-Light.ttf' (159K)
[2018.01.27-00.56.36:408][101]LogContentBrowser: Native class hierarchy updated for 'BlueprintGraph' in 0.0008 seconds. Added 116 classes and 0 folders.
[2018.01.27-00.56.37:389][101]LogContentBrowser: Native class hierarchy updated for 'MaterialEditor' in 0.0003 seconds. Added 1 classes and 0 folders.
[2018.01.27-00.56.37:392][101]LogMaterial: Missing cached shader map for material M_ShockWave, compiling. 
[2018.01.27-00.56.37:828][101]LogMaterial: Missing cached shader map for material M_ShockWave, compiling. 
[2018.01.27-00.56.37:846][101]LogMaterial: Missing cached shader map for material M_ShockWave, compiling. 
[2018.01.27-00.56.37:887][101]LogMaterial: Missing cached shader map for material FMatExpressionPreview MaterialExpressionConstant3Vector_0, compiling. 
[2018.01.27-00.56.37:893][101]LogMaterial: Missing cached shader map for material FMatExpressionPreview MaterialExpressionPower_0, compiling. 
[2018.01.27-00.56.37:899][101]LogMaterial: Missing cached shader map for material FMatExpressionPreview MaterialExpressionTextureSample_0, compiling. 
[2018.01.27-00.56.38:374][101]LogSlate: Took 0.000315 seconds to synchronously load lazily loaded font '../../../Engine/Content/Editor/Slate/Fonts/Roboto-BoldCondensed.ttf' (158K)
[2018.01.27-00.56.38:834][102]LogSlate: Took 0.000282 seconds to synchronously load lazily loaded font '../../../Engine/Content/Editor/Slate/Fonts/Roboto-Italic.ttf' (157K)
[2018.01.27-00.56.39:854][151]MaterialEditorStats: Base pass shader without light map: 36 instructions
[2018.01.27-00.56.39:854][151]MaterialEditorStats: Vertex shader: 125 instructions
[2018.01.27-00.56.39:854][151]MaterialEditorStats: Texture samplers: 3/16
[2018.01.27-00.56.39:854][151]MaterialEditorStats: User interpolators: 2/4 Scalars (1/4 Vectors) (TexCoords: 2, Custom: 0)
[2018.01.27-00.56.49:313][589]LogMaterial: Missing cached shader map for material M_ShockWave, compiling. 
[2018.01.27-00.56.50:690][640]MaterialEditorStats: Base pass shader without light map: 36 instructions
[2018.01.27-00.56.50:690][640]MaterialEditorStats: Vertex shader: 125 instructions
[2018.01.27-00.56.50:690][640]MaterialEditorStats: Texture samplers: 3/16
[2018.01.27-00.56.50:690][640]MaterialEditorStats: User interpolators: 2/4 Scalars (1/4 Vectors) (TexCoords: 2, Custom: 0)
[2018.01.27-00.56.56:282][891]LogMaterial: Missing cached shader map for material M_ShockWave, compiling. 
[2018.01.27-00.56.56:305][891]LogMaterial: Missing cached shader map for material FMatExpressionPreview MaterialExpressionPower_0, compiling. 
[2018.01.27-00.56.57:300][928]LogMaterialEditor: Saving and Compiling material M_ShockWave
[2018.01.27-00.56.58:041][928]LogMaterial: Missing cached shader map for material M_ShockWave, compiling. 
[2018.01.27-00.56.58:094][928]LogMaterial: Missing cached shader map for material M_ShockWave, compiling. 
[2018.01.27-00.56.58:237][928]LogMaterial: Missing cached shader map for material M_ShockWave, compiling. 
[2018.01.27-00.56.58:310][928]LogMaterial: Missing cached shader map for material FDebugViewModeMaterialProxy M_ShockWave, compiling. 
[2018.01.27-00.56.59:063][928]TextureStreamingBuild: Display: Compiling optional shaders took 0.763 seconds.
[2018.01.27-00.57.00:394][928]LogSlate: Took 0.000213 seconds to synchronously load lazily loaded font '../../../Engine/Content/Slate/Fonts/Roboto-Regular.ttf' (155K)
[2018.01.27-00.57.00:452][928]Cmd: OBJ SAVEPACKAGE PACKAGE="/Game/JAM/Materials/M_ShockWave" FILE="../../../../../Projects/Unreal Projects/GGJ2018/GGJ2018/Content/JAM/Materials/M_ShockWave.uasset" SILENT=true
[2018.01.27-00.57.00:571][928]LogSavePackage: Save=111.47ms
[2018.01.27-00.57.00:571][928]LogSavePackage: Moving '../../../../../Projects/Unreal Projects/GGJ2018/GGJ2018/Saved/M_ShockWaveCAC1A8D54DF12EE442A51985E39F5285.tmp' to '../../../../../Projects/Unreal Projects/GGJ2018/GGJ2018/Content/JAM/Materials/M_ShockWave.uasset'
[2018.01.27-00.57.00:574][928]LogSavePackage: Display: Finished SavePackage ../../../../../Projects/Unreal Projects/GGJ2018/GGJ2018/Content/JAM/Materials/M_ShockWave.uasset
[2018.01.27-00.57.00:590][928]MaterialEditorStats: Base pass shader without light map: 37 instructions
[2018.01.27-00.57.00:590][928]MaterialEditorStats: Vertex shader: 125 instructions
[2018.01.27-00.57.00:590][928]MaterialEditorStats: Texture samplers: 3/16
[2018.01.27-00.57.00:590][928]MaterialEditorStats: User interpolators: 2/4 Scalars (1/4 Vectors) (TexCoords: 2, Custom: 0)
[2018.01.27-00.57.11:584][392]LogMaterialEditor: Saving and Compiling material M_ShockWave
[2018.01.27-00.57.11:598][392]Cmd: OBJ SAVEPACKAGE PACKAGE="/Game/JAM/Materials/M_ShockWave" FILE="../../../../../Projects/Unreal Projects/GGJ2018/GGJ2018/Content/JAM/Materials/M_ShockWave.uasset" SILENT=true
[2018.01.27-00.57.11:720][392]LogSavePackage: Save=115.06ms
[2018.01.27-00.57.11:720][392]LogSavePackage: Moving '../../../../../Projects/Unreal Projects/GGJ2018/GGJ2018/Saved/M_ShockWaveA8CE7B114A4AF414F37A16926BED444F.tmp' to '../../../../../Projects/Unreal Projects/GGJ2018/GGJ2018/Content/JAM/Materials/M_ShockWave.uasset'
[2018.01.27-00.57.11:721][392]LogSavePackage: Display: Finished SavePackage ../../../../../Projects/Unreal Projects/GGJ2018/GGJ2018/Content/JAM/Materials/M_ShockWave.uasset
[2018.01.27-00.57.15:322][575]LogTemp: Repeating last play command: Selected Viewport
[2018.01.27-00.57.15:482][575]LogBlueprintUserMessages: Early PlayInEditor Detection: Level '/Game/ThirdPersonBP/Maps/ThirdPersonExampleMap.ThirdPersonExampleMap:PersistentLevel' has LevelScriptBlueprint '/Game/ThirdPersonBP/Maps/ThirdPersonExampleMap.ThirdPersonExampleMap:PersistentLevel.ThirdPersonExampleMap' with GeneratedClass '/Game/ThirdPersonBP/Maps/ThirdPersonExampleMap.ThirdPersonExampleMap_C' with ClassGeneratedBy '/Game/ThirdPersonBP/Maps/ThirdPersonExampleMap.ThirdPersonExampleMap:PersistentLevel.ThirdPersonExampleMap'
[2018.01.27-00.57.15:482][575]LogPlayLevel: PlayLevel: No blueprints needed recompiling
[2018.01.27-00.57.15:482][575]PIE: New page: PIE session: ThirdPersonExampleMap (Jan 27, 2018, 6:57:15 AM)
[2018.01.27-00.57.15:482][575]LogPlayLevel: Creating play world package: /Game/ThirdPersonBP/Maps/UEDPIE_0_ThirdPersonExampleMap
[2018.01.27-00.57.15:511][575]LogPlayLevel: PIE: StaticDuplicateObject took: (0.028439s)
[2018.01.27-00.57.15:512][575]LogAIModule: Creating AISystem for world ThirdPersonExampleMap
[2018.01.27-00.57.15:512][575]LogPlayLevel: PIE: World Init took: (0.001339s)
[2018.01.27-00.57.15:513][575]LogPlayLevel: PIE: Created PIE world by copying editor world from /Game/ThirdPersonBP/Maps/ThirdPersonExampleMap.ThirdPersonExampleMap to /Game/ThirdPersonBP/Maps/UEDPIE_0_ThirdPersonExampleMap.ThirdPersonExampleMap (0.030245s)
[2018.01.27-00.57.15:545][575]LogInit: XAudio2 using 'Динамики (Conexant SmartAudio HD)' : 2 channels at 48 kHz using 16 bits per sample (channel mask 0x3)
[2018.01.27-00.57.15:564][575]LogInit: FAudioDevice initialized.
[2018.01.27-00.57.15:621][575]LogLoad: Game class is 'ThirdPersonGameMode_C'
[2018.01.27-00.57.15:624][575]LogPhysics: Warning: Initialising Body : Scale3D is (nearly) zero: Component: '/Game/ThirdPersonBP/Maps/UEDPIE_0_ThirdPersonExampleMap.ThirdPersonExampleMap:PersistentLevel.WeakSpot_Hand_GEN_VARIABLE_A_WeakSpot_C_CAT_178.Sphere' 
[2018.01.27-00.57.15:624][575]LogPhysics: Warning: Initialising Body : Scale3D is (nearly) zero: Component: '/Game/ThirdPersonBP/Maps/UEDPIE_0_ThirdPersonExampleMap.ThirdPersonExampleMap:PersistentLevel.ChildActor_GEN_VARIABLE_A_WeakSpot_C_CAT_176.Sphere' 
[2018.01.27-00.57.15:624][575]LogWorld: Bringing World /Game/ThirdPersonBP/Maps/UEDPIE_0_ThirdPersonExampleMap.ThirdPersonExampleMap up for play (max tick rate 60) at 2018.01.27-03.57.15
[2018.01.27-00.57.15:625][575]LogWorld: Bringing up level for play took: 0.003165
[2018.01.27-00.57.15:666][575]LogContentBrowser: Native class hierarchy updated for 'MovieSceneCapture' in 0.0004 seconds. Added 11 classes and 0 folders.
[2018.01.27-00.57.15:668][575]PIE: Play in editor start time for /Game/ThirdPersonBP/Maps/UEDPIE_0_ThirdPersonExampleMap 0.52
[2018.01.27-00.57.15:668][575]LogBlueprintUserMessages: Late PlayInEditor Detection: Level '/Game/ThirdPersonBP/Maps/ThirdPersonExampleMap.ThirdPersonExampleMap:PersistentLevel' has LevelScriptBlueprint '/Game/ThirdPersonBP/Maps/ThirdPersonExampleMap.ThirdPersonExampleMap:PersistentLevel.ThirdPersonExampleMap' with GeneratedClass '/Game/ThirdPersonBP/Maps/ThirdPersonExampleMap.ThirdPersonExampleMap_C' with ClassGeneratedBy '/Game/ThirdPersonBP/Maps/ThirdPersonExampleMap.ThirdPersonExampleMap:PersistentLevel.ThirdPersonExampleMap'
[2018.01.27-00.57.40:263][ 48]LogBlueprintUserMessages: Early EndPlayMap Detection: Level '/Game/ThirdPersonBP/Maps/ThirdPersonExampleMap.ThirdPersonExampleMap:PersistentLevel' has LevelScriptBlueprint '/Game/ThirdPersonBP/Maps/ThirdPersonExampleMap.ThirdPersonExampleMap:PersistentLevel.ThirdPersonExampleMap' with GeneratedClass '/Game/ThirdPersonBP/Maps/ThirdPersonExampleMap.ThirdPersonExampleMap_C' with ClassGeneratedBy '/Game/ThirdPersonBP/Maps/ThirdPersonExampleMap.ThirdPersonExampleMap:PersistentLevel.ThirdPersonExampleMap'
[2018.01.27-00.57.40:299][ 48]LogBlueprintUserMessages: Late EndPlayMap Detection: Level '/Game/ThirdPersonBP/Maps/ThirdPersonExampleMap.ThirdPersonExampleMap:PersistentLevel' has LevelScriptBlueprint '/Game/ThirdPersonBP/Maps/ThirdPersonExampleMap.ThirdPersonExampleMap:PersistentLevel.ThirdPersonExampleMap' with GeneratedClass '/Game/ThirdPersonBP/Maps/ThirdPersonExampleMap.ThirdPersonExampleMap_C' with ClassGeneratedBy '/Game/ThirdPersonBP/Maps/ThirdPersonExampleMap.ThirdPersonExampleMap:PersistentLevel.ThirdPersonExampleMap'
[2018.01.27-00.59.21:575][600]LogEditorViewport: Clicking on Actor (LMB): StaticMeshActor (Sphere)
[2018.01.27-00.59.24:422][759]Cmd: SELECT NONE
[2018.01.27-01.00.18:945][251]LogTemp: Repeating last play command: Selected Viewport
[2018.01.27-01.00.19:286][251]LogBlueprintUserMessages: Early PlayInEditor Detection: Level '/Game/ThirdPersonBP/Maps/ThirdPersonExampleMap.ThirdPersonExampleMap:PersistentLevel' has LevelScriptBlueprint '/Game/ThirdPersonBP/Maps/ThirdPersonExampleMap.ThirdPersonExampleMap:PersistentLevel.ThirdPersonExampleMap' with GeneratedClass '/Game/ThirdPersonBP/Maps/ThirdPersonExampleMap.ThirdPersonExampleMap_C' with ClassGeneratedBy '/Game/ThirdPersonBP/Maps/ThirdPersonExampleMap.ThirdPersonExampleMap:PersistentLevel.ThirdPersonExampleMap'
[2018.01.27-01.00.19:286][251]LogPlayLevel: PlayLevel: No blueprints needed recompiling
[2018.01.27-01.00.19:287][251]PIE: New page: PIE session: ThirdPersonExampleMap (Jan 27, 2018, 7:00:19 AM)
[2018.01.27-01.00.19:287][251]LogPlayLevel: Creating play world package: /Game/ThirdPersonBP/Maps/UEDPIE_0_ThirdPersonExampleMap
[2018.01.27-01.00.19:317][251]LogPlayLevel: PIE: StaticDuplicateObject took: (0.030418s)
[2018.01.27-01.00.19:318][251]LogAIModule: Creating AISystem for world ThirdPersonExampleMap
[2018.01.27-01.00.19:319][251]LogPlayLevel: PIE: World Init took: (0.001357s)
[2018.01.27-01.00.19:319][251]LogPlayLevel: PIE: Created PIE world by copying editor world from /Game/ThirdPersonBP/Maps/ThirdPersonExampleMap.ThirdPersonExampleMap to /Game/ThirdPersonBP/Maps/UEDPIE_0_ThirdPersonExampleMap.ThirdPersonExampleMap (0.032215s)
[2018.01.27-01.00.19:345][251]LogInit: XAudio2 using 'Динамики (Conexant SmartAudio HD)' : 2 channels at 48 kHz using 16 bits per sample (channel mask 0x3)
[2018.01.27-01.00.19:367][251]LogInit: FAudioDevice initialized.
[2018.01.27-01.00.19:399][251]LogLoad: Game class is 'ThirdPersonGameMode_C'
[2018.01.27-01.00.19:402][251]LogPhysics: Warning: Initialising Body : Scale3D is (nearly) zero: Component: '/Game/ThirdPersonBP/Maps/UEDPIE_0_ThirdPersonExampleMap.ThirdPersonExampleMap:PersistentLevel.WeakSpot_Hand_GEN_VARIABLE_A_WeakSpot_C_CAT_178.Sphere' 
[2018.01.27-01.00.19:402][251]LogPhysics: Warning: Initialising Body : Scale3D is (nearly) zero: Component: '/Game/ThirdPersonBP/Maps/UEDPIE_0_ThirdPersonExampleMap.ThirdPersonExampleMap:PersistentLevel.ChildActor_GEN_VARIABLE_A_WeakSpot_C_CAT_176.Sphere' 
[2018.01.27-01.00.19:402][251]LogWorld: Bringing World /Game/ThirdPersonBP/Maps/UEDPIE_0_ThirdPersonExampleMap.ThirdPersonExampleMap up for play (max tick rate 60) at 2018.01.27-04.00.19
[2018.01.27-01.00.19:403][251]LogWorld: Bringing up level for play took: 0.003230
[2018.01.27-01.00.19:405][251]PIE: Play in editor start time for /Game/ThirdPersonBP/Maps/UEDPIE_0_ThirdPersonExampleMap 0.257
[2018.01.27-01.00.19:406][251]LogBlueprintUserMessages: Late PlayInEditor Detection: Level '/Game/ThirdPersonBP/Maps/ThirdPersonExampleMap.ThirdPersonExampleMap:PersistentLevel' has LevelScriptBlueprint '/Game/ThirdPersonBP/Maps/ThirdPersonExampleMap.ThirdPersonExampleMap:PersistentLevel.ThirdPersonExampleMap' with GeneratedClass '/Game/ThirdPersonBP/Maps/ThirdPersonExampleMap.ThirdPersonExampleMap_C' with ClassGeneratedBy '/Game/ThirdPersonBP/Maps/ThirdPersonExampleMap.ThirdPersonExampleMap:PersistentLevel.ThirdPersonExampleMap'
[2018.01.27-01.00.25:956][642]LogBlueprintUserMessages: Early EndPlayMap Detection: Level '/Game/ThirdPersonBP/Maps/ThirdPersonExampleMap.ThirdPersonExampleMap:PersistentLevel' has LevelScriptBlueprint '/Game/ThirdPersonBP/Maps/ThirdPersonExampleMap.ThirdPersonExampleMap:PersistentLevel.ThirdPersonExampleMap' with GeneratedClass '/Game/ThirdPersonBP/Maps/ThirdPersonExampleMap.ThirdPersonExampleMap_C' with ClassGeneratedBy '/Game/ThirdPersonBP/Maps/ThirdPersonExampleMap.ThirdPersonExampleMap:PersistentLevel.ThirdPersonExampleMap'
[2018.01.27-01.00.25:993][642]LogBlueprintUserMessages: Late EndPlayMap Detection: Level '/Game/ThirdPersonBP/Maps/ThirdPersonExampleMap.ThirdPersonExampleMap:PersistentLevel' has LevelScriptBlueprint '/Game/ThirdPersonBP/Maps/ThirdPersonExampleMap.ThirdPersonExampleMap:PersistentLevel.ThirdPersonExampleMap' with GeneratedClass '/Game/ThirdPersonBP/Maps/ThirdPersonExampleMap.ThirdPersonExampleMap_C' with ClassGeneratedBy '/Game/ThirdPersonBP/Maps/ThirdPersonExampleMap.ThirdPersonExampleMap:PersistentLevel.ThirdPersonExampleMap'
[2018.01.27-01.00.31:229][949]LogMaterial: Missing cached shader map for material M_ShockWave, compiling. 
[2018.01.27-01.00.31:253][949]LogMaterial: Missing cached shader map for material FMatExpressionPreview MaterialExpressionPower_0, compiling. 
[2018.01.27-01.00.32:954][ 50]MaterialEditorStats: Base pass shader without light map: 38 instructions
[2018.01.27-01.00.32:954][ 50]MaterialEditorStats: Vertex shader: 125 instructions
[2018.01.27-01.00.32:954][ 50]MaterialEditorStats: Texture samplers: 3/16
[2018.01.27-01.00.32:954][ 50]MaterialEditorStats: User interpolators: 2/4 Scalars (1/4 Vectors) (TexCoords: 2, Custom: 0)
[2018.01.27-01.00.34:420][137]LogMaterial: Missing cached shader map for material M_ShockWave, compiling. 
[2018.01.27-01.00.34:462][137]LogMaterial: Missing cached shader map for material FMatExpressionPreview MaterialExpressionPower_0, compiling. 
[2018.01.27-01.00.35:833][215]MaterialEditorStats: Base pass shader without light map: 38 instructions
[2018.01.27-01.00.35:834][215]MaterialEditorStats: Vertex shader: 125 instructions
[2018.01.27-01.00.35:834][215]MaterialEditorStats: Texture samplers: 3/16
[2018.01.27-01.00.35:834][215]MaterialEditorStats: User interpolators: 2/4 Scalars (1/4 Vectors) (TexCoords: 2, Custom: 0)
[2018.01.27-01.00.36:387][248]LogMaterial: Missing cached shader map for material M_ShockWave, compiling. 
[2018.01.27-01.00.36:413][248]LogMaterial: Missing cached shader map for material FMatExpressionPreview MaterialExpressionPower_0, compiling. 
[2018.01.27-01.00.37:784][329]MaterialEditorStats: Base pass shader without light map: 38 instructions
[2018.01.27-01.00.37:785][329]MaterialEditorStats: Vertex shader: 125 instructions
[2018.01.27-01.00.37:785][329]MaterialEditorStats: Texture samplers: 3/16
[2018.01.27-01.00.37:785][329]MaterialEditorStats: User interpolators: 2/4 Scalars (1/4 Vectors) (TexCoords: 2, Custom: 0)
[2018.01.27-01.00.40:219][475]LogMaterialEditor: Saving and Compiling material M_ShockWave
[2018.01.27-01.00.40:886][475]LogMaterial: Missing cached shader map for material M_ShockWave, compiling. 
[2018.01.27-01.00.40:935][475]LogMaterial: Missing cached shader map for material M_ShockWave, compiling. 
[2018.01.27-01.00.40:970][475]LogMaterial: Missing cached shader map for material M_ShockWave, compiling. 
[2018.01.27-01.00.41:032][475]LogMaterial: Missing cached shader map for material FDebugViewModeMaterialProxy M_ShockWave, compiling. 
[2018.01.27-01.00.41:921][475]TextureStreamingBuild: Display: Compiling optional shaders took 0.899 seconds.
[2018.01.27-01.00.43:368][475]Cmd: OBJ SAVEPACKAGE PACKAGE="/Game/JAM/Materials/M_ShockWave" FILE="../../../../../Projects/Unreal Projects/GGJ2018/GGJ2018/Content/JAM/Materials/M_ShockWave.uasset" SILENT=true
[2018.01.27-01.00.43:482][475]LogSavePackage: Save=32.60ms
[2018.01.27-01.00.43:486][475]LogSavePackage: Moving '../../../../../Projects/Unreal Projects/GGJ2018/GGJ2018/Saved/M_ShockWave1F2B35134C4DEAE1419EA2A4A2D2429A.tmp' to '../../../../../Projects/Unreal Projects/GGJ2018/GGJ2018/Content/JAM/Materials/M_ShockWave.uasset'
[2018.01.27-01.00.43:490][475]LogSavePackage: Display: Finished SavePackage ../../../../../Projects/Unreal Projects/GGJ2018/GGJ2018/Content/JAM/Materials/M_ShockWave.uasset
[2018.01.27-01.00.45:049][558]LogTemp: Repeating last play command: Selected Viewport
[2018.01.27-01.00.45:078][558]LogBlueprintUserMessages: Early PlayInEditor Detection: Level '/Game/ThirdPersonBP/Maps/ThirdPersonExampleMap.ThirdPersonExampleMap:PersistentLevel' has LevelScriptBlueprint '/Game/ThirdPersonBP/Maps/ThirdPersonExampleMap.ThirdPersonExampleMap:PersistentLevel.ThirdPersonExampleMap' with GeneratedClass '/Game/ThirdPersonBP/Maps/ThirdPersonExampleMap.ThirdPersonExampleMap_C' with ClassGeneratedBy '/Game/ThirdPersonBP/Maps/ThirdPersonExampleMap.ThirdPersonExampleMap:PersistentLevel.ThirdPersonExampleMap'
[2018.01.27-01.00.45:079][558]LogPlayLevel: PlayLevel: No blueprints needed recompiling
[2018.01.27-01.00.45:079][558]PIE: New page: PIE session: ThirdPersonExampleMap (Jan 27, 2018, 7:00:45 AM)
[2018.01.27-01.00.45:079][558]LogPlayLevel: Creating play world package: /Game/ThirdPersonBP/Maps/UEDPIE_0_ThirdPersonExampleMap
[2018.01.27-01.00.45:102][558]LogPlayLevel: PIE: StaticDuplicateObject took: (0.023060s)
[2018.01.27-01.00.45:103][558]LogAIModule: Creating AISystem for world ThirdPersonExampleMap
[2018.01.27-01.00.45:104][558]LogPlayLevel: PIE: World Init took: (0.001522s)
[2018.01.27-01.00.45:104][558]LogPlayLevel: PIE: Created PIE world by copying editor world from /Game/ThirdPersonBP/Maps/ThirdPersonExampleMap.ThirdPersonExampleMap to /Game/ThirdPersonBP/Maps/UEDPIE_0_ThirdPersonExampleMap.ThirdPersonExampleMap (0.025077s)
[2018.01.27-01.00.45:143][558]LogInit: XAudio2 using 'Динамики (Conexant SmartAudio HD)' : 2 channels at 48 kHz using 16 bits per sample (channel mask 0x3)
[2018.01.27-01.00.45:178][558]LogInit: FAudioDevice initialized.
[2018.01.27-01.00.45:244][558]LogLoad: Game class is 'ThirdPersonGameMode_C'
[2018.01.27-01.00.45:247][558]LogPhysics: Warning: Initialising Body : Scale3D is (nearly) zero: Component: '/Game/ThirdPersonBP/Maps/UEDPIE_0_ThirdPersonExampleMap.ThirdPersonExampleMap:PersistentLevel.WeakSpot_Hand_GEN_VARIABLE_A_WeakSpot_C_CAT_178.Sphere' 
[2018.01.27-01.00.45:247][558]LogPhysics: Warning: Initialising Body : Scale3D is (nearly) zero: Component: '/Game/ThirdPersonBP/Maps/UEDPIE_0_ThirdPersonExampleMap.ThirdPersonExampleMap:PersistentLevel.ChildActor_GEN_VARIABLE_A_WeakSpot_C_CAT_176.Sphere' 
[2018.01.27-01.00.45:247][558]LogWorld: Bringing World /Game/ThirdPersonBP/Maps/UEDPIE_0_ThirdPersonExampleMap.ThirdPersonExampleMap up for play (max tick rate 60) at 2018.01.27-04.00.45
[2018.01.27-01.00.45:248][558]LogWorld: Bringing up level for play took: 0.002970
[2018.01.27-01.00.45:250][558]PIE: Play in editor start time for /Game/ThirdPersonBP/Maps/UEDPIE_0_ThirdPersonExampleMap 0.102
[2018.01.27-01.00.45:250][558]LogBlueprintUserMessages: Late PlayInEditor Detection: Level '/Game/ThirdPersonBP/Maps/ThirdPersonExampleMap.ThirdPersonExampleMap:PersistentLevel' has LevelScriptBlueprint '/Game/ThirdPersonBP/Maps/ThirdPersonExampleMap.ThirdPersonExampleMap:PersistentLevel.ThirdPersonExampleMap' with GeneratedClass '/Game/ThirdPersonBP/Maps/ThirdPersonExampleMap.ThirdPersonExampleMap_C' with ClassGeneratedBy '/Game/ThirdPersonBP/Maps/ThirdPersonExampleMap.ThirdPersonExampleMap:PersistentLevel.ThirdPersonExampleMap'
[2018.01.27-01.01.07:054][861]LogBlueprintUserMessages: Early EndPlayMap Detection: Level '/Game/ThirdPersonBP/Maps/ThirdPersonExampleMap.ThirdPersonExampleMap:PersistentLevel' has LevelScriptBlueprint '/Game/ThirdPersonBP/Maps/ThirdPersonExampleMap.ThirdPersonExampleMap:PersistentLevel.ThirdPersonExampleMap' with GeneratedClass '/Game/ThirdPersonBP/Maps/ThirdPersonExampleMap.ThirdPersonExampleMap_C' with ClassGeneratedBy '/Game/ThirdPersonBP/Maps/ThirdPersonExampleMap.ThirdPersonExampleMap:PersistentLevel.ThirdPersonExampleMap'
[2018.01.27-01.01.07:088][861]LogBlueprintUserMessages: Late EndPlayMap Detection: Level '/Game/ThirdPersonBP/Maps/ThirdPersonExampleMap.ThirdPersonExampleMap:PersistentLevel' has LevelScriptBlueprint '/Game/ThirdPersonBP/Maps/ThirdPersonExampleMap.ThirdPersonExampleMap:PersistentLevel.ThirdPersonExampleMap' with GeneratedClass '/Game/ThirdPersonBP/Maps/ThirdPersonExampleMap.ThirdPersonExampleMap_C' with ClassGeneratedBy '/Game/ThirdPersonBP/Maps/ThirdPersonExampleMap.ThirdPersonExampleMap:PersistentLevel.ThirdPersonExampleMap'
[2018.01.27-01.02.04:157][264]LogTemp: Repeating last play command: Selected Viewport
[2018.01.27-01.02.04:495][264]LogBlueprintUserMessages: Early PlayInEditor Detection: Level '/Game/ThirdPersonBP/Maps/ThirdPersonExampleMap.ThirdPersonExampleMap:PersistentLevel' has LevelScriptBlueprint '/Game/ThirdPersonBP/Maps/ThirdPersonExampleMap.ThirdPersonExampleMap:PersistentLevel.ThirdPersonExampleMap' with GeneratedClass '/Game/ThirdPersonBP/Maps/ThirdPersonExampleMap.ThirdPersonExampleMap_C' with ClassGeneratedBy '/Game/ThirdPersonBP/Maps/ThirdPersonExampleMap.ThirdPersonExampleMap:PersistentLevel.ThirdPersonExampleMap'
[2018.01.27-01.02.04:495][264]LogPlayLevel: PlayLevel: No blueprints needed recompiling
[2018.01.27-01.02.04:496][264]PIE: New page: PIE session: ThirdPersonExampleMap (Jan 27, 2018, 7:02:04 AM)
[2018.01.27-01.02.04:496][264]LogPlayLevel: Creating play world package: /Game/ThirdPersonBP/Maps/UEDPIE_0_ThirdPersonExampleMap
[2018.01.27-01.02.04:526][264]LogPlayLevel: PIE: StaticDuplicateObject took: (0.030464s)
[2018.01.27-01.02.04:527][264]LogAIModule: Creating AISystem for world ThirdPersonExampleMap
[2018.01.27-01.02.04:527][264]LogPlayLevel: PIE: World Init took: (0.001147s)
[2018.01.27-01.02.04:528][264]LogPlayLevel: PIE: Created PIE world by copying editor world from /Game/ThirdPersonBP/Maps/ThirdPersonExampleMap.ThirdPersonExampleMap to /Game/ThirdPersonBP/Maps/UEDPIE_0_ThirdPersonExampleMap.ThirdPersonExampleMap (0.031964s)
[2018.01.27-01.02.04:551][264]LogInit: XAudio2 using 'Динамики (Conexant SmartAudio HD)' : 2 channels at 48 kHz using 16 bits per sample (channel mask 0x3)
[2018.01.27-01.02.04:570][264]LogInit: FAudioDevice initialized.
[2018.01.27-01.02.04:599][264]LogLoad: Game class is 'ThirdPersonGameMode_C'
[2018.01.27-01.02.04:602][264]LogPhysics: Warning: Initialising Body : Scale3D is (nearly) zero: Component: '/Game/ThirdPersonBP/Maps/UEDPIE_0_ThirdPersonExampleMap.ThirdPersonExampleMap:PersistentLevel.WeakSpot_Hand_GEN_VARIABLE_A_WeakSpot_C_CAT_178.Sphere' 
[2018.01.27-01.02.04:602][264]LogPhysics: Warning: Initialising Body : Scale3D is (nearly) zero: Component: '/Game/ThirdPersonBP/Maps/UEDPIE_0_ThirdPersonExampleMap.ThirdPersonExampleMap:PersistentLevel.ChildActor_GEN_VARIABLE_A_WeakSpot_C_CAT_176.Sphere' 
[2018.01.27-01.02.04:602][264]LogWorld: Bringing World /Game/ThirdPersonBP/Maps/UEDPIE_0_ThirdPersonExampleMap.ThirdPersonExampleMap up for play (max tick rate 60) at 2018.01.27-04.02.04
[2018.01.27-01.02.04:603][264]LogWorld: Bringing up level for play took: 0.002944
[2018.01.27-01.02.04:605][264]PIE: Play in editor start time for /Game/ThirdPersonBP/Maps/UEDPIE_0_ThirdPersonExampleMap -0.543
[2018.01.27-01.02.04:605][264]LogBlueprintUserMessages: Late PlayInEditor Detection: Level '/Game/ThirdPersonBP/Maps/ThirdPersonExampleMap.ThirdPersonExampleMap:PersistentLevel' has LevelScriptBlueprint '/Game/ThirdPersonBP/Maps/ThirdPersonExampleMap.ThirdPersonExampleMap:PersistentLevel.ThirdPersonExampleMap' with GeneratedClass '/Game/ThirdPersonBP/Maps/ThirdPersonExampleMap.ThirdPersonExampleMap_C' with ClassGeneratedBy '/Game/ThirdPersonBP/Maps/ThirdPersonExampleMap.ThirdPersonExampleMap:PersistentLevel.ThirdPersonExampleMap'
[2018.01.27-01.02.20:148][188]LogBlueprintUserMessages: Early EndPlayMap Detection: Level '/Game/ThirdPersonBP/Maps/ThirdPersonExampleMap.ThirdPersonExampleMap:PersistentLevel' has LevelScriptBlueprint '/Game/ThirdPersonBP/Maps/ThirdPersonExampleMap.ThirdPersonExampleMap:PersistentLevel.ThirdPersonExampleMap' with GeneratedClass '/Game/ThirdPersonBP/Maps/ThirdPersonExampleMap.ThirdPersonExampleMap_C' with ClassGeneratedBy '/Game/ThirdPersonBP/Maps/ThirdPersonExampleMap.ThirdPersonExampleMap:PersistentLevel.ThirdPersonExampleMap'
[2018.01.27-01.02.20:186][188]LogBlueprintUserMessages: Late EndPlayMap Detection: Level '/Game/ThirdPersonBP/Maps/ThirdPersonExampleMap.ThirdPersonExampleMap:PersistentLevel' has LevelScriptBlueprint '/Game/ThirdPersonBP/Maps/ThirdPersonExampleMap.ThirdPersonExampleMap:PersistentLevel.ThirdPersonExampleMap' with GeneratedClass '/Game/ThirdPersonBP/Maps/ThirdPersonExampleMap.ThirdPersonExampleMap_C' with ClassGeneratedBy '/Game/ThirdPersonBP/Maps/ThirdPersonExampleMap.ThirdPersonExampleMap:PersistentLevel.ThirdPersonExampleMap'
[2018.01.27-01.02.26:035][519]Cmd: OBJ SAVEPACKAGE PACKAGE="/Game/JAM/Gameplay/A_ShockwaveProjectile" FILE="../../../../../Projects/Unreal Projects/GGJ2018/GGJ2018/Content/JAM/Gameplay/A_ShockwaveProjectile.uasset" SILENT=true
[2018.01.27-01.02.26:212][519]LogSavePackage: Save=161.63ms
[2018.01.27-01.02.26:212][519]LogSavePackage: Moving '../../../../../Projects/Unreal Projects/GGJ2018/GGJ2018/Saved/A_ShockwaveProjectileC955A0D240B390DEB68E6EBDA5301D1E.tmp' to '../../../../../Projects/Unreal Projects/GGJ2018/GGJ2018/Content/JAM/Gameplay/A_ShockwaveProjectile.uasset'
[2018.01.27-01.02.26:215][519]LogSavePackage: Display: Finished SavePackage ../../../../../Projects/Unreal Projects/GGJ2018/GGJ2018/Content/JAM/Gameplay/A_ShockwaveProjectile.uasset
[2018.01.27-01.02.26:979][565]BlueprintLog: New page: Compile A_ShockwaveProjectile
[2018.01.27-01.03.19:048][602]Cmd: OBJ SAVEPACKAGE PACKAGE="/Game/JAM/Gameplay/A_ShockwaveProjectile" FILE="../../../../../Projects/Unreal Projects/GGJ2018/GGJ2018/Content/JAM/Gameplay/A_ShockwaveProjectile.uasset" SILENT=true
[2018.01.27-01.03.19:505][602]LogSavePackage: Save=143.38ms
[2018.01.27-01.03.19:505][602]LogSavePackage: Moving '../../../../../Projects/Unreal Projects/GGJ2018/GGJ2018/Saved/A_ShockwaveProjectile2DA9007E48B5EE8E1DA6F598C75C3E78.tmp' to '../../../../../Projects/Unreal Projects/GGJ2018/GGJ2018/Content/JAM/Gameplay/A_ShockwaveProjectile.uasset'
[2018.01.27-01.03.19:506][602]LogSavePackage: Display: Finished SavePackage ../../../../../Projects/Unreal Projects/GGJ2018/GGJ2018/Content/JAM/Gameplay/A_ShockwaveProjectile.uasset
[2018.01.27-01.03.30:909][285]Cmd: OBJ SAVEPACKAGE PACKAGE="/Game/JAM/Gameplay/A_ShockwaveProjectile" FILE="../../../../../Projects/Unreal Projects/GGJ2018/GGJ2018/Content/JAM/Gameplay/A_ShockwaveProjectile.uasset" SILENT=true
[2018.01.27-01.03.31:017][285]LogSavePackage: Save=102.24ms
[2018.01.27-01.03.31:017][285]LogSavePackage: Moving '../../../../../Projects/Unreal Projects/GGJ2018/GGJ2018/Saved/A_ShockwaveProjectile4F0444FA4D1DE7C1354B2D8617D3F5D5.tmp' to '../../../../../Projects/Unreal Projects/GGJ2018/GGJ2018/Content/JAM/Gameplay/A_ShockwaveProjectile.uasset'
[2018.01.27-01.03.31:020][285]LogSavePackage: Display: Finished SavePackage ../../../../../Projects/Unreal Projects/GGJ2018/GGJ2018/Content/JAM/Gameplay/A_ShockwaveProjectile.uasset
[2018.01.27-01.03.31:498][314]BlueprintLog: New page: Compile A_ShockwaveProjectile
[2018.01.27-01.03.40:365][826]LogTemp: Repeating last play command: Selected Viewport
[2018.01.27-01.03.40:392][826]LogBlueprintUserMessages: Early PlayInEditor Detection: Level '/Game/ThirdPersonBP/Maps/ThirdPersonExampleMap.ThirdPersonExampleMap:PersistentLevel' has LevelScriptBlueprint '/Game/ThirdPersonBP/Maps/ThirdPersonExampleMap.ThirdPersonExampleMap:PersistentLevel.ThirdPersonExampleMap' with GeneratedClass '/Game/ThirdPersonBP/Maps/ThirdPersonExampleMap.ThirdPersonExampleMap_C' with ClassGeneratedBy '/Game/ThirdPersonBP/Maps/ThirdPersonExampleMap.ThirdPersonExampleMap:PersistentLevel.ThirdPersonExampleMap'
[2018.01.27-01.03.40:392][826]LogPlayLevel: PlayLevel: No blueprints needed recompiling
[2018.01.27-01.03.40:393][826]PIE: New page: PIE session: ThirdPersonExampleMap (Jan 27, 2018, 7:03:40 AM)
[2018.01.27-01.03.40:393][826]LogPlayLevel: Creating play world package: /Game/ThirdPersonBP/Maps/UEDPIE_0_ThirdPersonExampleMap
[2018.01.27-01.03.40:413][826]LogPlayLevel: PIE: StaticDuplicateObject took: (0.020636s)
[2018.01.27-01.03.40:414][826]LogAIModule: Creating AISystem for world ThirdPersonExampleMap
[2018.01.27-01.03.40:414][826]LogPlayLevel: PIE: World Init took: (0.000973s)
[2018.01.27-01.03.40:415][826]LogPlayLevel: PIE: Created PIE world by copying editor world from /Game/ThirdPersonBP/Maps/ThirdPersonExampleMap.ThirdPersonExampleMap to /Game/ThirdPersonBP/Maps/UEDPIE_0_ThirdPersonExampleMap.ThirdPersonExampleMap (0.021924s)
[2018.01.27-01.03.40:433][826]LogInit: XAudio2 using 'Динамики (Conexant SmartAudio HD)' : 2 channels at 48 kHz using 16 bits per sample (channel mask 0x3)
[2018.01.27-01.03.40:449][826]LogInit: FAudioDevice initialized.
[2018.01.27-01.03.40:488][826]LogLoad: Game class is 'ThirdPersonGameMode_C'
[2018.01.27-01.03.40:490][826]LogPhysics: Warning: Initialising Body : Scale3D is (nearly) zero: Component: '/Game/ThirdPersonBP/Maps/UEDPIE_0_ThirdPersonExampleMap.ThirdPersonExampleMap:PersistentLevel.WeakSpot_Hand_GEN_VARIABLE_A_WeakSpot_C_CAT_178.Sphere' 
[2018.01.27-01.03.40:490][826]LogPhysics: Warning: Initialising Body : Scale3D is (nearly) zero: Component: '/Game/ThirdPersonBP/Maps/UEDPIE_0_ThirdPersonExampleMap.ThirdPersonExampleMap:PersistentLevel.ChildActor_GEN_VARIABLE_A_WeakSpot_C_CAT_176.Sphere' 
[2018.01.27-01.03.40:491][826]LogWorld: Bringing World /Game/ThirdPersonBP/Maps/UEDPIE_0_ThirdPersonExampleMap.ThirdPersonExampleMap up for play (max tick rate 60) at 2018.01.27-04.03.40
[2018.01.27-01.03.40:491][826]LogWorld: Bringing up level for play took: 0.002819
[2018.01.27-01.03.40:494][826]PIE: Play in editor start time for /Game/ThirdPersonBP/Maps/UEDPIE_0_ThirdPersonExampleMap -0.654
[2018.01.27-01.03.40:495][826]LogBlueprintUserMessages: Late PlayInEditor Detection: Level '/Game/ThirdPersonBP/Maps/ThirdPersonExampleMap.ThirdPersonExampleMap:PersistentLevel' has LevelScriptBlueprint '/Game/ThirdPersonBP/Maps/ThirdPersonExampleMap.ThirdPersonExampleMap:PersistentLevel.ThirdPersonExampleMap' with GeneratedClass '/Game/ThirdPersonBP/Maps/ThirdPersonExampleMap.ThirdPersonExampleMap_C' with ClassGeneratedBy '/Game/ThirdPersonBP/Maps/ThirdPersonExampleMap.ThirdPersonExampleMap:PersistentLevel.ThirdPersonExampleMap'
[2018.01.27-01.03.40:558][826]LogRenderer: Reallocating scene render targets to support 1292x756 Format 10 NumSamples 1 (Frame:1).
[2018.01.27-01.03.56:616][394]LogBlueprintUserMessages: Early EndPlayMap Detection: Level '/Game/ThirdPersonBP/Maps/ThirdPersonExampleMap.ThirdPersonExampleMap:PersistentLevel' has LevelScriptBlueprint '/Game/ThirdPersonBP/Maps/ThirdPersonExampleMap.ThirdPersonExampleMap:PersistentLevel.ThirdPersonExampleMap' with GeneratedClass '/Game/ThirdPersonBP/Maps/ThirdPersonExampleMap.ThirdPersonExampleMap_C' with ClassGeneratedBy '/Game/ThirdPersonBP/Maps/ThirdPersonExampleMap.ThirdPersonExampleMap:PersistentLevel.ThirdPersonExampleMap'
[2018.01.27-01.03.56:675][394]LogBlueprintUserMessages: Late EndPlayMap Detection: Level '/Game/ThirdPersonBP/Maps/ThirdPersonExampleMap.ThirdPersonExampleMap:PersistentLevel' has LevelScriptBlueprint '/Game/ThirdPersonBP/Maps/ThirdPersonExampleMap.ThirdPersonExampleMap:PersistentLevel.ThirdPersonExampleMap' with GeneratedClass '/Game/ThirdPersonBP/Maps/ThirdPersonExampleMap.ThirdPersonExampleMap_C' with ClassGeneratedBy '/Game/ThirdPersonBP/Maps/ThirdPersonExampleMap.ThirdPersonExampleMap:PersistentLevel.ThirdPersonExampleMap'
[2018.01.27-01.03.57:639][450]LogTemp: Repeating last play command: Selected Viewport
[2018.01.27-01.03.57:667][450]LogBlueprintUserMessages: Early PlayInEditor Detection: Level '/Game/ThirdPersonBP/Maps/ThirdPersonExampleMap.ThirdPersonExampleMap:PersistentLevel' has LevelScriptBlueprint '/Game/ThirdPersonBP/Maps/ThirdPersonExampleMap.ThirdPersonExampleMap:PersistentLevel.ThirdPersonExampleMap' with GeneratedClass '/Game/ThirdPersonBP/Maps/ThirdPersonExampleMap.ThirdPersonExampleMap_C' with ClassGeneratedBy '/Game/ThirdPersonBP/Maps/ThirdPersonExampleMap.ThirdPersonExampleMap:PersistentLevel.ThirdPersonExampleMap'
[2018.01.27-01.03.57:667][450]LogPlayLevel: PlayLevel: No blueprints needed recompiling
[2018.01.27-01.03.57:668][450]PIE: New page: PIE session: ThirdPersonExampleMap (Jan 27, 2018, 7:03:57 AM)
[2018.01.27-01.03.57:668][450]LogPlayLevel: Creating play world package: /Game/ThirdPersonBP/Maps/UEDPIE_0_ThirdPersonExampleMap
[2018.01.27-01.03.57:692][450]LogPlayLevel: PIE: StaticDuplicateObject took: (0.023739s)
[2018.01.27-01.03.57:693][450]LogAIModule: Creating AISystem for world ThirdPersonExampleMap
[2018.01.27-01.03.57:693][450]LogPlayLevel: PIE: World Init took: (0.001235s)
[2018.01.27-01.03.57:693][450]LogPlayLevel: PIE: Created PIE world by copying editor world from /Game/ThirdPersonBP/Maps/ThirdPersonExampleMap.ThirdPersonExampleMap to /Game/ThirdPersonBP/Maps/UEDPIE_0_ThirdPersonExampleMap.ThirdPersonExampleMap (0.025458s)
[2018.01.27-01.03.57:730][450]LogInit: XAudio2 using 'Динамики (Conexant SmartAudio HD)' : 2 channels at 48 kHz using 16 bits per sample (channel mask 0x3)
[2018.01.27-01.03.57:757][450]LogInit: FAudioDevice initialized.
[2018.01.27-01.03.57:807][450]LogLoad: Game class is 'ThirdPersonGameMode_C'
[2018.01.27-01.03.57:810][450]LogPhysics: Warning: Initialising Body : Scale3D is (nearly) zero: Component: '/Game/ThirdPersonBP/Maps/UEDPIE_0_ThirdPersonExampleMap.ThirdPersonExampleMap:PersistentLevel.WeakSpot_Hand_GEN_VARIABLE_A_WeakSpot_C_CAT_178.Sphere' 
[2018.01.27-01.03.57:810][450]LogPhysics: Warning: Initialising Body : Scale3D is (nearly) zero: Component: '/Game/ThirdPersonBP/Maps/UEDPIE_0_ThirdPersonExampleMap.ThirdPersonExampleMap:PersistentLevel.ChildActor_GEN_VARIABLE_A_WeakSpot_C_CAT_176.Sphere' 
[2018.01.27-01.03.57:811][450]LogWorld: Bringing World /Game/ThirdPersonBP/Maps/UEDPIE_0_ThirdPersonExampleMap.ThirdPersonExampleMap up for play (max tick rate 60) at 2018.01.27-04.03.57
[2018.01.27-01.03.57:811][450]LogWorld: Bringing up level for play took: 0.003266
[2018.01.27-01.03.57:816][450]PIE: Play in editor start time for /Game/ThirdPersonBP/Maps/UEDPIE_0_ThirdPersonExampleMap 0.668
[2018.01.27-01.03.57:817][450]LogBlueprintUserMessages: Late PlayInEditor Detection: Level '/Game/ThirdPersonBP/Maps/ThirdPersonExampleMap.ThirdPersonExampleMap:PersistentLevel' has LevelScriptBlueprint '/Game/ThirdPersonBP/Maps/ThirdPersonExampleMap.ThirdPersonExampleMap:PersistentLevel.ThirdPersonExampleMap' with GeneratedClass '/Game/ThirdPersonBP/Maps/ThirdPersonExampleMap.ThirdPersonExampleMap_C' with ClassGeneratedBy '/Game/ThirdPersonBP/Maps/ThirdPersonExampleMap.ThirdPersonExampleMap:PersistentLevel.ThirdPersonExampleMap'
[2018.01.27-01.04.15:622][ 64]LogBlueprintUserMessages: Early EndPlayMap Detection: Level '/Game/ThirdPersonBP/Maps/ThirdPersonExampleMap.ThirdPersonExampleMap:PersistentLevel' has LevelScriptBlueprint '/Game/ThirdPersonBP/Maps/ThirdPersonExampleMap.ThirdPersonExampleMap:PersistentLevel.ThirdPersonExampleMap' with GeneratedClass '/Game/ThirdPersonBP/Maps/ThirdPersonExampleMap.ThirdPersonExampleMap_C' with ClassGeneratedBy '/Game/ThirdPersonBP/Maps/ThirdPersonExampleMap.ThirdPersonExampleMap:PersistentLevel.ThirdPersonExampleMap'
[2018.01.27-01.04.15:690][ 64]LogBlueprintUserMessages: Late EndPlayMap Detection: Level '/Game/ThirdPersonBP/Maps/ThirdPersonExampleMap.ThirdPersonExampleMap:PersistentLevel' has LevelScriptBlueprint '/Game/ThirdPersonBP/Maps/ThirdPersonExampleMap.ThirdPersonExampleMap:PersistentLevel.ThirdPersonExampleMap' with GeneratedClass '/Game/ThirdPersonBP/Maps/ThirdPersonExampleMap.ThirdPersonExampleMap_C' with ClassGeneratedBy '/Game/ThirdPersonBP/Maps/ThirdPersonExampleMap.ThirdPersonExampleMap:PersistentLevel.ThirdPersonExampleMap'
[2018.01.27-01.04.16:856][132]LogTemp: Repeating last play command: Selected Viewport
[2018.01.27-01.04.16:887][132]LogBlueprintUserMessages: Early PlayInEditor Detection: Level '/Game/ThirdPersonBP/Maps/ThirdPersonExampleMap.ThirdPersonExampleMap:PersistentLevel' has LevelScriptBlueprint '/Game/ThirdPersonBP/Maps/ThirdPersonExampleMap.ThirdPersonExampleMap:PersistentLevel.ThirdPersonExampleMap' with GeneratedClass '/Game/ThirdPersonBP/Maps/ThirdPersonExampleMap.ThirdPersonExampleMap_C' with ClassGeneratedBy '/Game/ThirdPersonBP/Maps/ThirdPersonExampleMap.ThirdPersonExampleMap:PersistentLevel.ThirdPersonExampleMap'
[2018.01.27-01.04.16:887][132]LogPlayLevel: PlayLevel: No blueprints needed recompiling
[2018.01.27-01.04.16:887][132]PIE: New page: PIE session: ThirdPersonExampleMap (Jan 27, 2018, 7:04:16 AM)
[2018.01.27-01.04.16:887][132]LogPlayLevel: Creating play world package: /Game/ThirdPersonBP/Maps/UEDPIE_0_ThirdPersonExampleMap
[2018.01.27-01.04.16:909][132]LogPlayLevel: PIE: StaticDuplicateObject took: (0.021522s)
[2018.01.27-01.04.16:910][132]LogAIModule: Creating AISystem for world ThirdPersonExampleMap
[2018.01.27-01.04.16:910][132]LogPlayLevel: PIE: World Init took: (0.001265s)
[2018.01.27-01.04.16:910][132]LogPlayLevel: PIE: Created PIE world by copying editor world from /Game/ThirdPersonBP/Maps/ThirdPersonExampleMap.ThirdPersonExampleMap to /Game/ThirdPersonBP/Maps/UEDPIE_0_ThirdPersonExampleMap.ThirdPersonExampleMap (0.023208s)
[2018.01.27-01.04.16:934][132]LogInit: XAudio2 using 'Динамики (Conexant SmartAudio HD)' : 2 channels at 48 kHz using 16 bits per sample (channel mask 0x3)
[2018.01.27-01.04.16:953][132]LogInit: FAudioDevice initialized.
[2018.01.27-01.04.16:997][132]LogLoad: Game class is 'ThirdPersonGameMode_C'
[2018.01.27-01.04.17:000][132]LogPhysics: Warning: Initialising Body : Scale3D is (nearly) zero: Component: '/Game/ThirdPersonBP/Maps/UEDPIE_0_ThirdPersonExampleMap.ThirdPersonExampleMap:PersistentLevel.WeakSpot_Hand_GEN_VARIABLE_A_WeakSpot_C_CAT_178.Sphere' 
[2018.01.27-01.04.17:000][132]LogPhysics: Warning: Initialising Body : Scale3D is (nearly) zero: Component: '/Game/ThirdPersonBP/Maps/UEDPIE_0_ThirdPersonExampleMap.ThirdPersonExampleMap:PersistentLevel.ChildActor_GEN_VARIABLE_A_WeakSpot_C_CAT_176.Sphere' 
[2018.01.27-01.04.17:000][132]LogWorld: Bringing World /Game/ThirdPersonBP/Maps/UEDPIE_0_ThirdPersonExampleMap.ThirdPersonExampleMap up for play (max tick rate 60) at 2018.01.27-04.04.17
[2018.01.27-01.04.17:001][132]LogWorld: Bringing up level for play took: 0.003238
[2018.01.27-01.04.17:005][132]PIE: Play in editor start time for /Game/ThirdPersonBP/Maps/UEDPIE_0_ThirdPersonExampleMap -0.143
[2018.01.27-01.04.17:006][132]LogBlueprintUserMessages: Late PlayInEditor Detection: Level '/Game/ThirdPersonBP/Maps/ThirdPersonExampleMap.ThirdPersonExampleMap:PersistentLevel' has LevelScriptBlueprint '/Game/ThirdPersonBP/Maps/ThirdPersonExampleMap.ThirdPersonExampleMap:PersistentLevel.ThirdPersonExampleMap' with GeneratedClass '/Game/ThirdPersonBP/Maps/ThirdPersonExampleMap.ThirdPersonExampleMap_C' with ClassGeneratedBy '/Game/ThirdPersonBP/Maps/ThirdPersonExampleMap.ThirdPersonExampleMap:PersistentLevel.ThirdPersonExampleMap'
[2018.01.27-01.04.27:563][494]LogBlueprintUserMessages: Early EndPlayMap Detection: Level '/Game/ThirdPersonBP/Maps/ThirdPersonExampleMap.ThirdPersonExampleMap:PersistentLevel' has LevelScriptBlueprint '/Game/ThirdPersonBP/Maps/ThirdPersonExampleMap.ThirdPersonExampleMap:PersistentLevel.ThirdPersonExampleMap' with GeneratedClass '/Game/ThirdPersonBP/Maps/ThirdPersonExampleMap.ThirdPersonExampleMap_C' with ClassGeneratedBy '/Game/ThirdPersonBP/Maps/ThirdPersonExampleMap.ThirdPersonExampleMap:PersistentLevel.ThirdPersonExampleMap'
[2018.01.27-01.04.27:626][494]LogBlueprintUserMessages: Late EndPlayMap Detection: Level '/Game/ThirdPersonBP/Maps/ThirdPersonExampleMap.ThirdPersonExampleMap:PersistentLevel' has LevelScriptBlueprint '/Game/ThirdPersonBP/Maps/ThirdPersonExampleMap.ThirdPersonExampleMap:PersistentLevel.ThirdPersonExampleMap' with GeneratedClass '/Game/ThirdPersonBP/Maps/ThirdPersonExampleMap.ThirdPersonExampleMap_C' with ClassGeneratedBy '/Game/ThirdPersonBP/Maps/ThirdPersonExampleMap.ThirdPersonExampleMap:PersistentLevel.ThirdPersonExampleMap'
[2018.01.27-01.04.47:385][669]LogTemp: Repeating last play command: Selected Viewport
[2018.01.27-01.04.47:414][669]LogBlueprintUserMessages: Early PlayInEditor Detection: Level '/Game/ThirdPersonBP/Maps/ThirdPersonExampleMap.ThirdPersonExampleMap:PersistentLevel' has LevelScriptBlueprint '/Game/ThirdPersonBP/Maps/ThirdPersonExampleMap.ThirdPersonExampleMap:PersistentLevel.ThirdPersonExampleMap' with GeneratedClass '/Game/ThirdPersonBP/Maps/ThirdPersonExampleMap.ThirdPersonExampleMap_C' with ClassGeneratedBy '/Game/ThirdPersonBP/Maps/ThirdPersonExampleMap.ThirdPersonExampleMap:PersistentLevel.ThirdPersonExampleMap'
[2018.01.27-01.04.47:414][669]BlueprintLog: New page: Pre-Play auto-recompile
[2018.01.27-01.04.47:432][669]LogPlayLevel: [PlayLevel] Compiling A_ShockwaveProjectile before play...
[2018.01.27-01.04.47:815][669]LogPlayLevel: PlayLevel: Blueprint regeneration took 401 ms (1 blueprints)
[2018.01.27-01.04.47:815][669]PIE: New page: PIE session: ThirdPersonExampleMap (Jan 27, 2018, 7:04:47 AM)
[2018.01.27-01.04.47:816][669]LogPlayLevel: Creating play world package: /Game/ThirdPersonBP/Maps/UEDPIE_0_ThirdPersonExampleMap
[2018.01.27-01.04.47:837][669]LogPlayLevel: PIE: StaticDuplicateObject took: (0.021346s)
[2018.01.27-01.04.47:838][669]LogAIModule: Creating AISystem for world ThirdPersonExampleMap
[2018.01.27-01.04.47:838][669]LogPlayLevel: PIE: World Init took: (0.001038s)
[2018.01.27-01.04.47:838][669]LogPlayLevel: PIE: Created PIE world by copying editor world from /Game/ThirdPersonBP/Maps/ThirdPersonExampleMap.ThirdPersonExampleMap to /Game/ThirdPersonBP/Maps/UEDPIE_0_ThirdPersonExampleMap.ThirdPersonExampleMap (0.022845s)
[2018.01.27-01.04.47:862][669]LogInit: XAudio2 using 'Динамики (Conexant SmartAudio HD)' : 2 channels at 48 kHz using 16 bits per sample (channel mask 0x3)
[2018.01.27-01.04.47:881][669]LogInit: FAudioDevice initialized.
[2018.01.27-01.04.47:928][669]LogLoad: Game class is 'ThirdPersonGameMode_C'
[2018.01.27-01.04.47:931][669]LogPhysics: Warning: Initialising Body : Scale3D is (nearly) zero: Component: '/Game/ThirdPersonBP/Maps/UEDPIE_0_ThirdPersonExampleMap.ThirdPersonExampleMap:PersistentLevel.WeakSpot_Hand_GEN_VARIABLE_A_WeakSpot_C_CAT_178.Sphere' 
[2018.01.27-01.04.47:931][669]LogPhysics: Warning: Initialising Body : Scale3D is (nearly) zero: Component: '/Game/ThirdPersonBP/Maps/UEDPIE_0_ThirdPersonExampleMap.ThirdPersonExampleMap:PersistentLevel.ChildActor_GEN_VARIABLE_A_WeakSpot_C_CAT_176.Sphere' 
[2018.01.27-01.04.47:931][669]LogWorld: Bringing World /Game/ThirdPersonBP/Maps/UEDPIE_0_ThirdPersonExampleMap.ThirdPersonExampleMap up for play (max tick rate 60) at 2018.01.27-04.04.47
[2018.01.27-01.04.47:932][669]LogWorld: Bringing up level for play took: 0.003189
[2018.01.27-01.04.47:936][669]PIE: Play in editor start time for /Game/ThirdPersonBP/Maps/UEDPIE_0_ThirdPersonExampleMap 0.788
[2018.01.27-01.04.47:937][669]LogBlueprintUserMessages: Late PlayInEditor Detection: Level '/Game/ThirdPersonBP/Maps/ThirdPersonExampleMap.ThirdPersonExampleMap:PersistentLevel' has LevelScriptBlueprint '/Game/ThirdPersonBP/Maps/ThirdPersonExampleMap.ThirdPersonExampleMap:PersistentLevel.ThirdPersonExampleMap' with GeneratedClass '/Game/ThirdPersonBP/Maps/ThirdPersonExampleMap.ThirdPersonExampleMap_C' with ClassGeneratedBy '/Game/ThirdPersonBP/Maps/ThirdPersonExampleMap.ThirdPersonExampleMap:PersistentLevel.ThirdPersonExampleMap'
[2018.01.27-01.04.52:820][837]LogBlueprintUserMessages: Early EndPlayMap Detection: Level '/Game/ThirdPersonBP/Maps/ThirdPersonExampleMap.ThirdPersonExampleMap:PersistentLevel' has LevelScriptBlueprint '/Game/ThirdPersonBP/Maps/ThirdPersonExampleMap.ThirdPersonExampleMap:PersistentLevel.ThirdPersonExampleMap' with GeneratedClass '/Game/ThirdPersonBP/Maps/ThirdPersonExampleMap.ThirdPersonExampleMap_C' with ClassGeneratedBy '/Game/ThirdPersonBP/Maps/ThirdPersonExampleMap.ThirdPersonExampleMap:PersistentLevel.ThirdPersonExampleMap'
[2018.01.27-01.04.52:885][837]LogBlueprintUserMessages: Late EndPlayMap Detection: Level '/Game/ThirdPersonBP/Maps/ThirdPersonExampleMap.ThirdPersonExampleMap:PersistentLevel' has LevelScriptBlueprint '/Game/ThirdPersonBP/Maps/ThirdPersonExampleMap.ThirdPersonExampleMap:PersistentLevel.ThirdPersonExampleMap' with GeneratedClass '/Game/ThirdPersonBP/Maps/ThirdPersonExampleMap.ThirdPersonExampleMap_C' with ClassGeneratedBy '/Game/ThirdPersonBP/Maps/ThirdPersonExampleMap.ThirdPersonExampleMap:PersistentLevel.ThirdPersonExampleMap'
[2018.01.27-01.05.01:822][372]LogTemp: Repeating last play command: Selected Viewport
[2018.01.27-01.05.01:852][372]LogBlueprintUserMessages: Early PlayInEditor Detection: Level '/Game/ThirdPersonBP/Maps/ThirdPersonExampleMap.ThirdPersonExampleMap:PersistentLevel' has LevelScriptBlueprint '/Game/ThirdPersonBP/Maps/ThirdPersonExampleMap.ThirdPersonExampleMap:PersistentLevel.ThirdPersonExampleMap' with GeneratedClass '/Game/ThirdPersonBP/Maps/ThirdPersonExampleMap.ThirdPersonExampleMap_C' with ClassGeneratedBy '/Game/ThirdPersonBP/Maps/ThirdPersonExampleMap.ThirdPersonExampleMap:PersistentLevel.ThirdPersonExampleMap'
[2018.01.27-01.05.01:852][372]BlueprintLog: New page: Pre-Play auto-recompile
[2018.01.27-01.05.01:948][372]LogPlayLevel: [PlayLevel] Compiling A_ShockwaveProjectile before play...
[2018.01.27-01.05.02:466][372]LogPlayLevel: PlayLevel: Blueprint regeneration took 614 ms (1 blueprints)
[2018.01.27-01.05.02:467][372]PIE: New page: PIE session: ThirdPersonExampleMap (Jan 27, 2018, 7:05:02 AM)
[2018.01.27-01.05.02:467][372]LogPlayLevel: Creating play world package: /Game/ThirdPersonBP/Maps/UEDPIE_0_ThirdPersonExampleMap
[2018.01.27-01.05.02:489][372]LogPlayLevel: PIE: StaticDuplicateObject took: (0.022772s)
[2018.01.27-01.05.02:490][372]LogAIModule: Creating AISystem for world ThirdPersonExampleMap
[2018.01.27-01.05.02:491][372]LogPlayLevel: PIE: World Init took: (0.001054s)
[2018.01.27-01.05.02:491][372]LogPlayLevel: PIE: Created PIE world by copying editor world from /Game/ThirdPersonBP/Maps/ThirdPersonExampleMap.ThirdPersonExampleMap to /Game/ThirdPersonBP/Maps/UEDPIE_0_ThirdPersonExampleMap.ThirdPersonExampleMap (0.024214s)
[2018.01.27-01.05.02:515][372]LogInit: XAudio2 using 'Динамики (Conexant SmartAudio HD)' : 2 channels at 48 kHz using 16 bits per sample (channel mask 0x3)
[2018.01.27-01.05.02:534][372]LogInit: FAudioDevice initialized.
[2018.01.27-01.05.02:579][372]LogLoad: Game class is 'ThirdPersonGameMode_C'
[2018.01.27-01.05.02:582][372]LogPhysics: Warning: Initialising Body : Scale3D is (nearly) zero: Component: '/Game/ThirdPersonBP/Maps/UEDPIE_0_ThirdPersonExampleMap.ThirdPersonExampleMap:PersistentLevel.WeakSpot_Hand_GEN_VARIABLE_A_WeakSpot_C_CAT_178.Sphere' 
[2018.01.27-01.05.02:582][372]LogPhysics: Warning: Initialising Body : Scale3D is (nearly) zero: Component: '/Game/ThirdPersonBP/Maps/UEDPIE_0_ThirdPersonExampleMap.ThirdPersonExampleMap:PersistentLevel.ChildActor_GEN_VARIABLE_A_WeakSpot_C_CAT_176.Sphere' 
[2018.01.27-01.05.02:582][372]LogWorld: Bringing World /Game/ThirdPersonBP/Maps/UEDPIE_0_ThirdPersonExampleMap.ThirdPersonExampleMap up for play (max tick rate 60) at 2018.01.27-04.05.02
[2018.01.27-01.05.02:583][372]LogWorld: Bringing up level for play took: 0.003197
[2018.01.27-01.05.02:588][372]PIE: Play in editor start time for /Game/ThirdPersonBP/Maps/UEDPIE_0_ThirdPersonExampleMap 1.44
[2018.01.27-01.05.02:589][372]LogBlueprintUserMessages: Late PlayInEditor Detection: Level '/Game/ThirdPersonBP/Maps/ThirdPersonExampleMap.ThirdPersonExampleMap:PersistentLevel' has LevelScriptBlueprint '/Game/ThirdPersonBP/Maps/ThirdPersonExampleMap.ThirdPersonExampleMap:PersistentLevel.ThirdPersonExampleMap' with GeneratedClass '/Game/ThirdPersonBP/Maps/ThirdPersonExampleMap.ThirdPersonExampleMap_C' with ClassGeneratedBy '/Game/ThirdPersonBP/Maps/ThirdPersonExampleMap.ThirdPersonExampleMap:PersistentLevel.ThirdPersonExampleMap'
[2018.01.27-01.05.40:039][665]LogBlueprintUserMessages: Early EndPlayMap Detection: Level '/Game/ThirdPersonBP/Maps/ThirdPersonExampleMap.ThirdPersonExampleMap:PersistentLevel' has LevelScriptBlueprint '/Game/ThirdPersonBP/Maps/ThirdPersonExampleMap.ThirdPersonExampleMap:PersistentLevel.ThirdPersonExampleMap' with GeneratedClass '/Game/ThirdPersonBP/Maps/ThirdPersonExampleMap.ThirdPersonExampleMap_C' with ClassGeneratedBy '/Game/ThirdPersonBP/Maps/ThirdPersonExampleMap.ThirdPersonExampleMap:PersistentLevel.ThirdPersonExampleMap'
[2018.01.27-01.05.40:413][665]LogBlueprintUserMessages: Late EndPlayMap Detection: Level '/Game/ThirdPersonBP/Maps/ThirdPersonExampleMap.ThirdPersonExampleMap:PersistentLevel' has LevelScriptBlueprint '/Game/ThirdPersonBP/Maps/ThirdPersonExampleMap.ThirdPersonExampleMap:PersistentLevel.ThirdPersonExampleMap' with GeneratedClass '/Game/ThirdPersonBP/Maps/ThirdPersonExampleMap.ThirdPersonExampleMap_C' with ClassGeneratedBy '/Game/ThirdPersonBP/Maps/ThirdPersonExampleMap.ThirdPersonExampleMap:PersistentLevel.ThirdPersonExampleMap'
[2018.01.27-01.05.45:984][992]BlueprintLog: New page: Compile A_ShockwaveProjectile
[2018.01.27-01.05.47:104][ 12]Cmd: OBJ SAVEPACKAGE PACKAGE="/Game/JAM/Gameplay/A_ShockwaveProjectile" FILE="../../../../../Projects/Unreal Projects/GGJ2018/GGJ2018/Content/JAM/Gameplay/A_ShockwaveProjectile.uasset" SILENT=true
[2018.01.27-01.05.47:220][ 12]LogSavePackage: Save=108.58ms
[2018.01.27-01.05.47:220][ 12]LogSavePackage: Moving '../../../../../Projects/Unreal Projects/GGJ2018/GGJ2018/Saved/A_ShockwaveProjectile07C163CE4961113C7410679AF938EFBF.tmp' to '../../../../../Projects/Unreal Projects/GGJ2018/GGJ2018/Content/JAM/Gameplay/A_ShockwaveProjectile.uasset'
[2018.01.27-01.05.47:224][ 12]LogSavePackage: Display: Finished SavePackage ../../../../../Projects/Unreal Projects/GGJ2018/GGJ2018/Content/JAM/Gameplay/A_ShockwaveProjectile.uasset
[2018.01.27-01.05.48:553][ 89]LogTemp: Repeating last play command: Selected Viewport
[2018.01.27-01.05.48:586][ 89]LogBlueprintUserMessages: Early PlayInEditor Detection: Level '/Game/ThirdPersonBP/Maps/ThirdPersonExampleMap.ThirdPersonExampleMap:PersistentLevel' has LevelScriptBlueprint '/Game/ThirdPersonBP/Maps/ThirdPersonExampleMap.ThirdPersonExampleMap:PersistentLevel.ThirdPersonExampleMap' with GeneratedClass '/Game/ThirdPersonBP/Maps/ThirdPersonExampleMap.ThirdPersonExampleMap_C' with ClassGeneratedBy '/Game/ThirdPersonBP/Maps/ThirdPersonExampleMap.ThirdPersonExampleMap:PersistentLevel.ThirdPersonExampleMap'
[2018.01.27-01.05.48:586][ 89]LogPlayLevel: PlayLevel: No blueprints needed recompiling
[2018.01.27-01.05.48:586][ 89]PIE: New page: PIE session: ThirdPersonExampleMap (Jan 27, 2018, 7:05:48 AM)
[2018.01.27-01.05.48:587][ 89]LogPlayLevel: Creating play world package: /Game/ThirdPersonBP/Maps/UEDPIE_0_ThirdPersonExampleMap
[2018.01.27-01.05.48:609][ 89]LogPlayLevel: PIE: StaticDuplicateObject took: (0.022441s)
[2018.01.27-01.05.48:610][ 89]LogAIModule: Creating AISystem for world ThirdPersonExampleMap
[2018.01.27-01.05.48:610][ 89]LogPlayLevel: PIE: World Init took: (0.001117s)
[2018.01.27-01.05.48:611][ 89]LogPlayLevel: PIE: Created PIE world by copying editor world from /Game/ThirdPersonBP/Maps/ThirdPersonExampleMap.ThirdPersonExampleMap to /Game/ThirdPersonBP/Maps/UEDPIE_0_ThirdPersonExampleMap.ThirdPersonExampleMap (0.023994s)
[2018.01.27-01.05.48:636][ 89]LogInit: XAudio2 using 'Динамики (Conexant SmartAudio HD)' : 2 channels at 48 kHz using 16 bits per sample (channel mask 0x3)
[2018.01.27-01.05.48:658][ 89]LogInit: FAudioDevice initialized.
[2018.01.27-01.05.48:697][ 89]LogLoad: Game class is 'ThirdPersonGameMode_C'
[2018.01.27-01.05.48:700][ 89]LogPhysics: Warning: Initialising Body : Scale3D is (nearly) zero: Component: '/Game/ThirdPersonBP/Maps/UEDPIE_0_ThirdPersonExampleMap.ThirdPersonExampleMap:PersistentLevel.WeakSpot_Hand_GEN_VARIABLE_A_WeakSpot_C_CAT_178.Sphere' 
[2018.01.27-01.05.48:700][ 89]LogPhysics: Warning: Initialising Body : Scale3D is (nearly) zero: Component: '/Game/ThirdPersonBP/Maps/UEDPIE_0_ThirdPersonExampleMap.ThirdPersonExampleMap:PersistentLevel.ChildActor_GEN_VARIABLE_A_WeakSpot_C_CAT_176.Sphere' 
[2018.01.27-01.05.48:700][ 89]LogWorld: Bringing World /Game/ThirdPersonBP/Maps/UEDPIE_0_ThirdPersonExampleMap.ThirdPersonExampleMap up for play (max tick rate 60) at 2018.01.27-04.05.48
[2018.01.27-01.05.48:701][ 89]LogWorld: Bringing up level for play took: 0.002881
[2018.01.27-01.05.48:703][ 89]PIE: Play in editor start time for /Game/ThirdPersonBP/Maps/UEDPIE_0_ThirdPersonExampleMap -0.445
[2018.01.27-01.05.48:703][ 89]LogBlueprintUserMessages: Late PlayInEditor Detection: Level '/Game/ThirdPersonBP/Maps/ThirdPersonExampleMap.ThirdPersonExampleMap:PersistentLevel' has LevelScriptBlueprint '/Game/ThirdPersonBP/Maps/ThirdPersonExampleMap.ThirdPersonExampleMap:PersistentLevel.ThirdPersonExampleMap' with GeneratedClass '/Game/ThirdPersonBP/Maps/ThirdPersonExampleMap.ThirdPersonExampleMap_C' with ClassGeneratedBy '/Game/ThirdPersonBP/Maps/ThirdPersonExampleMap.ThirdPersonExampleMap:PersistentLevel.ThirdPersonExampleMap'
[2018.01.27-01.05.55:610][500]LogBlueprintUserMessages: Early EndPlayMap Detection: Level '/Game/ThirdPersonBP/Maps/ThirdPersonExampleMap.ThirdPersonExampleMap:PersistentLevel' has LevelScriptBlueprint '/Game/ThirdPersonBP/Maps/ThirdPersonExampleMap.ThirdPersonExampleMap:PersistentLevel.ThirdPersonExampleMap' with GeneratedClass '/Game/ThirdPersonBP/Maps/ThirdPersonExampleMap.ThirdPersonExampleMap_C' with ClassGeneratedBy '/Game/ThirdPersonBP/Maps/ThirdPersonExampleMap.ThirdPersonExampleMap:PersistentLevel.ThirdPersonExampleMap'
[2018.01.27-01.05.55:642][500]LogBlueprintUserMessages: Late EndPlayMap Detection: Level '/Game/ThirdPersonBP/Maps/ThirdPersonExampleMap.ThirdPersonExampleMap:PersistentLevel' has LevelScriptBlueprint '/Game/ThirdPersonBP/Maps/ThirdPersonExampleMap.ThirdPersonExampleMap:PersistentLevel.ThirdPersonExampleMap' with GeneratedClass '/Game/ThirdPersonBP/Maps/ThirdPersonExampleMap.ThirdPersonExampleMap_C' with ClassGeneratedBy '/Game/ThirdPersonBP/Maps/ThirdPersonExampleMap.ThirdPersonExampleMap:PersistentLevel.ThirdPersonExampleMap'
[2018.01.27-01.06.07:239][187]BlueprintLog: New page: Compile A_ShockwaveProjectile
[2018.01.27-01.06.08:118][187]Cmd: OBJ SAVEPACKAGE PACKAGE="/Game/JAM/Gameplay/A_ShockwaveProjectile" FILE="../../../../../Projects/Unreal Projects/GGJ2018/GGJ2018/Content/JAM/Gameplay/A_ShockwaveProjectile.uasset" SILENT=true
[2018.01.27-01.06.08:243][187]LogSavePackage: Save=118.83ms
[2018.01.27-01.06.08:244][187]LogSavePackage: Moving '../../../../../Projects/Unreal Projects/GGJ2018/GGJ2018/Saved/A_ShockwaveProjectile6C6A1B4A482C3B580419EFAA876C6CC9.tmp' to '../../../../../Projects/Unreal Projects/GGJ2018/GGJ2018/Content/JAM/Gameplay/A_ShockwaveProjectile.uasset'
[2018.01.27-01.06.08:248][187]LogSavePackage: Display: Finished SavePackage ../../../../../Projects/Unreal Projects/GGJ2018/GGJ2018/Content/JAM/Gameplay/A_ShockwaveProjectile.uasset
[2018.01.27-01.06.08:619][207]Cmd: OBJ SAVEPACKAGE PACKAGE="/Game/JAM/Gameplay/A_ShockwaveProjectile" FILE="../../../../../Projects/Unreal Projects/GGJ2018/GGJ2018/Content/JAM/Gameplay/A_ShockwaveProjectile.uasset" SILENT=true
[2018.01.27-01.06.08:712][207]LogSavePackage: Save=86.05ms
[2018.01.27-01.06.08:712][207]LogSavePackage: Moving '../../../../../Projects/Unreal Projects/GGJ2018/GGJ2018/Saved/A_ShockwaveProjectile197B62534797883D6ED66C8EA8A72085.tmp' to '../../../../../Projects/Unreal Projects/GGJ2018/GGJ2018/Content/JAM/Gameplay/A_ShockwaveProjectile.uasset'
[2018.01.27-01.06.08:713][207]LogSavePackage: Display: Finished SavePackage ../../../../../Projects/Unreal Projects/GGJ2018/GGJ2018/Content/JAM/Gameplay/A_ShockwaveProjectile.uasset
[2018.01.27-01.06.09:364][244]LogD3D11RHI: Error: Result failed 
 at D:\Build\++UE4+Release-4.18+Compile\Sync\Engine\Source\Runtime\Windows\D3D11RHI\Private\D3D11Viewport.cpp:289 
 with error DXGI_ERROR_DEVICE_REMOVED DXGI_ERROR_DRIVER_INTERNAL_ERROR
[2018.01.27-01.06.09:365][244]LogWindows: Windows GetLastError: Операция успешно завершена. (0)
[2018.01.27-01.06.10:179][244]LogWindows: Windows GetLastError: Операция успешно завершена. (0)
[2018.01.27-01.06.10:179][244]LogWindows: Error: === Critical error: ===
[2018.01.27-01.06.10:179][244]LogWindows: Error: 
[2018.01.27-01.06.10:179][244]LogWindows: Error: Fatal error: [File:D:\Build\++UE4+Release-4.18+Compile\Sync\Engine\Source\Runtime\RenderCore\Private\RenderingThread.cpp] [Line: 813] 
[2018.01.27-01.06.10:179][244]LogWindows: Error: Rendering thread exception:
[2018.01.27-01.06.10:179][244]LogWindows: Error: Fatal error: [File:D:\Build\++UE4+Release-4.18+Compile\Sync\Engine\Source\Runtime\Windows\D3D11RHI\Private\D3D11Util.cpp] [Line: 182] 
[2018.01.27-01.06.10:179][244]LogWindows: Error: Unreal Engine is exiting due to D3D device being lost. (Error: 0x887A0020 - 'INTERNAL_ERROR')
[2018.01.27-01.06.10:179][244]LogWindows: Error: 
[2018.01.27-01.06.10:179][244]LogWindows: Error: 
[2018.01.27-01.06.10:179][244]LogWindows: Error: [Callstack] 0x00000000AFEE9D98 KERNELBASE.dll!UnknownFunction []
[2018.01.27-01.06.10:179][244]LogWindows: Error: [Callstack] 0x00000000A18276D4 UE4Editor-ApplicationCore.dll!UnknownFunction []
[2018.01.27-01.06.10:179][244]LogWindows: Error: [Callstack] 0x000000007D78330B UE4Editor-Core.dll!UnknownFunction []
[2018.01.27-01.06.10:179][244]LogWindows: Error: [Callstack] 0x000000007D7147F9 UE4Editor-Core.dll!UnknownFunction []
[2018.01.27-01.06.10:179][244]LogWindows: Error: [Callstack] 0x00000000625F79FF UE4Editor-D3D11RHI.dll!UnknownFunction []
[2018.01.27-01.06.10:179][244]LogWindows: Error: [Callstack] 0x00000000625FBBC0 UE4Editor-D3D11RHI.dll!UnknownFunction []
[2018.01.27-01.06.10:179][244]LogWindows: Error: [Callstack] 0x00000000625DB3FA UE4Editor-D3D11RHI.dll!UnknownFunction []
[2018.01.27-01.06.10:179][244]LogWindows: Error: [Callstack] 0x00000000625DB35E UE4Editor-D3D11RHI.dll!UnknownFunction []
[2018.01.27-01.06.10:179][244]LogWindows: Error: [Callstack] 0x00000000625E83E8 UE4Editor-D3D11RHI.dll!UnknownFunction []
[2018.01.27-01.06.10:179][244]LogWindows: Error: [Callstack] 0x00000000A066E4F7 UE4Editor-RHI.dll!UnknownFunction []
[2018.01.27-01.06.10:179][244]LogWindows: Error: [Callstack] 0x00000000623C0B45 UE4Editor-SlateRHIRenderer.dll!UnknownFunction []
[2018.01.27-01.06.10:180][244]LogWindows: Error: [Callstack] 0x00000000623C60A9 UE4Editor-SlateRHIRenderer.dll!UnknownFunction []
[2018.01.27-01.06.10:180][244]LogWindows: Error: [Callstack] 0x000000007D5E4845 UE4Editor-Core.dll!UnknownFunction []
[2018.01.27-01.06.10:180][244]LogWindows: Error: [Callstack] 0x000000007D5E4E2A UE4Editor-Core.dll!UnknownFunction []
[2018.01.27-01.06.10:180][244]LogWindows: Error: [Callstack] 0x00000000A18A22C4 UE4Editor-RenderCore.dll!UnknownFunction []
[2018.01.27-01.06.10:180][244]LogWindows: Error: [Callstack] 0x00000000A18A32F6 UE4Editor-RenderCore.dll!UnknownFunction []
[2018.01.27-01.06.10:180][244]LogWindows: Error: [Callstack] 0x000000007D98092C UE4Editor-Core.dll!UnknownFunction []
[2018.01.27-01.06.10:180][244]LogWindows: Error: [Callstack] 0x000000007D972563 UE4Editor-Core.dll!UnknownFunction []
[2018.01.27-01.06.10:180][244]LogWindows: Error: [Callstack] 0x00000000B3492774 KERNEL32.DLL!UnknownFunction []
[2018.01.27-01.06.10:180][244]LogWindows: Error: [Callstack] 0x00000000B35D0D51 ntdll.dll!UnknownFunction []
[2018.01.27-01.06.10:180][244]LogWindows: Error: [Callstack] 0x00000000B35D0D51 ntdll.dll!UnknownFunction []
[2018.01.27-01.06.10:180][244]LogWindows: Error: 
[2018.01.27-01.06.10:180][244]LogWindows: Error: 
[2018.01.27-01.06.10:180][244]LogWindows: Error: 
[2018.01.27-01.06.10:180][244]LogWindows: Error: 
[2018.01.27-01.06.10:193][244]LogExit: Executing StaticShutdownAfterError
[2018.01.27-01.06.10:197][244]LogWindows: FPlatformMisc::RequestExit(1)
[2018.01.27-01.06.10:197][244]Log file closed, 01/27/18 04:06:10
