Log file open, 01/27/18 01:11:42
LogWindows: Failed to load 'aqProf.dll' (GetLastError=126)
LogWindows: File 'aqProf.dll' does not exist
LogWindows: Failed to load 'VSPerf140.dll' (GetLastError=126)
LogWindows: File 'VSPerf140.dll' does not exist
LogWindows: Failed to load 'VtuneApi.dll' (GetLastError=126)
LogWindows: File 'VtuneApi.dll' does not exist
LogWindows: Failed to load 'VtuneApi32e.dll' (GetLastError=126)
LogWindows: File 'VtuneApi32e.dll' does not exist
LogInit: Display: Running engine for game: GGJ2018
LogPlatformFile: Not using cached read wrapper
LogInit: Display: RandInit(-1349461493) SRandInit(-1349461493).
LogInit: Read version file with build ID '3709383'
LogInit: Overriding engine version to CL 3832480, compatible CL 3709383
LogInit: Registered custom module enumerator with build ID '3709383'
LogTaskGraph: Started task graph with 5 named threads and 14 total threads with 3 sets of task threads.
LogStats: Stats thread started at 0.193192
LogD3D11RHI: Aftermath initialized
LogModuleManager: Display: Found up-to-date module file ../../../Engine/Plugins/2D/Paper2D/Binaries/Win64/UE4Editor-Paper2D.dll (API version 3709383).
LogModuleManager: Display: Found up-to-date module file ../../../Engine/Plugins/2D/Paper2D/Binaries/Win64/UE4Editor-Paper2DEditor.dll (API version 3709383).
LogModuleManager: Display: Found up-to-date module file ../../../Engine/Plugins/2D/Paper2D/Binaries/Win64/UE4Editor-PaperSpriteSheetImporter.dll (API version 3709383).
LogModuleManager: Display: Found up-to-date module file ../../../Engine/Plugins/2D/Paper2D/Binaries/Win64/UE4Editor-PaperTiledImporter.dll (API version 3709383).
LogModuleManager: Display: Found up-to-date module file ../../../Engine/Plugins/2D/Paper2D/Binaries/Win64/UE4Editor-SmartSnapping.dll (API version 3709383).
LogModuleManager: Display: Found up-to-date module file ../../../Engine/Plugins/Blendables/LightPropagationVolume/Binaries/Win64/UE4Editor-LightPropagationVolumeRuntime.dll (API version 3709383).
LogModuleManager: Display: Found up-to-date module file ../../../Engine/Plugins/Blendables/LightPropagationVolume/Binaries/Win64/UE4Editor-LightPropagationVolumeEditor.dll (API version 3709383).
LogModuleManager: Display: Found up-to-date module file ../../../Engine/Plugins/Developer/GitSourceControl/Binaries/Win64/UE4Editor-GitSourceControl.dll (API version 3709383).
LogModuleManager: Display: Found up-to-date module file ../../../Engine/Plugins/Developer/PerforceSourceControl/Binaries/Win64/UE4Editor-PerforceSourceControl.dll (API version 3709383).
LogModuleManager: Display: Found up-to-date module file ../../../Engine/Plugins/Developer/SubversionSourceControl/Binaries/Win64/UE4Editor-SubversionSourceControl.dll (API version 3709383).
LogModuleManager: Display: Found up-to-date module file ../../../Engine/Plugins/Developer/UObjectPlugin/Binaries/Win64/UE4Editor-UObjectPlugin.dll (API version 3709383).
LogModuleManager: Display: Found up-to-date module file ../../../Engine/Plugins/Developer/VisualStudioCodeSourceCodeAccess/Binaries/Win64/UE4Editor-VisualStudioCodeSourceCodeAccess.dll (API version 3709383).
LogModuleManager: Display: Found up-to-date module file ../../../Engine/Plugins/Developer/VisualStudioSourceCodeAccess/Binaries/Win64/UE4Editor-VisualStudioSourceCodeAccess.dll (API version 3709383).
LogModuleManager: Display: Found up-to-date module file ../../../Engine/Plugins/Editor/AssetManagerEditor/Binaries/Win64/UE4Editor-AssetManagerEditor.dll (API version 3709383).
LogModuleManager: Display: Found up-to-date module file ../../../Engine/Plugins/Editor/AudioCapture/Binaries/Win64/UE4Editor-AudioCapture.dll (API version 3709383).
LogModuleManager: Display: Found up-to-date module file ../../../Engine/Plugins/Editor/FacialAnimation/Binaries/Win64/UE4Editor-FacialAnimation.dll (API version 3709383).
LogModuleManager: Display: Found up-to-date module file ../../../Engine/Plugins/Editor/FacialAnimation/Binaries/Win64/UE4Editor-FacialAnimationEditor.dll (API version 3709383).
LogModuleManager: Display: Found up-to-date module file ../../../Engine/Plugins/Editor/GameplayTagsEditor/Binaries/Win64/UE4Editor-GameplayTagsEditor.dll (API version 3709383).
LogModuleManager: Display: Found up-to-date module file ../../../Engine/Plugins/Editor/MobileLauncherProfileWizard/Binaries/Win64/UE4Editor-MobileLauncherProfileWizard.dll (API version 3709383).
LogModuleManager: Display: Found up-to-date module file ../../../Engine/Plugins/Editor/PluginBrowser/Binaries/Win64/UE4Editor-PluginBrowser.dll (API version 3709383).
LogModuleManager: Display: Found up-to-date module file ../../../Engine/Plugins/Editor/SpeedTreeImporter/Binaries/Win64/UE4Editor-SpeedTreeImporter.dll (API version 3709383).
LogModuleManager: Display: Found up-to-date module file ../../../Engine/Plugins/Experimental/AlembicImporter/Binaries/Win64/UE4Editor-AlembicImporter.dll (API version 3709383).
LogModuleManager: Display: Found up-to-date module file ../../../Engine/Plugins/Experimental/AlembicImporter/Binaries/Win64/UE4Editor-AlembicLibrary.dll (API version 3709383).
LogModuleManager: Display: Found up-to-date module file ../../../Engine/Plugins/Experimental/CharacterAI/Binaries/Win64/UE4Editor-CharacterAI.dll (API version 3709383).
LogModuleManager: Display: Found up-to-date module file ../../../Engine/Plugins/Experimental/HTML5Networking/Binaries/Win64/UE4Editor-HTML5Networking.dll (API version 3709383).
LogModuleManager: Display: Found up-to-date module file ../../../Engine/Plugins/Media/AndroidMedia/Binaries/Win64/UE4Editor-AndroidMediaEditor.dll (API version 3709383).
LogModuleManager: Display: Found up-to-date module file ../../../Engine/Plugins/Media/AndroidMedia/Binaries/Win64/UE4Editor-AndroidMediaFactory.dll (API version 3709383).
LogModuleManager: Display: Found up-to-date module file ../../../Engine/Plugins/Media/AvfMedia/Binaries/Win64/UE4Editor-AvfMediaEditor.dll (API version 3709383).
LogModuleManager: Display: Found up-to-date module file ../../../Engine/Plugins/Media/AvfMedia/Binaries/Win64/UE4Editor-AvfMediaFactory.dll (API version 3709383).
LogModuleManager: Display: Found up-to-date module file ../../../Engine/Plugins/Media/AvfMedia/Binaries/Win64/UE4Editor-AvfMediaFactory.dll (API version 3709383).
LogModuleManager: Display: Found up-to-date module file ../../../Engine/Plugins/Media/ImgMedia/Binaries/Win64/UE4Editor-ImgMedia.dll (API version 3709383).
LogModuleManager: Display: Found up-to-date module file ../../../Engine/Plugins/Media/ImgMedia/Binaries/Win64/UE4Editor-ImgMediaEditor.dll (API version 3709383).
LogModuleManager: Display: Found up-to-date module file ../../../Engine/Plugins/Media/ImgMedia/Binaries/Win64/UE4Editor-ImgMediaFactory.dll (API version 3709383).
LogModuleManager: Display: Found up-to-date module file ../../../Engine/Plugins/Media/ImgMedia/Binaries/Win64/UE4Editor-ImgMediaFactory.dll (API version 3709383).
LogModuleManager: Display: Found up-to-date module file ../../../Engine/Plugins/Media/ImgMedia/Binaries/Win64/UE4Editor-OpenExrWrapper.dll (API version 3709383).
LogModuleManager: Display: Found up-to-date module file ../../../Engine/Plugins/Media/MediaCompositing/Binaries/Win64/UE4Editor-MediaCompositing.dll (API version 3709383).
LogModuleManager: Display: Found up-to-date module file ../../../Engine/Plugins/Media/MediaCompositing/Binaries/Win64/UE4Editor-MediaCompositingEditor.dll (API version 3709383).
LogModuleManager: Display: Found up-to-date module file ../../../Engine/Plugins/Media/MediaPlayerEditor/Binaries/Win64/UE4Editor-MediaPlayerEditor.dll (API version 3709383).
LogModuleManager: Display: Found up-to-date module file ../../../Engine/Plugins/Media/WmfMedia/Binaries/Win64/UE4Editor-WmfMedia.dll (API version 3709383).
LogModuleManager: Display: Found up-to-date module file ../../../Engine/Plugins/Media/WmfMedia/Binaries/Win64/UE4Editor-WmfMediaEditor.dll (API version 3709383).
LogModuleManager: Display: Found up-to-date module file ../../../Engine/Plugins/Media/WmfMedia/Binaries/Win64/UE4Editor-WmfMediaFactory.dll (API version 3709383).
LogModuleManager: Display: Found up-to-date module file ../../../Engine/Plugins/Media/WmfMedia/Binaries/Win64/UE4Editor-WmfMediaFactory.dll (API version 3709383).
LogModuleManager: Display: Found up-to-date module file ../../../Engine/Plugins/Messaging/TcpMessaging/Binaries/Win64/UE4Editor-TcpMessaging.dll (API version 3709383).
LogModuleManager: Display: Found up-to-date module file ../../../Engine/Plugins/Messaging/UdpMessaging/Binaries/Win64/UE4Editor-UdpMessaging.dll (API version 3709383).
LogModuleManager: Display: Found up-to-date module file ../../../Engine/Plugins/MovieScene/ActorSequence/Binaries/Win64/UE4Editor-ActorSequence.dll (API version 3709383).
LogModuleManager: Display: Found up-to-date module file ../../../Engine/Plugins/MovieScene/LevelSequenceEditor/Binaries/Win64/UE4Editor-LevelSequenceEditor.dll (API version 3709383).
LogModuleManager: Display: Found up-to-date module file ../../../Engine/Plugins/MovieScene/MatineeToLevelSequence/Binaries/Win64/UE4Editor-MatineeToLevelSequence.dll (API version 3709383).
LogModuleManager: Display: Found up-to-date module file ../../../Engine/Plugins/Online/OnlineSubsystem/Binaries/Win64/UE4Editor-OnlineSubsystem.dll (API version 3709383).
LogModuleManager: Display: Found up-to-date module file ../../../Engine/Plugins/Runtime/AndroidPermission/Binaries/Win64/UE4Editor-AndroidPermission.dll (API version 3709383).
LogModuleManager: Display: Found up-to-date module file ../../../Engine/Plugins/Online/OnlineSubsystemNull/Binaries/Win64/UE4Editor-OnlineSubsystemNull.dll (API version 3709383).
LogModuleManager: Display: Found up-to-date module file ../../../Engine/Plugins/Online/OnlineSubsystemUtils/Binaries/Win64/UE4Editor-OnlineSubsystemUtils.dll (API version 3709383).
LogModuleManager: Display: Found up-to-date module file ../../../Engine/Plugins/Online/OnlineSubsystemUtils/Binaries/Win64/UE4Editor-OnlineBlueprintSupport.dll (API version 3709383).
LogModuleManager: Display: Found up-to-date module file ../../../Engine/Plugins/Runtime/AndroidDeviceProfileSelector/Binaries/Win64/UE4Editor-AndroidDeviceProfileSelector.dll (API version 3709383).
LogModuleManager: Display: Found up-to-date module file ../../../Engine/Plugins/Runtime/AppleARKit/Binaries/Win64/UE4Editor-AppleARKit.dll (API version 3709383).
LogModuleManager: Display: Found up-to-date module file ../../../Engine/Plugins/Runtime/ArchVisCharacter/Binaries/Win64/UE4Editor-ArchVisCharacter.dll (API version 3709383).
LogModuleManager: Display: Found up-to-date module file ../../../Engine/Plugins/Runtime/CableComponent/Binaries/Win64/UE4Editor-CableComponent.dll (API version 3709383).
LogModuleManager: Display: Found up-to-date module file ../../../Engine/Plugins/Runtime/CustomMeshComponent/Binaries/Win64/UE4Editor-CustomMeshComponent.dll (API version 3709383).
LogModuleManager: Display: Found up-to-date module file ../../../Engine/Plugins/Runtime/ExampleDeviceProfileSelector/Binaries/Win64/UE4Editor-ExampleDeviceProfileSelector.dll (API version 3709383).
LogModuleManager: Display: Found up-to-date module file ../../../Engine/Plugins/Runtime/ImmediatePhysics/Binaries/Win64/UE4Editor-ImmediatePhysics.dll (API version 3709383).
LogModuleManager: Display: Found up-to-date module file ../../../Engine/Plugins/Runtime/ImmediatePhysics/Binaries/Win64/UE4Editor-ImmediatePhysicsEditor.dll (API version 3709383).
LogModuleManager: Display: Found up-to-date module file ../../../Engine/Plugins/Runtime/LocationServicesBPLibrary/Binaries/Win64/UE4Editor-LocationServicesBPLibrary.dll (API version 3709383).
LogModuleManager: Display: Found up-to-date module file ../../../Engine/Plugins/Runtime/MobilePatchingUtils/Binaries/Win64/UE4Editor-MobilePatchingUtils.dll (API version 3709383).
LogModuleManager: Display: Found up-to-date module file ../../../Engine/Plugins/Runtime/Oculus/OculusVR/Binaries/Win64/UE4Editor-OculusHMD.dll (API version 3709383).
LogModuleManager: Display: Found up-to-date module file ../../../Engine/Plugins/Runtime/Oculus/OculusVR/Binaries/Win64/UE4Editor-OculusInput.dll (API version 3709383).
LogModuleManager: Display: Found up-to-date module file ../../../Engine/Plugins/Runtime/Oculus/OculusVR/Binaries/Win64/UE4Editor-OculusEditor.dll (API version 3709383).
LogModuleManager: Display: Found up-to-date module file ../../../Engine/Plugins/Runtime/PhysXVehicles/Binaries/Win64/UE4Editor-PhysXVehicles.dll (API version 3709383).
LogModuleManager: Display: Found up-to-date module file ../../../Engine/Plugins/Runtime/PhysXVehicles/Binaries/Win64/UE4Editor-PhysXVehiclesEditor.dll (API version 3709383).
LogModuleManager: Display: Found up-to-date module file ../../../Engine/Plugins/Runtime/ProceduralMeshComponent/Binaries/Win64/UE4Editor-ProceduralMeshComponent.dll (API version 3709383).
LogModuleManager: Display: Found up-to-date module file ../../../Engine/Plugins/Runtime/ProceduralMeshComponent/Binaries/Win64/UE4Editor-ProceduralMeshComponentEditor.dll (API version 3709383).
LogModuleManager: Display: Found up-to-date module file ../../../Engine/Plugins/Runtime/RuntimePhysXCooking/Binaries/Win64/UE4Editor-RuntimePhysXCooking.dll (API version 3709383).
LogModuleManager: Display: Found up-to-date module file ../../../Engine/Plugins/Runtime/Steam/SteamVR/Binaries/Win64/UE4Editor-SteamVR.dll (API version 3709383).
LogModuleManager: Display: Found up-to-date module file ../../../Engine/Plugins/Runtime/Steam/SteamVR/Binaries/Win64/UE4Editor-SteamVRController.dll (API version 3709383).
LogModuleManager: Display: Found up-to-date module file ../../../Engine/Plugins/Runtime/WindowsMoviePlayer/Binaries/Win64/UE4Editor-WindowsMoviePlayer.dll (API version 3709383).
LogPluginManager: Mounting plugin Paper2D
LogPluginManager: Mounting plugin LightPropagationVolume
LogPluginManager: Mounting plugin CodeLiteSourceCodeAccess
LogPluginManager: Mounting plugin GitSourceControl
LogPluginManager: Mounting plugin KDevelopSourceCodeAccess
LogPluginManager: Mounting plugin NullSourceCodeAccess
LogPluginManager: Mounting plugin PerforceSourceControl
LogPluginManager: Mounting plugin SubversionSourceControl
LogPluginManager: Mounting plugin UObjectPlugin
LogPluginManager: Mounting plugin VisualStudioCodeSourceCodeAccess
LogPluginManager: Mounting plugin VisualStudioSourceCodeAccess
LogPluginManager: Mounting plugin XCodeSourceCodeAccess
LogPluginManager: Mounting plugin AssetManagerEditor
LogPluginManager: Mounting plugin AudioCapture
LogPluginManager: Mounting plugin FacialAnimation
LogPluginManager: Mounting plugin GameplayTagsEditor
LogPluginManager: Mounting plugin MobileLauncherProfileWizard
LogPluginManager: Mounting plugin PluginBrowser
LogPluginManager: Mounting plugin SpeedTreeImporter
LogPluginManager: Mounting plugin AlembicImporter
LogPluginManager: Mounting plugin CharacterAI
LogPluginManager: Mounting plugin HTML5Networking
LogPluginManager: Mounting plugin AndroidMedia
LogPluginManager: Mounting plugin AvfMedia
LogPluginManager: Mounting plugin ImgMedia
LogPluginManager: Mounting plugin MediaCompositing
LogPluginManager: Mounting plugin MediaPlayerEditor
LogPluginManager: Mounting plugin WmfMedia
LogPluginManager: Mounting plugin TcpMessaging
LogPluginManager: Mounting plugin UdpMessaging
LogPluginManager: Mounting plugin ActorSequence
LogPluginManager: Mounting plugin LevelSequenceEditor
LogPluginManager: Mounting plugin MatineeToLevelSequence
LogPluginManager: Mounting plugin OnlineSubsystemGooglePlay
LogPluginManager: Mounting plugin OnlineSubsystemIOS
LogPluginManager: Mounting plugin OnlineSubsystem
LogPluginManager: Mounting plugin OnlineSubsystemNull
LogPluginManager: Mounting plugin OnlineSubsystemUtils
LogPluginManager: Mounting plugin AndroidDeviceProfileSelector
LogPluginManager: Mounting plugin AndroidMoviePlayer
LogPluginManager: Mounting plugin AndroidPermission
LogPluginManager: Mounting plugin AppleARKit
LogPluginManager: Mounting plugin AppleMoviePlayer
LogPluginManager: Mounting plugin ArchVisCharacter
LogPluginManager: Mounting plugin CableComponent
LogPluginManager: Mounting plugin CustomMeshComponent
LogPluginManager: Mounting plugin ExampleDeviceProfileSelector
LogPluginManager: Mounting plugin GoogleCloudMessaging
LogPluginManager: Mounting plugin ImmediatePhysics
LogPluginManager: Mounting plugin IOSDeviceProfileSelector
LogPluginManager: Mounting plugin LinuxDeviceProfileSelector
LogPluginManager: Mounting plugin LocationServicesBPLibrary
LogPluginManager: Mounting plugin MobilePatchingUtils
LogPluginManager: Mounting plugin OculusVR
LogPluginManager: Plugin shader directory ../../../Engine/Plugins/Runtime/Oculus/OculusVR/Shaders found
LogPluginManager: Mapping shader source directory ../../../Engine/Plugins/Runtime/Oculus/OculusVR/Shaders to virtual directory /Plugin/OculusVR
LogPluginManager: Mounting plugin PhysXVehicles
LogPluginManager: Mounting plugin ProceduralMeshComponent
LogPluginManager: Mounting plugin RuntimePhysXCooking
LogPluginManager: Mounting plugin SteamVR
LogPluginManager: Mounting plugin WindowsMoviePlayer
LogInit: Using libcurl 7.47.1
LogInit:  - built for x86_64-pc-win32
LogInit:  - supports SSL with OpenSSL/1.0.2g
LogInit:  - supports HTTP deflate (compression) using libz 1.2.8
LogInit:  - other features:
LogInit:      CURL_VERSION_SSL
LogInit:      CURL_VERSION_LIBZ
LogInit:      CURL_VERSION_IPV6
LogInit:      CURL_VERSION_ASYNCHDNS
LogInit:      CURL_VERSION_LARGEFILE
LogInit:      CURL_VERSION_IDN
LogInit:  CurlRequestOptions (configurable via config and command line):
LogInit:  - bVerifyPeer = false  - Libcurl will NOT verify peer certificate
LogInit:  - bUseHttpProxy = false  - Libcurl will NOT use HTTP proxy
LogInit:  - bDontReuseConnections = false  - Libcurl will reuse connections
LogInit:  - CertBundlePath = nullptr  - Libcurl will use whatever was configured at build time.
LogInit: Build: ++UE4+Release-4.18-CL-3832480
LogInit: Engine Version: 4.18.3-3832480+++UE4+Release-4.18
LogInit: Compatible Engine Version: 4.18.0-3709383+++UE4+Release-4.18
LogInit: Net CL: 3709383
LogDevObjectVersion: Number of dev versions registered: 16
LogDevObjectVersion:   Dev-Blueprints (B0D832E4-1F89-4F0D-ACCF-7EB736FD4AA2): 10
LogDevObjectVersion:   Dev-Build (E1C64328-A22C-4D53-A36C-8E866417BD8C): 0
LogDevObjectVersion:   Dev-Core (375EC13C-06E4-48FB-B500-84F0262A717E): 2
LogDevObjectVersion:   Dev-Editor (E4B068ED-F494-42E9-A231-DA0B2E46BB41): 20
LogDevObjectVersion:   Dev-Framework (CFFC743F-43B0-4480-9391-14DF171D2073): 30
LogDevObjectVersion:   Dev-Mobile (B02B49B5-BB20-44E9-A304-32B752E40360): 0
LogDevObjectVersion:   Dev-Networking (A4E4105C-59A1-49B5-A7C5-40C4547EDFEE): 0
LogDevObjectVersion:   Dev-Online (39C831C9-5AE6-47DC-9A44-9C173E1C8E7C): 0
LogDevObjectVersion:   Dev-Physics (78F01B33-EBEA-4F98-B9B4-84EACCB95AA2): 0
LogDevObjectVersion:   Dev-Platform (6631380F-2D4D-43E0-8009-CF276956A95A): 0
LogDevObjectVersion:   Dev-Rendering (12F88B9F-8875-4AFC-A67C-D90C383ABD29): 20
LogDevObjectVersion:   Dev-Sequencer (7B5AE74C-D270-4C10-A958-57980B212A5A): 4
LogDevObjectVersion:   Dev-VR (D7296918-1DD6-4BDD-9DE2-64A83CC13884): 0
LogDevObjectVersion:   Dev-LoadTimes (C2A15278-BFE7-4AFE-6C17-90FF531DF755): 1
LogDevObjectVersion:   Private-Geometry (6EACA3D4-40EC-4CC1-B786-8BED09428FC5): 1
LogDevObjectVersion:   Dev-AnimPhys (29E575DD-E0A3-4627-9D10-D276232CDCEA): 12
LogInit: Compiled (64-bit): Jan 12 2018 02:04:55
LogInit: Compiled with Visual C++: 19.00.24215.01
LogInit: Build Configuration: Development
LogInit: Branch Name: ++UE4+Release-4.18
LogInit: Command line: 
LogInit: Base directory: D:/Epic Games/UE_4.18/Engine/Binaries/Win64/
LogInit: Installed Engine Build: 1
LogInit: Presizing for max 8388607 objects, including 0 objects not considered by GC, pre-allocating 0 bytes for permanent pool.
LogInit: Object subsystem initialized
[2018.01.26-22.11.44:492][  0]LogInit: Selected Device Profile: [Windows]
[2018.01.26-22.11.44:492][  0]LogInit: Applying CVar settings loaded from the selected device profile: [Windows]
[2018.01.26-22.11.44:510][  0]LogInit: Computer: DESKTOP-R47TH6J
[2018.01.26-22.11.44:510][  0]LogInit: User: Wheatley
[2018.01.26-22.11.44:510][  0]LogInit: CPU Page size=4096, Cores=4
[2018.01.26-22.11.44:510][  0]LogInit: High frequency timer resolution =2.338347 MHz
[2018.01.26-22.11.44:510][  0]LogMemory: Memory total: Physical=7.9GB (8GB approx)
[2018.01.26-22.11.44:510][  0]LogMemory: Platform Memory Stats for Windows
[2018.01.26-22.11.44:510][  0]LogMemory: Process Physical Memory: 273.31 MB used, 273.31 MB peak
[2018.01.26-22.11.44:510][  0]LogMemory: Process Virtual Memory: 271.80 MB used, 271.80 MB peak
[2018.01.26-22.11.44:510][  0]LogMemory: Physical Memory: 3199.19 MB used,  4909.16 MB free, 8108.36 MB total
[2018.01.26-22.11.44:510][  0]LogMemory: Virtual Memory: 646.13 MB used,  4909.16 MB free, 134217728.00 MB total
[2018.01.26-22.11.44:711][  0]LogInit: Using OS detected language (ru-RU).
[2018.01.26-22.11.44:711][  0]LogInit: Using OS detected locale (ru-RU).
[2018.01.26-22.11.44:714][  0]LogTextLocalizationManager: No localization for 'ru-RU' exists, so 'en' will be used for the language.
[2018.01.26-22.11.44:715][  0]LogTextLocalizationManager: No localization for 'ru-RU' exists, so 'en' will be used for the locale.
[2018.01.26-22.11.45:247][  0]LogInit: Setting process to per monitor DPI aware
[2018.01.26-22.11.45:558][  0]LogD3D11RHI: D3D11 adapters:
[2018.01.26-22.11.45:580][  0]LogD3D11RHI:    0. 'AMD Radeon R7 M265 Series' (Feature Level 11_0)
[2018.01.26-22.11.45:580][  0]LogD3D11RHI:       2028/0/4054 MB DedicatedVideo/DedicatedSystem/SharedSystem, Outputs:1, VendorId:0x1002
[2018.01.26-22.11.45:586][  0]LogD3D11RHI:    1. 'Intel(R) HD Graphics 4600' (Feature Level 11_0)
[2018.01.26-22.11.45:586][  0]LogD3D11RHI:       112/0/2048 MB DedicatedVideo/DedicatedSystem/SharedSystem, Outputs:0, VendorId:0x8086
[2018.01.26-22.11.45:587][  0]LogD3D11RHI:    2. 'Microsoft Basic Render Driver' (Feature Level 11_0)
[2018.01.26-22.11.45:587][  0]LogD3D11RHI:       0/0/4054 MB DedicatedVideo/DedicatedSystem/SharedSystem, Outputs:0, VendorId:0x1414
[2018.01.26-22.11.45:587][  0]LogD3D11RHI: Chosen D3D11 Adapter: 0
[2018.01.26-22.11.45:594][  0]LogD3D11RHI: Creating new Direct3DDevice
[2018.01.26-22.11.45:594][  0]LogD3D11RHI:     GPU DeviceId: 0x6604 (for the marketing name, search the web for "GPU Device Id")
[2018.01.26-22.11.45:594][  0]LogWindows: EnumDisplayDevices:
[2018.01.26-22.11.45:594][  0]LogWindows:    0. 'Intel(R) HD Graphics 4600' (P:1 D:1)
[2018.01.26-22.11.45:594][  0]LogWindows:    1. 'Intel(R) HD Graphics 4600' (P:0 D:0)
[2018.01.26-22.11.45:595][  0]LogWindows:    2. 'Intel(R) HD Graphics 4600' (P:0 D:0)
[2018.01.26-22.11.45:595][  0]LogWindows:    3. 'AMD Radeon R7 M265 Series' (P:0 D:0)
[2018.01.26-22.11.45:595][  0]LogWindows:    4. 'AMD Radeon R7 M265 Series' (P:0 D:0)
[2018.01.26-22.11.45:595][  0]LogWindows:    5. 'AMD Radeon R7 M265 Series' (P:0 D:0)
[2018.01.26-22.11.45:596][  0]LogWindows:    6. 'AMD Radeon R7 M265 Series' (P:0 D:0)
[2018.01.26-22.11.45:596][  0]LogWindows:    7. 'AMD Radeon R7 M265 Series' (P:0 D:0)
[2018.01.26-22.11.45:596][  0]LogWindows:    8. 'AMD Radeon R7 M265 Series' (P:0 D:0)
[2018.01.26-22.11.45:596][  0]LogWindows:    9. 'AMD Radeon R7 M265 Series' (P:0 D:0)
[2018.01.26-22.11.45:597][  0]LogWindows:    10. 'AMD Radeon R7 M265 Series' (P:0 D:0)
[2018.01.26-22.11.45:597][  0]LogWindows:    11. 'AMD Radeon R7 M265 Series' (P:0 D:0)
[2018.01.26-22.11.45:597][  0]LogWindows:    12. 'AMD Radeon R7 M265 Series' (P:0 D:0)
[2018.01.26-22.11.45:597][  0]LogWindows:    13. 'AMD Radeon R7 M265 Series' (P:0 D:0)
[2018.01.26-22.11.45:598][  0]LogWindows:    14. 'AMD Radeon R7 M265 Series' (P:0 D:0)
[2018.01.26-22.11.45:598][  0]LogWindows:    15. 'AMD Radeon R7 M265 Series' (P:0 D:0)
[2018.01.26-22.11.45:598][  0]LogWindows:    16. 'AMD Radeon R7 M265 Series' (P:0 D:0)
[2018.01.26-22.11.45:598][  0]LogWindows:    17. 'AMD Radeon R7 M265 Series' (P:0 D:0)
[2018.01.26-22.11.45:599][  0]LogWindows:    18. 'AMD Radeon R7 M265 Series' (P:0 D:0)
[2018.01.26-22.11.45:599][  0]LogWindows: DebugString: PrimaryIsNotTheChoosenAdapter PrimaryIsNotTheChoosenAdapter PrimaryIsNotTheChoosenAdapter FoundDriverCount:16 
[2018.01.26-22.11.45:599][  0]LogD3D11RHI:     Adapter Name: AMD Radeon R7 M265 Series
[2018.01.26-22.11.45:599][  0]LogD3D11RHI:   Driver Version: Crimson ReLive 17.11.1 (internal:23.20.788.0, unified:23.20.788.0)
[2018.01.26-22.11.45:599][  0]LogD3D11RHI:      Driver Date: 11-2-2017
[2018.01.26-22.11.45:599][  0]LogRHI: Texture pool is 1419 MB (70% of 2028 MB)
[2018.01.26-22.11.45:637][  0]LogD3D11RHI: Async texture creation enabled
[2018.01.26-22.11.45:650][  0]LogD3D11RHI: GPU Timing Frequency: 27.000000 (Debug: 2 1)
[2018.01.26-22.11.45:650][  0]LogShaderCompilers: Guid format shader working directory is -6 characters bigger than the processId version (../../../../../Projects/Unreal Projects/GGJ2018/GGJ2018/Intermediate/Shaders/WorkingDirectory/9460/).
[2018.01.26-22.11.45:651][  0]LogShaderCompilers: Cleaned the shader compiler working directory 'C:/Users/Wheatley/AppData/Local/Temp/UnrealShaderWorkingDir/01C634024C48D318720FF5B252B5AF9B/'.
[2018.01.26-22.11.45:651][  0]LogShaderCompilers: Display: Using Local Shader Compiler.
[2018.01.26-22.11.46:889][  0]LogTemp: Display: Loaded TP AllDesktopTargetPlatform
[2018.01.26-22.11.46:943][  0]LogTemp: Display: Loaded TP MacClientTargetPlatform
[2018.01.26-22.11.46:999][  0]LogTemp: Display: Loaded TP MacNoEditorTargetPlatform
[2018.01.26-22.11.47:063][  0]LogTemp: Display: Loaded TP MacServerTargetPlatform
[2018.01.26-22.11.47:118][  0]LogTemp: Display: Loaded TP MacTargetPlatform
[2018.01.26-22.11.47:182][  0]LogTemp: Display: Loaded TP WindowsClientTargetPlatform
[2018.01.26-22.11.47:241][  0]LogTemp: Display: Loaded TP WindowsNoEditorTargetPlatform
[2018.01.26-22.11.47:295][  0]LogTemp: Display: Loaded TP WindowsServerTargetPlatform
[2018.01.26-22.11.47:339][  0]LogTemp: Display: Loaded TP WindowsTargetPlatform
[2018.01.26-22.11.47:392][  0]LogTemp: Display: Loaded TP Android_ASTCTargetPlatform
[2018.01.26-22.11.47:445][  0]LogTemp: Display: Loaded TP Android_ATCTargetPlatform
[2018.01.26-22.11.47:498][  0]LogTemp: Display: Loaded TP Android_DXTTargetPlatform
[2018.01.26-22.11.47:551][  0]LogTemp: Display: Loaded TP Android_ETC1TargetPlatform
[2018.01.26-22.11.47:604][  0]LogTemp: Display: Loaded TP Android_ETC2TargetPlatform
[2018.01.26-22.11.47:714][  0]LogTemp: Display: Loaded TP Android_MultiTargetPlatform
[2018.01.26-22.11.47:714][  0]LogTemp: Display: Loaded TP Android_PVRTCTargetPlatform
[2018.01.26-22.11.47:775][  0]LogTemp: Display: Loaded TP AndroidTargetPlatform
[2018.01.26-22.11.47:814][  0]LogTemp: Display: Loaded TP HTML5TargetPlatform
[2018.01.26-22.11.47:909][  0]LogTemp: Display: Loaded TP IOSTargetPlatform
[2018.01.26-22.11.47:941][  0]LogTemp: Display: Loaded TP TVOSTargetPlatform
[2018.01.26-22.11.47:994][  0]LogTemp: Display: Loaded TP LinuxClientTargetPlatform
[2018.01.26-22.11.48:054][  0]LogTemp: Display: Loaded TP LinuxNoEditorTargetPlatform
[2018.01.26-22.11.48:117][  0]LogTemp: Display: Loaded TP LinuxServerTargetPlatform
[2018.01.26-22.11.48:171][  0]LogTemp: Display: Loaded TP LinuxTargetPlatform
[2018.01.26-22.11.48:171][  0]LogTargetPlatformManager: Display: Building Assets For Windows
[2018.01.26-22.11.48:668][  0]LogDerivedDataCache: Display: Max Cache Size: 512 MB
[2018.01.26-22.11.48:789][  0]LogDerivedDataCache: Loaded boot cache 0.12s 78MB C:/Users/Wheatley/AppData/Local/UnrealEngine/4.18/DerivedDataCache/Boot.ddc.
[2018.01.26-22.11.48:789][  0]LogDerivedDataCache: Display: Loaded Boot cache: C:/Users/Wheatley/AppData/Local/UnrealEngine/4.18/DerivedDataCache/Boot.ddc
[2018.01.26-22.11.48:789][  0]LogDerivedDataCache: FDerivedDataBackendGraph:  Pak pak cache file ../../../../../Projects/Unreal Projects/GGJ2018/GGJ2018/DerivedDataCache/DDC.ddp not found, will not use a pak cache.
[2018.01.26-22.11.48:789][  0]LogDerivedDataCache: Unable to find inner node Pak for hierarchical cache Hierarchy.
[2018.01.26-22.11.48:789][  0]LogDerivedDataCache: FDerivedDataBackendGraph:  CompressedPak pak cache file ../../../../../Projects/Unreal Projects/GGJ2018/GGJ2018/DerivedDataCache/Compressed.ddp not found, will not use a pak cache.
[2018.01.26-22.11.48:789][  0]LogDerivedDataCache: Unable to find inner node CompressedPak for hierarchical cache Hierarchy.
[2018.01.26-22.11.48:813][  0]LogDerivedDataCache: Display: Pak cache opened for reading ../../../Engine/DerivedDataCache/Compressed.ddp.
[2018.01.26-22.11.48:825][  0]LogDerivedDataCache: Using Local data cache path C:/Users/Wheatley/AppData/Local/UnrealEngine/Common/DerivedDataCache: Writable
[2018.01.26-22.11.48:840][  0]LogMaterial: Verifying Global Shaders for PCD3D_SM5
[2018.01.26-22.11.48:840][  0]LogSlate: Using Freetype 2.6.0
[2018.01.26-22.11.48:841][  0]LogSlate: SlateFontCache - WITH_FREETYPE: 1, WITH_HARFBUZZ: 1
[2018.01.26-22.11.48:841][  0]LogSlate: SlateFontCache - WITH_FREETYPE: 1, WITH_HARFBUZZ: 1
[2018.01.26-22.11.49:312][  0]LogInit: Selected Device Profile: [Windows]
[2018.01.26-22.11.49:690][  0]LogSimplygon: Simplygon DLL not present - disabling.
[2018.01.26-22.11.49:732][  0]LogMeshReduction: Using SimplygonSwarm for distributed automatic mesh merging
[2018.01.26-22.11.49:732][  0]LogMeshReduction: Using QuadricMeshReduction for automatic static mesh reduction
[2018.01.26-22.11.49:732][  0]LogMeshReduction: No automatic skeletal mesh reduction module available
[2018.01.26-22.11.49:732][  0]LogMeshReduction: No automatic mesh merging module available
[2018.01.26-22.11.49:732][  0]LogMeshMerging: No automatic mesh merging module available
[2018.01.26-22.11.49:762][  0]LogNetVersion: GGJ2018 , NetCL: 3709383, EngineNetVer: 2, GameNetVer: 0 (Checksum: 4219683102)
[2018.01.26-22.11.49:949][  0]LogAssetRegistry: FAssetRegistry took 0.0281 seconds to start up
[2018.01.26-22.11.50:567][  0]LogPackageLocalizationCache: Processed 7 localized package path(s) for 1 prioritized culture(s) in 0.036220 seconds
[2018.01.26-22.11.50:574][  0]LogUObjectArray: 35870 objects as part of root set at end of initial load.
[2018.01.26-22.11.50:574][  0]LogUObjectAllocator: 7363696 out of 0 bytes used by permanent object pool.
[2018.01.26-22.11.50:574][  0]LogUObjectArray: CloseDisregardForGC: 0/0 objects in disregard for GC pool
[2018.01.26-22.11.50:625][  0]LogInit: WinSock: version 1.1 (2.2), MaxSocks=32767, MaxUdp=65467
[2018.01.26-22.11.53:738][  0]LogTcpMessaging: Initializing TcpMessaging bridge
[2018.01.26-22.11.53:780][  0]LogUdpMessaging: Initializing bridge on interface 0.0.0.0:0 to multicast group 230.0.0.1:6666.
[2018.01.26-22.11.54:550][  0]LogMaterial: Uniform references updated for custom material expression Custom.
[2018.01.26-22.11.55:011][  0]SourceControl: Source control is disabled
[2018.01.26-22.11.55:011][  0]SourceControl: Source control is disabled
[2018.01.26-22.11.55:067][  0]SourceControl: Source control is disabled
[2018.01.26-22.11.55:119][  0]SourceControl: Source control is disabled
[2018.01.26-22.11.55:847][  0]LogAndroidPermission: UAndroidPermissionCallbackProxy::GetInstance
[2018.01.26-22.11.56:065][  0]LogOcInput: OculusInput pre-init called
[2018.01.26-22.11.56:311][  0]LogEngine: Initializing Engine...
[2018.01.26-22.11.56:314][  0]LogHMD: Failed to initialize OpenVR with code 110
[2018.01.26-22.11.56:541][  0]LogStats: UGameplayTagsManager::ConstructGameplayTagTree: Construct from data asset -  0.000 s
[2018.01.26-22.11.56:541][  0]LogStats: UGameplayTagsManager::ConstructGameplayTagTree: GameplayTagTreeChangedEvent.Broadcast -  0.000 s
[2018.01.26-22.11.56:635][  0]LogAIModule: Creating AISystem for world Untitled
[2018.01.26-22.11.56:641][  0]LogInit: XAudio2 using 'Динамики (Conexant SmartAudio HD)' : 2 channels at 48 kHz using 16 bits per sample (channel mask 0x3)
[2018.01.26-22.11.56:678][  0]LogInit: FAudioDevice initialized.
[2018.01.26-22.11.56:760][  0]LogDerivedDataCache: Saved boot cache 0.08s 78MB C:/Users/Wheatley/AppData/Local/UnrealEngine/4.18/DerivedDataCache/Boot.ddc.
[2018.01.26-22.11.56:777][  0]LogInit: Texture streaming: Enabled
[2018.01.26-22.11.56:857][  0]LogEngineSessionManager: EngineSessionManager initialized
[2018.01.26-22.11.56:857][  0]LogEngineSessionManager: EngineSessionManager sent abnormal shutdown report. Type=Crashed, SessionId={94E979C0-439D-AEF2-4B09-E2B7534F1082}
[2018.01.26-22.11.56:951][  0]LogInit: Transaction tracking system initialized
[2018.01.26-22.11.57:177][  0]BlueprintLog: New page: Editor Load
[2018.01.26-22.11.57:941][  0]LocalizationService: Localization service is disabled
[2018.01.26-22.11.58:508][  0]LogConsoleResponse: Display: 
[2018.01.26-22.11.58:673][  0]LogCook: Display: Max memory allowance for cook 16384mb min free memory 0mb
[2018.01.26-22.11.58:673][  0]LogCook: Display: Mobile HDR setting 1
[2018.01.26-22.11.58:673][  0]LogGameplayTags: Display: UGameplayTagsManager::DoneAddingNativeTags. DelegateIsBound: 0
[2018.01.26-22.11.59:029][  0]LogFileCache: Scanning file cache for directory 'D:/Projects/Unreal Projects/GGJ2018/GGJ2018/Content/' took 0.01s
[2018.01.26-22.11.59:653][  0]SourceControl: Source control is disabled
[2018.01.26-22.11.59:653][  0]Cmd: MAP LOAD FILE="../../../../../Projects/Unreal Projects/GGJ2018/GGJ2018/Content/ThirdPersonBP/Maps/ThirdPersonExampleMap.umap" TEMPLATE=0 SHOWPROGRESS=1 FEATURELEVEL=3
[2018.01.26-22.11.59:653][  0]LightingResults: New page: Lighting Build
[2018.01.26-22.11.59:685][  0]MapCheck: New page: Map Check
[2018.01.26-22.11.59:685][  0]LightingResults: New page: Lighting Build
[2018.01.26-22.12.00:270][  0]LogAIModule: Creating AISystem for world ThirdPersonExampleMap
[2018.01.26-22.12.00:288][  0]LogEditorServer: Finished looking for orphan Actors (0.000 secs)
[2018.01.26-22.12.00:302][  0]Cmd: MAP CHECKDEP NOCLEARLOG
[2018.01.26-22.12.00:356][  0]MapCheck: Map check complete: 0 Error(s), 0 Warning(s), took 54.761ms to complete.
[2018.01.26-22.12.00:356][  0]LogFileHelpers: Loading map 'ThirdPersonExampleMap' took 0.703
[2018.01.26-22.12.00:419][  0]LogWindowsTextInputMethodSystem: Display: IME system now deactivated.
[2018.01.26-22.12.00:489][  0]LogCollectionManager: Loaded 0 collections in 0.001397 seconds
[2018.01.26-22.12.00:565][  0]LogFileCache: Scanning file cache for directory 'D:/Projects/Unreal Projects/GGJ2018/GGJ2018/Saved/Collections/' took 0.01s
[2018.01.26-22.12.00:565][  0]LogFileCache: Scanning file cache for directory 'D:/Projects/Unreal Projects/GGJ2018/GGJ2018/Content/Developers/Wheatley/Collections/' took 0.01s
[2018.01.26-22.12.00:565][  0]LogFileCache: Scanning file cache for directory 'D:/Projects/Unreal Projects/GGJ2018/GGJ2018/Content/Collections/' took 0.01s
[2018.01.26-22.12.00:565][  0]LogCollectionManager: Rebuilt the GUID cache for 0 collections in 0.000000 seconds
[2018.01.26-22.12.00:575][  0]LogContentBrowser: Native class hierarchy populated in 0.0093 seconds. Added 2363 classes and 519 folders.
[2018.01.26-22.12.00:623][  0]LogContentBrowser: Native class hierarchy updated for 'WidgetCarousel' in 0.0002 seconds. Added 0 classes and 0 folders.
[2018.01.26-22.12.00:658][  0]LogContentBrowser: Native class hierarchy updated for 'AddContentDialog' in 0.0002 seconds. Added 0 classes and 0 folders.
[2018.01.26-22.12.00:693][  0]LogContentBrowser: Native class hierarchy updated for 'SceneOutliner' in 0.0003 seconds. Added 1 classes and 2 folders.
[2018.01.26-22.12.00:709][  0]LogSlate: Took 0.000161 seconds to synchronously load lazily loaded font '../../../Engine/Content/Slate/Fonts/Roboto-Regular.ttf' (155K)
[2018.01.26-22.12.00:711][  0]LogSlate: Took 0.000145 seconds to synchronously load lazily loaded font '../../../Engine/Content/Slate/Fonts/Roboto-Bold.ttf' (160K)
[2018.01.26-22.12.00:716][  0]LogSlate: Took 0.000150 seconds to synchronously load lazily loaded font '../../../Engine/Content/Editor/Slate/Fonts/FontAwesome.ttf' (139K)
[2018.01.26-22.12.00:814][  0]LogRenderer: Reallocating scene render targets to support 792x396 Format 10 NumSamples 1 (Frame:1).
[2018.01.26-22.12.01:029][  0]LogContentBrowser: Native class hierarchy updated for 'HierarchicalLODOutliner' in 0.0003 seconds. Added 1 classes and 2 folders.
[2018.01.26-22.12.01:029][  0]LogLoad: (Engine Initialization) Total time: 19.30 seconds
[2018.01.26-22.12.01:029][  0]LogLoad: (Engine Initialization) Total Blueprint compile time: 0.00 seconds
[2018.01.26-22.12.01:029][  0]LogExternalProfiler: No external profilers were discovered.  External profiling features will not be available.
[2018.01.26-22.12.01:066][  0]LogContentStreaming: Texture pool size now 1000 MB
[2018.01.26-22.12.01:109][  0]LogSlate: Took 0.000168 seconds to synchronously load lazily loaded font '../../../Engine/Content/Slate/Fonts/Roboto-Light.ttf' (159K)
[2018.01.26-22.12.01:121][  1]LogAssetRegistry: Asset discovery search completed in 11.1935 seconds
[2018.01.26-22.12.01:122][  1]LogCollectionManager: Rebuilt the object cache for 0 collections in 0.000000 seconds (found 0 objects)
[2018.01.26-22.12.01:122][  1]LogCollectionManager: Fixed up redirectors for 0 collections in 0.000045 seconds (updated 0 objects)
[2018.01.26-22.12.02:068][ 52]LogSlate: Took 0.000233 seconds to synchronously load lazily loaded font '../../../Engine/Content/Slate/Fonts/Roboto-Light.ttf' (159K)
[2018.01.26-22.12.04:651][206]LogSlate: Took 0.000180 seconds to synchronously load lazily loaded font '../../../Engine/Content/Slate/Fonts/Roboto-Light.ttf' (159K)
[2018.01.26-22.12.05:161][206]LogContentBrowser: Native class hierarchy updated for 'BlueprintGraph' in 0.0012 seconds. Added 116 classes and 0 folders.
[2018.01.26-22.12.06:973][206]LogContentBrowser: Native class hierarchy updated for 'SkeletonEditor' in 0.0003 seconds. Added 1 classes and 2 folders.
[2018.01.26-22.12.07:287][206]LogActorComponent: RegisterComponentWithWorld: (/Engine/Transient.World_4:PersistentLevel.Actor_0.DebugSkelMeshComponent_0) Already registered. Aborting.
[2018.01.26-22.12.07:588][206]LogSkeletalMesh: USkeletalMeshComponent::InitArticulated : Bodies already created (/Engine/Transient.World_4:PersistentLevel.Actor_0.DebugSkelMeshComponent_0) - call TermArticulated first.
[2018.01.26-22.12.07:913][206]LogActorComponent: RegisterComponentWithWorld: (/Engine/Transient.World_6:PersistentLevel.Actor_1.DebugSkelMeshComponent_2) Already registered. Aborting.
[2018.01.26-22.12.07:946][206]LogSkeletalMesh: USkeletalMeshComponent::InitArticulated : Bodies already created (/Engine/Transient.World_6:PersistentLevel.Actor_1.DebugSkelMeshComponent_2) - call TermArticulated first.
[2018.01.26-22.12.08:274][206]LogActorComponent: RegisterComponentWithWorld: (/Engine/Transient.World_7:PersistentLevel.Actor_2.DebugSkelMeshComponent_3) Already registered. Aborting.
[2018.01.26-22.12.08:310][206]LogSkeletalMesh: USkeletalMeshComponent::InitArticulated : Bodies already created (/Engine/Transient.World_7:PersistentLevel.Actor_2.DebugSkelMeshComponent_3) - call TermArticulated first.
[2018.01.26-22.12.08:976][206]LogSlate: Took 0.000216 seconds to synchronously load lazily loaded font '../../../Engine/Content/Editor/Slate/Fonts/Roboto-BoldCondensed.ttf' (158K)
[2018.01.26-22.12.09:595][206]LogContentBrowser: Native class hierarchy updated for 'ClothingSystemEditorInterface' in 0.0003 seconds. Added 1 classes and 0 folders.
[2018.01.26-22.12.09:603][206]LogContentBrowser: Verbose: The majority of assets in the view are of type: AnimSequence
[2018.01.26-22.12.09:632][207]LogSlate: Took 0.000245 seconds to synchronously load lazily loaded font '../../../Engine/Content/Editor/Slate/Fonts/Roboto-Italic.ttf' (157K)
[2018.01.26-22.12.14:958][446]LogActorComponent: UnregisterComponent: (/Engine/Transient.EditorFloorComp) Not registered. Aborting.
[2018.01.26-22.12.24:344][937]LogMaterial: Missing cached shader map for material M_WeakSpot, compiling. 
[2018.01.26-22.12.24:445][937]LogContentBrowser: Native class hierarchy updated for 'MaterialEditor' in 0.0003 seconds. Added 1 classes and 0 folders.
[2018.01.26-22.12.24:449][937]LogMaterial: Missing cached shader map for material M_WeakSpot, compiling. 
[2018.01.26-22.12.24:606][937]LogMaterial: Missing cached shader map for material M_WeakSpot, compiling. 
[2018.01.26-22.12.27:677][ 80]MaterialEditorStats: Base pass shader: 99 instructions
[2018.01.26-22.12.27:677][ 80]MaterialEditorStats: Base pass shader with Volumetric Lightmap: 172 instructions
[2018.01.26-22.12.27:677][ 80]MaterialEditorStats: Vertex shader: 29 instructions
[2018.01.26-22.12.27:677][ 80]MaterialEditorStats: Texture samplers: 2/16
[2018.01.26-22.12.29:188][170]LogMaterial: Missing cached shader map for material M_WeakSpot, compiling. 
[2018.01.26-22.12.29:209][170]LogMaterial: Missing cached shader map for material FMatExpressionPreview MaterialExpressionConstant3Vector_0, compiling. 
[2018.01.26-22.12.29:517][186]LogMaterial: Missing cached shader map for material M_WeakSpot, compiling. 
[2018.01.26-22.12.29:542][186]LogMaterial: Missing cached shader map for material FMatExpressionPreview MaterialExpressionConstant3Vector_1, compiling. 
[2018.01.26-22.12.33:585][423]LogMaterial: Missing cached shader map for material M_WeakSpot, compiling. 
[2018.01.26-22.12.35:109][509]MaterialEditorStats: Base pass shader: 99 instructions
[2018.01.26-22.12.35:109][509]MaterialEditorStats: Base pass shader with Volumetric Lightmap: 172 instructions
[2018.01.26-22.12.35:109][509]MaterialEditorStats: Vertex shader: 29 instructions
[2018.01.26-22.12.35:109][509]MaterialEditorStats: Texture samplers: 2/16
[2018.01.26-22.12.43:056][871]LogMaterial: Missing cached shader map for material M_WeakSpot, compiling. 
[2018.01.26-22.12.44:123][932]LogMaterial: Missing cached shader map for material M_WeakSpot, compiling. 
[2018.01.26-22.12.45:101][989]LogMaterial: Missing cached shader map for material M_WeakSpot, compiling. 
[2018.01.26-22.12.45:138][989]LogMaterial: Missing cached shader map for material FMatExpressionPreview MaterialExpressionConstant3Vector_1, compiling. 
[2018.01.26-22.12.46:168][ 49]LogMaterial: Missing cached shader map for material M_WeakSpot, compiling. 
[2018.01.26-22.12.46:203][ 49]LogMaterial: Missing cached shader map for material FMatExpressionPreview MaterialExpressionConstant3Vector_0, compiling. 
[2018.01.26-22.12.47:250][110]LogMaterial: Missing cached shader map for material M_WeakSpot, compiling. 
[2018.01.26-22.12.49:062][214]MaterialEditorStats: Base pass shader: 99 instructions
[2018.01.26-22.12.49:062][214]MaterialEditorStats: Base pass shader with Volumetric Lightmap: 172 instructions
[2018.01.26-22.12.49:062][214]MaterialEditorStats: Vertex shader: 29 instructions
[2018.01.26-22.12.49:062][214]MaterialEditorStats: Texture samplers: 2/16
[2018.01.26-22.12.50:515][301]LogMaterial: Missing cached shader map for material M_WeakSpot, compiling. 
[2018.01.26-22.12.50:560][301]LogMaterial: Missing cached shader map for material M_WeakSpot, compiling. 
[2018.01.26-22.12.52:966][441]LogMaterial: Missing cached shader map for material M_WeakSpot, compiling. 
[2018.01.26-22.12.52:996][441]LogMaterial: Missing cached shader map for material M_WeakSpot, compiling. 
[2018.01.26-22.12.54:072][501]MaterialEditorStats: Base pass shader without light map: 24 instructions
[2018.01.26-22.12.54:073][501]MaterialEditorStats: Vertex shader: 122 instructions
[2018.01.26-22.12.54:073][501]MaterialEditorStats: Texture samplers: 3/16
[2018.01.26-22.12.57:963][733]LogMaterial: Missing cached shader map for material M_WeakSpot, compiling. 
[2018.01.26-22.12.57:982][733]LogMaterial: Missing cached shader map for material FMatExpressionPreview MaterialExpressionConstant3Vector_1, compiling. 
[2018.01.26-22.12.59:024][794]MaterialEditorStats: Base pass shader without light map: 48 instructions
[2018.01.26-22.12.59:024][794]MaterialEditorStats: Vertex shader: 122 instructions
[2018.01.26-22.12.59:024][794]MaterialEditorStats: Texture samplers: 3/16
[2018.01.26-22.13.01:055][916]LogHttp: Warning: 0000027FB34D1D80: request failed, libcurl error: 6 (Couldn't resolve host name)
[2018.01.26-22.13.01:055][916]LogHttp: Warning: 0000027FB34D1D80: libcurl info message cache 0 (Could not resolve host: datarouter.ol.epicgames.com)
[2018.01.26-22.13.01:055][916]LogHttp: Warning: 0000027FB34D1D80: libcurl info message cache 1 (Closing connection 0)
[2018.01.26-22.13.03:034][ 34]LogMaterial: Missing cached shader map for material M_WeakSpot, compiling. 
[2018.01.26-22.13.03:052][ 34]LogMaterial: Missing cached shader map for material FMatExpressionPreview MaterialExpressionConstant3Vector_0, compiling. 
[2018.01.26-22.13.04:126][ 97]MaterialEditorStats: Base pass shader without light map: 49 instructions
[2018.01.26-22.13.04:126][ 97]MaterialEditorStats: Vertex shader: 122 instructions
[2018.01.26-22.13.04:126][ 97]MaterialEditorStats: Texture samplers: 3/16
[2018.01.26-22.13.09:070][392]LogMaterial: Missing cached shader map for material M_WeakSpot, compiling. 
[2018.01.26-22.13.10:055][451]MaterialEditorStats: Base pass shader without light map: 46 instructions
[2018.01.26-22.13.10:055][451]MaterialEditorStats: Vertex shader: 122 instructions
[2018.01.26-22.13.10:055][451]MaterialEditorStats: Texture samplers: 3/16
[2018.01.26-22.13.24:521][316]LogMaterial: Missing cached shader map for material M_WeakSpot, compiling. 
[2018.01.26-22.13.25:491][374]MaterialEditorStats: Base pass shader without light map: 46 instructions
[2018.01.26-22.13.25:491][374]MaterialEditorStats: Vertex shader: 122 instructions
[2018.01.26-22.13.25:491][374]MaterialEditorStats: Texture samplers: 3/16
[2018.01.26-22.14.21:027][705]LogMaterial: Missing cached shader map for material M_WeakSpot, compiling. 
[2018.01.26-22.14.22:311][782]MaterialEditorStats: Base pass shader without light map: 49 instructions
[2018.01.26-22.14.22:311][782]MaterialEditorStats: Vertex shader: 122 instructions
[2018.01.26-22.14.22:311][782]MaterialEditorStats: Texture samplers: 3/16
[2018.01.26-22.14.25:984][  2]LogMaterial: Missing cached shader map for material M_WeakSpot, compiling. 
[2018.01.26-22.14.26:918][ 58]MaterialEditorStats: Base pass shader without light map: 48 instructions
[2018.01.26-22.14.26:918][ 58]MaterialEditorStats: Vertex shader: 122 instructions
[2018.01.26-22.14.26:918][ 58]MaterialEditorStats: Texture samplers: 3/16
[2018.01.26-22.14.31:520][331]LogMaterial: Missing cached shader map for material M_WeakSpot, compiling. 
[2018.01.26-22.14.32:499][387]MaterialEditorStats: Base pass shader without light map: 48 instructions
[2018.01.26-22.14.32:499][387]MaterialEditorStats: Vertex shader: 122 instructions
[2018.01.26-22.14.32:499][387]MaterialEditorStats: Texture samplers: 3/16
[2018.01.26-22.14.36:194][608]LogMaterial: Missing cached shader map for material M_WeakSpot, compiling. 
[2018.01.26-22.14.37:587][688]MaterialEditorStats: Base pass shader without light map: 48 instructions
[2018.01.26-22.14.37:587][688]MaterialEditorStats: Vertex shader: 122 instructions
[2018.01.26-22.14.37:587][688]MaterialEditorStats: Texture samplers: 3/16
[2018.01.26-22.14.40:333][852]LogMaterial: Missing cached shader map for material M_WeakSpot, compiling. 
[2018.01.26-22.14.41:459][917]LogMaterial: Missing cached shader map for material M_WeakSpot, compiling. 
[2018.01.26-22.14.41:478][917]LogMaterial: Missing cached shader map for material FMatExpressionPreview MaterialExpressionConstant3Vector_1, compiling. 
[2018.01.26-22.14.42:385][970]LogMaterial: Missing cached shader map for material M_WeakSpot, compiling. 
[2018.01.26-22.14.43:391][ 30]MaterialEditorStats: Base pass shader without light map: 48 instructions
[2018.01.26-22.14.43:391][ 30]MaterialEditorStats: Vertex shader: 122 instructions
[2018.01.26-22.14.43:391][ 30]MaterialEditorStats: Texture samplers: 3/16
[2018.01.26-22.14.43:910][ 61]LogMaterial: Missing cached shader map for material M_WeakSpot, compiling. 
[2018.01.26-22.14.44:895][120]MaterialEditorStats: Base pass shader without light map: 48 instructions
[2018.01.26-22.14.44:895][120]MaterialEditorStats: Vertex shader: 122 instructions
[2018.01.26-22.14.44:895][120]MaterialEditorStats: Texture samplers: 3/16
[2018.01.26-22.14.50:316][444]LogMaterial: Missing cached shader map for material M_WeakSpot, compiling. 
[2018.01.26-22.14.51:283][502]MaterialEditorStats: Base pass shader without light map: 46 instructions
[2018.01.26-22.14.51:283][502]MaterialEditorStats: Vertex shader: 122 instructions
[2018.01.26-22.14.51:283][502]MaterialEditorStats: Texture samplers: 3/16
[2018.01.26-22.15.00:955][998]LogSavePackage: Save=304.82ms
[2018.01.26-22.15.00:955][998]LogSavePackage: Moving '../../../../../Projects/Unreal Projects/GGJ2018/GGJ2018/Saved/ThirdPersonExampleMapE337B6754663997C742CD5B78F9B7EBF.tmp' to '../../../../../Projects/Unreal Projects/GGJ2018/GGJ2018/Content/ThirdPersonBP/Maps/ThirdPersonExampleMap.umap'
[2018.01.26-22.15.00:960][998]LogSavePackage: Display: Finished SavePackage ../../../../../Projects/Unreal Projects/GGJ2018/GGJ2018/Content/ThirdPersonBP/Maps/ThirdPersonExampleMap.umap
[2018.01.26-22.15.01:000][998]LogFileHelpers: Saving map 'ThirdPersonExampleMap' took 0.599
[2018.01.26-22.15.01:103][  4]LogHttp: Warning: 000002800CAD0D00: request failed, libcurl error: 6 (Couldn't resolve host name)
[2018.01.26-22.15.01:103][  4]LogHttp: Warning: 000002800CAD0D00: libcurl info message cache 0 (Could not resolve host: datarouter.ol.epicgames.com)
[2018.01.26-22.15.01:103][  4]LogHttp: Warning: 000002800CAD0D00: libcurl info message cache 1 (Closing connection 1)
[2018.01.26-22.15.04:598][210]LogD3D11RHI: Error: Result failed 
 at D:\Build\++UE4+Release-4.18+Compile\Sync\Engine\Source\Runtime\Windows\D3D11RHI\Private\D3D11Viewport.cpp:289 
 with error DXGI_ERROR_DEVICE_REMOVED DXGI_ERROR_DRIVER_INTERNAL_ERROR
[2018.01.26-22.15.04:598][210]LogWindows: Windows GetLastError: Операция успешно завершена. (0)
[2018.01.26-22.15.05:261][210]LogWindows: Windows GetLastError: Операция успешно завершена. (0)
[2018.01.26-22.15.05:261][210]LogWindows: Error: === Critical error: ===
[2018.01.26-22.15.05:261][210]LogWindows: Error: 
[2018.01.26-22.15.05:261][210]LogWindows: Error: Fatal error: [File:D:\Build\++UE4+Release-4.18+Compile\Sync\Engine\Source\Runtime\RenderCore\Private\RenderingThread.cpp] [Line: 813] 
[2018.01.26-22.15.05:261][210]LogWindows: Error: Rendering thread exception:
[2018.01.26-22.15.05:261][210]LogWindows: Error: Fatal error: [File:D:\Build\++UE4+Release-4.18+Compile\Sync\Engine\Source\Runtime\Windows\D3D11RHI\Private\D3D11Util.cpp] [Line: 182] 
[2018.01.26-22.15.05:261][210]LogWindows: Error: Unreal Engine is exiting due to D3D device being lost. (Error: 0x887A0020 - 'INTERNAL_ERROR')
[2018.01.26-22.15.05:261][210]LogWindows: Error: 
[2018.01.26-22.15.05:261][210]LogWindows: Error: 
[2018.01.26-22.15.05:261][210]LogWindows: Error: [Callstack] 0x00000000AFEE9D98 KERNELBASE.dll!UnknownFunction []
[2018.01.26-22.15.05:261][210]LogWindows: Error: [Callstack] 0x00000000A16E76D4 UE4Editor-ApplicationCore.dll!UnknownFunction []
[2018.01.26-22.15.05:261][210]LogWindows: Error: [Callstack] 0x000000007D78330B UE4Editor-Core.dll!UnknownFunction []
[2018.01.26-22.15.05:261][210]LogWindows: Error: [Callstack] 0x000000007D7147F9 UE4Editor-Core.dll!UnknownFunction []
[2018.01.26-22.15.05:261][210]LogWindows: Error: [Callstack] 0x00000000626B79FF UE4Editor-D3D11RHI.dll!UnknownFunction []
[2018.01.26-22.15.05:261][210]LogWindows: Error: [Callstack] 0x00000000626BBBC0 UE4Editor-D3D11RHI.dll!UnknownFunction []
[2018.01.26-22.15.05:261][210]LogWindows: Error: [Callstack] 0x000000006269B3FA UE4Editor-D3D11RHI.dll!UnknownFunction []
[2018.01.26-22.15.05:261][210]LogWindows: Error: [Callstack] 0x000000006269B35E UE4Editor-D3D11RHI.dll!UnknownFunction []
[2018.01.26-22.15.05:261][210]LogWindows: Error: [Callstack] 0x00000000626A83E8 UE4Editor-D3D11RHI.dll!UnknownFunction []
[2018.01.26-22.15.05:261][210]LogWindows: Error: [Callstack] 0x00000000A066E4F7 UE4Editor-RHI.dll!UnknownFunction []
[2018.01.26-22.15.05:262][210]LogWindows: Error: [Callstack] 0x0000000062480B45 UE4Editor-SlateRHIRenderer.dll!UnknownFunction []
[2018.01.26-22.15.05:262][210]LogWindows: Error: [Callstack] 0x00000000624860A9 UE4Editor-SlateRHIRenderer.dll!UnknownFunction []
[2018.01.26-22.15.05:262][210]LogWindows: Error: [Callstack] 0x000000007D5E4845 UE4Editor-Core.dll!UnknownFunction []
[2018.01.26-22.15.05:262][210]LogWindows: Error: [Callstack] 0x000000007D5E4E2A UE4Editor-Core.dll!UnknownFunction []
[2018.01.26-22.15.05:262][210]LogWindows: Error: [Callstack] 0x00000000A18222C4 UE4Editor-RenderCore.dll!UnknownFunction []
[2018.01.26-22.15.05:262][210]LogWindows: Error: [Callstack] 0x00000000A18232F6 UE4Editor-RenderCore.dll!UnknownFunction []
[2018.01.26-22.15.05:262][210]LogWindows: Error: [Callstack] 0x000000007D98092C UE4Editor-Core.dll!UnknownFunction []
[2018.01.26-22.15.05:262][210]LogWindows: Error: [Callstack] 0x000000007D972563 UE4Editor-Core.dll!UnknownFunction []
[2018.01.26-22.15.05:262][210]LogWindows: Error: [Callstack] 0x00000000B3492774 KERNEL32.DLL!UnknownFunction []
[2018.01.26-22.15.05:262][210]LogWindows: Error: [Callstack] 0x00000000B35D0D51 ntdll.dll!UnknownFunction []
[2018.01.26-22.15.05:262][210]LogWindows: Error: [Callstack] 0x00000000B35D0D51 ntdll.dll!UnknownFunction []
[2018.01.26-22.15.05:262][210]LogWindows: Error: 
[2018.01.26-22.15.05:262][210]LogWindows: Error: 
[2018.01.26-22.15.05:262][210]LogWindows: Error: 
[2018.01.26-22.15.05:262][210]LogWindows: Error: 
[2018.01.26-22.15.05:280][210]LogExit: Executing StaticShutdownAfterError
[2018.01.26-22.15.05:284][210]LogWindows: FPlatformMisc::RequestExit(1)
[2018.01.26-22.15.05:284][210]Log file closed, 01/27/18 01:15:05
