Log file open, 01/27/18 06:20:49
LogWindows: Failed to load 'aqProf.dll' (GetLastError=126)
LogWindows: File 'aqProf.dll' does not exist
LogWindows: Failed to load 'VSPerf140.dll' (GetLastError=126)
LogWindows: File 'VSPerf140.dll' does not exist
LogWindows: Failed to load 'VtuneApi.dll' (GetLastError=126)
LogWindows: File 'VtuneApi.dll' does not exist
LogWindows: Failed to load 'VtuneApi32e.dll' (GetLastError=126)
LogWindows: File 'VtuneApi32e.dll' does not exist
LogInit: Display: Running engine for game: GGJ2018
LogPlatformFile: Not using cached read wrapper
LogInit: Display: RandInit(-929763732) SRandInit(-929763732).
LogInit: Read version file with build ID '3709383'
LogInit: Overriding engine version to CL 3832480, compatible CL 3709383
LogInit: Registered custom module enumerator with build ID '3709383'
LogTaskGraph: Started task graph with 5 named threads and 14 total threads with 3 sets of task threads.
LogStats: Stats thread started at 0.194504
LogD3D11RHI: Aftermath initialized
LogModuleManager: Display: Found up-to-date module file ../../../Engine/Plugins/2D/Paper2D/Binaries/Win64/UE4Editor-Paper2D.dll (API version 3709383).
LogModuleManager: Display: Found up-to-date module file ../../../Engine/Plugins/2D/Paper2D/Binaries/Win64/UE4Editor-Paper2DEditor.dll (API version 3709383).
LogModuleManager: Display: Found up-to-date module file ../../../Engine/Plugins/2D/Paper2D/Binaries/Win64/UE4Editor-PaperSpriteSheetImporter.dll (API version 3709383).
LogModuleManager: Display: Found up-to-date module file ../../../Engine/Plugins/2D/Paper2D/Binaries/Win64/UE4Editor-PaperTiledImporter.dll (API version 3709383).
LogModuleManager: Display: Found up-to-date module file ../../../Engine/Plugins/2D/Paper2D/Binaries/Win64/UE4Editor-SmartSnapping.dll (API version 3709383).
LogModuleManager: Display: Found up-to-date module file ../../../Engine/Plugins/Blendables/LightPropagationVolume/Binaries/Win64/UE4Editor-LightPropagationVolumeRuntime.dll (API version 3709383).
LogModuleManager: Display: Found up-to-date module file ../../../Engine/Plugins/Blendables/LightPropagationVolume/Binaries/Win64/UE4Editor-LightPropagationVolumeEditor.dll (API version 3709383).
LogModuleManager: Display: Found up-to-date module file ../../../Engine/Plugins/Developer/GitSourceControl/Binaries/Win64/UE4Editor-GitSourceControl.dll (API version 3709383).
LogModuleManager: Display: Found up-to-date module file ../../../Engine/Plugins/Developer/PerforceSourceControl/Binaries/Win64/UE4Editor-PerforceSourceControl.dll (API version 3709383).
LogModuleManager: Display: Found up-to-date module file ../../../Engine/Plugins/Developer/SubversionSourceControl/Binaries/Win64/UE4Editor-SubversionSourceControl.dll (API version 3709383).
LogModuleManager: Display: Found up-to-date module file ../../../Engine/Plugins/Developer/UObjectPlugin/Binaries/Win64/UE4Editor-UObjectPlugin.dll (API version 3709383).
LogModuleManager: Display: Found up-to-date module file ../../../Engine/Plugins/Developer/VisualStudioCodeSourceCodeAccess/Binaries/Win64/UE4Editor-VisualStudioCodeSourceCodeAccess.dll (API version 3709383).
LogModuleManager: Display: Found up-to-date module file ../../../Engine/Plugins/Developer/VisualStudioSourceCodeAccess/Binaries/Win64/UE4Editor-VisualStudioSourceCodeAccess.dll (API version 3709383).
LogModuleManager: Display: Found up-to-date module file ../../../Engine/Plugins/Editor/AssetManagerEditor/Binaries/Win64/UE4Editor-AssetManagerEditor.dll (API version 3709383).
LogModuleManager: Display: Found up-to-date module file ../../../Engine/Plugins/Editor/AudioCapture/Binaries/Win64/UE4Editor-AudioCapture.dll (API version 3709383).
LogModuleManager: Display: Found up-to-date module file ../../../Engine/Plugins/Editor/FacialAnimation/Binaries/Win64/UE4Editor-FacialAnimation.dll (API version 3709383).
LogModuleManager: Display: Found up-to-date module file ../../../Engine/Plugins/Editor/FacialAnimation/Binaries/Win64/UE4Editor-FacialAnimationEditor.dll (API version 3709383).
LogModuleManager: Display: Found up-to-date module file ../../../Engine/Plugins/Editor/GameplayTagsEditor/Binaries/Win64/UE4Editor-GameplayTagsEditor.dll (API version 3709383).
LogModuleManager: Display: Found up-to-date module file ../../../Engine/Plugins/Editor/MobileLauncherProfileWizard/Binaries/Win64/UE4Editor-MobileLauncherProfileWizard.dll (API version 3709383).
LogModuleManager: Display: Found up-to-date module file ../../../Engine/Plugins/Editor/PluginBrowser/Binaries/Win64/UE4Editor-PluginBrowser.dll (API version 3709383).
LogModuleManager: Display: Found up-to-date module file ../../../Engine/Plugins/Editor/SpeedTreeImporter/Binaries/Win64/UE4Editor-SpeedTreeImporter.dll (API version 3709383).
LogModuleManager: Display: Found up-to-date module file ../../../Engine/Plugins/Experimental/AlembicImporter/Binaries/Win64/UE4Editor-AlembicImporter.dll (API version 3709383).
LogModuleManager: Display: Found up-to-date module file ../../../Engine/Plugins/Experimental/AlembicImporter/Binaries/Win64/UE4Editor-AlembicLibrary.dll (API version 3709383).
LogModuleManager: Display: Found up-to-date module file ../../../Engine/Plugins/Experimental/CharacterAI/Binaries/Win64/UE4Editor-CharacterAI.dll (API version 3709383).
LogModuleManager: Display: Found up-to-date module file ../../../Engine/Plugins/Experimental/HTML5Networking/Binaries/Win64/UE4Editor-HTML5Networking.dll (API version 3709383).
LogModuleManager: Display: Found up-to-date module file ../../../Engine/Plugins/Media/AndroidMedia/Binaries/Win64/UE4Editor-AndroidMediaEditor.dll (API version 3709383).
LogModuleManager: Display: Found up-to-date module file ../../../Engine/Plugins/Media/AndroidMedia/Binaries/Win64/UE4Editor-AndroidMediaFactory.dll (API version 3709383).
LogModuleManager: Display: Found up-to-date module file ../../../Engine/Plugins/Media/AvfMedia/Binaries/Win64/UE4Editor-AvfMediaEditor.dll (API version 3709383).
LogModuleManager: Display: Found up-to-date module file ../../../Engine/Plugins/Media/AvfMedia/Binaries/Win64/UE4Editor-AvfMediaFactory.dll (API version 3709383).
LogModuleManager: Display: Found up-to-date module file ../../../Engine/Plugins/Media/AvfMedia/Binaries/Win64/UE4Editor-AvfMediaFactory.dll (API version 3709383).
LogModuleManager: Display: Found up-to-date module file ../../../Engine/Plugins/Media/ImgMedia/Binaries/Win64/UE4Editor-ImgMedia.dll (API version 3709383).
LogModuleManager: Display: Found up-to-date module file ../../../Engine/Plugins/Media/ImgMedia/Binaries/Win64/UE4Editor-ImgMediaEditor.dll (API version 3709383).
LogModuleManager: Display: Found up-to-date module file ../../../Engine/Plugins/Media/ImgMedia/Binaries/Win64/UE4Editor-ImgMediaFactory.dll (API version 3709383).
LogModuleManager: Display: Found up-to-date module file ../../../Engine/Plugins/Media/ImgMedia/Binaries/Win64/UE4Editor-ImgMediaFactory.dll (API version 3709383).
LogModuleManager: Display: Found up-to-date module file ../../../Engine/Plugins/Media/ImgMedia/Binaries/Win64/UE4Editor-OpenExrWrapper.dll (API version 3709383).
LogModuleManager: Display: Found up-to-date module file ../../../Engine/Plugins/Media/MediaCompositing/Binaries/Win64/UE4Editor-MediaCompositing.dll (API version 3709383).
LogModuleManager: Display: Found up-to-date module file ../../../Engine/Plugins/Media/MediaCompositing/Binaries/Win64/UE4Editor-MediaCompositingEditor.dll (API version 3709383).
LogModuleManager: Display: Found up-to-date module file ../../../Engine/Plugins/Media/MediaPlayerEditor/Binaries/Win64/UE4Editor-MediaPlayerEditor.dll (API version 3709383).
LogModuleManager: Display: Found up-to-date module file ../../../Engine/Plugins/Media/WmfMedia/Binaries/Win64/UE4Editor-WmfMedia.dll (API version 3709383).
LogModuleManager: Display: Found up-to-date module file ../../../Engine/Plugins/Media/WmfMedia/Binaries/Win64/UE4Editor-WmfMediaEditor.dll (API version 3709383).
LogModuleManager: Display: Found up-to-date module file ../../../Engine/Plugins/Media/WmfMedia/Binaries/Win64/UE4Editor-WmfMediaFactory.dll (API version 3709383).
LogModuleManager: Display: Found up-to-date module file ../../../Engine/Plugins/Media/WmfMedia/Binaries/Win64/UE4Editor-WmfMediaFactory.dll (API version 3709383).
LogModuleManager: Display: Found up-to-date module file ../../../Engine/Plugins/Messaging/TcpMessaging/Binaries/Win64/UE4Editor-TcpMessaging.dll (API version 3709383).
LogModuleManager: Display: Found up-to-date module file ../../../Engine/Plugins/Messaging/UdpMessaging/Binaries/Win64/UE4Editor-UdpMessaging.dll (API version 3709383).
LogModuleManager: Display: Found up-to-date module file ../../../Engine/Plugins/MovieScene/ActorSequence/Binaries/Win64/UE4Editor-ActorSequence.dll (API version 3709383).
LogModuleManager: Display: Found up-to-date module file ../../../Engine/Plugins/MovieScene/LevelSequenceEditor/Binaries/Win64/UE4Editor-LevelSequenceEditor.dll (API version 3709383).
LogModuleManager: Display: Found up-to-date module file ../../../Engine/Plugins/MovieScene/MatineeToLevelSequence/Binaries/Win64/UE4Editor-MatineeToLevelSequence.dll (API version 3709383).
LogModuleManager: Display: Found up-to-date module file ../../../Engine/Plugins/Online/OnlineSubsystem/Binaries/Win64/UE4Editor-OnlineSubsystem.dll (API version 3709383).
LogModuleManager: Display: Found up-to-date module file ../../../Engine/Plugins/Runtime/AndroidPermission/Binaries/Win64/UE4Editor-AndroidPermission.dll (API version 3709383).
LogModuleManager: Display: Found up-to-date module file ../../../Engine/Plugins/Online/OnlineSubsystemNull/Binaries/Win64/UE4Editor-OnlineSubsystemNull.dll (API version 3709383).
LogModuleManager: Display: Found up-to-date module file ../../../Engine/Plugins/Online/OnlineSubsystemUtils/Binaries/Win64/UE4Editor-OnlineSubsystemUtils.dll (API version 3709383).
LogModuleManager: Display: Found up-to-date module file ../../../Engine/Plugins/Online/OnlineSubsystemUtils/Binaries/Win64/UE4Editor-OnlineBlueprintSupport.dll (API version 3709383).
LogModuleManager: Display: Found up-to-date module file ../../../Engine/Plugins/Runtime/AndroidDeviceProfileSelector/Binaries/Win64/UE4Editor-AndroidDeviceProfileSelector.dll (API version 3709383).
LogModuleManager: Display: Found up-to-date module file ../../../Engine/Plugins/Runtime/AppleARKit/Binaries/Win64/UE4Editor-AppleARKit.dll (API version 3709383).
LogModuleManager: Display: Found up-to-date module file ../../../Engine/Plugins/Runtime/ArchVisCharacter/Binaries/Win64/UE4Editor-ArchVisCharacter.dll (API version 3709383).
LogModuleManager: Display: Found up-to-date module file ../../../Engine/Plugins/Runtime/CableComponent/Binaries/Win64/UE4Editor-CableComponent.dll (API version 3709383).
LogModuleManager: Display: Found up-to-date module file ../../../Engine/Plugins/Runtime/CustomMeshComponent/Binaries/Win64/UE4Editor-CustomMeshComponent.dll (API version 3709383).
LogModuleManager: Display: Found up-to-date module file ../../../Engine/Plugins/Runtime/ExampleDeviceProfileSelector/Binaries/Win64/UE4Editor-ExampleDeviceProfileSelector.dll (API version 3709383).
LogModuleManager: Display: Found up-to-date module file ../../../Engine/Plugins/Runtime/ImmediatePhysics/Binaries/Win64/UE4Editor-ImmediatePhysics.dll (API version 3709383).
LogModuleManager: Display: Found up-to-date module file ../../../Engine/Plugins/Runtime/ImmediatePhysics/Binaries/Win64/UE4Editor-ImmediatePhysicsEditor.dll (API version 3709383).
LogModuleManager: Display: Found up-to-date module file ../../../Engine/Plugins/Runtime/LocationServicesBPLibrary/Binaries/Win64/UE4Editor-LocationServicesBPLibrary.dll (API version 3709383).
LogModuleManager: Display: Found up-to-date module file ../../../Engine/Plugins/Runtime/MobilePatchingUtils/Binaries/Win64/UE4Editor-MobilePatchingUtils.dll (API version 3709383).
LogModuleManager: Display: Found up-to-date module file ../../../Engine/Plugins/Runtime/Oculus/OculusVR/Binaries/Win64/UE4Editor-OculusHMD.dll (API version 3709383).
LogModuleManager: Display: Found up-to-date module file ../../../Engine/Plugins/Runtime/Oculus/OculusVR/Binaries/Win64/UE4Editor-OculusInput.dll (API version 3709383).
LogModuleManager: Display: Found up-to-date module file ../../../Engine/Plugins/Runtime/Oculus/OculusVR/Binaries/Win64/UE4Editor-OculusEditor.dll (API version 3709383).
LogModuleManager: Display: Found up-to-date module file ../../../Engine/Plugins/Runtime/PhysXVehicles/Binaries/Win64/UE4Editor-PhysXVehicles.dll (API version 3709383).
LogModuleManager: Display: Found up-to-date module file ../../../Engine/Plugins/Runtime/PhysXVehicles/Binaries/Win64/UE4Editor-PhysXVehiclesEditor.dll (API version 3709383).
LogModuleManager: Display: Found up-to-date module file ../../../Engine/Plugins/Runtime/ProceduralMeshComponent/Binaries/Win64/UE4Editor-ProceduralMeshComponent.dll (API version 3709383).
LogModuleManager: Display: Found up-to-date module file ../../../Engine/Plugins/Runtime/ProceduralMeshComponent/Binaries/Win64/UE4Editor-ProceduralMeshComponentEditor.dll (API version 3709383).
LogModuleManager: Display: Found up-to-date module file ../../../Engine/Plugins/Runtime/RuntimePhysXCooking/Binaries/Win64/UE4Editor-RuntimePhysXCooking.dll (API version 3709383).
LogModuleManager: Display: Found up-to-date module file ../../../Engine/Plugins/Runtime/Steam/SteamVR/Binaries/Win64/UE4Editor-SteamVR.dll (API version 3709383).
LogModuleManager: Display: Found up-to-date module file ../../../Engine/Plugins/Runtime/Steam/SteamVR/Binaries/Win64/UE4Editor-SteamVRController.dll (API version 3709383).
LogModuleManager: Display: Found up-to-date module file ../../../Engine/Plugins/Runtime/WindowsMoviePlayer/Binaries/Win64/UE4Editor-WindowsMoviePlayer.dll (API version 3709383).
LogPluginManager: Mounting plugin Paper2D
LogPluginManager: Mounting plugin LightPropagationVolume
LogPluginManager: Mounting plugin CodeLiteSourceCodeAccess
LogPluginManager: Mounting plugin GitSourceControl
LogPluginManager: Mounting plugin KDevelopSourceCodeAccess
LogPluginManager: Mounting plugin NullSourceCodeAccess
LogPluginManager: Mounting plugin PerforceSourceControl
LogPluginManager: Mounting plugin SubversionSourceControl
LogPluginManager: Mounting plugin UObjectPlugin
LogPluginManager: Mounting plugin VisualStudioCodeSourceCodeAccess
LogPluginManager: Mounting plugin VisualStudioSourceCodeAccess
LogPluginManager: Mounting plugin XCodeSourceCodeAccess
LogPluginManager: Mounting plugin AssetManagerEditor
LogPluginManager: Mounting plugin AudioCapture
LogPluginManager: Mounting plugin FacialAnimation
LogPluginManager: Mounting plugin GameplayTagsEditor
LogPluginManager: Mounting plugin MobileLauncherProfileWizard
LogPluginManager: Mounting plugin PluginBrowser
LogPluginManager: Mounting plugin SpeedTreeImporter
LogPluginManager: Mounting plugin AlembicImporter
LogPluginManager: Mounting plugin CharacterAI
LogPluginManager: Mounting plugin HTML5Networking
LogPluginManager: Mounting plugin AndroidMedia
LogPluginManager: Mounting plugin AvfMedia
LogPluginManager: Mounting plugin ImgMedia
LogPluginManager: Mounting plugin MediaCompositing
LogPluginManager: Mounting plugin MediaPlayerEditor
LogPluginManager: Mounting plugin WmfMedia
LogPluginManager: Mounting plugin TcpMessaging
LogPluginManager: Mounting plugin UdpMessaging
LogPluginManager: Mounting plugin ActorSequence
LogPluginManager: Mounting plugin LevelSequenceEditor
LogPluginManager: Mounting plugin MatineeToLevelSequence
LogPluginManager: Mounting plugin OnlineSubsystemGooglePlay
LogPluginManager: Mounting plugin OnlineSubsystemIOS
LogPluginManager: Mounting plugin OnlineSubsystem
LogPluginManager: Mounting plugin OnlineSubsystemNull
LogPluginManager: Mounting plugin OnlineSubsystemUtils
LogPluginManager: Mounting plugin AndroidDeviceProfileSelector
LogPluginManager: Mounting plugin AndroidMoviePlayer
LogPluginManager: Mounting plugin AndroidPermission
LogPluginManager: Mounting plugin AppleARKit
LogPluginManager: Mounting plugin AppleMoviePlayer
LogPluginManager: Mounting plugin ArchVisCharacter
LogPluginManager: Mounting plugin CableComponent
LogPluginManager: Mounting plugin CustomMeshComponent
LogPluginManager: Mounting plugin ExampleDeviceProfileSelector
LogPluginManager: Mounting plugin GoogleCloudMessaging
LogPluginManager: Mounting plugin ImmediatePhysics
LogPluginManager: Mounting plugin IOSDeviceProfileSelector
LogPluginManager: Mounting plugin LinuxDeviceProfileSelector
LogPluginManager: Mounting plugin LocationServicesBPLibrary
LogPluginManager: Mounting plugin MobilePatchingUtils
LogPluginManager: Mounting plugin OculusVR
LogPluginManager: Plugin shader directory ../../../Engine/Plugins/Runtime/Oculus/OculusVR/Shaders found
LogPluginManager: Mapping shader source directory ../../../Engine/Plugins/Runtime/Oculus/OculusVR/Shaders to virtual directory /Plugin/OculusVR
LogPluginManager: Mounting plugin PhysXVehicles
LogPluginManager: Mounting plugin ProceduralMeshComponent
LogPluginManager: Mounting plugin RuntimePhysXCooking
LogPluginManager: Mounting plugin SteamVR
LogPluginManager: Mounting plugin WindowsMoviePlayer
LogInit: Using libcurl 7.47.1
LogInit:  - built for x86_64-pc-win32
LogInit:  - supports SSL with OpenSSL/1.0.2g
LogInit:  - supports HTTP deflate (compression) using libz 1.2.8
LogInit:  - other features:
LogInit:      CURL_VERSION_SSL
LogInit:      CURL_VERSION_LIBZ
LogInit:      CURL_VERSION_IPV6
LogInit:      CURL_VERSION_ASYNCHDNS
LogInit:      CURL_VERSION_LARGEFILE
LogInit:      CURL_VERSION_IDN
LogInit:  CurlRequestOptions (configurable via config and command line):
LogInit:  - bVerifyPeer = false  - Libcurl will NOT verify peer certificate
LogInit:  - bUseHttpProxy = false  - Libcurl will NOT use HTTP proxy
LogInit:  - bDontReuseConnections = false  - Libcurl will reuse connections
LogInit:  - CertBundlePath = nullptr  - Libcurl will use whatever was configured at build time.
LogInit: Build: ++UE4+Release-4.18-CL-3832480
LogInit: Engine Version: 4.18.3-3832480+++UE4+Release-4.18
LogInit: Compatible Engine Version: 4.18.0-3709383+++UE4+Release-4.18
LogInit: Net CL: 3709383
LogDevObjectVersion: Number of dev versions registered: 16
LogDevObjectVersion:   Dev-Blueprints (B0D832E4-1F89-4F0D-ACCF-7EB736FD4AA2): 10
LogDevObjectVersion:   Dev-Build (E1C64328-A22C-4D53-A36C-8E866417BD8C): 0
LogDevObjectVersion:   Dev-Core (375EC13C-06E4-48FB-B500-84F0262A717E): 2
LogDevObjectVersion:   Dev-Editor (E4B068ED-F494-42E9-A231-DA0B2E46BB41): 20
LogDevObjectVersion:   Dev-Framework (CFFC743F-43B0-4480-9391-14DF171D2073): 30
LogDevObjectVersion:   Dev-Mobile (B02B49B5-BB20-44E9-A304-32B752E40360): 0
LogDevObjectVersion:   Dev-Networking (A4E4105C-59A1-49B5-A7C5-40C4547EDFEE): 0
LogDevObjectVersion:   Dev-Online (39C831C9-5AE6-47DC-9A44-9C173E1C8E7C): 0
LogDevObjectVersion:   Dev-Physics (78F01B33-EBEA-4F98-B9B4-84EACCB95AA2): 0
LogDevObjectVersion:   Dev-Platform (6631380F-2D4D-43E0-8009-CF276956A95A): 0
LogDevObjectVersion:   Dev-Rendering (12F88B9F-8875-4AFC-A67C-D90C383ABD29): 20
LogDevObjectVersion:   Dev-Sequencer (7B5AE74C-D270-4C10-A958-57980B212A5A): 4
LogDevObjectVersion:   Dev-VR (D7296918-1DD6-4BDD-9DE2-64A83CC13884): 0
LogDevObjectVersion:   Dev-LoadTimes (C2A15278-BFE7-4AFE-6C17-90FF531DF755): 1
LogDevObjectVersion:   Private-Geometry (6EACA3D4-40EC-4CC1-B786-8BED09428FC5): 1
LogDevObjectVersion:   Dev-AnimPhys (29E575DD-E0A3-4627-9D10-D276232CDCEA): 12
LogInit: Compiled (64-bit): Jan 12 2018 02:04:55
LogInit: Compiled with Visual C++: 19.00.24215.01
LogInit: Build Configuration: Development
LogInit: Branch Name: ++UE4+Release-4.18
LogInit: Command line: 
LogInit: Base directory: D:/Epic Games/UE_4.18/Engine/Binaries/Win64/
LogInit: Installed Engine Build: 1
LogInit: Presizing for max 8388607 objects, including 0 objects not considered by GC, pre-allocating 0 bytes for permanent pool.
LogInit: Object subsystem initialized
[2018.01.27-03.20.51:477][  0]LogInit: Selected Device Profile: [Windows]
[2018.01.27-03.20.51:477][  0]LogInit: Applying CVar settings loaded from the selected device profile: [Windows]
[2018.01.27-03.20.51:512][  0]LogInit: Computer: DESKTOP-R47TH6J
[2018.01.27-03.20.51:512][  0]LogInit: User: Wheatley
[2018.01.27-03.20.51:512][  0]LogInit: CPU Page size=4096, Cores=4
[2018.01.27-03.20.51:512][  0]LogInit: High frequency timer resolution =2.338347 MHz
[2018.01.27-03.20.51:512][  0]LogMemory: Memory total: Physical=7.9GB (8GB approx)
[2018.01.27-03.20.51:512][  0]LogMemory: Platform Memory Stats for Windows
[2018.01.27-03.20.51:512][  0]LogMemory: Process Physical Memory: 272.71 MB used, 272.71 MB peak
[2018.01.27-03.20.51:512][  0]LogMemory: Process Virtual Memory: 271.61 MB used, 271.61 MB peak
[2018.01.27-03.20.51:512][  0]LogMemory: Physical Memory: 3809.96 MB used,  4298.40 MB free, 8108.36 MB total
[2018.01.27-03.20.51:512][  0]LogMemory: Virtual Memory: 646.13 MB used,  4298.40 MB free, 134217728.00 MB total
[2018.01.27-03.20.51:729][  0]LogInit: Using OS detected language (ru-RU).
[2018.01.27-03.20.51:729][  0]LogInit: Using OS detected locale (ru-RU).
[2018.01.27-03.20.51:732][  0]LogTextLocalizationManager: No localization for 'ru-RU' exists, so 'en' will be used for the language.
[2018.01.27-03.20.51:733][  0]LogTextLocalizationManager: No localization for 'ru-RU' exists, so 'en' will be used for the locale.
[2018.01.27-03.20.52:294][  0]LogInit: Setting process to per monitor DPI aware
[2018.01.27-03.20.52:687][  0]LogD3D11RHI: D3D11 adapters:
[2018.01.27-03.20.52:716][  0]LogD3D11RHI:    0. 'AMD Radeon R7 M265 Series' (Feature Level 11_0)
[2018.01.27-03.20.52:716][  0]LogD3D11RHI:       2028/0/4054 MB DedicatedVideo/DedicatedSystem/SharedSystem, Outputs:1, VendorId:0x1002
[2018.01.27-03.20.52:723][  0]LogD3D11RHI:    1. 'Intel(R) HD Graphics 4600' (Feature Level 11_0)
[2018.01.27-03.20.52:724][  0]LogD3D11RHI:       112/0/2048 MB DedicatedVideo/DedicatedSystem/SharedSystem, Outputs:0, VendorId:0x8086
[2018.01.27-03.20.52:726][  0]LogD3D11RHI:    2. 'Microsoft Basic Render Driver' (Feature Level 11_0)
[2018.01.27-03.20.52:726][  0]LogD3D11RHI:       0/0/4054 MB DedicatedVideo/DedicatedSystem/SharedSystem, Outputs:0, VendorId:0x1414
[2018.01.27-03.20.52:726][  0]LogD3D11RHI: Chosen D3D11 Adapter: 0
[2018.01.27-03.20.52:734][  0]LogD3D11RHI: Creating new Direct3DDevice
[2018.01.27-03.20.52:734][  0]LogD3D11RHI:     GPU DeviceId: 0x6604 (for the marketing name, search the web for "GPU Device Id")
[2018.01.27-03.20.52:734][  0]LogWindows: EnumDisplayDevices:
[2018.01.27-03.20.52:734][  0]LogWindows:    0. 'Intel(R) HD Graphics 4600' (P:1 D:1)
[2018.01.27-03.20.52:735][  0]LogWindows:    1. 'Intel(R) HD Graphics 4600' (P:0 D:0)
[2018.01.27-03.20.52:735][  0]LogWindows:    2. 'Intel(R) HD Graphics 4600' (P:0 D:0)
[2018.01.27-03.20.52:735][  0]LogWindows:    3. 'AMD Radeon R7 M265 Series' (P:0 D:0)
[2018.01.27-03.20.52:735][  0]LogWindows:    4. 'AMD Radeon R7 M265 Series' (P:0 D:0)
[2018.01.27-03.20.52:735][  0]LogWindows:    5. 'AMD Radeon R7 M265 Series' (P:0 D:0)
[2018.01.27-03.20.52:736][  0]LogWindows:    6. 'AMD Radeon R7 M265 Series' (P:0 D:0)
[2018.01.27-03.20.52:736][  0]LogWindows:    7. 'AMD Radeon R7 M265 Series' (P:0 D:0)
[2018.01.27-03.20.52:736][  0]LogWindows:    8. 'AMD Radeon R7 M265 Series' (P:0 D:0)
[2018.01.27-03.20.52:736][  0]LogWindows:    9. 'AMD Radeon R7 M265 Series' (P:0 D:0)
[2018.01.27-03.20.52:737][  0]LogWindows:    10. 'AMD Radeon R7 M265 Series' (P:0 D:0)
[2018.01.27-03.20.52:737][  0]LogWindows:    11. 'AMD Radeon R7 M265 Series' (P:0 D:0)
[2018.01.27-03.20.52:737][  0]LogWindows:    12. 'AMD Radeon R7 M265 Series' (P:0 D:0)
[2018.01.27-03.20.52:737][  0]LogWindows:    13. 'AMD Radeon R7 M265 Series' (P:0 D:0)
[2018.01.27-03.20.52:738][  0]LogWindows:    14. 'AMD Radeon R7 M265 Series' (P:0 D:0)
[2018.01.27-03.20.52:738][  0]LogWindows:    15. 'AMD Radeon R7 M265 Series' (P:0 D:0)
[2018.01.27-03.20.52:738][  0]LogWindows:    16. 'AMD Radeon R7 M265 Series' (P:0 D:0)
[2018.01.27-03.20.52:738][  0]LogWindows:    17. 'AMD Radeon R7 M265 Series' (P:0 D:0)
[2018.01.27-03.20.52:739][  0]LogWindows:    18. 'AMD Radeon R7 M265 Series' (P:0 D:0)
[2018.01.27-03.20.52:739][  0]LogWindows: DebugString: PrimaryIsNotTheChoosenAdapter PrimaryIsNotTheChoosenAdapter PrimaryIsNotTheChoosenAdapter FoundDriverCount:16 
[2018.01.27-03.20.52:739][  0]LogD3D11RHI:     Adapter Name: AMD Radeon R7 M265 Series
[2018.01.27-03.20.52:739][  0]LogD3D11RHI:   Driver Version: Crimson ReLive 17.11.1 (internal:23.20.788.0, unified:23.20.788.0)
[2018.01.27-03.20.52:739][  0]LogD3D11RHI:      Driver Date: 11-2-2017
[2018.01.27-03.20.52:739][  0]LogRHI: Texture pool is 1419 MB (70% of 2028 MB)
[2018.01.27-03.20.52:778][  0]LogD3D11RHI: Async texture creation enabled
[2018.01.27-03.20.52:791][  0]LogD3D11RHI: GPU Timing Frequency: 27.000000 (Debug: 2 1)
[2018.01.27-03.20.52:791][  0]LogShaderCompilers: Guid format shader working directory is -7 characters bigger than the processId version (../../../../../Projects/Unreal Projects/GGJ2018/GGJ2018/Intermediate/Shaders/WorkingDirectory/13876/).
[2018.01.27-03.20.52:792][  0]LogShaderCompilers: Cleaned the shader compiler working directory 'C:/Users/Wheatley/AppData/Local/Temp/UnrealShaderWorkingDir/A7522A584123521BDA62D2A1918E8B18/'.
[2018.01.27-03.20.52:792][  0]LogShaderCompilers: Display: Using Local Shader Compiler.
[2018.01.27-03.20.53:985][  0]LogTemp: Display: Loaded TP AllDesktopTargetPlatform
[2018.01.27-03.20.54:039][  0]LogTemp: Display: Loaded TP MacClientTargetPlatform
[2018.01.27-03.20.54:092][  0]LogTemp: Display: Loaded TP MacNoEditorTargetPlatform
[2018.01.27-03.20.54:147][  0]LogTemp: Display: Loaded TP MacServerTargetPlatform
[2018.01.27-03.20.54:202][  0]LogTemp: Display: Loaded TP MacTargetPlatform
[2018.01.27-03.20.54:256][  0]LogTemp: Display: Loaded TP WindowsClientTargetPlatform
[2018.01.27-03.20.54:310][  0]LogTemp: Display: Loaded TP WindowsNoEditorTargetPlatform
[2018.01.27-03.20.54:365][  0]LogTemp: Display: Loaded TP WindowsServerTargetPlatform
[2018.01.27-03.20.54:409][  0]LogTemp: Display: Loaded TP WindowsTargetPlatform
[2018.01.27-03.20.54:462][  0]LogTemp: Display: Loaded TP Android_ASTCTargetPlatform
[2018.01.27-03.20.54:515][  0]LogTemp: Display: Loaded TP Android_ATCTargetPlatform
[2018.01.27-03.20.54:567][  0]LogTemp: Display: Loaded TP Android_DXTTargetPlatform
[2018.01.27-03.20.54:620][  0]LogTemp: Display: Loaded TP Android_ETC1TargetPlatform
[2018.01.27-03.20.54:672][  0]LogTemp: Display: Loaded TP Android_ETC2TargetPlatform
[2018.01.27-03.20.54:778][  0]LogTemp: Display: Loaded TP Android_MultiTargetPlatform
[2018.01.27-03.20.54:778][  0]LogTemp: Display: Loaded TP Android_PVRTCTargetPlatform
[2018.01.27-03.20.54:831][  0]LogTemp: Display: Loaded TP AndroidTargetPlatform
[2018.01.27-03.20.54:868][  0]LogTemp: Display: Loaded TP HTML5TargetPlatform
[2018.01.27-03.20.54:960][  0]LogTemp: Display: Loaded TP IOSTargetPlatform
[2018.01.27-03.20.54:990][  0]LogTemp: Display: Loaded TP TVOSTargetPlatform
[2018.01.27-03.20.55:043][  0]LogTemp: Display: Loaded TP LinuxClientTargetPlatform
[2018.01.27-03.20.55:096][  0]LogTemp: Display: Loaded TP LinuxNoEditorTargetPlatform
[2018.01.27-03.20.55:149][  0]LogTemp: Display: Loaded TP LinuxServerTargetPlatform
[2018.01.27-03.20.55:202][  0]LogTemp: Display: Loaded TP LinuxTargetPlatform
[2018.01.27-03.20.55:202][  0]LogTargetPlatformManager: Display: Building Assets For Windows
[2018.01.27-03.20.55:658][  0]LogDerivedDataCache: Display: Max Cache Size: 512 MB
[2018.01.27-03.20.55:775][  0]LogDerivedDataCache: Loaded boot cache 0.12s 78MB C:/Users/Wheatley/AppData/Local/UnrealEngine/4.18/DerivedDataCache/Boot.ddc.
[2018.01.27-03.20.55:775][  0]LogDerivedDataCache: Display: Loaded Boot cache: C:/Users/Wheatley/AppData/Local/UnrealEngine/4.18/DerivedDataCache/Boot.ddc
[2018.01.27-03.20.55:775][  0]LogDerivedDataCache: FDerivedDataBackendGraph:  Pak pak cache file ../../../../../Projects/Unreal Projects/GGJ2018/GGJ2018/DerivedDataCache/DDC.ddp not found, will not use a pak cache.
[2018.01.27-03.20.55:775][  0]LogDerivedDataCache: Unable to find inner node Pak for hierarchical cache Hierarchy.
[2018.01.27-03.20.55:775][  0]LogDerivedDataCache: FDerivedDataBackendGraph:  CompressedPak pak cache file ../../../../../Projects/Unreal Projects/GGJ2018/GGJ2018/DerivedDataCache/Compressed.ddp not found, will not use a pak cache.
[2018.01.27-03.20.55:775][  0]LogDerivedDataCache: Unable to find inner node CompressedPak for hierarchical cache Hierarchy.
[2018.01.27-03.20.55:797][  0]LogDerivedDataCache: Display: Pak cache opened for reading ../../../Engine/DerivedDataCache/Compressed.ddp.
[2018.01.27-03.20.55:809][  0]LogDerivedDataCache: Using Local data cache path C:/Users/Wheatley/AppData/Local/UnrealEngine/Common/DerivedDataCache: Writable
[2018.01.27-03.20.55:822][  0]LogMaterial: Verifying Global Shaders for PCD3D_SM5
[2018.01.27-03.20.55:823][  0]LogSlate: Using Freetype 2.6.0
[2018.01.27-03.20.55:823][  0]LogSlate: SlateFontCache - WITH_FREETYPE: 1, WITH_HARFBUZZ: 1
[2018.01.27-03.20.55:823][  0]LogSlate: SlateFontCache - WITH_FREETYPE: 1, WITH_HARFBUZZ: 1
[2018.01.27-03.20.56:284][  0]LogInit: Selected Device Profile: [Windows]
[2018.01.27-03.20.56:641][  0]LogSimplygon: Simplygon DLL not present - disabling.
[2018.01.27-03.20.56:680][  0]LogMeshReduction: Using SimplygonSwarm for distributed automatic mesh merging
[2018.01.27-03.20.56:680][  0]LogMeshReduction: Using QuadricMeshReduction for automatic static mesh reduction
[2018.01.27-03.20.56:680][  0]LogMeshReduction: No automatic skeletal mesh reduction module available
[2018.01.27-03.20.56:680][  0]LogMeshReduction: No automatic mesh merging module available
[2018.01.27-03.20.56:680][  0]LogMeshMerging: No automatic mesh merging module available
[2018.01.27-03.20.56:710][  0]LogNetVersion: GGJ2018 , NetCL: 3709383, EngineNetVer: 2, GameNetVer: 0 (Checksum: 4219683102)
[2018.01.27-03.20.56:906][  0]LogAssetRegistry: FAssetRegistry took 0.0279 seconds to start up
[2018.01.27-03.20.57:537][  0]LogPackageLocalizationCache: Processed 7 localized package path(s) for 1 prioritized culture(s) in 0.037776 seconds
[2018.01.27-03.20.57:543][  0]LogUObjectArray: 35870 objects as part of root set at end of initial load.
[2018.01.27-03.20.57:543][  0]LogUObjectAllocator: 7363696 out of 0 bytes used by permanent object pool.
[2018.01.27-03.20.57:543][  0]LogUObjectArray: CloseDisregardForGC: 0/0 objects in disregard for GC pool
[2018.01.27-03.20.57:595][  0]LogInit: WinSock: version 1.1 (2.2), MaxSocks=32767, MaxUdp=65467
[2018.01.27-03.21.00:442][  0]LogTcpMessaging: Initializing TcpMessaging bridge
[2018.01.27-03.21.00:477][  0]LogUdpMessaging: Initializing bridge on interface 0.0.0.0:0 to multicast group 230.0.0.1:6666.
[2018.01.27-03.21.01:077][  0]LogMaterial: Uniform references updated for custom material expression Custom.
[2018.01.27-03.21.01:422][  0]SourceControl: Source control is disabled
[2018.01.27-03.21.01:422][  0]SourceControl: Source control is disabled
[2018.01.27-03.21.01:462][  0]SourceControl: Source control is disabled
[2018.01.27-03.21.01:501][  0]SourceControl: Source control is disabled
[2018.01.27-03.21.02:126][  0]LogAndroidPermission: UAndroidPermissionCallbackProxy::GetInstance
[2018.01.27-03.21.02:334][  0]LogOcInput: OculusInput pre-init called
[2018.01.27-03.21.02:567][  0]LogEngine: Initializing Engine...
[2018.01.27-03.21.02:569][  0]LogHMD: Failed to initialize OpenVR with code 110
[2018.01.27-03.21.02:812][  0]LogStats: UGameplayTagsManager::ConstructGameplayTagTree: Construct from data asset -  0.000 s
[2018.01.27-03.21.02:812][  0]LogStats: UGameplayTagsManager::ConstructGameplayTagTree: GameplayTagTreeChangedEvent.Broadcast -  0.000 s
[2018.01.27-03.21.02:929][  0]LogAIModule: Creating AISystem for world Untitled
[2018.01.27-03.21.02:935][  0]LogInit: XAudio2 using 'Динамики (Conexant SmartAudio HD)' : 2 channels at 48 kHz using 16 bits per sample (channel mask 0x3)
[2018.01.27-03.21.02:975][  0]LogInit: FAudioDevice initialized.
[2018.01.27-03.21.03:057][  0]LogDerivedDataCache: Saved boot cache 0.08s 78MB C:/Users/Wheatley/AppData/Local/UnrealEngine/4.18/DerivedDataCache/Boot.ddc.
[2018.01.27-03.21.03:072][  0]LogInit: Texture streaming: Enabled
[2018.01.27-03.21.03:147][  0]LogEngineSessionManager: EngineSessionManager initialized
[2018.01.27-03.21.03:148][  0]LogEngineSessionManager: EngineSessionManager sent abnormal shutdown report. Type=Crashed, SessionId={9E4E4819-4250-1382-DA56-41875772FC54}
[2018.01.27-03.21.03:243][  0]LogInit: Transaction tracking system initialized
[2018.01.27-03.21.03:470][  0]BlueprintLog: New page: Editor Load
[2018.01.27-03.21.04:143][  0]LocalizationService: Localization service is disabled
[2018.01.27-03.21.04:701][  0]LogConsoleResponse: Display: 
[2018.01.27-03.21.04:891][  0]LogCook: Display: Max memory allowance for cook 16384mb min free memory 0mb
[2018.01.27-03.21.04:892][  0]LogCook: Display: Mobile HDR setting 1
[2018.01.27-03.21.04:892][  0]LogGameplayTags: Display: UGameplayTagsManager::DoneAddingNativeTags. DelegateIsBound: 0
[2018.01.27-03.21.05:615][  0]LogFileCache: Scanning file cache for directory 'D:/Projects/Unreal Projects/GGJ2018/GGJ2018/Content/' took 0.01s
[2018.01.27-03.21.05:910][  0]SourceControl: Source control is disabled
[2018.01.27-03.21.05:911][  0]Cmd: MAP LOAD FILE="../../../../../Projects/Unreal Projects/GGJ2018/GGJ2018/Content/ThirdPersonBP/Maps/ThirdPersonExampleMap.umap" TEMPLATE=0 SHOWPROGRESS=1 FEATURELEVEL=3
[2018.01.27-03.21.05:911][  0]LightingResults: New page: Lighting Build
[2018.01.27-03.21.05:943][  0]MapCheck: New page: Map Check
[2018.01.27-03.21.05:943][  0]LightingResults: New page: Lighting Build
[2018.01.27-03.21.06:693][  0]LogAIModule: Creating AISystem for world ThirdPersonExampleMap
[2018.01.27-03.21.06:717][  0]LogPhysics: Warning: Initialising Body : Scale3D is (nearly) zero: Component: '/Game/ThirdPersonBP/Maps/ThirdPersonExampleMap.ThirdPersonExampleMap:PersistentLevel.WeakSpot_Hand_GEN_VARIABLE_A_WeakSpot_C_CAT_190.Sphere' 
[2018.01.27-03.21.06:717][  0]LogPhysics: Warning: Initialising Body : Scale3D is (nearly) zero: Component: '/Game/ThirdPersonBP/Maps/ThirdPersonExampleMap.ThirdPersonExampleMap:PersistentLevel.WeakSpot_Hand_GEN_VARIABLE_A_WeakSpot_C_CAT_190.Sphere' 
[2018.01.27-03.21.06:717][  0]LogPhysics: Warning: Initialising Body : Scale3D is (nearly) zero: Component: '/Game/ThirdPersonBP/Maps/ThirdPersonExampleMap.ThirdPersonExampleMap:PersistentLevel.ChildActor_GEN_VARIABLE_A_WeakSpot_C_CAT_188.Sphere' 
[2018.01.27-03.21.06:717][  0]LogPhysics: Warning: Initialising Body : Scale3D is (nearly) zero: Component: '/Game/ThirdPersonBP/Maps/ThirdPersonExampleMap.ThirdPersonExampleMap:PersistentLevel.ChildActor_GEN_VARIABLE_A_WeakSpot_C_CAT_188.Sphere' 
[2018.01.27-03.21.06:718][  0]LogEditorServer: Finished looking for orphan Actors (0.000 secs)
[2018.01.27-03.21.06:733][  0]Cmd: MAP CHECKDEP NOCLEARLOG
[2018.01.27-03.21.06:779][  0]MapCheck: Map check complete: 0 Error(s), 0 Warning(s), took 45.212ms to complete.
[2018.01.27-03.21.06:779][  0]LogFileHelpers: Loading map 'ThirdPersonExampleMap' took 0.868
[2018.01.27-03.21.06:916][  0]LogCollectionManager: Loaded 0 collections in 0.001500 seconds
[2018.01.27-03.21.06:984][  0]LogFileCache: Scanning file cache for directory 'D:/Projects/Unreal Projects/GGJ2018/GGJ2018/Saved/Collections/' took 0.01s
[2018.01.27-03.21.06:984][  0]LogFileCache: Scanning file cache for directory 'D:/Projects/Unreal Projects/GGJ2018/GGJ2018/Content/Developers/Wheatley/Collections/' took 0.01s
[2018.01.27-03.21.06:984][  0]LogFileCache: Scanning file cache for directory 'D:/Projects/Unreal Projects/GGJ2018/GGJ2018/Content/Collections/' took 0.01s
[2018.01.27-03.21.06:984][  0]LogCollectionManager: Rebuilt the GUID cache for 0 collections in 0.000000 seconds
[2018.01.27-03.21.06:993][  0]LogContentBrowser: Native class hierarchy populated in 0.0085 seconds. Added 2363 classes and 519 folders.
[2018.01.27-03.21.07:043][  0]LogContentBrowser: Native class hierarchy updated for 'WidgetCarousel' in 0.0002 seconds. Added 0 classes and 0 folders.
[2018.01.27-03.21.07:079][  0]LogContentBrowser: Native class hierarchy updated for 'AddContentDialog' in 0.0002 seconds. Added 0 classes and 0 folders.
[2018.01.27-03.21.07:112][  0]LogContentBrowser: Native class hierarchy updated for 'SceneOutliner' in 0.0003 seconds. Added 1 classes and 2 folders.
[2018.01.27-03.21.07:128][  0]LogSlate: Took 0.000166 seconds to synchronously load lazily loaded font '../../../Engine/Content/Slate/Fonts/Roboto-Regular.ttf' (155K)
[2018.01.27-03.21.07:130][  0]LogSlate: Took 0.000149 seconds to synchronously load lazily loaded font '../../../Engine/Content/Slate/Fonts/Roboto-Bold.ttf' (160K)
[2018.01.27-03.21.07:135][  0]LogSlate: Took 0.000155 seconds to synchronously load lazily loaded font '../../../Engine/Content/Editor/Slate/Fonts/FontAwesome.ttf' (139K)
[2018.01.27-03.21.07:231][  0]LogRenderer: Reallocating scene render targets to support 792x396 Format 10 NumSamples 1 (Frame:1).
[2018.01.27-03.21.07:453][  0]LogContentBrowser: Native class hierarchy updated for 'HierarchicalLODOutliner' in 0.0003 seconds. Added 1 classes and 2 folders.
[2018.01.27-03.21.07:453][  0]LogLoad: (Engine Initialization) Total time: 18.70 seconds
[2018.01.27-03.21.07:453][  0]LogLoad: (Engine Initialization) Total Blueprint compile time: 0.00 seconds
[2018.01.27-03.21.07:453][  0]LogExternalProfiler: No external profilers were discovered.  External profiling features will not be available.
[2018.01.27-03.21.07:812][  0]LogContentStreaming: Texture pool size now 1000 MB
[2018.01.27-03.21.07:868][  0]LogSlate: Took 0.000154 seconds to synchronously load lazily loaded font '../../../Engine/Content/Slate/Fonts/Roboto-Light.ttf' (159K)
[2018.01.27-03.21.08:141][  1]LogAssetRegistry: Asset discovery search completed in 11.2578 seconds
[2018.01.27-03.21.08:144][  1]LogCollectionManager: Rebuilt the object cache for 0 collections in 0.000000 seconds (found 0 objects)
[2018.01.27-03.21.08:144][  1]LogCollectionManager: Fixed up redirectors for 0 collections in 0.000066 seconds (updated 0 objects)
[2018.01.27-03.21.08:795][  3]LogSlate: Took 0.000249 seconds to synchronously load lazily loaded font '../../../Engine/Content/Slate/Fonts/Roboto-Light.ttf' (159K)
[2018.01.27-03.21.46:112][270]LogSlate: Took 0.000180 seconds to synchronously load lazily loaded font '../../../Engine/Content/Slate/Fonts/Roboto-Light.ttf' (159K)
[2018.01.27-03.21.46:160][270]LogContentBrowser: Native class hierarchy updated for 'MaterialEditor' in 0.0003 seconds. Added 1 classes and 0 folders.
[2018.01.27-03.21.46:164][270]LogMaterial: Missing cached shader map for material M_Grid, compiling. 
[2018.01.27-03.21.46:690][270]LogMaterial: Missing cached shader map for material M_Grid, compiling. 
[2018.01.27-03.21.46:715][270]LogMaterial: Missing cached shader map for material M_Grid, compiling. 
[2018.01.27-03.21.46:763][270]LogMaterial: Missing cached shader map for material FMatExpressionPreview MaterialExpressionVectorParameter_0, compiling. 
[2018.01.27-03.21.46:769][270]LogMaterial: Missing cached shader map for material FMatExpressionPreview MaterialExpressionConstant3Vector_0, compiling. 
[2018.01.27-03.21.46:859][270]LogSlate: Took 0.000245 seconds to synchronously load lazily loaded font '../../../Engine/Content/Editor/Slate/Fonts/Roboto-BoldCondensed.ttf' (158K)
[2018.01.27-03.21.47:264][278]LogSlate: Took 0.000405 seconds to synchronously load lazily loaded font '../../../Engine/Content/Editor/Slate/Fonts/Roboto-Italic.ttf' (157K)
[2018.01.27-03.21.48:940][344]MaterialEditorStats: Base pass shader without light map: 45 instructions
[2018.01.27-03.21.48:940][344]MaterialEditorStats: Vertex shader: 120 instructions
[2018.01.27-03.21.48:940][344]MaterialEditorStats: Texture samplers: 3/16
[2018.01.27-03.21.52:682][567]LogMaterial: Missing cached shader map for material M_Grid, compiling. 
[2018.01.27-03.21.54:248][656]MaterialEditorStats: Base pass shader without light map: 45 instructions
[2018.01.27-03.21.54:248][656]MaterialEditorStats: Vertex shader: 120 instructions
[2018.01.27-03.21.54:248][656]MaterialEditorStats: Texture samplers: 3/16
[2018.01.27-03.21.55:135][709]LogMaterial: Missing cached shader map for material M_Grid, compiling. 
[2018.01.27-03.21.56:715][803]MaterialEditorStats: Base pass shader without light map: 45 instructions
[2018.01.27-03.21.56:715][803]MaterialEditorStats: Vertex shader: 120 instructions
[2018.01.27-03.21.56:715][803]MaterialEditorStats: Texture samplers: 3/16
[2018.01.27-03.21.57:702][862]LogMaterial: Missing cached shader map for material M_Grid, compiling. 
[2018.01.27-03.21.59:299][957]MaterialEditorStats: Base pass shader without light map: 45 instructions
[2018.01.27-03.21.59:299][957]MaterialEditorStats: Vertex shader: 120 instructions
[2018.01.27-03.21.59:299][957]MaterialEditorStats: Texture samplers: 3/16
[2018.01.27-03.22.00:903][ 53]LogMaterialEditor: Saving and Compiling material M_Grid
[2018.01.27-03.22.01:541][ 53]LogMaterial: Missing cached shader map for material M_Grid, compiling. 
[2018.01.27-03.22.01:614][ 53]LogMaterial: Missing cached shader map for material M_Grid, compiling. 
[2018.01.27-03.22.01:697][ 53]LogMaterial: Missing cached shader map for material M_Grid, compiling. 
[2018.01.27-03.22.01:773][ 53]LogMaterial: Missing cached shader map for material FDebugViewModeMaterialProxy M_Grid, compiling. 
[2018.01.27-03.22.02:728][ 53]TextureStreamingBuild: Display: Compiling optional shaders took 0.964 seconds.
[2018.01.27-03.22.05:072][ 53]LogSlate: Took 0.000136 seconds to synchronously load lazily loaded font '../../../Engine/Content/Slate/Fonts/Roboto-Regular.ttf' (155K)
[2018.01.27-03.22.05:121][ 53]Cmd: OBJ SAVEPACKAGE PACKAGE="/Game/JAM/Materials/M_Grid" FILE="../../../../../Projects/Unreal Projects/GGJ2018/GGJ2018/Content/JAM/Materials/M_Grid.uasset" SILENT=true
[2018.01.27-03.22.05:223][ 53]LogSavePackage: Save=91.71ms
[2018.01.27-03.22.05:223][ 53]LogSavePackage: Moving '../../../../../Projects/Unreal Projects/GGJ2018/GGJ2018/Saved/M_GridECE18E8D4336A72B930A78B97F72EB08.tmp' to '../../../../../Projects/Unreal Projects/GGJ2018/GGJ2018/Content/JAM/Materials/M_Grid.uasset'
[2018.01.27-03.22.05:227][ 53]LogSavePackage: Display: Finished SavePackage ../../../../../Projects/Unreal Projects/GGJ2018/GGJ2018/Content/JAM/Materials/M_Grid.uasset
[2018.01.27-03.22.09:084][281]LogProperty: Warning: ObjectProperty /Script/Engine.ExpressionInput:Expression: unresolved reference to 'MaterialExpressionSubtract'"MaterialGraphNode_17.MaterialExpressionSubtract_1"')'
[2018.01.27-03.22.09:084][281]LogProperty: Warning: ObjectProperty /Script/Engine.ExpressionInput:Expression: unresolved reference to 'MaterialExpressionMax'"MaterialGraphNode_18.MaterialExpressionMax_0"')'
[2018.01.27-03.22.09:093][281]LogMaterial: Missing cached shader map for material M_Grid, compiling. 
[2018.01.27-03.22.10:731][376]MaterialEditorStats: Base pass shader without light map: 45 instructions
[2018.01.27-03.22.10:731][376]MaterialEditorStats: Vertex shader: 120 instructions
[2018.01.27-03.22.10:731][376]MaterialEditorStats: Texture samplers: 3/16
[2018.01.27-03.22.14:406][594]LogMaterial: Missing cached shader map for material M_Grid, compiling. 
[2018.01.27-03.22.15:432][654]LogMaterial: Missing cached shader map for material M_Grid, compiling. 
[2018.01.27-03.22.17:245][761]MaterialEditorStats: Base pass shader without light map: 45 instructions
[2018.01.27-03.22.17:245][761]MaterialEditorStats: Vertex shader: 120 instructions
[2018.01.27-03.22.17:245][761]MaterialEditorStats: Texture samplers: 3/16
[2018.01.27-03.22.19:548][899]LogMaterial: Missing cached shader map for material M_Grid, compiling. 
[2018.01.27-03.22.21:098][991]MaterialEditorStats: Base pass shader without light map: 45 instructions
[2018.01.27-03.22.21:098][991]MaterialEditorStats: Vertex shader: 120 instructions
[2018.01.27-03.22.21:098][991]MaterialEditorStats: Texture samplers: 3/16
[2018.01.27-03.22.21:416][  9]LogMaterial: Missing cached shader map for material M_Grid, compiling. 
[2018.01.27-03.22.22:973][ 98]MaterialEditorStats: Base pass shader without light map: 45 instructions
[2018.01.27-03.22.22:973][ 98]MaterialEditorStats: Vertex shader: 120 instructions
[2018.01.27-03.22.22:973][ 98]MaterialEditorStats: Texture samplers: 3/16
[2018.01.27-03.22.25:576][254]LogMaterial: Missing cached shader map for material M_Grid, compiling. 
[2018.01.27-03.22.26:620][315]LogMaterial: Missing cached shader map for material M_Grid, compiling. 
[2018.01.27-03.22.28:440][422]MaterialEditorStats: Base pass shader without light map: 45 instructions
[2018.01.27-03.22.28:440][422]MaterialEditorStats: Vertex shader: 120 instructions
[2018.01.27-03.22.28:440][422]MaterialEditorStats: Texture samplers: 3/16
[2018.01.27-03.22.34:444][782]LogMaterial: Missing cached shader map for material M_Grid, compiling. 
[2018.01.27-03.22.36:021][875]MaterialEditorStats: Base pass shader without light map: 45 instructions
[2018.01.27-03.22.36:022][875]MaterialEditorStats: Vertex shader: 120 instructions
[2018.01.27-03.22.36:022][875]MaterialEditorStats: Texture samplers: 3/16
[2018.01.27-03.22.36:904][928]LogMaterialEditor: Saving and Compiling material M_Grid
[2018.01.27-03.22.37:541][928]LogMaterial: Missing cached shader map for material M_Grid, compiling. 
[2018.01.27-03.22.37:607][928]LogMaterial: Missing cached shader map for material M_Grid, compiling. 
[2018.01.27-03.22.37:671][928]LogMaterial: Missing cached shader map for material M_Grid, compiling. 
[2018.01.27-03.22.37:748][928]LogMaterial: Missing cached shader map for material FDebugViewModeMaterialProxy M_Grid, compiling. 
[2018.01.27-03.22.38:693][928]TextureStreamingBuild: Display: Compiling optional shaders took 0.956 seconds.
[2018.01.27-03.22.41:181][928]Cmd: OBJ SAVEPACKAGE PACKAGE="/Game/JAM/Materials/M_Grid" FILE="../../../../../Projects/Unreal Projects/GGJ2018/GGJ2018/Content/JAM/Materials/M_Grid.uasset" SILENT=true
[2018.01.27-03.22.41:286][928]LogSavePackage: Save=99.33ms
[2018.01.27-03.22.41:286][928]LogSavePackage: Moving '../../../../../Projects/Unreal Projects/GGJ2018/GGJ2018/Saved/M_Grid3D94370944541557F2765AA685CB173B.tmp' to '../../../../../Projects/Unreal Projects/GGJ2018/GGJ2018/Content/JAM/Materials/M_Grid.uasset'
[2018.01.27-03.22.41:289][928]LogSavePackage: Display: Finished SavePackage ../../../../../Projects/Unreal Projects/GGJ2018/GGJ2018/Content/JAM/Materials/M_Grid.uasset
[2018.01.27-03.23.25:563][571]LogMaterial: Missing cached shader map for material M_Grid, compiling. 
[2018.01.27-03.23.26:315][611]LogMaterial: Missing cached shader map for material M_Grid, compiling. 
[2018.01.27-03.23.27:123][657]LogMaterial: Missing cached shader map for material M_Grid, compiling. 
[2018.01.27-03.23.28:175][717]LogMaterialEditor: Saving and Compiling material M_Grid
[2018.01.27-03.23.28:962][717]LogMaterial: Missing cached shader map for material M_Grid, compiling. 
[2018.01.27-03.23.29:030][717]LogMaterial: Missing cached shader map for material M_Grid, compiling. 
[2018.01.27-03.23.29:096][717]LogMaterial: Missing cached shader map for material M_Grid, compiling. 
[2018.01.27-03.23.29:171][717]LogMaterial: Missing cached shader map for material FDebugViewModeMaterialProxy M_Grid, compiling. 
[2018.01.27-03.23.30:146][717]TextureStreamingBuild: Display: Compiling optional shaders took 0.985 seconds.
[2018.01.27-03.23.32:526][717]Cmd: OBJ SAVEPACKAGE PACKAGE="/Game/JAM/Materials/M_Grid" FILE="../../../../../Projects/Unreal Projects/GGJ2018/GGJ2018/Content/JAM/Materials/M_Grid.uasset" SILENT=true
[2018.01.27-03.23.32:620][717]LogSavePackage: Save=88.46ms
[2018.01.27-03.23.32:620][717]LogSavePackage: Moving '../../../../../Projects/Unreal Projects/GGJ2018/GGJ2018/Saved/M_Grid862897FF4864D9E011E7BCAAE7863551.tmp' to '../../../../../Projects/Unreal Projects/GGJ2018/GGJ2018/Content/JAM/Materials/M_Grid.uasset'
[2018.01.27-03.23.32:623][717]LogSavePackage: Display: Finished SavePackage ../../../../../Projects/Unreal Projects/GGJ2018/GGJ2018/Content/JAM/Materials/M_Grid.uasset
[2018.01.27-03.23.32:636][717]MaterialEditorStats: Base pass shader without light map: 45 instructions
[2018.01.27-03.23.32:636][717]MaterialEditorStats: Vertex shader: 120 instructions
[2018.01.27-03.23.32:636][717]MaterialEditorStats: Texture samplers: 3/16
[2018.01.27-03.23.49:544][703]LogMaterial: Missing cached shader map for material M_Grid, compiling. 
[2018.01.27-03.23.50:668][768]LogMaterial: Missing cached shader map for material M_Grid, compiling. 
[2018.01.27-03.23.52:577][874]MaterialEditorStats: Base pass shader without light map: 45 instructions
[2018.01.27-03.23.52:577][874]MaterialEditorStats: Vertex shader: 120 instructions
[2018.01.27-03.23.52:577][874]MaterialEditorStats: Texture samplers: 3/16
[2018.01.27-03.23.53:494][929]LogMaterialEditor: Saving and Compiling material M_Grid
[2018.01.27-03.23.54:140][929]LogMaterial: Missing cached shader map for material M_Grid, compiling. 
[2018.01.27-03.23.54:207][929]LogMaterial: Missing cached shader map for material M_Grid, compiling. 
[2018.01.27-03.23.54:273][929]LogMaterial: Missing cached shader map for material M_Grid, compiling. 
[2018.01.27-03.23.54:348][929]LogMaterial: Missing cached shader map for material FDebugViewModeMaterialProxy M_Grid, compiling. 
[2018.01.27-03.23.55:338][929]TextureStreamingBuild: Display: Compiling optional shaders took 0.998 seconds.
[2018.01.27-03.23.57:895][929]Cmd: OBJ SAVEPACKAGE PACKAGE="/Game/JAM/Materials/M_Grid" FILE="../../../../../Projects/Unreal Projects/GGJ2018/GGJ2018/Content/JAM/Materials/M_Grid.uasset" SILENT=true
[2018.01.27-03.23.57:998][929]LogSavePackage: Save=96.71ms
[2018.01.27-03.23.57:998][929]LogSavePackage: Moving '../../../../../Projects/Unreal Projects/GGJ2018/GGJ2018/Saved/M_Grid4271041947AF9C5CEE6B7981B9254E6B.tmp' to '../../../../../Projects/Unreal Projects/GGJ2018/GGJ2018/Content/JAM/Materials/M_Grid.uasset'
[2018.01.27-03.23.58:002][929]LogSavePackage: Display: Finished SavePackage ../../../../../Projects/Unreal Projects/GGJ2018/GGJ2018/Content/JAM/Materials/M_Grid.uasset
[2018.01.27-03.24.01:712][106]LogRenderer: Reallocating scene render targets to support 988x652 Format 10 NumSamples 1 (Frame:1).
[2018.01.27-03.24.10:232][604]Cmd: OBJ SAVEPACKAGE PACKAGE="/Game/JAM/Materials/WorldGrid" FILE="../../../../../Projects/Unreal Projects/GGJ2018/GGJ2018/Content/JAM/Materials/WorldGrid.uasset" SILENT=true
[2018.01.27-03.24.10:250][604]LogMaterial: Missing cached shader map for material FDebugViewModeMaterialProxy WorldGrid, compiling. 
[2018.01.27-03.24.10:359][604]TextureStreamingBuild: Display: Compiling optional shaders took 0.113 seconds.
[2018.01.27-03.24.10:396][604]LogSavePackage: Save=18.55ms
[2018.01.27-03.24.10:396][604]LogSavePackage: Moving '../../../../../Projects/Unreal Projects/GGJ2018/GGJ2018/Saved/WorldGrid6CCC2ABA4C3E05E67476BC8D865AAEBE.tmp' to '../../../../../Projects/Unreal Projects/GGJ2018/GGJ2018/Content/JAM/Materials/WorldGrid.uasset'
[2018.01.27-03.24.10:398][604]LogSavePackage: Display: Finished SavePackage ../../../../../Projects/Unreal Projects/GGJ2018/GGJ2018/Content/JAM/Materials/WorldGrid.uasset
[2018.01.27-03.24.22:829][319]LogSavePackage: Save=287.76ms
[2018.01.27-03.24.22:830][319]LogSavePackage: Moving '../../../../../Projects/Unreal Projects/GGJ2018/GGJ2018/Saved/ThirdPersonExampleMapECE45AA64FC764E271A9E681C2D83A52.tmp' to '../../../../../Projects/Unreal Projects/GGJ2018/GGJ2018/Content/ThirdPersonBP/Maps/ThirdPersonExampleMap.umap'
[2018.01.27-03.24.22:836][319]LogSavePackage: Display: Finished SavePackage ../../../../../Projects/Unreal Projects/GGJ2018/GGJ2018/Content/ThirdPersonBP/Maps/ThirdPersonExampleMap.umap
[2018.01.27-03.24.23:163][319]LogSavePackage: Save=248.22ms
[2018.01.27-03.24.23:163][319]LogSavePackage: Moving '../../../../../Projects/Unreal Projects/GGJ2018/GGJ2018/Saved/ThirdPersonExampleMap_BuiltData19E626214E4F87D0AE8F0692A576DA1A.tmp' to '../../../../../Projects/Unreal Projects/GGJ2018/GGJ2018/Content/ThirdPersonBP/Maps/ThirdPersonExampleMap_BuiltData.uasset'
[2018.01.27-03.24.23:164][319]LogSavePackage: Display: Finished SavePackage ../../../../../Projects/Unreal Projects/GGJ2018/GGJ2018/Content/ThirdPersonBP/Maps/ThirdPersonExampleMap_BuiltData.uasset
[2018.01.27-03.24.25:964][478]LogMaterialEditor: Saving and Compiling material M_Grid
[2018.01.27-03.24.25:978][478]Cmd: OBJ SAVEPACKAGE PACKAGE="/Game/JAM/Materials/M_Grid" FILE="../../../../../Projects/Unreal Projects/GGJ2018/GGJ2018/Content/JAM/Materials/M_Grid.uasset" SILENT=true
[2018.01.27-03.24.26:078][478]LogSavePackage: Save=93.57ms
[2018.01.27-03.24.26:079][478]LogSavePackage: Moving '../../../../../Projects/Unreal Projects/GGJ2018/GGJ2018/Saved/M_GridFCBFAE524882F9F6FF0EC99469CE52B4.tmp' to '../../../../../Projects/Unreal Projects/GGJ2018/GGJ2018/Content/JAM/Materials/M_Grid.uasset'
[2018.01.27-03.24.26:080][478]LogSavePackage: Display: Finished SavePackage ../../../../../Projects/Unreal Projects/GGJ2018/GGJ2018/Content/JAM/Materials/M_Grid.uasset
[2018.01.27-03.24.33:236][905]LogMaterial: Missing cached shader map for material M_Grid, compiling. 
[2018.01.27-03.24.33:259][905]LogMaterial: Missing cached shader map for material FMatExpressionPreview MaterialExpressionTextureSample_0, compiling. 
[2018.01.27-03.24.37:388][145]LogMaterial: Missing cached shader map for material M_Grid, compiling. 
[2018.01.27-03.24.37:417][145]LogMaterial: Missing cached shader map for material FMatExpressionPreview MaterialExpressionTextureSample_0, compiling. 
[2018.01.27-03.24.39:070][242]MaterialEditorStats: Base pass shader without light map: 45 instructions
[2018.01.27-03.24.39:070][242]MaterialEditorStats: Vertex shader: 120 instructions
[2018.01.27-03.24.39:070][242]MaterialEditorStats: Texture samplers: 3/16
[2018.01.27-03.24.40:156][307]LogMaterial: Missing cached shader map for material M_Grid, compiling. 
[2018.01.27-03.24.40:181][307]LogMaterial: Missing cached shader map for material FMatExpressionPreview MaterialExpressionTextureSample_0, compiling. 
[2018.01.27-03.24.42:705][454]MaterialEditorStats: Base pass shader without light map: 45 instructions
[2018.01.27-03.24.42:705][454]MaterialEditorStats: Vertex shader: 120 instructions
[2018.01.27-03.24.42:705][454]MaterialEditorStats: Texture samplers: 3/16
[2018.01.27-03.24.43:694][513]LogMaterial: Missing cached shader map for material M_Grid, compiling. 
[2018.01.27-03.24.43:719][513]LogMaterial: Missing cached shader map for material FMatExpressionPreview MaterialExpressionTextureSample_0, compiling. 
[2018.01.27-03.24.45:340][609]MaterialEditorStats: Base pass shader without light map: 45 instructions
[2018.01.27-03.24.45:340][609]MaterialEditorStats: Vertex shader: 120 instructions
[2018.01.27-03.24.45:340][609]MaterialEditorStats: Texture samplers: 3/16
[2018.01.27-03.24.46:225][662]LogMaterialEditor: Saving and Compiling material M_Grid
[2018.01.27-03.24.46:860][662]LogMaterial: Missing cached shader map for material M_Grid, compiling. 
[2018.01.27-03.24.46:928][662]LogMaterial: Missing cached shader map for material M_Grid, compiling. 
[2018.01.27-03.24.46:992][662]LogMaterial: Missing cached shader map for material M_Grid, compiling. 
[2018.01.27-03.24.47:083][662]LogMaterial: Missing cached shader map for material FDebugViewModeMaterialProxy M_Grid, compiling. 
[2018.01.27-03.24.48:025][662]TextureStreamingBuild: Display: Compiling optional shaders took 0.952 seconds.
[2018.01.27-03.24.50:491][662]Cmd: OBJ SAVEPACKAGE PACKAGE="/Game/JAM/Materials/M_Grid" FILE="../../../../../Projects/Unreal Projects/GGJ2018/GGJ2018/Content/JAM/Materials/M_Grid.uasset" SILENT=true
[2018.01.27-03.24.50:589][662]LogSavePackage: Save=92.48ms
[2018.01.27-03.24.50:589][662]LogSavePackage: Moving '../../../../../Projects/Unreal Projects/GGJ2018/GGJ2018/Saved/M_Grid37BFD96142CBED3DA857A69F5EF30862.tmp' to '../../../../../Projects/Unreal Projects/GGJ2018/GGJ2018/Content/JAM/Materials/M_Grid.uasset'
[2018.01.27-03.24.50:594][662]LogSavePackage: Display: Finished SavePackage ../../../../../Projects/Unreal Projects/GGJ2018/GGJ2018/Content/JAM/Materials/M_Grid.uasset
[2018.01.27-03.25.18:542][323]LogMaterial: Missing cached shader map for material M_Grid, compiling. 
[2018.01.27-03.25.20:138][413]LogMaterial: Missing cached shader map for material M_Grid, compiling. 
[2018.01.27-03.25.20:798][450]LogMaterialEditor: Saving and Compiling material M_Grid
[2018.01.27-03.25.21:655][450]LogMaterial: Missing cached shader map for material M_Grid, compiling. 
[2018.01.27-03.25.21:734][450]LogMaterial: Missing cached shader map for material M_Grid, compiling. 
[2018.01.27-03.25.21:798][450]LogMaterial: Missing cached shader map for material M_Grid, compiling. 
[2018.01.27-03.25.21:889][450]LogMaterial: Missing cached shader map for material FDebugViewModeMaterialProxy M_Grid, compiling. 
[2018.01.27-03.25.22:856][450]TextureStreamingBuild: Display: Compiling optional shaders took 0.978 seconds.
[2018.01.27-03.25.25:453][450]Cmd: OBJ SAVEPACKAGE PACKAGE="/Game/JAM/Materials/M_Grid" FILE="../../../../../Projects/Unreal Projects/GGJ2018/GGJ2018/Content/JAM/Materials/M_Grid.uasset" SILENT=true
[2018.01.27-03.25.25:851][450]LogSavePackage: Save=85.22ms
[2018.01.27-03.25.25:851][450]LogSavePackage: Moving '../../../../../Projects/Unreal Projects/GGJ2018/GGJ2018/Saved/M_Grid89DBB9FB44E280FE2C6C71A102CD304A.tmp' to '../../../../../Projects/Unreal Projects/GGJ2018/GGJ2018/Content/JAM/Materials/M_Grid.uasset'
[2018.01.27-03.25.25:854][450]LogSavePackage: Display: Finished SavePackage ../../../../../Projects/Unreal Projects/GGJ2018/GGJ2018/Content/JAM/Materials/M_Grid.uasset
[2018.01.27-03.25.25:859][450]MaterialEditorStats: Base pass shader without light map: 45 instructions
[2018.01.27-03.25.25:859][450]MaterialEditorStats: Vertex shader: 120 instructions
[2018.01.27-03.25.25:859][450]MaterialEditorStats: Texture samplers: 3/16
[2018.01.27-03.25.40:922][349]LogMaterial: Missing cached shader map for material M_Grid, compiling. 
[2018.01.27-03.25.42:453][436]MaterialEditorStats: Base pass shader without light map: 45 instructions
[2018.01.27-03.25.42:453][436]MaterialEditorStats: Vertex shader: 120 instructions
[2018.01.27-03.25.42:453][436]MaterialEditorStats: Texture samplers: 3/16
[2018.01.27-03.25.43:273][485]LogMaterial: Missing cached shader map for material M_Grid, compiling. 
[2018.01.27-03.25.44:802][575]LogMaterial: Missing cached shader map for material M_Grid, compiling. 
[2018.01.27-03.25.45:681][622]LogMaterial: Missing cached shader map for material M_Grid, compiling. 
[2018.01.27-03.25.46:371][661]LogMaterial: Missing cached shader map for material M_Grid, compiling. 
[2018.01.27-03.25.47:197][709]LogMaterial: Missing cached shader map for material M_Grid, compiling. 
[2018.01.27-03.25.48:794][801]MaterialEditorStats: Base pass shader without light map: 45 instructions
[2018.01.27-03.25.48:794][801]MaterialEditorStats: Vertex shader: 120 instructions
[2018.01.27-03.25.48:794][801]MaterialEditorStats: Texture samplers: 3/16
[2018.01.27-03.25.49:129][820]LogMaterialEditor: Saving and Compiling material M_Grid
[2018.01.27-03.25.49:768][820]LogMaterial: Missing cached shader map for material M_Grid, compiling. 
[2018.01.27-03.25.49:833][820]LogMaterial: Missing cached shader map for material M_Grid, compiling. 
[2018.01.27-03.25.49:893][820]LogMaterial: Missing cached shader map for material M_Grid, compiling. 
[2018.01.27-03.25.49:986][820]LogMaterial: Missing cached shader map for material FDebugViewModeMaterialProxy M_Grid, compiling. 
[2018.01.27-03.25.50:928][820]TextureStreamingBuild: Display: Compiling optional shaders took 0.953 seconds.
[2018.01.27-03.25.53:183][820]Cmd: OBJ SAVEPACKAGE PACKAGE="/Game/JAM/Materials/M_Grid" FILE="../../../../../Projects/Unreal Projects/GGJ2018/GGJ2018/Content/JAM/Materials/M_Grid.uasset" SILENT=true
[2018.01.27-03.25.53:294][820]LogSavePackage: Save=105.30ms
[2018.01.27-03.25.53:294][820]LogSavePackage: Moving '../../../../../Projects/Unreal Projects/GGJ2018/GGJ2018/Saved/M_GridB25D3EED46B55E8C76868CA43243BF5E.tmp' to '../../../../../Projects/Unreal Projects/GGJ2018/GGJ2018/Content/JAM/Materials/M_Grid.uasset'
[2018.01.27-03.25.53:297][820]LogSavePackage: Display: Finished SavePackage ../../../../../Projects/Unreal Projects/GGJ2018/GGJ2018/Content/JAM/Materials/M_Grid.uasset
[2018.01.27-03.26.05:084][505]LogSavePackage: Save=235.64ms
[2018.01.27-03.26.05:085][505]LogSavePackage: Moving '../../../../../Projects/Unreal Projects/GGJ2018/GGJ2018/Saved/ThirdPersonExampleMap5B47AEA449EBD8FE055C4BA64D7D013A.tmp' to '../../../../../Projects/Unreal Projects/GGJ2018/GGJ2018/Content/ThirdPersonBP/Maps/ThirdPersonExampleMap.umap'
[2018.01.27-03.26.05:089][505]LogSavePackage: Display: Finished SavePackage ../../../../../Projects/Unreal Projects/GGJ2018/GGJ2018/Content/ThirdPersonBP/Maps/ThirdPersonExampleMap.umap
[2018.01.27-03.26.05:399][505]LogSavePackage: Save=188.57ms
[2018.01.27-03.26.05:399][505]LogSavePackage: Moving '../../../../../Projects/Unreal Projects/GGJ2018/GGJ2018/Saved/ThirdPersonExampleMap_BuiltData31B296EC448C70C39D9AA9B6D14D1EAC.tmp' to '../../../../../Projects/Unreal Projects/GGJ2018/GGJ2018/Content/ThirdPersonBP/Maps/ThirdPersonExampleMap_BuiltData.uasset'
[2018.01.27-03.26.05:401][505]LogSavePackage: Display: Finished SavePackage ../../../../../Projects/Unreal Projects/GGJ2018/GGJ2018/Content/ThirdPersonBP/Maps/ThirdPersonExampleMap_BuiltData.uasset
[2018.01.27-03.26.10:235][790]LogMaterial: Missing cached shader map for material M_Grid, compiling. 
[2018.01.27-03.26.11:877][883]MaterialEditorStats: Base pass shader without light map: 45 instructions
[2018.01.27-03.26.11:877][883]MaterialEditorStats: Vertex shader: 120 instructions
[2018.01.27-03.26.11:877][883]MaterialEditorStats: Texture samplers: 3/16
[2018.01.27-03.26.15:900][124]LogMaterial: Missing cached shader map for material M_Grid, compiling. 
[2018.01.27-03.26.17:706][230]MaterialEditorStats: Base pass shader without light map: 45 instructions
[2018.01.27-03.26.17:707][230]MaterialEditorStats: Vertex shader: 120 instructions
[2018.01.27-03.26.17:707][230]MaterialEditorStats: Texture samplers: 3/16
[2018.01.27-03.26.21:177][438]LogMaterial: Missing cached shader map for material M_Grid, compiling. 
[2018.01.27-03.26.22:750][529]MaterialEditorStats: Base pass shader without light map: 45 instructions
[2018.01.27-03.26.22:750][529]MaterialEditorStats: Vertex shader: 120 instructions
[2018.01.27-03.26.22:750][529]MaterialEditorStats: Texture samplers: 3/16
[2018.01.27-03.26.23:987][603]LogMaterialEditor: Saving and Compiling material M_Grid
[2018.01.27-03.26.24:624][603]LogMaterial: Missing cached shader map for material M_Grid, compiling. 
[2018.01.27-03.26.24:690][603]LogMaterial: Missing cached shader map for material M_Grid, compiling. 
[2018.01.27-03.26.24:760][603]LogMaterial: Missing cached shader map for material M_Grid, compiling. 
[2018.01.27-03.26.24:848][603]LogMaterial: Missing cached shader map for material FDebugViewModeMaterialProxy M_Grid, compiling. 
[2018.01.27-03.26.25:761][603]TextureStreamingBuild: Display: Compiling optional shaders took 0.923 seconds.
[2018.01.27-03.26.28:289][603]Cmd: OBJ SAVEPACKAGE PACKAGE="/Game/JAM/Materials/M_Grid" FILE="../../../../../Projects/Unreal Projects/GGJ2018/GGJ2018/Content/JAM/Materials/M_Grid.uasset" SILENT=true
[2018.01.27-03.26.28:407][603]LogSavePackage: Save=112.25ms
[2018.01.27-03.26.28:407][603]LogSavePackage: Moving '../../../../../Projects/Unreal Projects/GGJ2018/GGJ2018/Saved/M_Grid0A3E04F14BD727BE593E49B7FAA29998.tmp' to '../../../../../Projects/Unreal Projects/GGJ2018/GGJ2018/Content/JAM/Materials/M_Grid.uasset'
[2018.01.27-03.26.28:411][603]LogSavePackage: Display: Finished SavePackage ../../../../../Projects/Unreal Projects/GGJ2018/GGJ2018/Content/JAM/Materials/M_Grid.uasset
[2018.01.27-03.26.30:307][706]LogMaterial: Missing cached shader map for material M_Grid, compiling. 
[2018.01.27-03.26.31:744][789]LogMaterialEditor: Saving and Compiling material M_Grid
[2018.01.27-03.26.32:401][789]LogMaterial: Missing cached shader map for material M_Grid, compiling. 
[2018.01.27-03.26.32:469][789]LogMaterial: Missing cached shader map for material M_Grid, compiling. 
[2018.01.27-03.26.32:542][789]LogMaterial: Missing cached shader map for material M_Grid, compiling. 
[2018.01.27-03.26.32:639][789]LogMaterial: Missing cached shader map for material FDebugViewModeMaterialProxy M_Grid, compiling. 
[2018.01.27-03.26.33:562][789]TextureStreamingBuild: Display: Compiling optional shaders took 0.933 seconds.
[2018.01.27-03.26.36:059][789]Cmd: OBJ SAVEPACKAGE PACKAGE="/Game/JAM/Materials/M_Grid" FILE="../../../../../Projects/Unreal Projects/GGJ2018/GGJ2018/Content/JAM/Materials/M_Grid.uasset" SILENT=true
[2018.01.27-03.26.36:173][789]LogSavePackage: Save=106.76ms
[2018.01.27-03.26.36:173][789]LogSavePackage: Moving '../../../../../Projects/Unreal Projects/GGJ2018/GGJ2018/Saved/M_GridEBF593EB4607EE5F9AD9D380E8C37ADF.tmp' to '../../../../../Projects/Unreal Projects/GGJ2018/GGJ2018/Content/JAM/Materials/M_Grid.uasset'
[2018.01.27-03.26.36:177][789]LogSavePackage: Display: Finished SavePackage ../../../../../Projects/Unreal Projects/GGJ2018/GGJ2018/Content/JAM/Materials/M_Grid.uasset
[2018.01.27-03.26.36:185][789]MaterialEditorStats: Base pass shader without light map: 45 instructions
[2018.01.27-03.26.36:185][789]MaterialEditorStats: Vertex shader: 120 instructions
[2018.01.27-03.26.36:185][789]MaterialEditorStats: Texture samplers: 3/16
[2018.01.27-03.26.55:794][902]LogMaterial: Missing cached shader map for material M_Grid, compiling. 
[2018.01.27-03.26.55:825][902]LogMaterial: Missing cached shader map for material FMatExpressionPreview MaterialExpressionConstant3Vector_0, compiling. 
[2018.01.27-03.26.57:577][  5]MaterialEditorStats: Base pass shader without light map: 45 instructions
[2018.01.27-03.26.57:577][  5]MaterialEditorStats: Vertex shader: 120 instructions
[2018.01.27-03.26.57:577][  5]MaterialEditorStats: Texture samplers: 3/16
[2018.01.27-03.26.58:318][ 48]LogMaterial: Missing cached shader map for material M_Grid, compiling. 
[2018.01.27-03.26.59:902][137]MaterialEditorStats: Base pass shader without light map: 45 instructions
[2018.01.27-03.26.59:902][137]MaterialEditorStats: Vertex shader: 120 instructions
[2018.01.27-03.26.59:902][137]MaterialEditorStats: Texture samplers: 3/16
[2018.01.27-03.27.01:805][251]LogMaterial: Missing cached shader map for material M_Grid, compiling. 
[2018.01.27-03.27.02:977][320]LogMaterial: Missing cached shader map for material M_Grid, compiling. 
[2018.01.27-03.27.04:269][394]LogMaterial: Missing cached shader map for material M_Grid, compiling. 
[2018.01.27-03.27.05:514][461]LogMaterial: Missing cached shader map for material M_Grid, compiling. 
[2018.01.27-03.27.05:548][461]LogMaterial: Missing cached shader map for material FMatExpressionPreview MaterialExpressionConstant3Vector_0, compiling. 
[2018.01.27-03.27.06:512][517]LogMaterial: Missing cached shader map for material M_Grid, compiling. 
[2018.01.27-03.27.07:681][585]LogMaterial: Missing cached shader map for material M_Grid, compiling. 
[2018.01.27-03.27.09:415][686]MaterialEditorStats: Base pass shader without light map: 45 instructions
[2018.01.27-03.27.09:415][686]MaterialEditorStats: Vertex shader: 120 instructions
[2018.01.27-03.27.09:415][686]MaterialEditorStats: Texture samplers: 3/16
[2018.01.27-03.27.13:115][907]LogMaterial: Missing cached shader map for material M_Grid, compiling. 
[2018.01.27-03.27.14:660][999]MaterialEditorStats: Base pass shader without light map: 45 instructions
[2018.01.27-03.27.14:660][999]MaterialEditorStats: Vertex shader: 120 instructions
[2018.01.27-03.27.14:660][999]MaterialEditorStats: Texture samplers: 3/16
[2018.01.27-03.27.15:530][ 51]LogMaterial: Missing cached shader map for material M_Grid, compiling. 
[2018.01.27-03.27.16:586][113]LogMaterialEditor: Saving and Compiling material M_Grid
[2018.01.27-03.27.17:303][113]LogMaterial: Missing cached shader map for material M_Grid, compiling. 
[2018.01.27-03.27.17:370][113]LogMaterial: Missing cached shader map for material M_Grid, compiling. 
[2018.01.27-03.27.17:441][113]LogMaterial: Missing cached shader map for material M_Grid, compiling. 
[2018.01.27-03.27.17:538][113]LogMaterial: Missing cached shader map for material FDebugViewModeMaterialProxy M_Grid, compiling. 
[2018.01.27-03.27.18:450][113]TextureStreamingBuild: Display: Compiling optional shaders took 0.921 seconds.
[2018.01.27-03.27.21:148][113]Cmd: OBJ SAVEPACKAGE PACKAGE="/Game/JAM/Materials/M_Grid" FILE="../../../../../Projects/Unreal Projects/GGJ2018/GGJ2018/Content/JAM/Materials/M_Grid.uasset" SILENT=true
[2018.01.27-03.27.21:309][113]LogSavePackage: Save=46.76ms
[2018.01.27-03.27.21:309][113]LogSavePackage: Moving '../../../../../Projects/Unreal Projects/GGJ2018/GGJ2018/Saved/M_Grid444F7C7C4DE527D25816B1861495E411.tmp' to '../../../../../Projects/Unreal Projects/GGJ2018/GGJ2018/Content/JAM/Materials/M_Grid.uasset'
[2018.01.27-03.27.21:313][113]LogSavePackage: Display: Finished SavePackage ../../../../../Projects/Unreal Projects/GGJ2018/GGJ2018/Content/JAM/Materials/M_Grid.uasset
[2018.01.27-03.27.21:319][113]MaterialEditorStats: Base pass shader without light map: 45 instructions
[2018.01.27-03.27.21:319][113]MaterialEditorStats: Vertex shader: 120 instructions
[2018.01.27-03.27.21:319][113]MaterialEditorStats: Texture samplers: 3/16
[2018.01.27-03.27.36:376][878]Cmd: OBJ SAVEPACKAGE PACKAGE="/Game/JAM/Materials/WorldGrid" FILE="../../../../../Projects/Unreal Projects/GGJ2018/GGJ2018/Content/JAM/Materials/WorldGrid.uasset" SILENT=true
[2018.01.27-03.27.36:397][878]LogMaterial: Missing cached shader map for material FDebugViewModeMaterialProxy WorldGrid, compiling. 
[2018.01.27-03.27.36:531][878]TextureStreamingBuild: Display: Compiling optional shaders took 0.138 seconds.
[2018.01.27-03.27.36:578][878]LogSavePackage: Save=31.17ms
[2018.01.27-03.27.36:578][878]LogSavePackage: Moving '../../../../../Projects/Unreal Projects/GGJ2018/GGJ2018/Saved/WorldGrid263BB582401147D21BB95E908BC47124.tmp' to '../../../../../Projects/Unreal Projects/GGJ2018/GGJ2018/Content/JAM/Materials/WorldGrid.uasset'
[2018.01.27-03.27.36:581][878]LogSavePackage: Display: Finished SavePackage ../../../../../Projects/Unreal Projects/GGJ2018/GGJ2018/Content/JAM/Materials/WorldGrid.uasset
[2018.01.27-03.28.00:181][251]LogSavePackage: Save=286.24ms
[2018.01.27-03.28.00:181][251]LogSavePackage: Moving '../../../../../Projects/Unreal Projects/GGJ2018/GGJ2018/Saved/ThirdPersonExampleMapAD8F3D6D4EE403426965119704655E23.tmp' to '../../../../../Projects/Unreal Projects/GGJ2018/GGJ2018/Content/ThirdPersonBP/Maps/ThirdPersonExampleMap.umap'
[2018.01.27-03.28.00:186][251]LogSavePackage: Display: Finished SavePackage ../../../../../Projects/Unreal Projects/GGJ2018/GGJ2018/Content/ThirdPersonBP/Maps/ThirdPersonExampleMap.umap
[2018.01.27-03.28.00:423][251]LogSavePackage: Save=172.23ms
[2018.01.27-03.28.00:423][251]LogSavePackage: Moving '../../../../../Projects/Unreal Projects/GGJ2018/GGJ2018/Saved/ThirdPersonExampleMap_BuiltData0E5B48C9468C662181727CA2A4F44180.tmp' to '../../../../../Projects/Unreal Projects/GGJ2018/GGJ2018/Content/ThirdPersonBP/Maps/ThirdPersonExampleMap_BuiltData.uasset'
[2018.01.27-03.28.00:424][251]LogSavePackage: Display: Finished SavePackage ../../../../../Projects/Unreal Projects/GGJ2018/GGJ2018/Content/ThirdPersonBP/Maps/ThirdPersonExampleMap_BuiltData.uasset
[2018.01.27-03.28.05:687][445]LogSlate: Only BGRA pngs, bmps or icos are supported in by External Image Picker
[2018.01.27-03.28.05:734][446]LogTemp: Executing iPhonePackager certificates Engine -bundlename com.YourCompany.GGJ2018
[2018.01.27-03.28.05:734][446]LogTemp: CWD: D:\Epic Games\UE_4.18\Engine\Binaries\DotNET\IOS
[2018.01.27-03.28.05:734][446]LogTemp: Initial Dir: D:\Epic Games\UE_4.18
[2018.01.27-03.28.05:734][446]LogTemp: Env CWD: D:\Epic Games\UE_4.18\Engine\Binaries\DotNET\IOS
[2018.01.27-03.28.05:734][446]LogTemp: BranchPath = DESKTOP-R47TH6J/D/Epic Games/UE_4.18/Engine/Binaries --- GameBranchPath = DESKTOP-R47TH6J/D/Epic Games/UE_4.18/Engine/Binaries
[2018.01.27-03.28.05:755][447]LogTemp: IPP ERROR: Could not find provision directory 'C:\Users\Wheatley\AppData\Local/Apple Computer/MobileDevice/Provisioning Profiles/'.
[2018.01.27-03.28.35:580][173]LogAIModule: Creating AISystem for world BossArena
[2018.01.27-03.28.35:597][173]Cmd: MAP LOAD FILE="../../../../../Projects/Unreal Projects/GGJ2018/GGJ2018/Content/JAM/Maps/BossArena.umap" TEMPLATE=0 SHOWPROGRESS=1 FEATURELEVEL=3
[2018.01.27-03.28.35:597][173]LightingResults: New page: Lighting Build
[2018.01.27-03.28.35:598][173]LoadErrors: New page: Loading map: BossArena.umap
[2018.01.27-03.28.35:599][173]MapCheck: New page: Map Check
[2018.01.27-03.28.35:599][173]LightingResults: New page: Lighting Build
[2018.01.27-03.28.35:620][173]LogEditorServer: Finished looking for orphan Actors (0.000 secs)
[2018.01.27-03.28.35:790][173]Cmd: MAP CHECKDEP NOCLEARLOG
[2018.01.27-03.28.35:850][173]MapCheck: Map check complete: 0 Error(s), 0 Warning(s), took 59.742ms to complete.
[2018.01.27-03.28.35:850][173]LogFileHelpers: Loading map 'BossArena' took 0.254
[2018.01.27-03.28.50:614][ 38]Cmd: OBJ SAVEPACKAGE PACKAGE="/Game/JAM/Maps/BossArena" FILE="../../../../../Projects/Unreal Projects/GGJ2018/GGJ2018/Content/JAM/Maps/BossArena.umap" SILENT=true AUTOSAVING=false KEEPDIRTY=false
[2018.01.27-03.28.50:672][ 38]LogSavePackage: Save=20.88ms
[2018.01.27-03.28.50:672][ 38]LogSavePackage: Moving '../../../../../Projects/Unreal Projects/GGJ2018/GGJ2018/Saved/BossArena845350CE436BDB6C798B109661EC3A05.tmp' to '../../../../../Projects/Unreal Projects/GGJ2018/GGJ2018/Content/JAM/Maps/BossArena.umap'
[2018.01.27-03.28.50:680][ 38]LogSavePackage: Display: Finished SavePackage ../../../../../Projects/Unreal Projects/GGJ2018/GGJ2018/Content/JAM/Maps/BossArena.umap
[2018.01.27-03.29.56:420][973]LogMaterialEditor: Saving and Compiling material M_Grid
[2018.01.27-03.29.57:061][973]LogMaterial: Missing cached shader map for material M_Grid, compiling. 
[2018.01.27-03.29.57:129][973]LogMaterial: Missing cached shader map for material M_Grid, compiling. 
[2018.01.27-03.29.57:195][973]LogMaterial: Missing cached shader map for material M_Grid, compiling. 
[2018.01.27-03.29.57:261][973]LogMaterial: Missing cached shader map for material FDebugViewModeMaterialProxy M_Grid, compiling. 
[2018.01.27-03.29.58:521][973]TextureStreamingBuild: Display: Compiling optional shaders took 1.266 seconds.
[2018.01.27-03.30.00:980][973]Cmd: OBJ SAVEPACKAGE PACKAGE="/Game/JAM/Materials/M_Grid" FILE="../../../../../Projects/Unreal Projects/GGJ2018/GGJ2018/Content/JAM/Materials/M_Grid.uasset" SILENT=true
[2018.01.27-03.30.01:081][973]LogSavePackage: Save=95.73ms
[2018.01.27-03.30.01:081][973]LogSavePackage: Moving '../../../../../Projects/Unreal Projects/GGJ2018/GGJ2018/Saved/M_Grid9B0DEE3C4A8626518753D3855D9A5ADD.tmp' to '../../../../../Projects/Unreal Projects/GGJ2018/GGJ2018/Content/JAM/Materials/M_Grid.uasset'
[2018.01.27-03.30.01:084][973]LogSavePackage: Display: Finished SavePackage ../../../../../Projects/Unreal Projects/GGJ2018/GGJ2018/Content/JAM/Materials/M_Grid.uasset
[2018.01.27-03.30.02:515][ 58]LogMaterial: Missing cached shader map for material M_Grid, compiling. 
[2018.01.27-03.30.03:760][129]MaterialEditorStats: Base pass shader without light map: 45 instructions
[2018.01.27-03.30.03:760][129]MaterialEditorStats: Vertex shader: 120 instructions
[2018.01.27-03.30.03:760][129]MaterialEditorStats: Texture samplers: 3/16
[2018.01.27-03.30.04:079][148]LogMaterial: Missing cached shader map for material M_Grid, compiling. 
[2018.01.27-03.30.04:408][167]LogMaterial: Missing cached shader map for material M_Grid, compiling. 
[2018.01.27-03.30.05:588][235]LogMaterial: Missing cached shader map for material M_Grid, compiling. 
[2018.01.27-03.30.07:414][338]LogMaterial: Missing cached shader map for material M_Grid, compiling. 
[2018.01.27-03.30.08:237][386]LogMaterial: Missing cached shader map for material M_Grid, compiling. 
[2018.01.27-03.30.09:855][481]LogMaterial: Missing cached shader map for material M_Grid, compiling. 
[2018.01.27-03.30.09:856][481]LogMaterial: Warning: /Engine/Transient.M_Grid (no disk path found): Failed to compile Material for platform PCD3D_SM5, Default Material will be used in game.
[2018.01.27-03.30.09:856][481]LogMaterial: 	(Node ComponentMask) Missing ComponentMask input
[2018.01.27-03.30.09:857][481]MaterialEditorStats: Error: [SM5] (Node ComponentMask) Missing ComponentMask input
[2018.01.27-03.30.13:775][712]LogMaterial: Missing cached shader map for material M_Grid, compiling. 
[2018.01.27-03.30.15:327][798]MaterialEditorStats: Base pass shader without light map: 45 instructions
[2018.01.27-03.30.15:327][798]MaterialEditorStats: Vertex shader: 120 instructions
[2018.01.27-03.30.15:327][798]MaterialEditorStats: Texture samplers: 3/16
[2018.01.27-03.30.15:959][835]LogMaterialEditor: Saving and Compiling material M_Grid
[2018.01.27-03.30.16:597][835]LogMaterial: Missing cached shader map for material M_Grid, compiling. 
[2018.01.27-03.30.16:662][835]LogMaterial: Missing cached shader map for material M_Grid, compiling. 
[2018.01.27-03.30.16:729][835]LogMaterial: Missing cached shader map for material M_Grid, compiling. 
[2018.01.27-03.30.16:816][835]LogMaterial: Missing cached shader map for material FDebugViewModeMaterialProxy M_Grid, compiling. 
[2018.01.27-03.30.17:725][835]TextureStreamingBuild: Display: Compiling optional shaders took 0.918 seconds.
[2018.01.27-03.30.20:175][835]Cmd: OBJ SAVEPACKAGE PACKAGE="/Game/JAM/Materials/M_Grid" FILE="../../../../../Projects/Unreal Projects/GGJ2018/GGJ2018/Content/JAM/Materials/M_Grid.uasset" SILENT=true
[2018.01.27-03.30.20:277][835]LogSavePackage: Save=96.08ms
[2018.01.27-03.30.20:277][835]LogSavePackage: Moving '../../../../../Projects/Unreal Projects/GGJ2018/GGJ2018/Saved/M_GridC260DB804B16F04D0F3E06B9B7872BFE.tmp' to '../../../../../Projects/Unreal Projects/GGJ2018/GGJ2018/Content/JAM/Materials/M_Grid.uasset'
[2018.01.27-03.30.20:280][835]LogSavePackage: Display: Finished SavePackage ../../../../../Projects/Unreal Projects/GGJ2018/GGJ2018/Content/JAM/Materials/M_Grid.uasset
[2018.01.27-03.30.30:835][465]Cmd: OBJ SAVEPACKAGE PACKAGE="/Game/JAM/Maps/BossArena" FILE="../../../../../Projects/Unreal Projects/GGJ2018/GGJ2018/Content/JAM/Maps/BossArena.umap" SILENT=true AUTOSAVING=false KEEPDIRTY=false
[2018.01.27-03.30.30:931][465]LogSavePackage: Save=76.43ms
[2018.01.27-03.30.30:931][465]LogSavePackage: Moving '../../../../../Projects/Unreal Projects/GGJ2018/GGJ2018/Saved/BossArena3E78B5E34FCC78ED545FFFAF953B5546.tmp' to '../../../../../Projects/Unreal Projects/GGJ2018/GGJ2018/Content/JAM/Maps/BossArena.umap'
[2018.01.27-03.30.30:933][465]LogSavePackage: Display: Finished SavePackage ../../../../../Projects/Unreal Projects/GGJ2018/GGJ2018/Content/JAM/Maps/BossArena.umap
[2018.01.27-03.30.49:672][585]LogMaterialEditor: Saving and Compiling material M_Grid
[2018.01.27-03.30.49:685][585]Cmd: OBJ SAVEPACKAGE PACKAGE="/Game/JAM/Materials/M_Grid" FILE="../../../../../Projects/Unreal Projects/GGJ2018/GGJ2018/Content/JAM/Materials/M_Grid.uasset" SILENT=true
[2018.01.27-03.30.49:800][585]LogSavePackage: Save=106.79ms
[2018.01.27-03.30.49:800][585]LogSavePackage: Moving '../../../../../Projects/Unreal Projects/GGJ2018/GGJ2018/Saved/M_Grid3BBB282541D3269F31EB4FB2ABB1AF49.tmp' to '../../../../../Projects/Unreal Projects/GGJ2018/GGJ2018/Content/JAM/Materials/M_Grid.uasset'
[2018.01.27-03.30.49:801][585]LogSavePackage: Display: Finished SavePackage ../../../../../Projects/Unreal Projects/GGJ2018/GGJ2018/Content/JAM/Materials/M_Grid.uasset
[2018.01.27-03.31.36:399][381]LogMaterialEditor: Saving and Compiling material M_Grid
[2018.01.27-03.31.36:413][381]Cmd: OBJ SAVEPACKAGE PACKAGE="/Game/JAM/Materials/M_Grid" FILE="../../../../../Projects/Unreal Projects/GGJ2018/GGJ2018/Content/JAM/Materials/M_Grid.uasset" SILENT=true
[2018.01.27-03.31.36:804][381]LogSavePackage: Save=82.73ms
[2018.01.27-03.31.36:804][381]LogSavePackage: Moving '../../../../../Projects/Unreal Projects/GGJ2018/GGJ2018/Saved/M_Grid03A7B08D41480818945A88AFF6366D3F.tmp' to '../../../../../Projects/Unreal Projects/GGJ2018/GGJ2018/Content/JAM/Materials/M_Grid.uasset'
[2018.01.27-03.31.36:805][381]LogSavePackage: Display: Finished SavePackage ../../../../../Projects/Unreal Projects/GGJ2018/GGJ2018/Content/JAM/Materials/M_Grid.uasset
[2018.01.27-03.31.53:515][379]LogMaterial: Missing cached shader map for material M_Grid, compiling. 
[2018.01.27-03.31.55:114][473]LogMaterial: Missing cached shader map for material M_Grid, compiling. 
[2018.01.27-03.31.56:832][573]MaterialEditorStats: Base pass shader without light map: 45 instructions
[2018.01.27-03.31.56:832][573]MaterialEditorStats: Vertex shader: 120 instructions
[2018.01.27-03.31.56:832][573]MaterialEditorStats: Texture samplers: 3/16
[2018.01.27-03.31.57:925][638]LogMaterialEditor: Saving and Compiling material M_Grid
[2018.01.27-03.31.58:562][638]LogMaterial: Missing cached shader map for material M_Grid, compiling. 
[2018.01.27-03.31.58:626][638]LogMaterial: Missing cached shader map for material M_Grid, compiling. 
[2018.01.27-03.31.58:693][638]LogMaterial: Missing cached shader map for material M_Grid, compiling. 
[2018.01.27-03.31.58:788][638]LogMaterial: Missing cached shader map for material FDebugViewModeMaterialProxy M_Grid, compiling. 
[2018.01.27-03.31.59:764][638]TextureStreamingBuild: Display: Compiling optional shaders took 0.985 seconds.
[2018.01.27-03.32.02:292][638]Cmd: OBJ SAVEPACKAGE PACKAGE="/Game/JAM/Materials/M_Grid" FILE="../../../../../Projects/Unreal Projects/GGJ2018/GGJ2018/Content/JAM/Materials/M_Grid.uasset" SILENT=true
[2018.01.27-03.32.02:403][638]LogSavePackage: Save=103.56ms
[2018.01.27-03.32.02:403][638]LogSavePackage: Moving '../../../../../Projects/Unreal Projects/GGJ2018/GGJ2018/Saved/M_Grid1A7B8E364402521B826BFD822C1025C0.tmp' to '../../../../../Projects/Unreal Projects/GGJ2018/GGJ2018/Content/JAM/Materials/M_Grid.uasset'
[2018.01.27-03.32.02:406][638]LogSavePackage: Display: Finished SavePackage ../../../../../Projects/Unreal Projects/GGJ2018/GGJ2018/Content/JAM/Materials/M_Grid.uasset
[2018.01.27-03.32.15:640][327]Cmd: OBJ SAVEPACKAGE PACKAGE="/Game/JAM/Materials/WorldGrid" FILE="../../../../../Projects/Unreal Projects/GGJ2018/GGJ2018/Content/JAM/Materials/WorldGrid.uasset" SILENT=true
[2018.01.27-03.32.15:660][327]LogMaterial: Missing cached shader map for material FDebugViewModeMaterialProxy WorldGrid, compiling. 
[2018.01.27-03.32.15:803][327]TextureStreamingBuild: Display: Compiling optional shaders took 0.147 seconds.
[2018.01.27-03.32.15:847][327]LogSavePackage: Save=20.43ms
[2018.01.27-03.32.15:847][327]LogSavePackage: Moving '../../../../../Projects/Unreal Projects/GGJ2018/GGJ2018/Saved/WorldGrid54AB26CA4C48CD1FDD62D897924E766D.tmp' to '../../../../../Projects/Unreal Projects/GGJ2018/GGJ2018/Content/JAM/Materials/WorldGrid.uasset'
[2018.01.27-03.32.15:850][327]LogSavePackage: Display: Finished SavePackage ../../../../../Projects/Unreal Projects/GGJ2018/GGJ2018/Content/JAM/Materials/WorldGrid.uasset
[2018.01.27-03.32.55:829][713]LogMaterial: Missing cached shader map for material M_Grid, compiling. 
[2018.01.27-03.32.57:702][820]MaterialEditorStats: Base pass shader without light map: 45 instructions
[2018.01.27-03.32.57:702][820]MaterialEditorStats: Vertex shader: 120 instructions
[2018.01.27-03.32.57:703][820]MaterialEditorStats: Texture samplers: 3/16
[2018.01.27-03.32.57:786][825]LogEditorTransaction: Undo Material Editor: New Expression
[2018.01.27-03.32.57:790][825]LogMaterial: Missing cached shader map for material M_Grid, compiling. 
[2018.01.27-03.32.57:822][825]LogMaterial: Missing cached shader map for material M_Grid, compiling. 
[2018.01.27-03.32.58:548][858]LogMaterial: Missing cached shader map for material M_Grid, compiling. 
[2018.01.27-03.32.59:607][914]LogMaterial: Missing cached shader map for material M_Grid, compiling. 
[2018.01.27-03.33.01:451][ 23]MaterialEditorStats: Base pass shader without light map: 45 instructions
[2018.01.27-03.33.01:451][ 23]MaterialEditorStats: Vertex shader: 120 instructions
[2018.01.27-03.33.01:451][ 23]MaterialEditorStats: Texture samplers: 3/16
[2018.01.27-03.33.03:042][118]LogMaterial: Missing cached shader map for material M_Grid, compiling. 
[2018.01.27-03.33.03:138][123]LogMaterialEditor: Saving and Compiling material M_Grid
[2018.01.27-03.33.04:044][123]LogMaterial: Missing cached shader map for material M_Grid, compiling. 
[2018.01.27-03.33.04:126][123]LogMaterial: Missing cached shader map for material M_Grid, compiling. 
[2018.01.27-03.33.04:198][123]LogMaterial: Missing cached shader map for material M_Grid, compiling. 
[2018.01.27-03.33.04:291][123]LogMaterial: Missing cached shader map for material FDebugViewModeMaterialProxy M_Grid, compiling. 
[2018.01.27-03.33.05:363][123]TextureStreamingBuild: Display: Compiling optional shaders took 1.081 seconds.
[2018.01.27-03.33.07:848][123]Cmd: OBJ SAVEPACKAGE PACKAGE="/Game/JAM/Materials/M_Grid" FILE="../../../../../Projects/Unreal Projects/GGJ2018/GGJ2018/Content/JAM/Materials/M_Grid.uasset" SILENT=true
[2018.01.27-03.33.07:888][123]LogSavePackage: Save=29.87ms
[2018.01.27-03.33.07:888][123]LogSavePackage: Moving '../../../../../Projects/Unreal Projects/GGJ2018/GGJ2018/Saved/M_Grid01E1356C49630EE356ABEEACF1C37E57.tmp' to '../../../../../Projects/Unreal Projects/GGJ2018/GGJ2018/Content/JAM/Materials/M_Grid.uasset'
[2018.01.27-03.33.07:892][123]LogSavePackage: Display: Finished SavePackage ../../../../../Projects/Unreal Projects/GGJ2018/GGJ2018/Content/JAM/Materials/M_Grid.uasset
[2018.01.27-03.33.08:771][174]Cmd: OBJ SAVEPACKAGE PACKAGE="/Game/JAM/Materials/WorldGrid" FILE="../../../../../Projects/Unreal Projects/GGJ2018/GGJ2018/Content/JAM/Materials/WorldGrid.uasset" SILENT=true
[2018.01.27-03.33.08:788][174]LogMaterial: Missing cached shader map for material FDebugViewModeMaterialProxy WorldGrid, compiling. 
[2018.01.27-03.33.08:886][174]TextureStreamingBuild: Display: Compiling optional shaders took 0.103 seconds.
[2018.01.27-03.33.08:905][174]LogSavePackage: Save=6.71ms
[2018.01.27-03.33.08:905][174]LogSavePackage: Moving '../../../../../Projects/Unreal Projects/GGJ2018/GGJ2018/Saved/WorldGrid32A19D0F467150984A0BC3AD4DA31244.tmp' to '../../../../../Projects/Unreal Projects/GGJ2018/GGJ2018/Content/JAM/Materials/WorldGrid.uasset'
[2018.01.27-03.33.08:908][174]LogSavePackage: Display: Finished SavePackage ../../../../../Projects/Unreal Projects/GGJ2018/GGJ2018/Content/JAM/Materials/WorldGrid.uasset
[2018.01.27-03.33.36:361][812]LogMaterial: Missing cached shader map for material M_Grid, compiling. 
[2018.01.27-03.33.38:409][934]MaterialEditorStats: Base pass shader without light map: 45 instructions
[2018.01.27-03.33.38:409][934]MaterialEditorStats: Vertex shader: 120 instructions
[2018.01.27-03.33.38:409][934]MaterialEditorStats: Texture samplers: 3/16
[2018.01.27-03.33.40:015][ 30]LogMaterialEditor: Saving and Compiling material M_Grid
[2018.01.27-03.33.40:651][ 30]LogMaterial: Missing cached shader map for material M_Grid, compiling. 
[2018.01.27-03.33.40:717][ 30]LogMaterial: Missing cached shader map for material M_Grid, compiling. 
[2018.01.27-03.33.40:786][ 30]LogMaterial: Missing cached shader map for material M_Grid, compiling. 
[2018.01.27-03.33.40:878][ 30]LogMaterial: Missing cached shader map for material FDebugViewModeMaterialProxy M_Grid, compiling. 
[2018.01.27-03.33.41:834][ 30]TextureStreamingBuild: Display: Compiling optional shaders took 0.965 seconds.
[2018.01.27-03.33.44:397][ 30]Cmd: OBJ SAVEPACKAGE PACKAGE="/Game/JAM/Materials/M_Grid" FILE="../../../../../Projects/Unreal Projects/GGJ2018/GGJ2018/Content/JAM/Materials/M_Grid.uasset" SILENT=true
[2018.01.27-03.33.44:554][ 30]LogSavePackage: Save=150.10ms
[2018.01.27-03.33.44:557][ 30]LogSavePackage: Moving '../../../../../Projects/Unreal Projects/GGJ2018/GGJ2018/Saved/M_GridD54677D84EC0DB8B09EFFCA6E6A1E5B2.tmp' to '../../../../../Projects/Unreal Projects/GGJ2018/GGJ2018/Content/JAM/Materials/M_Grid.uasset'
[2018.01.27-03.33.44:561][ 30]LogSavePackage: Display: Finished SavePackage ../../../../../Projects/Unreal Projects/GGJ2018/GGJ2018/Content/JAM/Materials/M_Grid.uasset
[2018.01.27-03.33.54:002][543]Cmd: OBJ SAVEPACKAGE PACKAGE="/Game/JAM/Materials/WorldGrid" FILE="../../../../../Projects/Unreal Projects/GGJ2018/GGJ2018/Content/JAM/Materials/WorldGrid.uasset" SILENT=true
[2018.01.27-03.33.54:023][543]LogMaterial: Missing cached shader map for material FDebugViewModeMaterialProxy WorldGrid, compiling. 
[2018.01.27-03.33.54:165][543]TextureStreamingBuild: Display: Compiling optional shaders took 0.146 seconds.
[2018.01.27-03.33.54:202][543]LogSavePackage: Save=20.34ms
[2018.01.27-03.33.54:202][543]LogSavePackage: Moving '../../../../../Projects/Unreal Projects/GGJ2018/GGJ2018/Saved/WorldGrid0FD1DA824B7A08C6522D928A433494B7.tmp' to '../../../../../Projects/Unreal Projects/GGJ2018/GGJ2018/Content/JAM/Materials/WorldGrid.uasset'
[2018.01.27-03.33.54:206][543]LogSavePackage: Display: Finished SavePackage ../../../../../Projects/Unreal Projects/GGJ2018/GGJ2018/Content/JAM/Materials/WorldGrid.uasset
[2018.01.27-03.34.09:205][438]Cmd: OBJ SAVEPACKAGE PACKAGE="/Game/JAM/Maps/BossArena" FILE="../../../../../Projects/Unreal Projects/GGJ2018/GGJ2018/Content/JAM/Maps/BossArena.umap" SILENT=true AUTOSAVING=false KEEPDIRTY=false
[2018.01.27-03.34.09:326][438]LogSavePackage: Save=21.94ms
[2018.01.27-03.34.09:326][438]LogSavePackage: Moving '../../../../../Projects/Unreal Projects/GGJ2018/GGJ2018/Saved/BossArena7DF9CC694666A0FD57E280BB8380B910.tmp' to '../../../../../Projects/Unreal Projects/GGJ2018/GGJ2018/Content/JAM/Maps/BossArena.umap'
[2018.01.27-03.34.09:327][438]LogSavePackage: Display: Finished SavePackage ../../../../../Projects/Unreal Projects/GGJ2018/GGJ2018/Content/JAM/Maps/BossArena.umap
[2018.01.27-03.34.16:281][793]LogEditorViewport: Clicking Background
[2018.01.27-03.34.17:318][852]LogEditorViewport: Clicking on Actor (LMB): StaticMeshActor (Plane)
[2018.01.27-03.34.27:070][232]Cmd: OBJ SAVEPACKAGE PACKAGE="/Game/JAM/Maps/BossArena" FILE="../../../../../Projects/Unreal Projects/GGJ2018/GGJ2018/Content/JAM/Maps/BossArena.umap" SILENT=true AUTOSAVING=false KEEPDIRTY=false
[2018.01.27-03.34.27:177][232]LogSavePackage: Save=87.97ms
[2018.01.27-03.34.27:177][232]LogSavePackage: Moving '../../../../../Projects/Unreal Projects/GGJ2018/GGJ2018/Saved/BossArena9C3B64574024D0322441138A52D9D712.tmp' to '../../../../../Projects/Unreal Projects/GGJ2018/GGJ2018/Content/JAM/Maps/BossArena.umap'
[2018.01.27-03.34.27:181][232]LogSavePackage: Display: Finished SavePackage ../../../../../Projects/Unreal Projects/GGJ2018/GGJ2018/Content/JAM/Maps/BossArena.umap
[2018.01.27-03.34.59:104][100]LogD3D11RHI: Error: Result failed 
 at D:\Build\++UE4+Release-4.18+Compile\Sync\Engine\Source\Runtime\Windows\D3D11RHI\Private\D3D11Viewport.cpp:289 
 with error DXGI_ERROR_DEVICE_REMOVED DXGI_ERROR_DRIVER_INTERNAL_ERROR
[2018.01.27-03.34.59:104][100]LogWindows: Windows GetLastError: Операция успешно завершена. (0)
[2018.01.27-03.35.00:326][100]LogWindows: Windows GetLastError: Операция успешно завершена. (0)
[2018.01.27-03.35.00:326][100]LogWindows: Error: === Critical error: ===
[2018.01.27-03.35.00:326][100]LogWindows: Error: 
[2018.01.27-03.35.00:326][100]LogWindows: Error: Fatal error: [File:D:\Build\++UE4+Release-4.18+Compile\Sync\Engine\Source\Runtime\RenderCore\Private\RenderingThread.cpp] [Line: 813] 
[2018.01.27-03.35.00:326][100]LogWindows: Error: Rendering thread exception:
[2018.01.27-03.35.00:326][100]LogWindows: Error: Fatal error: [File:D:\Build\++UE4+Release-4.18+Compile\Sync\Engine\Source\Runtime\Windows\D3D11RHI\Private\D3D11Util.cpp] [Line: 182] 
[2018.01.27-03.35.00:326][100]LogWindows: Error: Unreal Engine is exiting due to D3D device being lost. (Error: 0x887A0020 - 'INTERNAL_ERROR')
[2018.01.27-03.35.00:326][100]LogWindows: Error: 
[2018.01.27-03.35.00:326][100]LogWindows: Error: 
[2018.01.27-03.35.00:326][100]LogWindows: Error: [Callstack] 0x00000000AFEE9D98 KERNELBASE.dll!UnknownFunction []
[2018.01.27-03.35.00:326][100]LogWindows: Error: [Callstack] 0x00000000A18276D4 UE4Editor-ApplicationCore.dll!UnknownFunction []
[2018.01.27-03.35.00:326][100]LogWindows: Error: [Callstack] 0x000000007D78330B UE4Editor-Core.dll!UnknownFunction []
[2018.01.27-03.35.00:326][100]LogWindows: Error: [Callstack] 0x000000007D7147F9 UE4Editor-Core.dll!UnknownFunction []
[2018.01.27-03.35.00:326][100]LogWindows: Error: [Callstack] 0x00000000625F79FF UE4Editor-D3D11RHI.dll!UnknownFunction []
[2018.01.27-03.35.00:326][100]LogWindows: Error: [Callstack] 0x00000000625FBBC0 UE4Editor-D3D11RHI.dll!UnknownFunction []
[2018.01.27-03.35.00:326][100]LogWindows: Error: [Callstack] 0x00000000625DB3FA UE4Editor-D3D11RHI.dll!UnknownFunction []
[2018.01.27-03.35.00:326][100]LogWindows: Error: [Callstack] 0x00000000625DB35E UE4Editor-D3D11RHI.dll!UnknownFunction []
[2018.01.27-03.35.00:326][100]LogWindows: Error: [Callstack] 0x00000000625E83E8 UE4Editor-D3D11RHI.dll!UnknownFunction []
[2018.01.27-03.35.00:326][100]LogWindows: Error: [Callstack] 0x00000000A066E4F7 UE4Editor-RHI.dll!UnknownFunction []
[2018.01.27-03.35.00:326][100]LogWindows: Error: [Callstack] 0x00000000623C0B45 UE4Editor-SlateRHIRenderer.dll!UnknownFunction []
[2018.01.27-03.35.00:326][100]LogWindows: Error: [Callstack] 0x00000000623C60A9 UE4Editor-SlateRHIRenderer.dll!UnknownFunction []
[2018.01.27-03.35.00:326][100]LogWindows: Error: [Callstack] 0x000000007D5E4845 UE4Editor-Core.dll!UnknownFunction []
[2018.01.27-03.35.00:326][100]LogWindows: Error: [Callstack] 0x000000007D5E4E2A UE4Editor-Core.dll!UnknownFunction []
[2018.01.27-03.35.00:326][100]LogWindows: Error: [Callstack] 0x00000000A18A22C4 UE4Editor-RenderCore.dll!UnknownFunction []
[2018.01.27-03.35.00:326][100]LogWindows: Error: [Callstack] 0x00000000A18A32F6 UE4Editor-RenderCore.dll!UnknownFunction []
[2018.01.27-03.35.00:326][100]LogWindows: Error: [Callstack] 0x000000007D98092C UE4Editor-Core.dll!UnknownFunction []
[2018.01.27-03.35.00:326][100]LogWindows: Error: [Callstack] 0x000000007D972563 UE4Editor-Core.dll!UnknownFunction []
[2018.01.27-03.35.00:326][100]LogWindows: Error: [Callstack] 0x00000000B3492774 KERNEL32.DLL!UnknownFunction []
[2018.01.27-03.35.00:326][100]LogWindows: Error: [Callstack] 0x00000000B35D0D51 ntdll.dll!UnknownFunction []
[2018.01.27-03.35.00:326][100]LogWindows: Error: [Callstack] 0x00000000B35D0D51 ntdll.dll!UnknownFunction []
[2018.01.27-03.35.00:326][100]LogWindows: Error: 
[2018.01.27-03.35.00:326][100]LogWindows: Error: 
[2018.01.27-03.35.00:326][100]LogWindows: Error: 
[2018.01.27-03.35.00:326][100]LogWindows: Error: 
[2018.01.27-03.35.00:344][100]LogExit: Executing StaticShutdownAfterError
[2018.01.27-03.35.00:347][100]LogWindows: FPlatformMisc::RequestExit(1)
[2018.01.27-03.35.00:347][100]Log file closed, 01/27/18 06:35:00
