Log file open, 01/27/18 04:40:29
LogWindows: Failed to load 'aqProf.dll' (GetLastError=126)
LogWindows: File 'aqProf.dll' does not exist
LogWindows: Failed to load 'VSPerf140.dll' (GetLastError=126)
LogWindows: File 'VSPerf140.dll' does not exist
LogWindows: Failed to load 'VtuneApi.dll' (GetLastError=126)
LogWindows: File 'VtuneApi.dll' does not exist
LogWindows: Failed to load 'VtuneApi32e.dll' (GetLastError=126)
LogWindows: File 'VtuneApi32e.dll' does not exist
LogInit: Display: Running engine for game: GGJ2018
LogPlatformFile: Not using cached read wrapper
LogInit: Display: RandInit(-2122200120) SRandInit(-2122200120).
LogInit: Read version file with build ID '3709383'
LogInit: Overriding engine version to CL 3832480, compatible CL 3709383
LogInit: Registered custom module enumerator with build ID '3709383'
LogTaskGraph: Started task graph with 5 named threads and 14 total threads with 3 sets of task threads.
LogStats: Stats thread started at 0.202357
LogD3D11RHI: Aftermath initialized
LogModuleManager: Display: Found up-to-date module file ../../../Engine/Plugins/2D/Paper2D/Binaries/Win64/UE4Editor-Paper2D.dll (API version 3709383).
LogModuleManager: Display: Found up-to-date module file ../../../Engine/Plugins/2D/Paper2D/Binaries/Win64/UE4Editor-Paper2DEditor.dll (API version 3709383).
LogModuleManager: Display: Found up-to-date module file ../../../Engine/Plugins/2D/Paper2D/Binaries/Win64/UE4Editor-PaperSpriteSheetImporter.dll (API version 3709383).
LogModuleManager: Display: Found up-to-date module file ../../../Engine/Plugins/2D/Paper2D/Binaries/Win64/UE4Editor-PaperTiledImporter.dll (API version 3709383).
LogModuleManager: Display: Found up-to-date module file ../../../Engine/Plugins/2D/Paper2D/Binaries/Win64/UE4Editor-SmartSnapping.dll (API version 3709383).
LogModuleManager: Display: Found up-to-date module file ../../../Engine/Plugins/Blendables/LightPropagationVolume/Binaries/Win64/UE4Editor-LightPropagationVolumeRuntime.dll (API version 3709383).
LogModuleManager: Display: Found up-to-date module file ../../../Engine/Plugins/Blendables/LightPropagationVolume/Binaries/Win64/UE4Editor-LightPropagationVolumeEditor.dll (API version 3709383).
LogModuleManager: Display: Found up-to-date module file ../../../Engine/Plugins/Developer/GitSourceControl/Binaries/Win64/UE4Editor-GitSourceControl.dll (API version 3709383).
LogModuleManager: Display: Found up-to-date module file ../../../Engine/Plugins/Developer/PerforceSourceControl/Binaries/Win64/UE4Editor-PerforceSourceControl.dll (API version 3709383).
LogModuleManager: Display: Found up-to-date module file ../../../Engine/Plugins/Developer/SubversionSourceControl/Binaries/Win64/UE4Editor-SubversionSourceControl.dll (API version 3709383).
LogModuleManager: Display: Found up-to-date module file ../../../Engine/Plugins/Developer/UObjectPlugin/Binaries/Win64/UE4Editor-UObjectPlugin.dll (API version 3709383).
LogModuleManager: Display: Found up-to-date module file ../../../Engine/Plugins/Developer/VisualStudioCodeSourceCodeAccess/Binaries/Win64/UE4Editor-VisualStudioCodeSourceCodeAccess.dll (API version 3709383).
LogModuleManager: Display: Found up-to-date module file ../../../Engine/Plugins/Developer/VisualStudioSourceCodeAccess/Binaries/Win64/UE4Editor-VisualStudioSourceCodeAccess.dll (API version 3709383).
LogModuleManager: Display: Found up-to-date module file ../../../Engine/Plugins/Editor/AssetManagerEditor/Binaries/Win64/UE4Editor-AssetManagerEditor.dll (API version 3709383).
LogModuleManager: Display: Found up-to-date module file ../../../Engine/Plugins/Editor/AudioCapture/Binaries/Win64/UE4Editor-AudioCapture.dll (API version 3709383).
LogModuleManager: Display: Found up-to-date module file ../../../Engine/Plugins/Editor/FacialAnimation/Binaries/Win64/UE4Editor-FacialAnimation.dll (API version 3709383).
LogModuleManager: Display: Found up-to-date module file ../../../Engine/Plugins/Editor/FacialAnimation/Binaries/Win64/UE4Editor-FacialAnimationEditor.dll (API version 3709383).
LogModuleManager: Display: Found up-to-date module file ../../../Engine/Plugins/Editor/GameplayTagsEditor/Binaries/Win64/UE4Editor-GameplayTagsEditor.dll (API version 3709383).
LogModuleManager: Display: Found up-to-date module file ../../../Engine/Plugins/Editor/MobileLauncherProfileWizard/Binaries/Win64/UE4Editor-MobileLauncherProfileWizard.dll (API version 3709383).
LogModuleManager: Display: Found up-to-date module file ../../../Engine/Plugins/Editor/PluginBrowser/Binaries/Win64/UE4Editor-PluginBrowser.dll (API version 3709383).
LogModuleManager: Display: Found up-to-date module file ../../../Engine/Plugins/Editor/SpeedTreeImporter/Binaries/Win64/UE4Editor-SpeedTreeImporter.dll (API version 3709383).
LogModuleManager: Display: Found up-to-date module file ../../../Engine/Plugins/Experimental/AlembicImporter/Binaries/Win64/UE4Editor-AlembicImporter.dll (API version 3709383).
LogModuleManager: Display: Found up-to-date module file ../../../Engine/Plugins/Experimental/AlembicImporter/Binaries/Win64/UE4Editor-AlembicLibrary.dll (API version 3709383).
LogModuleManager: Display: Found up-to-date module file ../../../Engine/Plugins/Experimental/CharacterAI/Binaries/Win64/UE4Editor-CharacterAI.dll (API version 3709383).
LogModuleManager: Display: Found up-to-date module file ../../../Engine/Plugins/Experimental/HTML5Networking/Binaries/Win64/UE4Editor-HTML5Networking.dll (API version 3709383).
LogModuleManager: Display: Found up-to-date module file ../../../Engine/Plugins/Media/AndroidMedia/Binaries/Win64/UE4Editor-AndroidMediaEditor.dll (API version 3709383).
LogModuleManager: Display: Found up-to-date module file ../../../Engine/Plugins/Media/AndroidMedia/Binaries/Win64/UE4Editor-AndroidMediaFactory.dll (API version 3709383).
LogModuleManager: Display: Found up-to-date module file ../../../Engine/Plugins/Media/AvfMedia/Binaries/Win64/UE4Editor-AvfMediaEditor.dll (API version 3709383).
LogModuleManager: Display: Found up-to-date module file ../../../Engine/Plugins/Media/AvfMedia/Binaries/Win64/UE4Editor-AvfMediaFactory.dll (API version 3709383).
LogModuleManager: Display: Found up-to-date module file ../../../Engine/Plugins/Media/AvfMedia/Binaries/Win64/UE4Editor-AvfMediaFactory.dll (API version 3709383).
LogModuleManager: Display: Found up-to-date module file ../../../Engine/Plugins/Media/ImgMedia/Binaries/Win64/UE4Editor-ImgMedia.dll (API version 3709383).
LogModuleManager: Display: Found up-to-date module file ../../../Engine/Plugins/Media/ImgMedia/Binaries/Win64/UE4Editor-ImgMediaEditor.dll (API version 3709383).
LogModuleManager: Display: Found up-to-date module file ../../../Engine/Plugins/Media/ImgMedia/Binaries/Win64/UE4Editor-ImgMediaFactory.dll (API version 3709383).
LogModuleManager: Display: Found up-to-date module file ../../../Engine/Plugins/Media/ImgMedia/Binaries/Win64/UE4Editor-ImgMediaFactory.dll (API version 3709383).
LogModuleManager: Display: Found up-to-date module file ../../../Engine/Plugins/Media/ImgMedia/Binaries/Win64/UE4Editor-OpenExrWrapper.dll (API version 3709383).
LogModuleManager: Display: Found up-to-date module file ../../../Engine/Plugins/Media/MediaCompositing/Binaries/Win64/UE4Editor-MediaCompositing.dll (API version 3709383).
LogModuleManager: Display: Found up-to-date module file ../../../Engine/Plugins/Media/MediaCompositing/Binaries/Win64/UE4Editor-MediaCompositingEditor.dll (API version 3709383).
LogModuleManager: Display: Found up-to-date module file ../../../Engine/Plugins/Media/MediaPlayerEditor/Binaries/Win64/UE4Editor-MediaPlayerEditor.dll (API version 3709383).
LogModuleManager: Display: Found up-to-date module file ../../../Engine/Plugins/Media/WmfMedia/Binaries/Win64/UE4Editor-WmfMedia.dll (API version 3709383).
LogModuleManager: Display: Found up-to-date module file ../../../Engine/Plugins/Media/WmfMedia/Binaries/Win64/UE4Editor-WmfMediaEditor.dll (API version 3709383).
LogModuleManager: Display: Found up-to-date module file ../../../Engine/Plugins/Media/WmfMedia/Binaries/Win64/UE4Editor-WmfMediaFactory.dll (API version 3709383).
LogModuleManager: Display: Found up-to-date module file ../../../Engine/Plugins/Media/WmfMedia/Binaries/Win64/UE4Editor-WmfMediaFactory.dll (API version 3709383).
LogModuleManager: Display: Found up-to-date module file ../../../Engine/Plugins/Messaging/TcpMessaging/Binaries/Win64/UE4Editor-TcpMessaging.dll (API version 3709383).
LogModuleManager: Display: Found up-to-date module file ../../../Engine/Plugins/Messaging/UdpMessaging/Binaries/Win64/UE4Editor-UdpMessaging.dll (API version 3709383).
LogModuleManager: Display: Found up-to-date module file ../../../Engine/Plugins/MovieScene/ActorSequence/Binaries/Win64/UE4Editor-ActorSequence.dll (API version 3709383).
LogModuleManager: Display: Found up-to-date module file ../../../Engine/Plugins/MovieScene/LevelSequenceEditor/Binaries/Win64/UE4Editor-LevelSequenceEditor.dll (API version 3709383).
LogModuleManager: Display: Found up-to-date module file ../../../Engine/Plugins/MovieScene/MatineeToLevelSequence/Binaries/Win64/UE4Editor-MatineeToLevelSequence.dll (API version 3709383).
LogModuleManager: Display: Found up-to-date module file ../../../Engine/Plugins/Online/OnlineSubsystem/Binaries/Win64/UE4Editor-OnlineSubsystem.dll (API version 3709383).
LogModuleManager: Display: Found up-to-date module file ../../../Engine/Plugins/Runtime/AndroidPermission/Binaries/Win64/UE4Editor-AndroidPermission.dll (API version 3709383).
LogModuleManager: Display: Found up-to-date module file ../../../Engine/Plugins/Online/OnlineSubsystemNull/Binaries/Win64/UE4Editor-OnlineSubsystemNull.dll (API version 3709383).
LogModuleManager: Display: Found up-to-date module file ../../../Engine/Plugins/Online/OnlineSubsystemUtils/Binaries/Win64/UE4Editor-OnlineSubsystemUtils.dll (API version 3709383).
LogModuleManager: Display: Found up-to-date module file ../../../Engine/Plugins/Online/OnlineSubsystemUtils/Binaries/Win64/UE4Editor-OnlineBlueprintSupport.dll (API version 3709383).
LogModuleManager: Display: Found up-to-date module file ../../../Engine/Plugins/Runtime/AndroidDeviceProfileSelector/Binaries/Win64/UE4Editor-AndroidDeviceProfileSelector.dll (API version 3709383).
LogModuleManager: Display: Found up-to-date module file ../../../Engine/Plugins/Runtime/AppleARKit/Binaries/Win64/UE4Editor-AppleARKit.dll (API version 3709383).
LogModuleManager: Display: Found up-to-date module file ../../../Engine/Plugins/Runtime/ArchVisCharacter/Binaries/Win64/UE4Editor-ArchVisCharacter.dll (API version 3709383).
LogModuleManager: Display: Found up-to-date module file ../../../Engine/Plugins/Runtime/CableComponent/Binaries/Win64/UE4Editor-CableComponent.dll (API version 3709383).
LogModuleManager: Display: Found up-to-date module file ../../../Engine/Plugins/Runtime/CustomMeshComponent/Binaries/Win64/UE4Editor-CustomMeshComponent.dll (API version 3709383).
LogModuleManager: Display: Found up-to-date module file ../../../Engine/Plugins/Runtime/ExampleDeviceProfileSelector/Binaries/Win64/UE4Editor-ExampleDeviceProfileSelector.dll (API version 3709383).
LogModuleManager: Display: Found up-to-date module file ../../../Engine/Plugins/Runtime/ImmediatePhysics/Binaries/Win64/UE4Editor-ImmediatePhysics.dll (API version 3709383).
LogModuleManager: Display: Found up-to-date module file ../../../Engine/Plugins/Runtime/ImmediatePhysics/Binaries/Win64/UE4Editor-ImmediatePhysicsEditor.dll (API version 3709383).
LogModuleManager: Display: Found up-to-date module file ../../../Engine/Plugins/Runtime/LocationServicesBPLibrary/Binaries/Win64/UE4Editor-LocationServicesBPLibrary.dll (API version 3709383).
LogModuleManager: Display: Found up-to-date module file ../../../Engine/Plugins/Runtime/MobilePatchingUtils/Binaries/Win64/UE4Editor-MobilePatchingUtils.dll (API version 3709383).
LogModuleManager: Display: Found up-to-date module file ../../../Engine/Plugins/Runtime/Oculus/OculusVR/Binaries/Win64/UE4Editor-OculusHMD.dll (API version 3709383).
LogModuleManager: Display: Found up-to-date module file ../../../Engine/Plugins/Runtime/Oculus/OculusVR/Binaries/Win64/UE4Editor-OculusInput.dll (API version 3709383).
LogModuleManager: Display: Found up-to-date module file ../../../Engine/Plugins/Runtime/Oculus/OculusVR/Binaries/Win64/UE4Editor-OculusEditor.dll (API version 3709383).
LogModuleManager: Display: Found up-to-date module file ../../../Engine/Plugins/Runtime/PhysXVehicles/Binaries/Win64/UE4Editor-PhysXVehicles.dll (API version 3709383).
LogModuleManager: Display: Found up-to-date module file ../../../Engine/Plugins/Runtime/PhysXVehicles/Binaries/Win64/UE4Editor-PhysXVehiclesEditor.dll (API version 3709383).
LogModuleManager: Display: Found up-to-date module file ../../../Engine/Plugins/Runtime/ProceduralMeshComponent/Binaries/Win64/UE4Editor-ProceduralMeshComponent.dll (API version 3709383).
LogModuleManager: Display: Found up-to-date module file ../../../Engine/Plugins/Runtime/ProceduralMeshComponent/Binaries/Win64/UE4Editor-ProceduralMeshComponentEditor.dll (API version 3709383).
LogModuleManager: Display: Found up-to-date module file ../../../Engine/Plugins/Runtime/RuntimePhysXCooking/Binaries/Win64/UE4Editor-RuntimePhysXCooking.dll (API version 3709383).
LogModuleManager: Display: Found up-to-date module file ../../../Engine/Plugins/Runtime/Steam/SteamVR/Binaries/Win64/UE4Editor-SteamVR.dll (API version 3709383).
LogModuleManager: Display: Found up-to-date module file ../../../Engine/Plugins/Runtime/Steam/SteamVR/Binaries/Win64/UE4Editor-SteamVRController.dll (API version 3709383).
LogModuleManager: Display: Found up-to-date module file ../../../Engine/Plugins/Runtime/WindowsMoviePlayer/Binaries/Win64/UE4Editor-WindowsMoviePlayer.dll (API version 3709383).
LogPluginManager: Mounting plugin Paper2D
LogPluginManager: Mounting plugin LightPropagationVolume
LogPluginManager: Mounting plugin CodeLiteSourceCodeAccess
LogPluginManager: Mounting plugin GitSourceControl
LogPluginManager: Mounting plugin KDevelopSourceCodeAccess
LogPluginManager: Mounting plugin NullSourceCodeAccess
LogPluginManager: Mounting plugin PerforceSourceControl
LogPluginManager: Mounting plugin SubversionSourceControl
LogPluginManager: Mounting plugin UObjectPlugin
LogPluginManager: Mounting plugin VisualStudioCodeSourceCodeAccess
LogPluginManager: Mounting plugin VisualStudioSourceCodeAccess
LogPluginManager: Mounting plugin XCodeSourceCodeAccess
LogPluginManager: Mounting plugin AssetManagerEditor
LogPluginManager: Mounting plugin AudioCapture
LogPluginManager: Mounting plugin FacialAnimation
LogPluginManager: Mounting plugin GameplayTagsEditor
LogPluginManager: Mounting plugin MobileLauncherProfileWizard
LogPluginManager: Mounting plugin PluginBrowser
LogPluginManager: Mounting plugin SpeedTreeImporter
LogPluginManager: Mounting plugin AlembicImporter
LogPluginManager: Mounting plugin CharacterAI
LogPluginManager: Mounting plugin HTML5Networking
LogPluginManager: Mounting plugin AndroidMedia
LogPluginManager: Mounting plugin AvfMedia
LogPluginManager: Mounting plugin ImgMedia
LogPluginManager: Mounting plugin MediaCompositing
LogPluginManager: Mounting plugin MediaPlayerEditor
LogPluginManager: Mounting plugin WmfMedia
LogPluginManager: Mounting plugin TcpMessaging
LogPluginManager: Mounting plugin UdpMessaging
LogPluginManager: Mounting plugin ActorSequence
LogPluginManager: Mounting plugin LevelSequenceEditor
LogPluginManager: Mounting plugin MatineeToLevelSequence
LogPluginManager: Mounting plugin OnlineSubsystemGooglePlay
LogPluginManager: Mounting plugin OnlineSubsystemIOS
LogPluginManager: Mounting plugin OnlineSubsystem
LogPluginManager: Mounting plugin OnlineSubsystemNull
LogPluginManager: Mounting plugin OnlineSubsystemUtils
LogPluginManager: Mounting plugin AndroidDeviceProfileSelector
LogPluginManager: Mounting plugin AndroidMoviePlayer
LogPluginManager: Mounting plugin AndroidPermission
LogPluginManager: Mounting plugin AppleARKit
LogPluginManager: Mounting plugin AppleMoviePlayer
LogPluginManager: Mounting plugin ArchVisCharacter
LogPluginManager: Mounting plugin CableComponent
LogPluginManager: Mounting plugin CustomMeshComponent
LogPluginManager: Mounting plugin ExampleDeviceProfileSelector
LogPluginManager: Mounting plugin GoogleCloudMessaging
LogPluginManager: Mounting plugin ImmediatePhysics
LogPluginManager: Mounting plugin IOSDeviceProfileSelector
LogPluginManager: Mounting plugin LinuxDeviceProfileSelector
LogPluginManager: Mounting plugin LocationServicesBPLibrary
LogPluginManager: Mounting plugin MobilePatchingUtils
LogPluginManager: Mounting plugin OculusVR
LogPluginManager: Plugin shader directory ../../../Engine/Plugins/Runtime/Oculus/OculusVR/Shaders found
LogPluginManager: Mapping shader source directory ../../../Engine/Plugins/Runtime/Oculus/OculusVR/Shaders to virtual directory /Plugin/OculusVR
LogPluginManager: Mounting plugin PhysXVehicles
LogPluginManager: Mounting plugin ProceduralMeshComponent
LogPluginManager: Mounting plugin RuntimePhysXCooking
LogPluginManager: Mounting plugin SteamVR
LogPluginManager: Mounting plugin WindowsMoviePlayer
LogInit: Using libcurl 7.47.1
LogInit:  - built for x86_64-pc-win32
LogInit:  - supports SSL with OpenSSL/1.0.2g
LogInit:  - supports HTTP deflate (compression) using libz 1.2.8
LogInit:  - other features:
LogInit:      CURL_VERSION_SSL
LogInit:      CURL_VERSION_LIBZ
LogInit:      CURL_VERSION_IPV6
LogInit:      CURL_VERSION_ASYNCHDNS
LogInit:      CURL_VERSION_LARGEFILE
LogInit:      CURL_VERSION_IDN
LogInit:  CurlRequestOptions (configurable via config and command line):
LogInit:  - bVerifyPeer = false  - Libcurl will NOT verify peer certificate
LogInit:  - bUseHttpProxy = false  - Libcurl will NOT use HTTP proxy
LogInit:  - bDontReuseConnections = false  - Libcurl will reuse connections
LogInit:  - CertBundlePath = nullptr  - Libcurl will use whatever was configured at build time.
LogInit: Build: ++UE4+Release-4.18-CL-3832480
LogInit: Engine Version: 4.18.3-3832480+++UE4+Release-4.18
LogInit: Compatible Engine Version: 4.18.0-3709383+++UE4+Release-4.18
LogInit: Net CL: 3709383
LogDevObjectVersion: Number of dev versions registered: 16
LogDevObjectVersion:   Dev-Blueprints (B0D832E4-1F89-4F0D-ACCF-7EB736FD4AA2): 10
LogDevObjectVersion:   Dev-Build (E1C64328-A22C-4D53-A36C-8E866417BD8C): 0
LogDevObjectVersion:   Dev-Core (375EC13C-06E4-48FB-B500-84F0262A717E): 2
LogDevObjectVersion:   Dev-Editor (E4B068ED-F494-42E9-A231-DA0B2E46BB41): 20
LogDevObjectVersion:   Dev-Framework (CFFC743F-43B0-4480-9391-14DF171D2073): 30
LogDevObjectVersion:   Dev-Mobile (B02B49B5-BB20-44E9-A304-32B752E40360): 0
LogDevObjectVersion:   Dev-Networking (A4E4105C-59A1-49B5-A7C5-40C4547EDFEE): 0
LogDevObjectVersion:   Dev-Online (39C831C9-5AE6-47DC-9A44-9C173E1C8E7C): 0
LogDevObjectVersion:   Dev-Physics (78F01B33-EBEA-4F98-B9B4-84EACCB95AA2): 0
LogDevObjectVersion:   Dev-Platform (6631380F-2D4D-43E0-8009-CF276956A95A): 0
LogDevObjectVersion:   Dev-Rendering (12F88B9F-8875-4AFC-A67C-D90C383ABD29): 20
LogDevObjectVersion:   Dev-Sequencer (7B5AE74C-D270-4C10-A958-57980B212A5A): 4
LogDevObjectVersion:   Dev-VR (D7296918-1DD6-4BDD-9DE2-64A83CC13884): 0
LogDevObjectVersion:   Dev-LoadTimes (C2A15278-BFE7-4AFE-6C17-90FF531DF755): 1
LogDevObjectVersion:   Private-Geometry (6EACA3D4-40EC-4CC1-B786-8BED09428FC5): 1
LogDevObjectVersion:   Dev-AnimPhys (29E575DD-E0A3-4627-9D10-D276232CDCEA): 12
LogInit: Compiled (64-bit): Jan 12 2018 02:04:55
LogInit: Compiled with Visual C++: 19.00.24215.01
LogInit: Build Configuration: Development
LogInit: Branch Name: ++UE4+Release-4.18
LogInit: Command line: 
LogInit: Base directory: D:/Epic Games/UE_4.18/Engine/Binaries/Win64/
LogInit: Installed Engine Build: 1
LogInit: Presizing for max 8388607 objects, including 0 objects not considered by GC, pre-allocating 0 bytes for permanent pool.
LogInit: Object subsystem initialized
[2018.01.27-01.40.31:306][  0]LogInit: Selected Device Profile: [Windows]
[2018.01.27-01.40.31:306][  0]LogInit: Applying CVar settings loaded from the selected device profile: [Windows]
[2018.01.27-01.40.31:322][  0]LogInit: Computer: DESKTOP-R47TH6J
[2018.01.27-01.40.31:322][  0]LogInit: User: Wheatley
[2018.01.27-01.40.31:322][  0]LogInit: CPU Page size=4096, Cores=4
[2018.01.27-01.40.31:322][  0]LogInit: High frequency timer resolution =2.338347 MHz
[2018.01.27-01.40.31:323][  0]LogMemory: Memory total: Physical=7.9GB (8GB approx)
[2018.01.27-01.40.31:323][  0]LogMemory: Platform Memory Stats for Windows
[2018.01.27-01.40.31:323][  0]LogMemory: Process Physical Memory: 272.20 MB used, 272.20 MB peak
[2018.01.27-01.40.31:323][  0]LogMemory: Process Virtual Memory: 269.74 MB used, 269.74 MB peak
[2018.01.27-01.40.31:323][  0]LogMemory: Physical Memory: 3591.86 MB used,  4516.49 MB free, 8108.36 MB total
[2018.01.27-01.40.31:323][  0]LogMemory: Virtual Memory: 644.07 MB used,  4516.49 MB free, 134217728.00 MB total
[2018.01.27-01.40.31:523][  0]LogInit: Using OS detected language (ru-RU).
[2018.01.27-01.40.31:523][  0]LogInit: Using OS detected locale (ru-RU).
[2018.01.27-01.40.31:526][  0]LogTextLocalizationManager: No localization for 'ru-RU' exists, so 'en' will be used for the language.
[2018.01.27-01.40.31:527][  0]LogTextLocalizationManager: No localization for 'ru-RU' exists, so 'en' will be used for the locale.
[2018.01.27-01.40.32:060][  0]LogInit: Setting process to per monitor DPI aware
[2018.01.27-01.40.32:377][  0]LogD3D11RHI: D3D11 adapters:
[2018.01.27-01.40.32:396][  0]LogD3D11RHI:    0. 'AMD Radeon R7 M265 Series' (Feature Level 11_0)
[2018.01.27-01.40.32:396][  0]LogD3D11RHI:       2028/0/4054 MB DedicatedVideo/DedicatedSystem/SharedSystem, Outputs:1, VendorId:0x1002
[2018.01.27-01.40.32:402][  0]LogD3D11RHI:    1. 'Intel(R) HD Graphics 4600' (Feature Level 11_0)
[2018.01.27-01.40.32:402][  0]LogD3D11RHI:       112/0/2048 MB DedicatedVideo/DedicatedSystem/SharedSystem, Outputs:0, VendorId:0x8086
[2018.01.27-01.40.32:403][  0]LogD3D11RHI:    2. 'Microsoft Basic Render Driver' (Feature Level 11_0)
[2018.01.27-01.40.32:403][  0]LogD3D11RHI:       0/0/4054 MB DedicatedVideo/DedicatedSystem/SharedSystem, Outputs:0, VendorId:0x1414
[2018.01.27-01.40.32:403][  0]LogD3D11RHI: Chosen D3D11 Adapter: 0
[2018.01.27-01.40.32:410][  0]LogD3D11RHI: Creating new Direct3DDevice
[2018.01.27-01.40.32:411][  0]LogD3D11RHI:     GPU DeviceId: 0x6604 (for the marketing name, search the web for "GPU Device Id")
[2018.01.27-01.40.32:411][  0]LogWindows: EnumDisplayDevices:
[2018.01.27-01.40.32:411][  0]LogWindows:    0. 'Intel(R) HD Graphics 4600' (P:1 D:1)
[2018.01.27-01.40.32:411][  0]LogWindows:    1. 'Intel(R) HD Graphics 4600' (P:0 D:0)
[2018.01.27-01.40.32:411][  0]LogWindows:    2. 'Intel(R) HD Graphics 4600' (P:0 D:0)
[2018.01.27-01.40.32:411][  0]LogWindows:    3. 'AMD Radeon R7 M265 Series' (P:0 D:0)
[2018.01.27-01.40.32:412][  0]LogWindows:    4. 'AMD Radeon R7 M265 Series' (P:0 D:0)
[2018.01.27-01.40.32:412][  0]LogWindows:    5. 'AMD Radeon R7 M265 Series' (P:0 D:0)
[2018.01.27-01.40.32:412][  0]LogWindows:    6. 'AMD Radeon R7 M265 Series' (P:0 D:0)
[2018.01.27-01.40.32:412][  0]LogWindows:    7. 'AMD Radeon R7 M265 Series' (P:0 D:0)
[2018.01.27-01.40.32:413][  0]LogWindows:    8. 'AMD Radeon R7 M265 Series' (P:0 D:0)
[2018.01.27-01.40.32:413][  0]LogWindows:    9. 'AMD Radeon R7 M265 Series' (P:0 D:0)
[2018.01.27-01.40.32:413][  0]LogWindows:    10. 'AMD Radeon R7 M265 Series' (P:0 D:0)
[2018.01.27-01.40.32:413][  0]LogWindows:    11. 'AMD Radeon R7 M265 Series' (P:0 D:0)
[2018.01.27-01.40.32:414][  0]LogWindows:    12. 'AMD Radeon R7 M265 Series' (P:0 D:0)
[2018.01.27-01.40.32:414][  0]LogWindows:    13. 'AMD Radeon R7 M265 Series' (P:0 D:0)
[2018.01.27-01.40.32:414][  0]LogWindows:    14. 'AMD Radeon R7 M265 Series' (P:0 D:0)
[2018.01.27-01.40.32:414][  0]LogWindows:    15. 'AMD Radeon R7 M265 Series' (P:0 D:0)
[2018.01.27-01.40.32:415][  0]LogWindows:    16. 'AMD Radeon R7 M265 Series' (P:0 D:0)
[2018.01.27-01.40.32:415][  0]LogWindows:    17. 'AMD Radeon R7 M265 Series' (P:0 D:0)
[2018.01.27-01.40.32:415][  0]LogWindows:    18. 'AMD Radeon R7 M265 Series' (P:0 D:0)
[2018.01.27-01.40.32:415][  0]LogWindows: DebugString: PrimaryIsNotTheChoosenAdapter PrimaryIsNotTheChoosenAdapter PrimaryIsNotTheChoosenAdapter FoundDriverCount:16 
[2018.01.27-01.40.32:415][  0]LogD3D11RHI:     Adapter Name: AMD Radeon R7 M265 Series
[2018.01.27-01.40.32:415][  0]LogD3D11RHI:   Driver Version: Crimson ReLive 17.11.1 (internal:23.20.788.0, unified:23.20.788.0)
[2018.01.27-01.40.32:415][  0]LogD3D11RHI:      Driver Date: 11-2-2017
[2018.01.27-01.40.32:415][  0]LogRHI: Texture pool is 1419 MB (70% of 2028 MB)
[2018.01.27-01.40.32:451][  0]LogD3D11RHI: Async texture creation enabled
[2018.01.27-01.40.32:464][  0]LogD3D11RHI: GPU Timing Frequency: 27.000000 (Debug: 2 1)
[2018.01.27-01.40.32:464][  0]LogShaderCompilers: Guid format shader working directory is -7 characters bigger than the processId version (../../../../../Projects/Unreal Projects/GGJ2018/GGJ2018/Intermediate/Shaders/WorkingDirectory/10132/).
[2018.01.27-01.40.32:465][  0]LogShaderCompilers: Cleaned the shader compiler working directory 'C:/Users/Wheatley/AppData/Local/Temp/UnrealShaderWorkingDir/4CB56093492BD3900BFB8ABBF3C4C8F3/'.
[2018.01.27-01.40.32:465][  0]LogShaderCompilers: Display: Using Local Shader Compiler.
[2018.01.27-01.40.33:693][  0]LogTemp: Display: Loaded TP AllDesktopTargetPlatform
[2018.01.27-01.40.33:747][  0]LogTemp: Display: Loaded TP MacClientTargetPlatform
[2018.01.27-01.40.33:805][  0]LogTemp: Display: Loaded TP MacNoEditorTargetPlatform
[2018.01.27-01.40.33:859][  0]LogTemp: Display: Loaded TP MacServerTargetPlatform
[2018.01.27-01.40.33:914][  0]LogTemp: Display: Loaded TP MacTargetPlatform
[2018.01.27-01.40.33:972][  0]LogTemp: Display: Loaded TP WindowsClientTargetPlatform
[2018.01.27-01.40.34:028][  0]LogTemp: Display: Loaded TP WindowsNoEditorTargetPlatform
[2018.01.27-01.40.34:092][  0]LogTemp: Display: Loaded TP WindowsServerTargetPlatform
[2018.01.27-01.40.34:143][  0]LogTemp: Display: Loaded TP WindowsTargetPlatform
[2018.01.27-01.40.34:196][  0]LogTemp: Display: Loaded TP Android_ASTCTargetPlatform
[2018.01.27-01.40.34:248][  0]LogTemp: Display: Loaded TP Android_ATCTargetPlatform
[2018.01.27-01.40.34:308][  0]LogTemp: Display: Loaded TP Android_DXTTargetPlatform
[2018.01.27-01.40.34:370][  0]LogTemp: Display: Loaded TP Android_ETC1TargetPlatform
[2018.01.27-01.40.34:422][  0]LogTemp: Display: Loaded TP Android_ETC2TargetPlatform
[2018.01.27-01.40.34:541][  0]LogTemp: Display: Loaded TP Android_MultiTargetPlatform
[2018.01.27-01.40.34:541][  0]LogTemp: Display: Loaded TP Android_PVRTCTargetPlatform
[2018.01.27-01.40.34:597][  0]LogTemp: Display: Loaded TP AndroidTargetPlatform
[2018.01.27-01.40.34:636][  0]LogTemp: Display: Loaded TP HTML5TargetPlatform
[2018.01.27-01.40.34:732][  0]LogTemp: Display: Loaded TP IOSTargetPlatform
[2018.01.27-01.40.34:763][  0]LogTemp: Display: Loaded TP TVOSTargetPlatform
[2018.01.27-01.40.34:816][  0]LogTemp: Display: Loaded TP LinuxClientTargetPlatform
[2018.01.27-01.40.34:869][  0]LogTemp: Display: Loaded TP LinuxNoEditorTargetPlatform
[2018.01.27-01.40.34:927][  0]LogTemp: Display: Loaded TP LinuxServerTargetPlatform
[2018.01.27-01.40.34:980][  0]LogTemp: Display: Loaded TP LinuxTargetPlatform
[2018.01.27-01.40.34:980][  0]LogTargetPlatformManager: Display: Building Assets For Windows
[2018.01.27-01.40.35:450][  0]LogDerivedDataCache: Display: Max Cache Size: 512 MB
[2018.01.27-01.40.35:570][  0]LogDerivedDataCache: Loaded boot cache 0.12s 78MB C:/Users/Wheatley/AppData/Local/UnrealEngine/4.18/DerivedDataCache/Boot.ddc.
[2018.01.27-01.40.35:570][  0]LogDerivedDataCache: Display: Loaded Boot cache: C:/Users/Wheatley/AppData/Local/UnrealEngine/4.18/DerivedDataCache/Boot.ddc
[2018.01.27-01.40.35:570][  0]LogDerivedDataCache: FDerivedDataBackendGraph:  Pak pak cache file ../../../../../Projects/Unreal Projects/GGJ2018/GGJ2018/DerivedDataCache/DDC.ddp not found, will not use a pak cache.
[2018.01.27-01.40.35:570][  0]LogDerivedDataCache: Unable to find inner node Pak for hierarchical cache Hierarchy.
[2018.01.27-01.40.35:570][  0]LogDerivedDataCache: FDerivedDataBackendGraph:  CompressedPak pak cache file ../../../../../Projects/Unreal Projects/GGJ2018/GGJ2018/DerivedDataCache/Compressed.ddp not found, will not use a pak cache.
[2018.01.27-01.40.35:570][  0]LogDerivedDataCache: Unable to find inner node CompressedPak for hierarchical cache Hierarchy.
[2018.01.27-01.40.35:593][  0]LogDerivedDataCache: Display: Pak cache opened for reading ../../../Engine/DerivedDataCache/Compressed.ddp.
[2018.01.27-01.40.35:606][  0]LogDerivedDataCache: Using Local data cache path C:/Users/Wheatley/AppData/Local/UnrealEngine/Common/DerivedDataCache: Writable
[2018.01.27-01.40.35:620][  0]LogMaterial: Verifying Global Shaders for PCD3D_SM5
[2018.01.27-01.40.35:620][  0]LogSlate: Using Freetype 2.6.0
[2018.01.27-01.40.35:621][  0]LogSlate: SlateFontCache - WITH_FREETYPE: 1, WITH_HARFBUZZ: 1
[2018.01.27-01.40.35:621][  0]LogSlate: SlateFontCache - WITH_FREETYPE: 1, WITH_HARFBUZZ: 1
[2018.01.27-01.40.36:103][  0]LogInit: Selected Device Profile: [Windows]
[2018.01.27-01.40.36:491][  0]LogSimplygon: Simplygon DLL not present - disabling.
[2018.01.27-01.40.36:533][  0]LogMeshReduction: Using SimplygonSwarm for distributed automatic mesh merging
[2018.01.27-01.40.36:533][  0]LogMeshReduction: Using QuadricMeshReduction for automatic static mesh reduction
[2018.01.27-01.40.36:533][  0]LogMeshReduction: No automatic skeletal mesh reduction module available
[2018.01.27-01.40.36:533][  0]LogMeshReduction: No automatic mesh merging module available
[2018.01.27-01.40.36:533][  0]LogMeshMerging: No automatic mesh merging module available
[2018.01.27-01.40.36:564][  0]LogNetVersion: GGJ2018 , NetCL: 3709383, EngineNetVer: 2, GameNetVer: 0 (Checksum: 4219683102)
[2018.01.27-01.40.36:755][  0]LogAssetRegistry: FAssetRegistry took 0.0276 seconds to start up
[2018.01.27-01.40.37:410][  0]LogPackageLocalizationCache: Processed 7 localized package path(s) for 1 prioritized culture(s) in 0.036917 seconds
[2018.01.27-01.40.37:416][  0]LogUObjectArray: 35870 objects as part of root set at end of initial load.
[2018.01.27-01.40.37:416][  0]LogUObjectAllocator: 7363704 out of 0 bytes used by permanent object pool.
[2018.01.27-01.40.37:416][  0]LogUObjectArray: CloseDisregardForGC: 0/0 objects in disregard for GC pool
[2018.01.27-01.40.37:468][  0]LogInit: WinSock: version 1.1 (2.2), MaxSocks=32767, MaxUdp=65467
[2018.01.27-01.40.40:612][  0]LogTcpMessaging: Initializing TcpMessaging bridge
[2018.01.27-01.40.40:655][  0]LogUdpMessaging: Initializing bridge on interface 0.0.0.0:0 to multicast group 230.0.0.1:6666.
[2018.01.27-01.40.41:433][  0]LogMaterial: Uniform references updated for custom material expression Custom.
[2018.01.27-01.40.41:902][  0]SourceControl: Source control is disabled
[2018.01.27-01.40.41:902][  0]SourceControl: Source control is disabled
[2018.01.27-01.40.41:956][  0]SourceControl: Source control is disabled
[2018.01.27-01.40.42:008][  0]SourceControl: Source control is disabled
[2018.01.27-01.40.42:828][  0]LogAndroidPermission: UAndroidPermissionCallbackProxy::GetInstance
[2018.01.27-01.40.43:046][  0]LogOcInput: OculusInput pre-init called
[2018.01.27-01.40.43:278][  0]LogEngine: Initializing Engine...
[2018.01.27-01.40.43:280][  0]LogHMD: Failed to initialize OpenVR with code 110
[2018.01.27-01.40.43:504][  0]LogStats: UGameplayTagsManager::ConstructGameplayTagTree: Construct from data asset -  0.000 s
[2018.01.27-01.40.43:504][  0]LogStats: UGameplayTagsManager::ConstructGameplayTagTree: GameplayTagTreeChangedEvent.Broadcast -  0.000 s
[2018.01.27-01.40.43:604][  0]LogAIModule: Creating AISystem for world Untitled
[2018.01.27-01.40.43:610][  0]LogInit: XAudio2 using 'Динамики (Conexant SmartAudio HD)' : 2 channels at 48 kHz using 16 bits per sample (channel mask 0x3)
[2018.01.27-01.40.43:648][  0]LogInit: FAudioDevice initialized.
[2018.01.27-01.40.43:727][  0]LogDerivedDataCache: Saved boot cache 0.08s 78MB C:/Users/Wheatley/AppData/Local/UnrealEngine/4.18/DerivedDataCache/Boot.ddc.
[2018.01.27-01.40.43:743][  0]LogInit: Texture streaming: Enabled
[2018.01.27-01.40.43:820][  0]LogEngineSessionManager: EngineSessionManager initialized
[2018.01.27-01.40.43:820][  0]LogEngineSessionManager: EngineSessionManager sent abnormal shutdown report. Type=Crashed, SessionId={A4FDB7F3-436A-AD46-DF23-A6B8FE34FFBE}
[2018.01.27-01.40.43:914][  0]LogInit: Transaction tracking system initialized
[2018.01.27-01.40.44:139][  0]BlueprintLog: New page: Editor Load
[2018.01.27-01.40.44:781][  0]LocalizationService: Localization service is disabled
[2018.01.27-01.40.45:327][  0]LogConsoleResponse: Display: 
[2018.01.27-01.40.45:490][  0]LogCook: Display: Max memory allowance for cook 16384mb min free memory 0mb
[2018.01.27-01.40.45:490][  0]LogCook: Display: Mobile HDR setting 1
[2018.01.27-01.40.45:490][  0]LogGameplayTags: Display: UGameplayTagsManager::DoneAddingNativeTags. DelegateIsBound: 0
[2018.01.27-01.40.46:383][  0]LogFileCache: Scanning file cache for directory 'D:/Projects/Unreal Projects/GGJ2018/GGJ2018/Content/' took 0.01s
[2018.01.27-01.40.46:383][  0]SourceControl: Source control is disabled
[2018.01.27-01.40.46:383][  0]Cmd: MAP LOAD FILE="../../../../../Projects/Unreal Projects/GGJ2018/GGJ2018/Content/ThirdPersonBP/Maps/ThirdPersonExampleMap.umap" TEMPLATE=0 SHOWPROGRESS=1 FEATURELEVEL=3
[2018.01.27-01.40.46:384][  0]LightingResults: New page: Lighting Build
[2018.01.27-01.40.46:414][  0]MapCheck: New page: Map Check
[2018.01.27-01.40.46:414][  0]LightingResults: New page: Lighting Build
[2018.01.27-01.40.47:118][  0]LogAIModule: Creating AISystem for world ThirdPersonExampleMap
[2018.01.27-01.40.47:140][  0]LogPhysics: Warning: Initialising Body : Scale3D is (nearly) zero: Component: '/Game/ThirdPersonBP/Maps/ThirdPersonExampleMap.ThirdPersonExampleMap:PersistentLevel.WeakSpot_Hand_GEN_VARIABLE_A_WeakSpot_C_CAT_184.Sphere' 
[2018.01.27-01.40.47:140][  0]LogPhysics: Warning: Initialising Body : Scale3D is (nearly) zero: Component: '/Game/ThirdPersonBP/Maps/ThirdPersonExampleMap.ThirdPersonExampleMap:PersistentLevel.WeakSpot_Hand_GEN_VARIABLE_A_WeakSpot_C_CAT_184.Sphere' 
[2018.01.27-01.40.47:140][  0]LogPhysics: Warning: Initialising Body : Scale3D is (nearly) zero: Component: '/Game/ThirdPersonBP/Maps/ThirdPersonExampleMap.ThirdPersonExampleMap:PersistentLevel.ChildActor_GEN_VARIABLE_A_WeakSpot_C_CAT_182.Sphere' 
[2018.01.27-01.40.47:140][  0]LogPhysics: Warning: Initialising Body : Scale3D is (nearly) zero: Component: '/Game/ThirdPersonBP/Maps/ThirdPersonExampleMap.ThirdPersonExampleMap:PersistentLevel.ChildActor_GEN_VARIABLE_A_WeakSpot_C_CAT_182.Sphere' 
[2018.01.27-01.40.47:141][  0]LogEditorServer: Finished looking for orphan Actors (0.000 secs)
[2018.01.27-01.40.47:155][  0]Cmd: MAP CHECKDEP NOCLEARLOG
[2018.01.27-01.40.47:198][  0]MapCheck: Map check complete: 0 Error(s), 0 Warning(s), took 43.118ms to complete.
[2018.01.27-01.40.47:198][  0]LogFileHelpers: Loading map 'ThirdPersonExampleMap' took 0.815
[2018.01.27-01.40.47:269][  0]LogWindowsTextInputMethodSystem: Display: IME system now deactivated.
[2018.01.27-01.40.47:346][  0]LogCollectionManager: Loaded 0 collections in 0.001377 seconds
[2018.01.27-01.40.47:415][  0]LogFileCache: Scanning file cache for directory 'D:/Projects/Unreal Projects/GGJ2018/GGJ2018/Saved/Collections/' took 0.01s
[2018.01.27-01.40.47:415][  0]LogFileCache: Scanning file cache for directory 'D:/Projects/Unreal Projects/GGJ2018/GGJ2018/Content/Developers/Wheatley/Collections/' took 0.01s
[2018.01.27-01.40.47:415][  0]LogFileCache: Scanning file cache for directory 'D:/Projects/Unreal Projects/GGJ2018/GGJ2018/Content/Collections/' took 0.01s
[2018.01.27-01.40.47:415][  0]LogCollectionManager: Rebuilt the GUID cache for 0 collections in 0.000000 seconds
[2018.01.27-01.40.47:424][  0]LogContentBrowser: Native class hierarchy populated in 0.0086 seconds. Added 2363 classes and 519 folders.
[2018.01.27-01.40.47:473][  0]LogContentBrowser: Native class hierarchy updated for 'WidgetCarousel' in 0.0002 seconds. Added 0 classes and 0 folders.
[2018.01.27-01.40.47:506][  0]LogContentBrowser: Native class hierarchy updated for 'AddContentDialog' in 0.0002 seconds. Added 0 classes and 0 folders.
[2018.01.27-01.40.47:538][  0]LogContentBrowser: Native class hierarchy updated for 'SceneOutliner' in 0.0003 seconds. Added 1 classes and 2 folders.
[2018.01.27-01.40.47:554][  0]LogSlate: Took 0.000173 seconds to synchronously load lazily loaded font '../../../Engine/Content/Slate/Fonts/Roboto-Regular.ttf' (155K)
[2018.01.27-01.40.47:555][  0]LogSlate: Took 0.000151 seconds to synchronously load lazily loaded font '../../../Engine/Content/Slate/Fonts/Roboto-Bold.ttf' (160K)
[2018.01.27-01.40.47:560][  0]LogSlate: Took 0.000159 seconds to synchronously load lazily loaded font '../../../Engine/Content/Editor/Slate/Fonts/FontAwesome.ttf' (139K)
[2018.01.27-01.40.47:657][  0]LogRenderer: Reallocating scene render targets to support 792x396 Format 10 NumSamples 1 (Frame:1).
[2018.01.27-01.40.47:873][  0]LogContentBrowser: Native class hierarchy updated for 'HierarchicalLODOutliner' in 0.0003 seconds. Added 1 classes and 2 folders.
[2018.01.27-01.40.47:873][  0]LogLoad: (Engine Initialization) Total time: 19.34 seconds
[2018.01.27-01.40.47:873][  0]LogLoad: (Engine Initialization) Total Blueprint compile time: 0.00 seconds
[2018.01.27-01.40.47:873][  0]LogExternalProfiler: No external profilers were discovered.  External profiling features will not be available.
[2018.01.27-01.40.47:911][  0]LogContentStreaming: Texture pool size now 1000 MB
[2018.01.27-01.40.47:967][  0]LogSlate: Took 0.000184 seconds to synchronously load lazily loaded font '../../../Engine/Content/Slate/Fonts/Roboto-Light.ttf' (159K)
[2018.01.27-01.40.47:982][  1]LogAssetRegistry: Asset discovery search completed in 11.2495 seconds
[2018.01.27-01.40.47:984][  1]LogCollectionManager: Rebuilt the object cache for 0 collections in 0.000000 seconds (found 0 objects)
[2018.01.27-01.40.47:984][  1]LogCollectionManager: Fixed up redirectors for 0 collections in 0.000060 seconds (updated 0 objects)
[2018.01.27-01.40.48:940][ 20]LogSlate: Took 0.000174 seconds to synchronously load lazily loaded font '../../../Engine/Content/Slate/Fonts/Roboto-Light.ttf' (159K)
[2018.01.27-01.41.50:161][457]LogSlate: Took 0.000188 seconds to synchronously load lazily loaded font '../../../Engine/Content/Slate/Fonts/Roboto-Light.ttf' (159K)
[2018.01.27-01.41.50:554][457]LogContentBrowser: Native class hierarchy updated for 'BlueprintGraph' in 0.0008 seconds. Added 116 classes and 0 folders.
[2018.01.27-01.41.51:419][457]LogSlate: Took 0.000322 seconds to synchronously load lazily loaded font '../../../Engine/Content/Editor/Slate/Fonts/Roboto-BoldCondensed.ttf' (158K)
[2018.01.27-01.41.51:553][458]LogSlate: Took 0.000437 seconds to synchronously load lazily loaded font '../../../Engine/Content/Editor/Slate/Fonts/Roboto-Italic.ttf' (157K)
[2018.01.27-01.42.20:941][205]LogSlate: Took 0.000181 seconds to synchronously load lazily loaded font '../../../Engine/Content/Editor/Slate/Fonts/Roboto-BoldCondensedItalic.ttf' (160K)
[2018.01.27-01.42.24:883][436]Cmd: OBJ SAVEPACKAGE PACKAGE="/Game/JAM/Gameplay/Boss/TASK_RotateToFace" FILE="../../../../../Projects/Unreal Projects/GGJ2018/GGJ2018/Content/JAM/Gameplay/Boss/TASK_RotateToFace.uasset" SILENT=true
[2018.01.27-01.42.25:030][436]LogSavePackage: Save=34.06ms
[2018.01.27-01.42.25:030][436]LogSavePackage: Moving '../../../../../Projects/Unreal Projects/GGJ2018/GGJ2018/Saved/TASK_RotateToFaceE5A1DDF649524A7BCA86F08DBC7CD610.tmp' to '../../../../../Projects/Unreal Projects/GGJ2018/GGJ2018/Content/JAM/Gameplay/Boss/TASK_RotateToFace.uasset'
[2018.01.27-01.42.25:033][436]LogSavePackage: Display: Finished SavePackage ../../../../../Projects/Unreal Projects/GGJ2018/GGJ2018/Content/JAM/Gameplay/Boss/TASK_RotateToFace.uasset
[2018.01.27-01.42.31:923][831]Cmd: OBJ SAVEPACKAGE PACKAGE="/Game/JAM/Gameplay/Boss/TASK_RotateToFace" FILE="../../../../../Projects/Unreal Projects/GGJ2018/GGJ2018/Content/JAM/Gameplay/Boss/TASK_RotateToFace.uasset" SILENT=true
[2018.01.27-01.42.32:038][831]LogSavePackage: Save=109.96ms
[2018.01.27-01.42.32:038][831]LogSavePackage: Moving '../../../../../Projects/Unreal Projects/GGJ2018/GGJ2018/Saved/TASK_RotateToFace85C381C04A26FAFF39903F8AFD0C0C97.tmp' to '../../../../../Projects/Unreal Projects/GGJ2018/GGJ2018/Content/JAM/Gameplay/Boss/TASK_RotateToFace.uasset'
[2018.01.27-01.42.32:042][831]LogSavePackage: Display: Finished SavePackage ../../../../../Projects/Unreal Projects/GGJ2018/GGJ2018/Content/JAM/Gameplay/Boss/TASK_RotateToFace.uasset
[2018.01.27-01.42.40:731][350]Cmd: OBJ SAVEPACKAGE PACKAGE="/Game/JAM/Gameplay/Boss/TASK_RotateToFace" FILE="../../../../../Projects/Unreal Projects/GGJ2018/GGJ2018/Content/JAM/Gameplay/Boss/TASK_RotateToFace.uasset" SILENT=true
[2018.01.27-01.42.40:848][350]LogSavePackage: Save=111.28ms
[2018.01.27-01.42.40:848][350]LogSavePackage: Moving '../../../../../Projects/Unreal Projects/GGJ2018/GGJ2018/Saved/TASK_RotateToFace9CEEE1DA48F9AACE184C788A62E154C8.tmp' to '../../../../../Projects/Unreal Projects/GGJ2018/GGJ2018/Content/JAM/Gameplay/Boss/TASK_RotateToFace.uasset'
[2018.01.27-01.42.40:851][350]LogSavePackage: Display: Finished SavePackage ../../../../../Projects/Unreal Projects/GGJ2018/GGJ2018/Content/JAM/Gameplay/Boss/TASK_RotateToFace.uasset
[2018.01.27-01.42.48:156][787]Cmd: OBJ SAVEPACKAGE PACKAGE="/Game/JAM/Gameplay/Boss/TASK_RotateToFace" FILE="../../../../../Projects/Unreal Projects/GGJ2018/GGJ2018/Content/JAM/Gameplay/Boss/TASK_RotateToFace.uasset" SILENT=true
[2018.01.27-01.42.48:321][787]LogSavePackage: Save=158.62ms
[2018.01.27-01.42.48:321][787]LogSavePackage: Moving '../../../../../Projects/Unreal Projects/GGJ2018/GGJ2018/Saved/TASK_RotateToFace04F11336452AAD5F107AECB78B3BC470.tmp' to '../../../../../Projects/Unreal Projects/GGJ2018/GGJ2018/Content/JAM/Gameplay/Boss/TASK_RotateToFace.uasset'
[2018.01.27-01.42.48:324][787]LogSavePackage: Display: Finished SavePackage ../../../../../Projects/Unreal Projects/GGJ2018/GGJ2018/Content/JAM/Gameplay/Boss/TASK_RotateToFace.uasset
[2018.01.27-01.42.53:410][ 88]Cmd: OBJ SAVEPACKAGE PACKAGE="/Game/JAM/Gameplay/Boss/TASK_RotateToFace" FILE="../../../../../Projects/Unreal Projects/GGJ2018/GGJ2018/Content/JAM/Gameplay/Boss/TASK_RotateToFace.uasset" SILENT=true
[2018.01.27-01.42.53:529][ 88]LogSavePackage: Save=113.58ms
[2018.01.27-01.42.53:529][ 88]LogSavePackage: Moving '../../../../../Projects/Unreal Projects/GGJ2018/GGJ2018/Saved/TASK_RotateToFace4363D01A4384C6AA1B996D9D4943C7F0.tmp' to '../../../../../Projects/Unreal Projects/GGJ2018/GGJ2018/Content/JAM/Gameplay/Boss/TASK_RotateToFace.uasset'
[2018.01.27-01.42.53:532][ 88]LogSavePackage: Display: Finished SavePackage ../../../../../Projects/Unreal Projects/GGJ2018/GGJ2018/Content/JAM/Gameplay/Boss/TASK_RotateToFace.uasset
[2018.01.27-01.43.09:095][ 20]Cmd: OBJ SAVEPACKAGE PACKAGE="/Game/JAM/Gameplay/Boss/TASK_RotateToFace" FILE="../../../../../Projects/Unreal Projects/GGJ2018/GGJ2018/Content/JAM/Gameplay/Boss/TASK_RotateToFace.uasset" SILENT=true
[2018.01.27-01.43.09:199][ 20]LogSavePackage: Save=98.95ms
[2018.01.27-01.43.09:199][ 20]LogSavePackage: Moving '../../../../../Projects/Unreal Projects/GGJ2018/GGJ2018/Saved/TASK_RotateToFace385290FD44F2EB554D9735888600E5EA.tmp' to '../../../../../Projects/Unreal Projects/GGJ2018/GGJ2018/Content/JAM/Gameplay/Boss/TASK_RotateToFace.uasset'
[2018.01.27-01.43.09:203][ 20]LogSavePackage: Display: Finished SavePackage ../../../../../Projects/Unreal Projects/GGJ2018/GGJ2018/Content/JAM/Gameplay/Boss/TASK_RotateToFace.uasset
[2018.01.27-01.43.13:754][291]Cmd: OBJ SAVEPACKAGE PACKAGE="/Game/JAM/Gameplay/Boss/TASK_RotateToFace" FILE="../../../../../Projects/Unreal Projects/GGJ2018/GGJ2018/Content/JAM/Gameplay/Boss/TASK_RotateToFace.uasset" SILENT=true
[2018.01.27-01.43.13:861][291]LogSavePackage: Save=101.73ms
[2018.01.27-01.43.13:861][291]LogSavePackage: Moving '../../../../../Projects/Unreal Projects/GGJ2018/GGJ2018/Saved/TASK_RotateToFaceC3FA23B44E2FEC47DAE8D98E21EC3EC1.tmp' to '../../../../../Projects/Unreal Projects/GGJ2018/GGJ2018/Content/JAM/Gameplay/Boss/TASK_RotateToFace.uasset'
[2018.01.27-01.43.13:864][291]LogSavePackage: Display: Finished SavePackage ../../../../../Projects/Unreal Projects/GGJ2018/GGJ2018/Content/JAM/Gameplay/Boss/TASK_RotateToFace.uasset
[2018.01.27-01.43.14:324][319]BlueprintLog: New page: Compile TASK_RotateToFace
[2018.01.27-01.43.14:751][337]Cmd: OBJ SAVEPACKAGE PACKAGE="/Game/JAM/Gameplay/Boss/TASK_RotateToFace" FILE="../../../../../Projects/Unreal Projects/GGJ2018/GGJ2018/Content/JAM/Gameplay/Boss/TASK_RotateToFace.uasset" SILENT=true
[2018.01.27-01.43.14:864][337]LogSavePackage: Save=107.23ms
[2018.01.27-01.43.14:864][337]LogSavePackage: Moving '../../../../../Projects/Unreal Projects/GGJ2018/GGJ2018/Saved/TASK_RotateToFaceC18431894232A9DEB96238A41E7A4844.tmp' to '../../../../../Projects/Unreal Projects/GGJ2018/GGJ2018/Content/JAM/Gameplay/Boss/TASK_RotateToFace.uasset'
[2018.01.27-01.43.14:865][337]LogSavePackage: Display: Finished SavePackage ../../../../../Projects/Unreal Projects/GGJ2018/GGJ2018/Content/JAM/Gameplay/Boss/TASK_RotateToFace.uasset
[2018.01.27-01.43.18:139][532]Cmd: OBJ SAVEPACKAGE PACKAGE="/Game/JAM/Gameplay/Boss/TASK_RotateToFace" FILE="../../../../../Projects/Unreal Projects/GGJ2018/GGJ2018/Content/JAM/Gameplay/Boss/TASK_RotateToFace.uasset" SILENT=true
[2018.01.27-01.43.18:236][532]LogSavePackage: Save=91.76ms
[2018.01.27-01.43.18:236][532]LogSavePackage: Moving '../../../../../Projects/Unreal Projects/GGJ2018/GGJ2018/Saved/TASK_RotateToFaceE3E25D4841CEDD5818B1EEBCE7BCD028.tmp' to '../../../../../Projects/Unreal Projects/GGJ2018/GGJ2018/Content/JAM/Gameplay/Boss/TASK_RotateToFace.uasset'
[2018.01.27-01.43.18:240][532]LogSavePackage: Display: Finished SavePackage ../../../../../Projects/Unreal Projects/GGJ2018/GGJ2018/Content/JAM/Gameplay/Boss/TASK_RotateToFace.uasset
[2018.01.27-01.43.30:032][238]Cmd: OBJ SAVEPACKAGE PACKAGE="/Game/JAM/Gameplay/Boss/TASK_RotateToFace" FILE="../../../../../Projects/Unreal Projects/GGJ2018/GGJ2018/Content/JAM/Gameplay/Boss/TASK_RotateToFace.uasset" SILENT=true
[2018.01.27-01.43.30:135][238]LogSavePackage: Save=97.25ms
[2018.01.27-01.43.30:135][238]LogSavePackage: Moving '../../../../../Projects/Unreal Projects/GGJ2018/GGJ2018/Saved/TASK_RotateToFaceA787820E4FB3C481223C079AE6461622.tmp' to '../../../../../Projects/Unreal Projects/GGJ2018/GGJ2018/Content/JAM/Gameplay/Boss/TASK_RotateToFace.uasset'
[2018.01.27-01.43.30:138][238]LogSavePackage: Display: Finished SavePackage ../../../../../Projects/Unreal Projects/GGJ2018/GGJ2018/Content/JAM/Gameplay/Boss/TASK_RotateToFace.uasset
[2018.01.27-01.43.54:989][677]Cmd: OBJ SAVEPACKAGE PACKAGE="/Game/JAM/Gameplay/Boss/TASK_RotateToFace" FILE="../../../../../Projects/Unreal Projects/GGJ2018/GGJ2018/Content/JAM/Gameplay/Boss/TASK_RotateToFace.uasset" SILENT=true
[2018.01.27-01.43.55:090][677]LogSavePackage: Save=95.58ms
[2018.01.27-01.43.55:091][677]LogSavePackage: Moving '../../../../../Projects/Unreal Projects/GGJ2018/GGJ2018/Saved/TASK_RotateToFace08940297469C2125BB767687E0F711C2.tmp' to '../../../../../Projects/Unreal Projects/GGJ2018/GGJ2018/Content/JAM/Gameplay/Boss/TASK_RotateToFace.uasset'
[2018.01.27-01.43.55:094][677]LogSavePackage: Display: Finished SavePackage ../../../../../Projects/Unreal Projects/GGJ2018/GGJ2018/Content/JAM/Gameplay/Boss/TASK_RotateToFace.uasset
[2018.01.27-01.43.57:615][827]Cmd: OBJ SAVEPACKAGE PACKAGE="/Game/JAM/Gameplay/Boss/TASK_RotateToFace" FILE="../../../../../Projects/Unreal Projects/GGJ2018/GGJ2018/Content/JAM/Gameplay/Boss/TASK_RotateToFace.uasset" SILENT=true
[2018.01.27-01.43.57:658][827]LogSavePackage: Save=37.42ms
[2018.01.27-01.43.57:658][827]LogSavePackage: Moving '../../../../../Projects/Unreal Projects/GGJ2018/GGJ2018/Saved/TASK_RotateToFaceFEFBFECE40EB21DCA747EE845B2449E0.tmp' to '../../../../../Projects/Unreal Projects/GGJ2018/GGJ2018/Content/JAM/Gameplay/Boss/TASK_RotateToFace.uasset'
[2018.01.27-01.43.57:662][827]LogSavePackage: Display: Finished SavePackage ../../../../../Projects/Unreal Projects/GGJ2018/GGJ2018/Content/JAM/Gameplay/Boss/TASK_RotateToFace.uasset
[2018.01.27-01.43.58:952][905]BlueprintLog: New page: Compile TASK_RotateToFace
[2018.01.27-01.43.58:966][905]LogBlueprint: Error: [Compiler TASK_RotateToFace] This blueprint (self) is not a Actor, therefore ' Target ' must have a connection.
[2018.01.27-01.43.59:075][905]LogBlueprint: Warning: [Compiler TASK_RotateToFace] [0210.54] Compile of TASK_RotateToFace failed. 1 Fatal Issue(s) 0 Warning(s) [in 122 ms] (/Game/JAM/Gameplay/Boss/TASK_RotateToFace.TASK_RotateToFace)
[2018.01.27-01.43.59:386][923]Cmd: OBJ SAVEPACKAGE PACKAGE="/Game/JAM/Gameplay/Boss/TASK_RotateToFace" FILE="../../../../../Projects/Unreal Projects/GGJ2018/GGJ2018/Content/JAM/Gameplay/Boss/TASK_RotateToFace.uasset" SILENT=true
[2018.01.27-01.43.59:429][923]LogSavePackage: Save=37.14ms
[2018.01.27-01.43.59:429][923]LogSavePackage: Moving '../../../../../Projects/Unreal Projects/GGJ2018/GGJ2018/Saved/TASK_RotateToFace82B826F2416DB8D1AC6745B0C12E98E7.tmp' to '../../../../../Projects/Unreal Projects/GGJ2018/GGJ2018/Content/JAM/Gameplay/Boss/TASK_RotateToFace.uasset'
[2018.01.27-01.43.59:430][923]LogSavePackage: Display: Finished SavePackage ../../../../../Projects/Unreal Projects/GGJ2018/GGJ2018/Content/JAM/Gameplay/Boss/TASK_RotateToFace.uasset
[2018.01.27-01.44.05:135][263]Cmd: OBJ SAVEPACKAGE PACKAGE="/Game/JAM/Gameplay/Boss/TASK_RotateToFace" FILE="../../../../../Projects/Unreal Projects/GGJ2018/GGJ2018/Content/JAM/Gameplay/Boss/TASK_RotateToFace.uasset" SILENT=true
[2018.01.27-01.44.05:238][263]LogSavePackage: Save=97.84ms
[2018.01.27-01.44.05:238][263]LogSavePackage: Moving '../../../../../Projects/Unreal Projects/GGJ2018/GGJ2018/Saved/TASK_RotateToFace9F9D111C4D07DA9BBBB05F99E35FB867.tmp' to '../../../../../Projects/Unreal Projects/GGJ2018/GGJ2018/Content/JAM/Gameplay/Boss/TASK_RotateToFace.uasset'
[2018.01.27-01.44.05:243][263]LogSavePackage: Display: Finished SavePackage ../../../../../Projects/Unreal Projects/GGJ2018/GGJ2018/Content/JAM/Gameplay/Boss/TASK_RotateToFace.uasset
[2018.01.27-01.44.05:502][279]BlueprintLog: New page: Compile TASK_RotateToFace
[2018.01.27-01.44.06:001][301]Cmd: OBJ SAVEPACKAGE PACKAGE="/Game/JAM/Gameplay/Boss/TASK_RotateToFace" FILE="../../../../../Projects/Unreal Projects/GGJ2018/GGJ2018/Content/JAM/Gameplay/Boss/TASK_RotateToFace.uasset" SILENT=true
[2018.01.27-01.44.06:047][301]LogSavePackage: Save=40.33ms
[2018.01.27-01.44.06:047][301]LogSavePackage: Moving '../../../../../Projects/Unreal Projects/GGJ2018/GGJ2018/Saved/TASK_RotateToFace821B7A29472999266E92439026F32375.tmp' to '../../../../../Projects/Unreal Projects/GGJ2018/GGJ2018/Content/JAM/Gameplay/Boss/TASK_RotateToFace.uasset'
[2018.01.27-01.44.06:048][301]LogSavePackage: Display: Finished SavePackage ../../../../../Projects/Unreal Projects/GGJ2018/GGJ2018/Content/JAM/Gameplay/Boss/TASK_RotateToFace.uasset
[2018.01.27-01.44.06:984][357]LogTemp: Repeating last play command: Selected Viewport
[2018.01.27-01.44.07:133][357]LogBlueprintUserMessages: Early PlayInEditor Detection: Level '/Game/ThirdPersonBP/Maps/ThirdPersonExampleMap.ThirdPersonExampleMap:PersistentLevel' has LevelScriptBlueprint '/Game/ThirdPersonBP/Maps/ThirdPersonExampleMap.ThirdPersonExampleMap:PersistentLevel.ThirdPersonExampleMap' with GeneratedClass '/Game/ThirdPersonBP/Maps/ThirdPersonExampleMap.ThirdPersonExampleMap_C' with ClassGeneratedBy '/Game/ThirdPersonBP/Maps/ThirdPersonExampleMap.ThirdPersonExampleMap:PersistentLevel.ThirdPersonExampleMap'
[2018.01.27-01.44.07:133][357]LogPlayLevel: PlayLevel: No blueprints needed recompiling
[2018.01.27-01.44.07:134][357]PIE: New page: PIE session: ThirdPersonExampleMap (Jan 27, 2018, 7:44:07 AM)
[2018.01.27-01.44.07:134][357]LogPlayLevel: Creating play world package: /Game/ThirdPersonBP/Maps/UEDPIE_0_ThirdPersonExampleMap
[2018.01.27-01.44.07:157][357]LogPlayLevel: PIE: StaticDuplicateObject took: (0.023672s)
[2018.01.27-01.44.07:158][357]LogAIModule: Creating AISystem for world ThirdPersonExampleMap
[2018.01.27-01.44.07:158][357]LogPlayLevel: PIE: World Init took: (0.000975s)
[2018.01.27-01.44.07:159][357]LogPlayLevel: PIE: Created PIE world by copying editor world from /Game/ThirdPersonBP/Maps/ThirdPersonExampleMap.ThirdPersonExampleMap to /Game/ThirdPersonBP/Maps/UEDPIE_0_ThirdPersonExampleMap.ThirdPersonExampleMap (0.025039s)
[2018.01.27-01.44.07:180][357]LogInit: XAudio2 using 'Динамики (Conexant SmartAudio HD)' : 2 channels at 48 kHz using 16 bits per sample (channel mask 0x3)
[2018.01.27-01.44.07:195][357]LogInit: FAudioDevice initialized.
[2018.01.27-01.44.07:242][357]LogLoad: Game class is 'ThirdPersonGameMode_C'
[2018.01.27-01.44.07:245][357]LogPhysics: Warning: Initialising Body : Scale3D is (nearly) zero: Component: '/Game/ThirdPersonBP/Maps/UEDPIE_0_ThirdPersonExampleMap.ThirdPersonExampleMap:PersistentLevel.WeakSpot_Hand_GEN_VARIABLE_A_WeakSpot_C_CAT_184.Sphere' 
[2018.01.27-01.44.07:245][357]LogPhysics: Warning: Initialising Body : Scale3D is (nearly) zero: Component: '/Game/ThirdPersonBP/Maps/UEDPIE_0_ThirdPersonExampleMap.ThirdPersonExampleMap:PersistentLevel.ChildActor_GEN_VARIABLE_A_WeakSpot_C_CAT_182.Sphere' 
[2018.01.27-01.44.07:246][357]LogWorld: Bringing World /Game/ThirdPersonBP/Maps/UEDPIE_0_ThirdPersonExampleMap.ThirdPersonExampleMap up for play (max tick rate 60) at 2018.01.27-04.44.07
[2018.01.27-01.44.07:246][357]LogWorld: Bringing up level for play took: 0.002493
[2018.01.27-01.44.07:279][357]LogContentBrowser: Native class hierarchy updated for 'MovieSceneCapture' in 0.0003 seconds. Added 11 classes and 0 folders.
[2018.01.27-01.44.07:281][357]PIE: Play in editor start time for /Game/ThirdPersonBP/Maps/UEDPIE_0_ThirdPersonExampleMap 0.133
[2018.01.27-01.44.07:281][357]LogBlueprintUserMessages: Late PlayInEditor Detection: Level '/Game/ThirdPersonBP/Maps/ThirdPersonExampleMap.ThirdPersonExampleMap:PersistentLevel' has LevelScriptBlueprint '/Game/ThirdPersonBP/Maps/ThirdPersonExampleMap.ThirdPersonExampleMap:PersistentLevel.ThirdPersonExampleMap' with GeneratedClass '/Game/ThirdPersonBP/Maps/ThirdPersonExampleMap.ThirdPersonExampleMap_C' with ClassGeneratedBy '/Game/ThirdPersonBP/Maps/ThirdPersonExampleMap.ThirdPersonExampleMap:PersistentLevel.ThirdPersonExampleMap'
[2018.01.27-01.44.14:687][799]LogBlueprintUserMessages: Early EndPlayMap Detection: Level '/Game/ThirdPersonBP/Maps/ThirdPersonExampleMap.ThirdPersonExampleMap:PersistentLevel' has LevelScriptBlueprint '/Game/ThirdPersonBP/Maps/ThirdPersonExampleMap.ThirdPersonExampleMap:PersistentLevel.ThirdPersonExampleMap' with GeneratedClass '/Game/ThirdPersonBP/Maps/ThirdPersonExampleMap.ThirdPersonExampleMap_C' with ClassGeneratedBy '/Game/ThirdPersonBP/Maps/ThirdPersonExampleMap.ThirdPersonExampleMap:PersistentLevel.ThirdPersonExampleMap'
[2018.01.27-01.44.14:722][799]LogBlueprintUserMessages: Late EndPlayMap Detection: Level '/Game/ThirdPersonBP/Maps/ThirdPersonExampleMap.ThirdPersonExampleMap:PersistentLevel' has LevelScriptBlueprint '/Game/ThirdPersonBP/Maps/ThirdPersonExampleMap.ThirdPersonExampleMap:PersistentLevel.ThirdPersonExampleMap' with GeneratedClass '/Game/ThirdPersonBP/Maps/ThirdPersonExampleMap.ThirdPersonExampleMap_C' with ClassGeneratedBy '/Game/ThirdPersonBP/Maps/ThirdPersonExampleMap.ThirdPersonExampleMap:PersistentLevel.ThirdPersonExampleMap'
[2018.01.27-01.44.24:625][375]Cmd: OBJ SAVEPACKAGE PACKAGE="/Game/JAM/Gameplay/Boss/TASK_RotateToFace" FILE="../../../../../Projects/Unreal Projects/GGJ2018/GGJ2018/Content/JAM/Gameplay/Boss/TASK_RotateToFace.uasset" SILENT=true
[2018.01.27-01.44.24:727][375]LogSavePackage: Save=93.30ms
[2018.01.27-01.44.24:727][375]LogSavePackage: Moving '../../../../../Projects/Unreal Projects/GGJ2018/GGJ2018/Saved/TASK_RotateToFace4EBAAE7D401CCFD8A9D89682B4FCC527.tmp' to '../../../../../Projects/Unreal Projects/GGJ2018/GGJ2018/Content/JAM/Gameplay/Boss/TASK_RotateToFace.uasset'
[2018.01.27-01.44.24:731][375]LogSavePackage: Display: Finished SavePackage ../../../../../Projects/Unreal Projects/GGJ2018/GGJ2018/Content/JAM/Gameplay/Boss/TASK_RotateToFace.uasset
[2018.01.27-01.44.28:522][597]Cmd: OBJ SAVEPACKAGE PACKAGE="/Game/JAM/Gameplay/Boss/TASK_RotateToFace" FILE="../../../../../Projects/Unreal Projects/GGJ2018/GGJ2018/Content/JAM/Gameplay/Boss/TASK_RotateToFace.uasset" SILENT=true
[2018.01.27-01.44.28:632][597]LogSavePackage: Save=102.23ms
[2018.01.27-01.44.28:632][597]LogSavePackage: Moving '../../../../../Projects/Unreal Projects/GGJ2018/GGJ2018/Saved/TASK_RotateToFace8E99224D416A5935911F5BBE8D47E72D.tmp' to '../../../../../Projects/Unreal Projects/GGJ2018/GGJ2018/Content/JAM/Gameplay/Boss/TASK_RotateToFace.uasset'
[2018.01.27-01.44.28:636][597]LogSavePackage: Display: Finished SavePackage ../../../../../Projects/Unreal Projects/GGJ2018/GGJ2018/Content/JAM/Gameplay/Boss/TASK_RotateToFace.uasset
[2018.01.27-01.44.28:948][616]BlueprintLog: New page: Compile TASK_RotateToFace
[2018.01.27-01.44.29:186][620]Cmd: OBJ SAVEPACKAGE PACKAGE="/Game/JAM/Gameplay/Boss/TASK_RotateToFace" FILE="../../../../../Projects/Unreal Projects/GGJ2018/GGJ2018/Content/JAM/Gameplay/Boss/TASK_RotateToFace.uasset" SILENT=true
[2018.01.27-01.44.29:290][620]LogSavePackage: Save=96.12ms
[2018.01.27-01.44.29:290][620]LogSavePackage: Moving '../../../../../Projects/Unreal Projects/GGJ2018/GGJ2018/Saved/TASK_RotateToFace88DC4F3D4D069F9DF435D9BBFDFE3EBD.tmp' to '../../../../../Projects/Unreal Projects/GGJ2018/GGJ2018/Content/JAM/Gameplay/Boss/TASK_RotateToFace.uasset'
[2018.01.27-01.44.29:291][620]LogSavePackage: Display: Finished SavePackage ../../../../../Projects/Unreal Projects/GGJ2018/GGJ2018/Content/JAM/Gameplay/Boss/TASK_RotateToFace.uasset
[2018.01.27-01.44.30:298][680]LogTemp: Repeating last play command: Selected Viewport
[2018.01.27-01.44.30:328][680]LogBlueprintUserMessages: Early PlayInEditor Detection: Level '/Game/ThirdPersonBP/Maps/ThirdPersonExampleMap.ThirdPersonExampleMap:PersistentLevel' has LevelScriptBlueprint '/Game/ThirdPersonBP/Maps/ThirdPersonExampleMap.ThirdPersonExampleMap:PersistentLevel.ThirdPersonExampleMap' with GeneratedClass '/Game/ThirdPersonBP/Maps/ThirdPersonExampleMap.ThirdPersonExampleMap_C' with ClassGeneratedBy '/Game/ThirdPersonBP/Maps/ThirdPersonExampleMap.ThirdPersonExampleMap:PersistentLevel.ThirdPersonExampleMap'
[2018.01.27-01.44.30:328][680]LogPlayLevel: PlayLevel: No blueprints needed recompiling
[2018.01.27-01.44.30:328][680]PIE: New page: PIE session: ThirdPersonExampleMap (Jan 27, 2018, 7:44:30 AM)
[2018.01.27-01.44.30:328][680]LogPlayLevel: Creating play world package: /Game/ThirdPersonBP/Maps/UEDPIE_0_ThirdPersonExampleMap
[2018.01.27-01.44.30:358][680]LogPlayLevel: PIE: StaticDuplicateObject took: (0.029256s)
[2018.01.27-01.44.30:359][680]LogAIModule: Creating AISystem for world ThirdPersonExampleMap
[2018.01.27-01.44.30:359][680]LogPlayLevel: PIE: World Init took: (0.001207s)
[2018.01.27-01.44.30:359][680]LogPlayLevel: PIE: Created PIE world by copying editor world from /Game/ThirdPersonBP/Maps/ThirdPersonExampleMap.ThirdPersonExampleMap to /Game/ThirdPersonBP/Maps/UEDPIE_0_ThirdPersonExampleMap.ThirdPersonExampleMap (0.030863s)
[2018.01.27-01.44.30:382][680]LogInit: XAudio2 using 'Динамики (Conexant SmartAudio HD)' : 2 channels at 48 kHz using 16 bits per sample (channel mask 0x3)
[2018.01.27-01.44.30:401][680]LogInit: FAudioDevice initialized.
[2018.01.27-01.44.30:436][680]LogLoad: Game class is 'ThirdPersonGameMode_C'
[2018.01.27-01.44.30:440][680]LogPhysics: Warning: Initialising Body : Scale3D is (nearly) zero: Component: '/Game/ThirdPersonBP/Maps/UEDPIE_0_ThirdPersonExampleMap.ThirdPersonExampleMap:PersistentLevel.WeakSpot_Hand_GEN_VARIABLE_A_WeakSpot_C_CAT_184.Sphere' 
[2018.01.27-01.44.30:440][680]LogPhysics: Warning: Initialising Body : Scale3D is (nearly) zero: Component: '/Game/ThirdPersonBP/Maps/UEDPIE_0_ThirdPersonExampleMap.ThirdPersonExampleMap:PersistentLevel.ChildActor_GEN_VARIABLE_A_WeakSpot_C_CAT_182.Sphere' 
[2018.01.27-01.44.30:440][680]LogWorld: Bringing World /Game/ThirdPersonBP/Maps/UEDPIE_0_ThirdPersonExampleMap.ThirdPersonExampleMap up for play (max tick rate 60) at 2018.01.27-04.44.30
[2018.01.27-01.44.30:441][680]LogWorld: Bringing up level for play took: 0.002922
[2018.01.27-01.44.30:443][680]PIE: Play in editor start time for /Game/ThirdPersonBP/Maps/UEDPIE_0_ThirdPersonExampleMap -0.706
[2018.01.27-01.44.30:443][680]LogBlueprintUserMessages: Late PlayInEditor Detection: Level '/Game/ThirdPersonBP/Maps/ThirdPersonExampleMap.ThirdPersonExampleMap:PersistentLevel' has LevelScriptBlueprint '/Game/ThirdPersonBP/Maps/ThirdPersonExampleMap.ThirdPersonExampleMap:PersistentLevel.ThirdPersonExampleMap' with GeneratedClass '/Game/ThirdPersonBP/Maps/ThirdPersonExampleMap.ThirdPersonExampleMap_C' with ClassGeneratedBy '/Game/ThirdPersonBP/Maps/ThirdPersonExampleMap.ThirdPersonExampleMap:PersistentLevel.ThirdPersonExampleMap'
[2018.01.27-01.44.31:491][740]LogBlueprintUserMessages: [TASK_RotateToFace_C_0] P=0.000000 Y=-1.565186 R=0.000000
[2018.01.27-01.44.36:541][ 43]LogBlueprintUserMessages: [TASK_RotateToFace_C_0] P=0.000000 Y=-124.526581 R=0.000000
[2018.01.27-01.44.38:026][132]LogBlueprintUserMessages: Early EndPlayMap Detection: Level '/Game/ThirdPersonBP/Maps/ThirdPersonExampleMap.ThirdPersonExampleMap:PersistentLevel' has LevelScriptBlueprint '/Game/ThirdPersonBP/Maps/ThirdPersonExampleMap.ThirdPersonExampleMap:PersistentLevel.ThirdPersonExampleMap' with GeneratedClass '/Game/ThirdPersonBP/Maps/ThirdPersonExampleMap.ThirdPersonExampleMap_C' with ClassGeneratedBy '/Game/ThirdPersonBP/Maps/ThirdPersonExampleMap.ThirdPersonExampleMap:PersistentLevel.ThirdPersonExampleMap'
[2018.01.27-01.44.38:062][132]LogBlueprintUserMessages: Late EndPlayMap Detection: Level '/Game/ThirdPersonBP/Maps/ThirdPersonExampleMap.ThirdPersonExampleMap:PersistentLevel' has LevelScriptBlueprint '/Game/ThirdPersonBP/Maps/ThirdPersonExampleMap.ThirdPersonExampleMap:PersistentLevel.ThirdPersonExampleMap' with GeneratedClass '/Game/ThirdPersonBP/Maps/ThirdPersonExampleMap.ThirdPersonExampleMap_C' with ClassGeneratedBy '/Game/ThirdPersonBP/Maps/ThirdPersonExampleMap.ThirdPersonExampleMap:PersistentLevel.ThirdPersonExampleMap'
[2018.01.27-01.44.43:250][438]Cmd: OBJ SAVEPACKAGE PACKAGE="/Game/JAM/Gameplay/Boss/TASK_RotateToFace" FILE="../../../../../Projects/Unreal Projects/GGJ2018/GGJ2018/Content/JAM/Gameplay/Boss/TASK_RotateToFace.uasset" SILENT=true
[2018.01.27-01.44.43:351][438]LogSavePackage: Save=93.54ms
[2018.01.27-01.44.43:351][438]LogSavePackage: Moving '../../../../../Projects/Unreal Projects/GGJ2018/GGJ2018/Saved/TASK_RotateToFaceCC003A694CD150A34AEB81A38E6E0FE3.tmp' to '../../../../../Projects/Unreal Projects/GGJ2018/GGJ2018/Content/JAM/Gameplay/Boss/TASK_RotateToFace.uasset'
[2018.01.27-01.44.43:355][438]LogSavePackage: Display: Finished SavePackage ../../../../../Projects/Unreal Projects/GGJ2018/GGJ2018/Content/JAM/Gameplay/Boss/TASK_RotateToFace.uasset
[2018.01.27-01.44.46:632][635]LogEditorTransaction: Undo Move Node
[2018.01.27-01.44.47:139][660]Cmd: OBJ SAVEPACKAGE PACKAGE="/Game/JAM/Gameplay/Boss/TASK_RotateToFace" FILE="../../../../../Projects/Unreal Projects/GGJ2018/GGJ2018/Content/JAM/Gameplay/Boss/TASK_RotateToFace.uasset" SILENT=true
[2018.01.27-01.44.47:222][660]LogSavePackage: Save=55.66ms
[2018.01.27-01.44.47:222][660]LogSavePackage: Moving '../../../../../Projects/Unreal Projects/GGJ2018/GGJ2018/Saved/TASK_RotateToFace240BC61C4A485FBA83C59DB21D1298D5.tmp' to '../../../../../Projects/Unreal Projects/GGJ2018/GGJ2018/Content/JAM/Gameplay/Boss/TASK_RotateToFace.uasset'
[2018.01.27-01.44.47:225][660]LogSavePackage: Display: Finished SavePackage ../../../../../Projects/Unreal Projects/GGJ2018/GGJ2018/Content/JAM/Gameplay/Boss/TASK_RotateToFace.uasset
[2018.01.27-01.45.04:228][672]BlueprintLog: New page: Compile TASK_RotateToFace
[2018.01.27-01.45.04:629][688]Cmd: OBJ SAVEPACKAGE PACKAGE="/Game/JAM/Gameplay/Boss/TASK_RotateToFace" FILE="../../../../../Projects/Unreal Projects/GGJ2018/GGJ2018/Content/JAM/Gameplay/Boss/TASK_RotateToFace.uasset" SILENT=true
[2018.01.27-01.45.04:727][688]LogSavePackage: Save=91.60ms
[2018.01.27-01.45.04:727][688]LogSavePackage: Moving '../../../../../Projects/Unreal Projects/GGJ2018/GGJ2018/Saved/TASK_RotateToFace741B80AD4BC2949CE0DDF18BF33D2D6D.tmp' to '../../../../../Projects/Unreal Projects/GGJ2018/GGJ2018/Content/JAM/Gameplay/Boss/TASK_RotateToFace.uasset'
[2018.01.27-01.45.04:731][688]LogSavePackage: Display: Finished SavePackage ../../../../../Projects/Unreal Projects/GGJ2018/GGJ2018/Content/JAM/Gameplay/Boss/TASK_RotateToFace.uasset
[2018.01.27-01.45.06:152][773]LogTemp: Repeating last play command: Selected Viewport
[2018.01.27-01.45.06:182][773]LogBlueprintUserMessages: Early PlayInEditor Detection: Level '/Game/ThirdPersonBP/Maps/ThirdPersonExampleMap.ThirdPersonExampleMap:PersistentLevel' has LevelScriptBlueprint '/Game/ThirdPersonBP/Maps/ThirdPersonExampleMap.ThirdPersonExampleMap:PersistentLevel.ThirdPersonExampleMap' with GeneratedClass '/Game/ThirdPersonBP/Maps/ThirdPersonExampleMap.ThirdPersonExampleMap_C' with ClassGeneratedBy '/Game/ThirdPersonBP/Maps/ThirdPersonExampleMap.ThirdPersonExampleMap:PersistentLevel.ThirdPersonExampleMap'
[2018.01.27-01.45.06:182][773]LogPlayLevel: PlayLevel: No blueprints needed recompiling
[2018.01.27-01.45.06:182][773]PIE: New page: PIE session: ThirdPersonExampleMap (Jan 27, 2018, 7:45:06 AM)
[2018.01.27-01.45.06:182][773]LogPlayLevel: Creating play world package: /Game/ThirdPersonBP/Maps/UEDPIE_0_ThirdPersonExampleMap
[2018.01.27-01.45.06:212][773]LogPlayLevel: PIE: StaticDuplicateObject took: (0.029701s)
[2018.01.27-01.45.06:213][773]LogAIModule: Creating AISystem for world ThirdPersonExampleMap
[2018.01.27-01.45.06:213][773]LogPlayLevel: PIE: World Init took: (0.001183s)
[2018.01.27-01.45.06:214][773]LogPlayLevel: PIE: Created PIE world by copying editor world from /Game/ThirdPersonBP/Maps/ThirdPersonExampleMap.ThirdPersonExampleMap to /Game/ThirdPersonBP/Maps/UEDPIE_0_ThirdPersonExampleMap.ThirdPersonExampleMap (0.031315s)
[2018.01.27-01.45.06:238][773]LogInit: XAudio2 using 'Динамики (Conexant SmartAudio HD)' : 2 channels at 48 kHz using 16 bits per sample (channel mask 0x3)
[2018.01.27-01.45.06:257][773]LogInit: FAudioDevice initialized.
[2018.01.27-01.45.06:289][773]LogLoad: Game class is 'ThirdPersonGameMode_C'
[2018.01.27-01.45.06:292][773]LogPhysics: Warning: Initialising Body : Scale3D is (nearly) zero: Component: '/Game/ThirdPersonBP/Maps/UEDPIE_0_ThirdPersonExampleMap.ThirdPersonExampleMap:PersistentLevel.WeakSpot_Hand_GEN_VARIABLE_A_WeakSpot_C_CAT_184.Sphere' 
[2018.01.27-01.45.06:292][773]LogPhysics: Warning: Initialising Body : Scale3D is (nearly) zero: Component: '/Game/ThirdPersonBP/Maps/UEDPIE_0_ThirdPersonExampleMap.ThirdPersonExampleMap:PersistentLevel.ChildActor_GEN_VARIABLE_A_WeakSpot_C_CAT_182.Sphere' 
[2018.01.27-01.45.06:292][773]LogWorld: Bringing World /Game/ThirdPersonBP/Maps/UEDPIE_0_ThirdPersonExampleMap.ThirdPersonExampleMap up for play (max tick rate 60) at 2018.01.27-04.45.06
[2018.01.27-01.45.06:292][773]LogWorld: Bringing up level for play took: 0.002890
[2018.01.27-01.45.06:295][773]PIE: Play in editor start time for /Game/ThirdPersonBP/Maps/UEDPIE_0_ThirdPersonExampleMap -0.854
[2018.01.27-01.45.06:295][773]LogBlueprintUserMessages: Late PlayInEditor Detection: Level '/Game/ThirdPersonBP/Maps/ThirdPersonExampleMap.ThirdPersonExampleMap:PersistentLevel' has LevelScriptBlueprint '/Game/ThirdPersonBP/Maps/ThirdPersonExampleMap.ThirdPersonExampleMap:PersistentLevel.ThirdPersonExampleMap' with GeneratedClass '/Game/ThirdPersonBP/Maps/ThirdPersonExampleMap.ThirdPersonExampleMap_C' with ClassGeneratedBy '/Game/ThirdPersonBP/Maps/ThirdPersonExampleMap.ThirdPersonExampleMap:PersistentLevel.ThirdPersonExampleMap'
[2018.01.27-01.45.07:210][825]LogBlueprintUserMessages: [TASK_RotateToFace_C_0] Hello
[2018.01.27-01.45.08:527][904]LogBlueprintUserMessages: Early EndPlayMap Detection: Level '/Game/ThirdPersonBP/Maps/ThirdPersonExampleMap.ThirdPersonExampleMap:PersistentLevel' has LevelScriptBlueprint '/Game/ThirdPersonBP/Maps/ThirdPersonExampleMap.ThirdPersonExampleMap:PersistentLevel.ThirdPersonExampleMap' with GeneratedClass '/Game/ThirdPersonBP/Maps/ThirdPersonExampleMap.ThirdPersonExampleMap_C' with ClassGeneratedBy '/Game/ThirdPersonBP/Maps/ThirdPersonExampleMap.ThirdPersonExampleMap:PersistentLevel.ThirdPersonExampleMap'
[2018.01.27-01.45.08:563][904]LogBlueprintUserMessages: Late EndPlayMap Detection: Level '/Game/ThirdPersonBP/Maps/ThirdPersonExampleMap.ThirdPersonExampleMap:PersistentLevel' has LevelScriptBlueprint '/Game/ThirdPersonBP/Maps/ThirdPersonExampleMap.ThirdPersonExampleMap:PersistentLevel.ThirdPersonExampleMap' with GeneratedClass '/Game/ThirdPersonBP/Maps/ThirdPersonExampleMap.ThirdPersonExampleMap_C' with ClassGeneratedBy '/Game/ThirdPersonBP/Maps/ThirdPersonExampleMap.ThirdPersonExampleMap:PersistentLevel.ThirdPersonExampleMap'
[2018.01.27-01.45.08:680][907]LogD3D11RHI: Error: Result failed 
 at D:\Build\++UE4+Release-4.18+Compile\Sync\Engine\Source\Runtime\Windows\D3D11RHI\Private\D3D11Viewport.cpp:289 
 with error DXGI_ERROR_DEVICE_REMOVED DXGI_ERROR_DRIVER_INTERNAL_ERROR
[2018.01.27-01.45.08:680][907]LogWindows: Windows GetLastError: Операция успешно завершена. (0)
[2018.01.27-01.45.09:458][907]LogWindows: Windows GetLastError: Операция успешно завершена. (0)
[2018.01.27-01.45.09:458][907]LogWindows: Error: === Critical error: ===
[2018.01.27-01.45.09:458][907]LogWindows: Error: 
[2018.01.27-01.45.09:458][907]LogWindows: Error: Fatal error: [File:D:\Build\++UE4+Release-4.18+Compile\Sync\Engine\Source\Runtime\RenderCore\Private\RenderingThread.cpp] [Line: 813] 
[2018.01.27-01.45.09:458][907]LogWindows: Error: Rendering thread exception:
[2018.01.27-01.45.09:458][907]LogWindows: Error: Fatal error: [File:D:\Build\++UE4+Release-4.18+Compile\Sync\Engine\Source\Runtime\Windows\D3D11RHI\Private\D3D11Util.cpp] [Line: 182] 
[2018.01.27-01.45.09:458][907]LogWindows: Error: Unreal Engine is exiting due to D3D device being lost. (Error: 0x887A0020 - 'INTERNAL_ERROR')
[2018.01.27-01.45.09:458][907]LogWindows: Error: 
[2018.01.27-01.45.09:458][907]LogWindows: Error: 
[2018.01.27-01.45.09:458][907]LogWindows: Error: [Callstack] 0x00000000AFEE9D98 KERNELBASE.dll!UnknownFunction []
[2018.01.27-01.45.09:458][907]LogWindows: Error: [Callstack] 0x00000000A18276D4 UE4Editor-ApplicationCore.dll!UnknownFunction []
[2018.01.27-01.45.09:458][907]LogWindows: Error: [Callstack] 0x000000007D78330B UE4Editor-Core.dll!UnknownFunction []
[2018.01.27-01.45.09:458][907]LogWindows: Error: [Callstack] 0x000000007D7147F9 UE4Editor-Core.dll!UnknownFunction []
[2018.01.27-01.45.09:458][907]LogWindows: Error: [Callstack] 0x00000000625F79FF UE4Editor-D3D11RHI.dll!UnknownFunction []
[2018.01.27-01.45.09:458][907]LogWindows: Error: [Callstack] 0x00000000625FBBC0 UE4Editor-D3D11RHI.dll!UnknownFunction []
[2018.01.27-01.45.09:458][907]LogWindows: Error: [Callstack] 0x00000000625DB3FA UE4Editor-D3D11RHI.dll!UnknownFunction []
[2018.01.27-01.45.09:458][907]LogWindows: Error: [Callstack] 0x00000000625DB35E UE4Editor-D3D11RHI.dll!UnknownFunction []
[2018.01.27-01.45.09:458][907]LogWindows: Error: [Callstack] 0x00000000625E83E8 UE4Editor-D3D11RHI.dll!UnknownFunction []
[2018.01.27-01.45.09:458][907]LogWindows: Error: [Callstack] 0x00000000A066E4F7 UE4Editor-RHI.dll!UnknownFunction []
[2018.01.27-01.45.09:459][907]LogWindows: Error: [Callstack] 0x00000000623C0B45 UE4Editor-SlateRHIRenderer.dll!UnknownFunction []
[2018.01.27-01.45.09:459][907]LogWindows: Error: [Callstack] 0x00000000623C60A9 UE4Editor-SlateRHIRenderer.dll!UnknownFunction []
[2018.01.27-01.45.09:459][907]LogWindows: Error: [Callstack] 0x000000007D5E4845 UE4Editor-Core.dll!UnknownFunction []
[2018.01.27-01.45.09:459][907]LogWindows: Error: [Callstack] 0x000000007D5E4E2A UE4Editor-Core.dll!UnknownFunction []
[2018.01.27-01.45.09:459][907]LogWindows: Error: [Callstack] 0x00000000A18A22C4 UE4Editor-RenderCore.dll!UnknownFunction []
[2018.01.27-01.45.09:459][907]LogWindows: Error: [Callstack] 0x00000000A18A32F6 UE4Editor-RenderCore.dll!UnknownFunction []
[2018.01.27-01.45.09:459][907]LogWindows: Error: [Callstack] 0x000000007D98092C UE4Editor-Core.dll!UnknownFunction []
[2018.01.27-01.45.09:459][907]LogWindows: Error: [Callstack] 0x000000007D972563 UE4Editor-Core.dll!UnknownFunction []
[2018.01.27-01.45.09:459][907]LogWindows: Error: [Callstack] 0x00000000B3492774 KERNEL32.DLL!UnknownFunction []
[2018.01.27-01.45.09:459][907]LogWindows: Error: [Callstack] 0x00000000B35D0D51 ntdll.dll!UnknownFunction []
[2018.01.27-01.45.09:459][907]LogWindows: Error: [Callstack] 0x00000000B35D0D51 ntdll.dll!UnknownFunction []
[2018.01.27-01.45.09:459][907]LogWindows: Error: 
[2018.01.27-01.45.09:459][907]LogWindows: Error: 
[2018.01.27-01.45.09:459][907]LogWindows: Error: 
[2018.01.27-01.45.09:459][907]LogWindows: Error: 
[2018.01.27-01.45.09:477][907]LogExit: Executing StaticShutdownAfterError
[2018.01.27-01.45.09:480][907]LogWindows: FPlatformMisc::RequestExit(1)
[2018.01.27-01.45.09:480][907]Log file closed, 01/27/18 04:45:09
