Log file open, 01/27/18 04:08:35
LogWindows: Failed to load 'aqProf.dll' (GetLastError=126)
LogWindows: File 'aqProf.dll' does not exist
LogWindows: Failed to load 'VSPerf140.dll' (GetLastError=126)
LogWindows: File 'VSPerf140.dll' does not exist
LogWindows: Failed to load 'VtuneApi.dll' (GetLastError=126)
LogWindows: File 'VtuneApi.dll' does not exist
LogWindows: Failed to load 'VtuneApi32e.dll' (GetLastError=126)
LogWindows: File 'VtuneApi32e.dll' does not exist
LogInit: Display: Running engine for game: GGJ2018
LogPlatformFile: Not using cached read wrapper
LogInit: Display: RandInit(1991092312) SRandInit(1991092312).
LogInit: Read version file with build ID '3709383'
LogInit: Overriding engine version to CL 3832480, compatible CL 3709383
LogInit: Registered custom module enumerator with build ID '3709383'
LogTaskGraph: Started task graph with 5 named threads and 14 total threads with 3 sets of task threads.
LogStats: Stats thread started at 0.192505
LogD3D11RHI: Aftermath initialized
LogModuleManager: Display: Found up-to-date module file ../../../Engine/Plugins/2D/Paper2D/Binaries/Win64/UE4Editor-Paper2D.dll (API version 3709383).
LogModuleManager: Display: Found up-to-date module file ../../../Engine/Plugins/2D/Paper2D/Binaries/Win64/UE4Editor-Paper2DEditor.dll (API version 3709383).
LogModuleManager: Display: Found up-to-date module file ../../../Engine/Plugins/2D/Paper2D/Binaries/Win64/UE4Editor-PaperSpriteSheetImporter.dll (API version 3709383).
LogModuleManager: Display: Found up-to-date module file ../../../Engine/Plugins/2D/Paper2D/Binaries/Win64/UE4Editor-PaperTiledImporter.dll (API version 3709383).
LogModuleManager: Display: Found up-to-date module file ../../../Engine/Plugins/2D/Paper2D/Binaries/Win64/UE4Editor-SmartSnapping.dll (API version 3709383).
LogModuleManager: Display: Found up-to-date module file ../../../Engine/Plugins/Blendables/LightPropagationVolume/Binaries/Win64/UE4Editor-LightPropagationVolumeRuntime.dll (API version 3709383).
LogModuleManager: Display: Found up-to-date module file ../../../Engine/Plugins/Blendables/LightPropagationVolume/Binaries/Win64/UE4Editor-LightPropagationVolumeEditor.dll (API version 3709383).
LogModuleManager: Display: Found up-to-date module file ../../../Engine/Plugins/Developer/GitSourceControl/Binaries/Win64/UE4Editor-GitSourceControl.dll (API version 3709383).
LogModuleManager: Display: Found up-to-date module file ../../../Engine/Plugins/Developer/PerforceSourceControl/Binaries/Win64/UE4Editor-PerforceSourceControl.dll (API version 3709383).
LogModuleManager: Display: Found up-to-date module file ../../../Engine/Plugins/Developer/SubversionSourceControl/Binaries/Win64/UE4Editor-SubversionSourceControl.dll (API version 3709383).
LogModuleManager: Display: Found up-to-date module file ../../../Engine/Plugins/Developer/UObjectPlugin/Binaries/Win64/UE4Editor-UObjectPlugin.dll (API version 3709383).
LogModuleManager: Display: Found up-to-date module file ../../../Engine/Plugins/Developer/VisualStudioCodeSourceCodeAccess/Binaries/Win64/UE4Editor-VisualStudioCodeSourceCodeAccess.dll (API version 3709383).
LogModuleManager: Display: Found up-to-date module file ../../../Engine/Plugins/Developer/VisualStudioSourceCodeAccess/Binaries/Win64/UE4Editor-VisualStudioSourceCodeAccess.dll (API version 3709383).
LogModuleManager: Display: Found up-to-date module file ../../../Engine/Plugins/Editor/AssetManagerEditor/Binaries/Win64/UE4Editor-AssetManagerEditor.dll (API version 3709383).
LogModuleManager: Display: Found up-to-date module file ../../../Engine/Plugins/Editor/AudioCapture/Binaries/Win64/UE4Editor-AudioCapture.dll (API version 3709383).
LogModuleManager: Display: Found up-to-date module file ../../../Engine/Plugins/Editor/FacialAnimation/Binaries/Win64/UE4Editor-FacialAnimation.dll (API version 3709383).
LogModuleManager: Display: Found up-to-date module file ../../../Engine/Plugins/Editor/FacialAnimation/Binaries/Win64/UE4Editor-FacialAnimationEditor.dll (API version 3709383).
LogModuleManager: Display: Found up-to-date module file ../../../Engine/Plugins/Editor/GameplayTagsEditor/Binaries/Win64/UE4Editor-GameplayTagsEditor.dll (API version 3709383).
LogModuleManager: Display: Found up-to-date module file ../../../Engine/Plugins/Editor/MobileLauncherProfileWizard/Binaries/Win64/UE4Editor-MobileLauncherProfileWizard.dll (API version 3709383).
LogModuleManager: Display: Found up-to-date module file ../../../Engine/Plugins/Editor/PluginBrowser/Binaries/Win64/UE4Editor-PluginBrowser.dll (API version 3709383).
LogModuleManager: Display: Found up-to-date module file ../../../Engine/Plugins/Editor/SpeedTreeImporter/Binaries/Win64/UE4Editor-SpeedTreeImporter.dll (API version 3709383).
LogModuleManager: Display: Found up-to-date module file ../../../Engine/Plugins/Experimental/AlembicImporter/Binaries/Win64/UE4Editor-AlembicImporter.dll (API version 3709383).
LogModuleManager: Display: Found up-to-date module file ../../../Engine/Plugins/Experimental/AlembicImporter/Binaries/Win64/UE4Editor-AlembicLibrary.dll (API version 3709383).
LogModuleManager: Display: Found up-to-date module file ../../../Engine/Plugins/Experimental/CharacterAI/Binaries/Win64/UE4Editor-CharacterAI.dll (API version 3709383).
LogModuleManager: Display: Found up-to-date module file ../../../Engine/Plugins/Experimental/HTML5Networking/Binaries/Win64/UE4Editor-HTML5Networking.dll (API version 3709383).
LogModuleManager: Display: Found up-to-date module file ../../../Engine/Plugins/Media/AndroidMedia/Binaries/Win64/UE4Editor-AndroidMediaEditor.dll (API version 3709383).
LogModuleManager: Display: Found up-to-date module file ../../../Engine/Plugins/Media/AndroidMedia/Binaries/Win64/UE4Editor-AndroidMediaFactory.dll (API version 3709383).
LogModuleManager: Display: Found up-to-date module file ../../../Engine/Plugins/Media/AvfMedia/Binaries/Win64/UE4Editor-AvfMediaEditor.dll (API version 3709383).
LogModuleManager: Display: Found up-to-date module file ../../../Engine/Plugins/Media/AvfMedia/Binaries/Win64/UE4Editor-AvfMediaFactory.dll (API version 3709383).
LogModuleManager: Display: Found up-to-date module file ../../../Engine/Plugins/Media/AvfMedia/Binaries/Win64/UE4Editor-AvfMediaFactory.dll (API version 3709383).
LogModuleManager: Display: Found up-to-date module file ../../../Engine/Plugins/Media/ImgMedia/Binaries/Win64/UE4Editor-ImgMedia.dll (API version 3709383).
LogModuleManager: Display: Found up-to-date module file ../../../Engine/Plugins/Media/ImgMedia/Binaries/Win64/UE4Editor-ImgMediaEditor.dll (API version 3709383).
LogModuleManager: Display: Found up-to-date module file ../../../Engine/Plugins/Media/ImgMedia/Binaries/Win64/UE4Editor-ImgMediaFactory.dll (API version 3709383).
LogModuleManager: Display: Found up-to-date module file ../../../Engine/Plugins/Media/ImgMedia/Binaries/Win64/UE4Editor-ImgMediaFactory.dll (API version 3709383).
LogModuleManager: Display: Found up-to-date module file ../../../Engine/Plugins/Media/ImgMedia/Binaries/Win64/UE4Editor-OpenExrWrapper.dll (API version 3709383).
LogModuleManager: Display: Found up-to-date module file ../../../Engine/Plugins/Media/MediaCompositing/Binaries/Win64/UE4Editor-MediaCompositing.dll (API version 3709383).
LogModuleManager: Display: Found up-to-date module file ../../../Engine/Plugins/Media/MediaCompositing/Binaries/Win64/UE4Editor-MediaCompositingEditor.dll (API version 3709383).
LogModuleManager: Display: Found up-to-date module file ../../../Engine/Plugins/Media/MediaPlayerEditor/Binaries/Win64/UE4Editor-MediaPlayerEditor.dll (API version 3709383).
LogModuleManager: Display: Found up-to-date module file ../../../Engine/Plugins/Media/WmfMedia/Binaries/Win64/UE4Editor-WmfMedia.dll (API version 3709383).
LogModuleManager: Display: Found up-to-date module file ../../../Engine/Plugins/Media/WmfMedia/Binaries/Win64/UE4Editor-WmfMediaEditor.dll (API version 3709383).
LogModuleManager: Display: Found up-to-date module file ../../../Engine/Plugins/Media/WmfMedia/Binaries/Win64/UE4Editor-WmfMediaFactory.dll (API version 3709383).
LogModuleManager: Display: Found up-to-date module file ../../../Engine/Plugins/Media/WmfMedia/Binaries/Win64/UE4Editor-WmfMediaFactory.dll (API version 3709383).
LogModuleManager: Display: Found up-to-date module file ../../../Engine/Plugins/Messaging/TcpMessaging/Binaries/Win64/UE4Editor-TcpMessaging.dll (API version 3709383).
LogModuleManager: Display: Found up-to-date module file ../../../Engine/Plugins/Messaging/UdpMessaging/Binaries/Win64/UE4Editor-UdpMessaging.dll (API version 3709383).
LogModuleManager: Display: Found up-to-date module file ../../../Engine/Plugins/MovieScene/ActorSequence/Binaries/Win64/UE4Editor-ActorSequence.dll (API version 3709383).
LogModuleManager: Display: Found up-to-date module file ../../../Engine/Plugins/MovieScene/LevelSequenceEditor/Binaries/Win64/UE4Editor-LevelSequenceEditor.dll (API version 3709383).
LogModuleManager: Display: Found up-to-date module file ../../../Engine/Plugins/MovieScene/MatineeToLevelSequence/Binaries/Win64/UE4Editor-MatineeToLevelSequence.dll (API version 3709383).
LogModuleManager: Display: Found up-to-date module file ../../../Engine/Plugins/Online/OnlineSubsystem/Binaries/Win64/UE4Editor-OnlineSubsystem.dll (API version 3709383).
LogModuleManager: Display: Found up-to-date module file ../../../Engine/Plugins/Runtime/AndroidPermission/Binaries/Win64/UE4Editor-AndroidPermission.dll (API version 3709383).
LogModuleManager: Display: Found up-to-date module file ../../../Engine/Plugins/Online/OnlineSubsystemNull/Binaries/Win64/UE4Editor-OnlineSubsystemNull.dll (API version 3709383).
LogModuleManager: Display: Found up-to-date module file ../../../Engine/Plugins/Online/OnlineSubsystemUtils/Binaries/Win64/UE4Editor-OnlineSubsystemUtils.dll (API version 3709383).
LogModuleManager: Display: Found up-to-date module file ../../../Engine/Plugins/Online/OnlineSubsystemUtils/Binaries/Win64/UE4Editor-OnlineBlueprintSupport.dll (API version 3709383).
LogModuleManager: Display: Found up-to-date module file ../../../Engine/Plugins/Runtime/AndroidDeviceProfileSelector/Binaries/Win64/UE4Editor-AndroidDeviceProfileSelector.dll (API version 3709383).
LogModuleManager: Display: Found up-to-date module file ../../../Engine/Plugins/Runtime/AppleARKit/Binaries/Win64/UE4Editor-AppleARKit.dll (API version 3709383).
LogModuleManager: Display: Found up-to-date module file ../../../Engine/Plugins/Runtime/ArchVisCharacter/Binaries/Win64/UE4Editor-ArchVisCharacter.dll (API version 3709383).
LogModuleManager: Display: Found up-to-date module file ../../../Engine/Plugins/Runtime/CableComponent/Binaries/Win64/UE4Editor-CableComponent.dll (API version 3709383).
LogModuleManager: Display: Found up-to-date module file ../../../Engine/Plugins/Runtime/CustomMeshComponent/Binaries/Win64/UE4Editor-CustomMeshComponent.dll (API version 3709383).
LogModuleManager: Display: Found up-to-date module file ../../../Engine/Plugins/Runtime/ExampleDeviceProfileSelector/Binaries/Win64/UE4Editor-ExampleDeviceProfileSelector.dll (API version 3709383).
LogModuleManager: Display: Found up-to-date module file ../../../Engine/Plugins/Runtime/ImmediatePhysics/Binaries/Win64/UE4Editor-ImmediatePhysics.dll (API version 3709383).
LogModuleManager: Display: Found up-to-date module file ../../../Engine/Plugins/Runtime/ImmediatePhysics/Binaries/Win64/UE4Editor-ImmediatePhysicsEditor.dll (API version 3709383).
LogModuleManager: Display: Found up-to-date module file ../../../Engine/Plugins/Runtime/LocationServicesBPLibrary/Binaries/Win64/UE4Editor-LocationServicesBPLibrary.dll (API version 3709383).
LogModuleManager: Display: Found up-to-date module file ../../../Engine/Plugins/Runtime/MobilePatchingUtils/Binaries/Win64/UE4Editor-MobilePatchingUtils.dll (API version 3709383).
LogModuleManager: Display: Found up-to-date module file ../../../Engine/Plugins/Runtime/Oculus/OculusVR/Binaries/Win64/UE4Editor-OculusHMD.dll (API version 3709383).
LogModuleManager: Display: Found up-to-date module file ../../../Engine/Plugins/Runtime/Oculus/OculusVR/Binaries/Win64/UE4Editor-OculusInput.dll (API version 3709383).
LogModuleManager: Display: Found up-to-date module file ../../../Engine/Plugins/Runtime/Oculus/OculusVR/Binaries/Win64/UE4Editor-OculusEditor.dll (API version 3709383).
LogModuleManager: Display: Found up-to-date module file ../../../Engine/Plugins/Runtime/PhysXVehicles/Binaries/Win64/UE4Editor-PhysXVehicles.dll (API version 3709383).
LogModuleManager: Display: Found up-to-date module file ../../../Engine/Plugins/Runtime/PhysXVehicles/Binaries/Win64/UE4Editor-PhysXVehiclesEditor.dll (API version 3709383).
LogModuleManager: Display: Found up-to-date module file ../../../Engine/Plugins/Runtime/ProceduralMeshComponent/Binaries/Win64/UE4Editor-ProceduralMeshComponent.dll (API version 3709383).
LogModuleManager: Display: Found up-to-date module file ../../../Engine/Plugins/Runtime/ProceduralMeshComponent/Binaries/Win64/UE4Editor-ProceduralMeshComponentEditor.dll (API version 3709383).
LogModuleManager: Display: Found up-to-date module file ../../../Engine/Plugins/Runtime/RuntimePhysXCooking/Binaries/Win64/UE4Editor-RuntimePhysXCooking.dll (API version 3709383).
LogModuleManager: Display: Found up-to-date module file ../../../Engine/Plugins/Runtime/Steam/SteamVR/Binaries/Win64/UE4Editor-SteamVR.dll (API version 3709383).
LogModuleManager: Display: Found up-to-date module file ../../../Engine/Plugins/Runtime/Steam/SteamVR/Binaries/Win64/UE4Editor-SteamVRController.dll (API version 3709383).
LogModuleManager: Display: Found up-to-date module file ../../../Engine/Plugins/Runtime/WindowsMoviePlayer/Binaries/Win64/UE4Editor-WindowsMoviePlayer.dll (API version 3709383).
LogPluginManager: Mounting plugin Paper2D
LogPluginManager: Mounting plugin LightPropagationVolume
LogPluginManager: Mounting plugin CodeLiteSourceCodeAccess
LogPluginManager: Mounting plugin GitSourceControl
LogPluginManager: Mounting plugin KDevelopSourceCodeAccess
LogPluginManager: Mounting plugin NullSourceCodeAccess
LogPluginManager: Mounting plugin PerforceSourceControl
LogPluginManager: Mounting plugin SubversionSourceControl
LogPluginManager: Mounting plugin UObjectPlugin
LogPluginManager: Mounting plugin VisualStudioCodeSourceCodeAccess
LogPluginManager: Mounting plugin VisualStudioSourceCodeAccess
LogPluginManager: Mounting plugin XCodeSourceCodeAccess
LogPluginManager: Mounting plugin AssetManagerEditor
LogPluginManager: Mounting plugin AudioCapture
LogPluginManager: Mounting plugin FacialAnimation
LogPluginManager: Mounting plugin GameplayTagsEditor
LogPluginManager: Mounting plugin MobileLauncherProfileWizard
LogPluginManager: Mounting plugin PluginBrowser
LogPluginManager: Mounting plugin SpeedTreeImporter
LogPluginManager: Mounting plugin AlembicImporter
LogPluginManager: Mounting plugin CharacterAI
LogPluginManager: Mounting plugin HTML5Networking
LogPluginManager: Mounting plugin AndroidMedia
LogPluginManager: Mounting plugin AvfMedia
LogPluginManager: Mounting plugin ImgMedia
LogPluginManager: Mounting plugin MediaCompositing
LogPluginManager: Mounting plugin MediaPlayerEditor
LogPluginManager: Mounting plugin WmfMedia
LogPluginManager: Mounting plugin TcpMessaging
LogPluginManager: Mounting plugin UdpMessaging
LogPluginManager: Mounting plugin ActorSequence
LogPluginManager: Mounting plugin LevelSequenceEditor
LogPluginManager: Mounting plugin MatineeToLevelSequence
LogPluginManager: Mounting plugin OnlineSubsystemGooglePlay
LogPluginManager: Mounting plugin OnlineSubsystemIOS
LogPluginManager: Mounting plugin OnlineSubsystem
LogPluginManager: Mounting plugin OnlineSubsystemNull
LogPluginManager: Mounting plugin OnlineSubsystemUtils
LogPluginManager: Mounting plugin AndroidDeviceProfileSelector
LogPluginManager: Mounting plugin AndroidMoviePlayer
LogPluginManager: Mounting plugin AndroidPermission
LogPluginManager: Mounting plugin AppleARKit
LogPluginManager: Mounting plugin AppleMoviePlayer
LogPluginManager: Mounting plugin ArchVisCharacter
LogPluginManager: Mounting plugin CableComponent
LogPluginManager: Mounting plugin CustomMeshComponent
LogPluginManager: Mounting plugin ExampleDeviceProfileSelector
LogPluginManager: Mounting plugin GoogleCloudMessaging
LogPluginManager: Mounting plugin ImmediatePhysics
LogPluginManager: Mounting plugin IOSDeviceProfileSelector
LogPluginManager: Mounting plugin LinuxDeviceProfileSelector
LogPluginManager: Mounting plugin LocationServicesBPLibrary
LogPluginManager: Mounting plugin MobilePatchingUtils
LogPluginManager: Mounting plugin OculusVR
LogPluginManager: Plugin shader directory ../../../Engine/Plugins/Runtime/Oculus/OculusVR/Shaders found
LogPluginManager: Mapping shader source directory ../../../Engine/Plugins/Runtime/Oculus/OculusVR/Shaders to virtual directory /Plugin/OculusVR
LogPluginManager: Mounting plugin PhysXVehicles
LogPluginManager: Mounting plugin ProceduralMeshComponent
LogPluginManager: Mounting plugin RuntimePhysXCooking
LogPluginManager: Mounting plugin SteamVR
LogPluginManager: Mounting plugin WindowsMoviePlayer
LogInit: Using libcurl 7.47.1
LogInit:  - built for x86_64-pc-win32
LogInit:  - supports SSL with OpenSSL/1.0.2g
LogInit:  - supports HTTP deflate (compression) using libz 1.2.8
LogInit:  - other features:
LogInit:      CURL_VERSION_SSL
LogInit:      CURL_VERSION_LIBZ
LogInit:      CURL_VERSION_IPV6
LogInit:      CURL_VERSION_ASYNCHDNS
LogInit:      CURL_VERSION_LARGEFILE
LogInit:      CURL_VERSION_IDN
LogInit:  CurlRequestOptions (configurable via config and command line):
LogInit:  - bVerifyPeer = false  - Libcurl will NOT verify peer certificate
LogInit:  - bUseHttpProxy = false  - Libcurl will NOT use HTTP proxy
LogInit:  - bDontReuseConnections = false  - Libcurl will reuse connections
LogInit:  - CertBundlePath = nullptr  - Libcurl will use whatever was configured at build time.
LogInit: Build: ++UE4+Release-4.18-CL-3832480
LogInit: Engine Version: 4.18.3-3832480+++UE4+Release-4.18
LogInit: Compatible Engine Version: 4.18.0-3709383+++UE4+Release-4.18
LogInit: Net CL: 3709383
LogDevObjectVersion: Number of dev versions registered: 16
LogDevObjectVersion:   Dev-Blueprints (B0D832E4-1F89-4F0D-ACCF-7EB736FD4AA2): 10
LogDevObjectVersion:   Dev-Build (E1C64328-A22C-4D53-A36C-8E866417BD8C): 0
LogDevObjectVersion:   Dev-Core (375EC13C-06E4-48FB-B500-84F0262A717E): 2
LogDevObjectVersion:   Dev-Editor (E4B068ED-F494-42E9-A231-DA0B2E46BB41): 20
LogDevObjectVersion:   Dev-Framework (CFFC743F-43B0-4480-9391-14DF171D2073): 30
LogDevObjectVersion:   Dev-Mobile (B02B49B5-BB20-44E9-A304-32B752E40360): 0
LogDevObjectVersion:   Dev-Networking (A4E4105C-59A1-49B5-A7C5-40C4547EDFEE): 0
LogDevObjectVersion:   Dev-Online (39C831C9-5AE6-47DC-9A44-9C173E1C8E7C): 0
LogDevObjectVersion:   Dev-Physics (78F01B33-EBEA-4F98-B9B4-84EACCB95AA2): 0
LogDevObjectVersion:   Dev-Platform (6631380F-2D4D-43E0-8009-CF276956A95A): 0
LogDevObjectVersion:   Dev-Rendering (12F88B9F-8875-4AFC-A67C-D90C383ABD29): 20
LogDevObjectVersion:   Dev-Sequencer (7B5AE74C-D270-4C10-A958-57980B212A5A): 4
LogDevObjectVersion:   Dev-VR (D7296918-1DD6-4BDD-9DE2-64A83CC13884): 0
LogDevObjectVersion:   Dev-LoadTimes (C2A15278-BFE7-4AFE-6C17-90FF531DF755): 1
LogDevObjectVersion:   Private-Geometry (6EACA3D4-40EC-4CC1-B786-8BED09428FC5): 1
LogDevObjectVersion:   Dev-AnimPhys (29E575DD-E0A3-4627-9D10-D276232CDCEA): 12
LogInit: Compiled (64-bit): Jan 12 2018 02:04:55
LogInit: Compiled with Visual C++: 19.00.24215.01
LogInit: Build Configuration: Development
LogInit: Branch Name: ++UE4+Release-4.18
LogInit: Command line: 
LogInit: Base directory: D:/Epic Games/UE_4.18/Engine/Binaries/Win64/
LogInit: Installed Engine Build: 1
LogInit: Presizing for max 8388607 objects, including 0 objects not considered by GC, pre-allocating 0 bytes for permanent pool.
LogInit: Object subsystem initialized
[2018.01.27-01.08.36:930][  0]LogInit: Selected Device Profile: [Windows]
[2018.01.27-01.08.36:930][  0]LogInit: Applying CVar settings loaded from the selected device profile: [Windows]
[2018.01.27-01.08.36:950][  0]LogInit: Computer: DESKTOP-R47TH6J
[2018.01.27-01.08.36:951][  0]LogInit: User: Wheatley
[2018.01.27-01.08.36:951][  0]LogInit: CPU Page size=4096, Cores=4
[2018.01.27-01.08.36:951][  0]LogInit: High frequency timer resolution =2.338347 MHz
[2018.01.27-01.08.36:951][  0]LogMemory: Memory total: Physical=7.9GB (8GB approx)
[2018.01.27-01.08.36:951][  0]LogMemory: Platform Memory Stats for Windows
[2018.01.27-01.08.36:951][  0]LogMemory: Process Physical Memory: 272.11 MB used, 272.11 MB peak
[2018.01.27-01.08.36:951][  0]LogMemory: Process Virtual Memory: 269.65 MB used, 269.65 MB peak
[2018.01.27-01.08.36:951][  0]LogMemory: Physical Memory: 3557.65 MB used,  4550.71 MB free, 8108.36 MB total
[2018.01.27-01.08.36:951][  0]LogMemory: Virtual Memory: 644.07 MB used,  4550.71 MB free, 134217728.00 MB total
[2018.01.27-01.08.37:149][  0]LogInit: Using OS detected language (ru-RU).
[2018.01.27-01.08.37:149][  0]LogInit: Using OS detected locale (ru-RU).
[2018.01.27-01.08.37:153][  0]LogTextLocalizationManager: No localization for 'ru-RU' exists, so 'en' will be used for the language.
[2018.01.27-01.08.37:153][  0]LogTextLocalizationManager: No localization for 'ru-RU' exists, so 'en' will be used for the locale.
[2018.01.27-01.08.37:679][  0]LogInit: Setting process to per monitor DPI aware
[2018.01.27-01.08.37:984][  0]LogD3D11RHI: D3D11 adapters:
[2018.01.27-01.08.38:004][  0]LogD3D11RHI:    0. 'AMD Radeon R7 M265 Series' (Feature Level 11_0)
[2018.01.27-01.08.38:004][  0]LogD3D11RHI:       2028/0/4054 MB DedicatedVideo/DedicatedSystem/SharedSystem, Outputs:1, VendorId:0x1002
[2018.01.27-01.08.38:010][  0]LogD3D11RHI:    1. 'Intel(R) HD Graphics 4600' (Feature Level 11_0)
[2018.01.27-01.08.38:010][  0]LogD3D11RHI:       112/0/2048 MB DedicatedVideo/DedicatedSystem/SharedSystem, Outputs:0, VendorId:0x8086
[2018.01.27-01.08.38:012][  0]LogD3D11RHI:    2. 'Microsoft Basic Render Driver' (Feature Level 11_0)
[2018.01.27-01.08.38:012][  0]LogD3D11RHI:       0/0/4054 MB DedicatedVideo/DedicatedSystem/SharedSystem, Outputs:0, VendorId:0x1414
[2018.01.27-01.08.38:012][  0]LogD3D11RHI: Chosen D3D11 Adapter: 0
[2018.01.27-01.08.38:019][  0]LogD3D11RHI: Creating new Direct3DDevice
[2018.01.27-01.08.38:019][  0]LogD3D11RHI:     GPU DeviceId: 0x6604 (for the marketing name, search the web for "GPU Device Id")
[2018.01.27-01.08.38:019][  0]LogWindows: EnumDisplayDevices:
[2018.01.27-01.08.38:019][  0]LogWindows:    0. 'Intel(R) HD Graphics 4600' (P:1 D:1)
[2018.01.27-01.08.38:019][  0]LogWindows:    1. 'Intel(R) HD Graphics 4600' (P:0 D:0)
[2018.01.27-01.08.38:019][  0]LogWindows:    2. 'Intel(R) HD Graphics 4600' (P:0 D:0)
[2018.01.27-01.08.38:020][  0]LogWindows:    3. 'AMD Radeon R7 M265 Series' (P:0 D:0)
[2018.01.27-01.08.38:020][  0]LogWindows:    4. 'AMD Radeon R7 M265 Series' (P:0 D:0)
[2018.01.27-01.08.38:020][  0]LogWindows:    5. 'AMD Radeon R7 M265 Series' (P:0 D:0)
[2018.01.27-01.08.38:020][  0]LogWindows:    6. 'AMD Radeon R7 M265 Series' (P:0 D:0)
[2018.01.27-01.08.38:021][  0]LogWindows:    7. 'AMD Radeon R7 M265 Series' (P:0 D:0)
[2018.01.27-01.08.38:021][  0]LogWindows:    8. 'AMD Radeon R7 M265 Series' (P:0 D:0)
[2018.01.27-01.08.38:021][  0]LogWindows:    9. 'AMD Radeon R7 M265 Series' (P:0 D:0)
[2018.01.27-01.08.38:021][  0]LogWindows:    10. 'AMD Radeon R7 M265 Series' (P:0 D:0)
[2018.01.27-01.08.38:022][  0]LogWindows:    11. 'AMD Radeon R7 M265 Series' (P:0 D:0)
[2018.01.27-01.08.38:022][  0]LogWindows:    12. 'AMD Radeon R7 M265 Series' (P:0 D:0)
[2018.01.27-01.08.38:022][  0]LogWindows:    13. 'AMD Radeon R7 M265 Series' (P:0 D:0)
[2018.01.27-01.08.38:022][  0]LogWindows:    14. 'AMD Radeon R7 M265 Series' (P:0 D:0)
[2018.01.27-01.08.38:023][  0]LogWindows:    15. 'AMD Radeon R7 M265 Series' (P:0 D:0)
[2018.01.27-01.08.38:023][  0]LogWindows:    16. 'AMD Radeon R7 M265 Series' (P:0 D:0)
[2018.01.27-01.08.38:023][  0]LogWindows:    17. 'AMD Radeon R7 M265 Series' (P:0 D:0)
[2018.01.27-01.08.38:023][  0]LogWindows:    18. 'AMD Radeon R7 M265 Series' (P:0 D:0)
[2018.01.27-01.08.38:024][  0]LogWindows: DebugString: PrimaryIsNotTheChoosenAdapter PrimaryIsNotTheChoosenAdapter PrimaryIsNotTheChoosenAdapter FoundDriverCount:16 
[2018.01.27-01.08.38:024][  0]LogD3D11RHI:     Adapter Name: AMD Radeon R7 M265 Series
[2018.01.27-01.08.38:024][  0]LogD3D11RHI:   Driver Version: Crimson ReLive 17.11.1 (internal:23.20.788.0, unified:23.20.788.0)
[2018.01.27-01.08.38:024][  0]LogD3D11RHI:      Driver Date: 11-2-2017
[2018.01.27-01.08.38:024][  0]LogRHI: Texture pool is 1419 MB (70% of 2028 MB)
[2018.01.27-01.08.38:060][  0]LogD3D11RHI: Async texture creation enabled
[2018.01.27-01.08.38:073][  0]LogD3D11RHI: GPU Timing Frequency: 27.000000 (Debug: 2 1)
[2018.01.27-01.08.38:073][  0]LogShaderCompilers: Guid format shader working directory is -7 characters bigger than the processId version (../../../../../Projects/Unreal Projects/GGJ2018/GGJ2018/Intermediate/Shaders/WorkingDirectory/12076/).
[2018.01.27-01.08.38:074][  0]LogShaderCompilers: Cleaned the shader compiler working directory 'C:/Users/Wheatley/AppData/Local/Temp/UnrealShaderWorkingDir/FE8249D84C0C5E651444BEB39F9C0230/'.
[2018.01.27-01.08.38:074][  0]LogShaderCompilers: Display: Using Local Shader Compiler.
[2018.01.27-01.08.39:309][  0]LogTemp: Display: Loaded TP AllDesktopTargetPlatform
[2018.01.27-01.08.39:364][  0]LogTemp: Display: Loaded TP MacClientTargetPlatform
[2018.01.27-01.08.39:418][  0]LogTemp: Display: Loaded TP MacNoEditorTargetPlatform
[2018.01.27-01.08.39:477][  0]LogTemp: Display: Loaded TP MacServerTargetPlatform
[2018.01.27-01.08.39:533][  0]LogTemp: Display: Loaded TP MacTargetPlatform
[2018.01.27-01.08.39:588][  0]LogTemp: Display: Loaded TP WindowsClientTargetPlatform
[2018.01.27-01.08.39:642][  0]LogTemp: Display: Loaded TP WindowsNoEditorTargetPlatform
[2018.01.27-01.08.39:703][  0]LogTemp: Display: Loaded TP WindowsServerTargetPlatform
[2018.01.27-01.08.39:747][  0]LogTemp: Display: Loaded TP WindowsTargetPlatform
[2018.01.27-01.08.39:800][  0]LogTemp: Display: Loaded TP Android_ASTCTargetPlatform
[2018.01.27-01.08.39:861][  0]LogTemp: Display: Loaded TP Android_ATCTargetPlatform
[2018.01.27-01.08.39:917][  0]LogTemp: Display: Loaded TP Android_DXTTargetPlatform
[2018.01.27-01.08.39:973][  0]LogTemp: Display: Loaded TP Android_ETC1TargetPlatform
[2018.01.27-01.08.40:027][  0]LogTemp: Display: Loaded TP Android_ETC2TargetPlatform
[2018.01.27-01.08.40:142][  0]LogTemp: Display: Loaded TP Android_MultiTargetPlatform
[2018.01.27-01.08.40:142][  0]LogTemp: Display: Loaded TP Android_PVRTCTargetPlatform
[2018.01.27-01.08.40:199][  0]LogTemp: Display: Loaded TP AndroidTargetPlatform
[2018.01.27-01.08.40:236][  0]LogTemp: Display: Loaded TP HTML5TargetPlatform
[2018.01.27-01.08.40:333][  0]LogTemp: Display: Loaded TP IOSTargetPlatform
[2018.01.27-01.08.40:364][  0]LogTemp: Display: Loaded TP TVOSTargetPlatform
[2018.01.27-01.08.40:416][  0]LogTemp: Display: Loaded TP LinuxClientTargetPlatform
[2018.01.27-01.08.40:473][  0]LogTemp: Display: Loaded TP LinuxNoEditorTargetPlatform
[2018.01.27-01.08.40:512][  0]LogTemp: Display: Loaded TP LinuxServerTargetPlatform
[2018.01.27-01.08.40:551][  0]LogTemp: Display: Loaded TP LinuxTargetPlatform
[2018.01.27-01.08.40:551][  0]LogTargetPlatformManager: Display: Building Assets For Windows
[2018.01.27-01.08.40:911][  0]LogDerivedDataCache: Display: Max Cache Size: 512 MB
[2018.01.27-01.08.41:005][  0]LogDerivedDataCache: Loaded boot cache 0.09s 78MB C:/Users/Wheatley/AppData/Local/UnrealEngine/4.18/DerivedDataCache/Boot.ddc.
[2018.01.27-01.08.41:005][  0]LogDerivedDataCache: Display: Loaded Boot cache: C:/Users/Wheatley/AppData/Local/UnrealEngine/4.18/DerivedDataCache/Boot.ddc
[2018.01.27-01.08.41:005][  0]LogDerivedDataCache: FDerivedDataBackendGraph:  Pak pak cache file ../../../../../Projects/Unreal Projects/GGJ2018/GGJ2018/DerivedDataCache/DDC.ddp not found, will not use a pak cache.
[2018.01.27-01.08.41:005][  0]LogDerivedDataCache: Unable to find inner node Pak for hierarchical cache Hierarchy.
[2018.01.27-01.08.41:005][  0]LogDerivedDataCache: FDerivedDataBackendGraph:  CompressedPak pak cache file ../../../../../Projects/Unreal Projects/GGJ2018/GGJ2018/DerivedDataCache/Compressed.ddp not found, will not use a pak cache.
[2018.01.27-01.08.41:005][  0]LogDerivedDataCache: Unable to find inner node CompressedPak for hierarchical cache Hierarchy.
[2018.01.27-01.08.41:022][  0]LogDerivedDataCache: Display: Pak cache opened for reading ../../../Engine/DerivedDataCache/Compressed.ddp.
[2018.01.27-01.08.41:034][  0]LogDerivedDataCache: Using Local data cache path C:/Users/Wheatley/AppData/Local/UnrealEngine/Common/DerivedDataCache: Writable
[2018.01.27-01.08.41:045][  0]LogMaterial: Verifying Global Shaders for PCD3D_SM5
[2018.01.27-01.08.41:045][  0]LogSlate: Using Freetype 2.6.0
[2018.01.27-01.08.41:046][  0]LogSlate: SlateFontCache - WITH_FREETYPE: 1, WITH_HARFBUZZ: 1
[2018.01.27-01.08.41:046][  0]LogSlate: SlateFontCache - WITH_FREETYPE: 1, WITH_HARFBUZZ: 1
[2018.01.27-01.08.41:399][  0]LogInit: Selected Device Profile: [Windows]
[2018.01.27-01.08.41:667][  0]LogSimplygon: Simplygon DLL not present - disabling.
[2018.01.27-01.08.41:703][  0]LogMeshReduction: Using SimplygonSwarm for distributed automatic mesh merging
[2018.01.27-01.08.41:703][  0]LogMeshReduction: Using QuadricMeshReduction for automatic static mesh reduction
[2018.01.27-01.08.41:703][  0]LogMeshReduction: No automatic skeletal mesh reduction module available
[2018.01.27-01.08.41:703][  0]LogMeshReduction: No automatic mesh merging module available
[2018.01.27-01.08.41:703][  0]LogMeshMerging: No automatic mesh merging module available
[2018.01.27-01.08.41:726][  0]LogNetVersion: GGJ2018 , NetCL: 3709383, EngineNetVer: 2, GameNetVer: 0 (Checksum: 4219683102)
[2018.01.27-01.08.41:874][  0]LogAssetRegistry: FAssetRegistry took 0.0262 seconds to start up
[2018.01.27-01.08.42:343][  0]LogPackageLocalizationCache: Processed 7 localized package path(s) for 1 prioritized culture(s) in 0.030237 seconds
[2018.01.27-01.08.42:348][  0]LogUObjectArray: 35870 objects as part of root set at end of initial load.
[2018.01.27-01.08.42:348][  0]LogUObjectAllocator: 7363696 out of 0 bytes used by permanent object pool.
[2018.01.27-01.08.42:348][  0]LogUObjectArray: CloseDisregardForGC: 0/0 objects in disregard for GC pool
[2018.01.27-01.08.42:396][  0]LogInit: WinSock: version 1.1 (2.2), MaxSocks=32767, MaxUdp=65467
[2018.01.27-01.08.44:811][  0]LogTcpMessaging: Initializing TcpMessaging bridge
[2018.01.27-01.08.44:847][  0]LogUdpMessaging: Initializing bridge on interface 0.0.0.0:0 to multicast group 230.0.0.1:6666.
[2018.01.27-01.08.45:484][  0]LogMaterial: Uniform references updated for custom material expression Custom.
[2018.01.27-01.08.45:833][  0]SourceControl: Source control is disabled
[2018.01.27-01.08.45:833][  0]SourceControl: Source control is disabled
[2018.01.27-01.08.45:873][  0]SourceControl: Source control is disabled
[2018.01.27-01.08.45:912][  0]SourceControl: Source control is disabled
[2018.01.27-01.08.46:538][  0]LogAndroidPermission: UAndroidPermissionCallbackProxy::GetInstance
[2018.01.27-01.08.46:751][  0]LogOcInput: OculusInput pre-init called
[2018.01.27-01.08.46:982][  0]LogEngine: Initializing Engine...
[2018.01.27-01.08.46:984][  0]LogHMD: Failed to initialize OpenVR with code 110
[2018.01.27-01.08.47:204][  0]LogStats: UGameplayTagsManager::ConstructGameplayTagTree: Construct from data asset -  0.000 s
[2018.01.27-01.08.47:204][  0]LogStats: UGameplayTagsManager::ConstructGameplayTagTree: GameplayTagTreeChangedEvent.Broadcast -  0.000 s
[2018.01.27-01.08.47:317][  0]LogAIModule: Creating AISystem for world Untitled
[2018.01.27-01.08.47:325][  0]LogInit: XAudio2 using 'Динамики (Conexant SmartAudio HD)' : 2 channels at 48 kHz using 16 bits per sample (channel mask 0x3)
[2018.01.27-01.08.47:364][  0]LogInit: FAudioDevice initialized.
[2018.01.27-01.08.47:499][  0]LogDerivedDataCache: Saved boot cache 0.14s 78MB C:/Users/Wheatley/AppData/Local/UnrealEngine/4.18/DerivedDataCache/Boot.ddc.
[2018.01.27-01.08.47:519][  0]LogInit: Texture streaming: Enabled
[2018.01.27-01.08.47:596][  0]LogEngineSessionManager: EngineSessionManager initialized
[2018.01.27-01.08.47:596][  0]LogEngineSessionManager: EngineSessionManager sent abnormal shutdown report. Type=Crashed, SessionId={1D7D5DFC-48C0-B28F-CDF7-719940DF11F0}
[2018.01.27-01.08.47:695][  0]LogInit: Transaction tracking system initialized
[2018.01.27-01.08.47:920][  0]BlueprintLog: New page: Editor Load
[2018.01.27-01.08.48:601][  0]LocalizationService: Localization service is disabled
[2018.01.27-01.08.49:178][  0]LogConsoleResponse: Display: 
[2018.01.27-01.08.49:338][  0]LogCook: Display: Max memory allowance for cook 16384mb min free memory 0mb
[2018.01.27-01.08.49:338][  0]LogCook: Display: Mobile HDR setting 1
[2018.01.27-01.08.49:338][  0]LogGameplayTags: Display: UGameplayTagsManager::DoneAddingNativeTags. DelegateIsBound: 0
[2018.01.27-01.08.50:257][  0]LogFileCache: Scanning file cache for directory 'D:/Projects/Unreal Projects/GGJ2018/GGJ2018/Content/' took 0.01s
[2018.01.27-01.08.50:297][  0]SourceControl: Source control is disabled
[2018.01.27-01.08.50:297][  0]Cmd: MAP LOAD FILE="../../../../../Projects/Unreal Projects/GGJ2018/GGJ2018/Content/ThirdPersonBP/Maps/ThirdPersonExampleMap.umap" TEMPLATE=0 SHOWPROGRESS=1 FEATURELEVEL=3
[2018.01.27-01.08.50:298][  0]LightingResults: New page: Lighting Build
[2018.01.27-01.08.50:330][  0]MapCheck: New page: Map Check
[2018.01.27-01.08.50:330][  0]LightingResults: New page: Lighting Build
[2018.01.27-01.08.51:036][  0]LogAIModule: Creating AISystem for world ThirdPersonExampleMap
[2018.01.27-01.08.51:056][  0]LogPhysics: Warning: Initialising Body : Scale3D is (nearly) zero: Component: '/Game/ThirdPersonBP/Maps/ThirdPersonExampleMap.ThirdPersonExampleMap:PersistentLevel.WeakSpot_Hand_GEN_VARIABLE_A_WeakSpot_C_CAT_178.Sphere' 
[2018.01.27-01.08.51:056][  0]LogPhysics: Warning: Initialising Body : Scale3D is (nearly) zero: Component: '/Game/ThirdPersonBP/Maps/ThirdPersonExampleMap.ThirdPersonExampleMap:PersistentLevel.WeakSpot_Hand_GEN_VARIABLE_A_WeakSpot_C_CAT_178.Sphere' 
[2018.01.27-01.08.51:056][  0]LogPhysics: Warning: Initialising Body : Scale3D is (nearly) zero: Component: '/Game/ThirdPersonBP/Maps/ThirdPersonExampleMap.ThirdPersonExampleMap:PersistentLevel.ChildActor_GEN_VARIABLE_A_WeakSpot_C_CAT_176.Sphere' 
[2018.01.27-01.08.51:056][  0]LogPhysics: Warning: Initialising Body : Scale3D is (nearly) zero: Component: '/Game/ThirdPersonBP/Maps/ThirdPersonExampleMap.ThirdPersonExampleMap:PersistentLevel.ChildActor_GEN_VARIABLE_A_WeakSpot_C_CAT_176.Sphere' 
[2018.01.27-01.08.51:056][  0]LogEditorServer: Finished looking for orphan Actors (0.000 secs)
[2018.01.27-01.08.51:070][  0]Cmd: MAP CHECKDEP NOCLEARLOG
[2018.01.27-01.08.51:112][  0]MapCheck: Map check complete: 0 Error(s), 0 Warning(s), took 41.906ms to complete.
[2018.01.27-01.08.51:112][  0]LogFileHelpers: Loading map 'ThirdPersonExampleMap' took 0.815
[2018.01.27-01.08.51:184][  0]LogWindowsTextInputMethodSystem: Display: IME system now deactivated.
[2018.01.27-01.08.51:260][  0]LogCollectionManager: Loaded 0 collections in 0.001440 seconds
[2018.01.27-01.08.51:326][  0]LogFileCache: Scanning file cache for directory 'D:/Projects/Unreal Projects/GGJ2018/GGJ2018/Saved/Collections/' took 0.01s
[2018.01.27-01.08.51:326][  0]LogFileCache: Scanning file cache for directory 'D:/Projects/Unreal Projects/GGJ2018/GGJ2018/Content/Developers/Wheatley/Collections/' took 0.01s
[2018.01.27-01.08.51:326][  0]LogFileCache: Scanning file cache for directory 'D:/Projects/Unreal Projects/GGJ2018/GGJ2018/Content/Collections/' took 0.01s
[2018.01.27-01.08.51:326][  0]LogCollectionManager: Rebuilt the GUID cache for 0 collections in 0.000000 seconds
[2018.01.27-01.08.51:334][  0]LogContentBrowser: Native class hierarchy populated in 0.0083 seconds. Added 2363 classes and 519 folders.
[2018.01.27-01.08.51:399][  0]LogContentBrowser: Native class hierarchy updated for 'WidgetCarousel' in 0.0004 seconds. Added 0 classes and 0 folders.
[2018.01.27-01.08.51:434][  0]LogContentBrowser: Native class hierarchy updated for 'AddContentDialog' in 0.0002 seconds. Added 0 classes and 0 folders.
[2018.01.27-01.08.51:466][  0]LogContentBrowser: Native class hierarchy updated for 'SceneOutliner' in 0.0003 seconds. Added 1 classes and 2 folders.
[2018.01.27-01.08.51:485][  0]LogSlate: Took 0.000181 seconds to synchronously load lazily loaded font '../../../Engine/Content/Slate/Fonts/Roboto-Regular.ttf' (155K)
[2018.01.27-01.08.51:487][  0]LogSlate: Took 0.000148 seconds to synchronously load lazily loaded font '../../../Engine/Content/Slate/Fonts/Roboto-Bold.ttf' (160K)
[2018.01.27-01.08.51:492][  0]LogSlate: Took 0.000156 seconds to synchronously load lazily loaded font '../../../Engine/Content/Editor/Slate/Fonts/FontAwesome.ttf' (139K)
[2018.01.27-01.08.51:590][  0]LogRenderer: Reallocating scene render targets to support 792x396 Format 10 NumSamples 1 (Frame:1).
[2018.01.27-01.08.51:788][  0]LogContentBrowser: Native class hierarchy updated for 'HierarchicalLODOutliner' in 0.0003 seconds. Added 1 classes and 2 folders.
[2018.01.27-01.08.51:788][  0]LogLoad: (Engine Initialization) Total time: 17.69 seconds
[2018.01.27-01.08.51:788][  0]LogLoad: (Engine Initialization) Total Blueprint compile time: 0.00 seconds
[2018.01.27-01.08.51:788][  0]LogExternalProfiler: No external profilers were discovered.  External profiling features will not be available.
[2018.01.27-01.08.51:826][  0]LogContentStreaming: Texture pool size now 1000 MB
[2018.01.27-01.08.51:881][  0]LogSlate: Took 0.000158 seconds to synchronously load lazily loaded font '../../../Engine/Content/Slate/Fonts/Roboto-Light.ttf' (159K)
[2018.01.27-01.08.51:897][  1]LogAssetRegistry: Asset discovery search completed in 10.0452 seconds
[2018.01.27-01.08.51:899][  1]LogCollectionManager: Rebuilt the object cache for 0 collections in 0.000001 seconds (found 0 objects)
[2018.01.27-01.08.51:899][  1]LogCollectionManager: Fixed up redirectors for 0 collections in 0.000100 seconds (updated 0 objects)
[2018.01.27-01.08.52:923][ 20]LogSlate: Took 0.000216 seconds to synchronously load lazily loaded font '../../../Engine/Content/Slate/Fonts/Roboto-Light.ttf' (159K)
[2018.01.27-01.09.03:320][346]LogSlate: Took 0.000176 seconds to synchronously load lazily loaded font '../../../Engine/Content/Slate/Fonts/Roboto-Light.ttf' (159K)
[2018.01.27-01.09.03:740][346]LogContentBrowser: Native class hierarchy updated for 'BlueprintGraph' in 0.0008 seconds. Added 116 classes and 0 folders.
[2018.01.27-01.09.04:643][346]LogSlate: Took 0.000219 seconds to synchronously load lazily loaded font '../../../Engine/Content/Editor/Slate/Fonts/Roboto-BoldCondensed.ttf' (158K)
[2018.01.27-01.09.04:831][347]LogSlate: Took 0.000274 seconds to synchronously load lazily loaded font '../../../Engine/Content/Editor/Slate/Fonts/Roboto-Italic.ttf' (157K)
[2018.01.27-01.09.24:037][257]LogRenderer: Reallocating scene render targets to support 948x628 Format 10 NumSamples 1 (Frame:1).
[2018.01.27-01.10.16:523][339]LogWindowsTextInputMethodSystem: Display: IME system now deactivated.
[2018.01.27-01.10.16:523][339]LogWindowsTextInputMethodSystem: Display: IME system now deactivated.
[2018.01.27-01.10.24:238][788]BlueprintLog: New page: Compile ThirdPersonCharacter
[2018.01.27-01.10.25:435][807]LogSavePackage: Save=184.64ms
[2018.01.27-01.10.25:435][807]LogSavePackage: Moving '../../../../../Projects/Unreal Projects/GGJ2018/GGJ2018/Saved/ThirdPersonCharacter25FC816C400583A6D0F2FDA67249F7A8.tmp' to '../../../../../Projects/Unreal Projects/GGJ2018/GGJ2018/Content/ThirdPersonBP/Blueprints/ThirdPersonCharacter.uasset'
[2018.01.27-01.10.25:439][807]LogSavePackage: Display: Finished SavePackage ../../../../../Projects/Unreal Projects/GGJ2018/GGJ2018/Content/ThirdPersonBP/Blueprints/ThirdPersonCharacter.uasset
[2018.01.27-01.10.34:919][294]LogSavePackage: Save=346.18ms
[2018.01.27-01.10.34:920][294]LogSavePackage: Moving '../../../../../Projects/Unreal Projects/GGJ2018/GGJ2018/Saved/ThirdPersonExampleMapEE402FD144DBFD3BF061D492F3E648D3.tmp' to '../../../../../Projects/Unreal Projects/GGJ2018/GGJ2018/Content/ThirdPersonBP/Maps/ThirdPersonExampleMap.umap'
[2018.01.27-01.10.34:924][294]LogSavePackage: Display: Finished SavePackage ../../../../../Projects/Unreal Projects/GGJ2018/GGJ2018/Content/ThirdPersonBP/Maps/ThirdPersonExampleMap.umap
[2018.01.27-01.10.34:978][294]LogFileHelpers: Saving map 'ThirdPersonExampleMap' took 0.796
[2018.01.27-01.10.35:178][294]LogSavePackage: Save=145.41ms
[2018.01.27-01.10.35:178][294]LogSavePackage: Moving '../../../../../Projects/Unreal Projects/GGJ2018/GGJ2018/Saved/ThirdPersonCharacter966457AC41087B909B3CBD9DE5284996.tmp' to '../../../../../Projects/Unreal Projects/GGJ2018/GGJ2018/Content/ThirdPersonBP/Blueprints/ThirdPersonCharacter.uasset'
[2018.01.27-01.10.35:183][294]LogSavePackage: Display: Finished SavePackage ../../../../../Projects/Unreal Projects/GGJ2018/GGJ2018/Content/ThirdPersonBP/Blueprints/ThirdPersonCharacter.uasset
[2018.01.27-01.11.15:533][649]LogSavePackage: Save=298.81ms
[2018.01.27-01.11.15:533][649]LogSavePackage: Moving '../../../../../Projects/Unreal Projects/GGJ2018/GGJ2018/Saved/ThirdPersonExampleMap32AEEC9D40D99CABF62307ABCC1194D0.tmp' to '../../../../../Projects/Unreal Projects/GGJ2018/GGJ2018/Content/ThirdPersonBP/Maps/ThirdPersonExampleMap.umap'
[2018.01.27-01.11.15:537][649]LogSavePackage: Display: Finished SavePackage ../../../../../Projects/Unreal Projects/GGJ2018/GGJ2018/Content/ThirdPersonBP/Maps/ThirdPersonExampleMap.umap
[2018.01.27-01.11.15:593][649]LogFileHelpers: Saving map 'ThirdPersonExampleMap' took 0.721
[2018.01.27-01.11.15:747][649]LogSavePackage: Save=107.98ms
[2018.01.27-01.11.15:747][649]LogSavePackage: Moving '../../../../../Projects/Unreal Projects/GGJ2018/GGJ2018/Saved/ThirdPersonCharacter7DD26292449F273A0EDBE8A47C8DB9B1.tmp' to '../../../../../Projects/Unreal Projects/GGJ2018/GGJ2018/Content/ThirdPersonBP/Blueprints/ThirdPersonCharacter.uasset'
[2018.01.27-01.11.15:751][649]LogSavePackage: Display: Finished SavePackage ../../../../../Projects/Unreal Projects/GGJ2018/GGJ2018/Content/ThirdPersonBP/Blueprints/ThirdPersonCharacter.uasset
[2018.01.27-01.11.30:747][520]LogSavePackage: Save=125.31ms
[2018.01.27-01.11.30:747][520]LogSavePackage: Moving '../../../../../Projects/Unreal Projects/GGJ2018/GGJ2018/Saved/ThirdPersonCharacter1C08D2DA4F2A92D5DF723D9054E11DB5.tmp' to '../../../../../Projects/Unreal Projects/GGJ2018/GGJ2018/Content/ThirdPersonBP/Blueprints/ThirdPersonCharacter.uasset'
[2018.01.27-01.11.30:750][520]LogSavePackage: Display: Finished SavePackage ../../../../../Projects/Unreal Projects/GGJ2018/GGJ2018/Content/ThirdPersonBP/Blueprints/ThirdPersonCharacter.uasset
[2018.01.27-01.11.31:342][556]BlueprintLog: New page: Compile ThirdPersonCharacter
[2018.01.27-01.11.32:294][575]LogSavePackage: Save=113.89ms
[2018.01.27-01.11.32:294][575]LogSavePackage: Moving '../../../../../Projects/Unreal Projects/GGJ2018/GGJ2018/Saved/ThirdPersonCharacterDAD9B449451A3A842B088ABF0EB358FD.tmp' to '../../../../../Projects/Unreal Projects/GGJ2018/GGJ2018/Content/ThirdPersonBP/Blueprints/ThirdPersonCharacter.uasset'
[2018.01.27-01.11.32:295][575]LogSavePackage: Display: Finished SavePackage ../../../../../Projects/Unreal Projects/GGJ2018/GGJ2018/Content/ThirdPersonBP/Blueprints/ThirdPersonCharacter.uasset
[2018.01.27-01.11.33:009][595]LogSavePackage: Save=265.63ms
[2018.01.27-01.11.33:009][595]LogSavePackage: Moving '../../../../../Projects/Unreal Projects/GGJ2018/GGJ2018/Saved/ThirdPersonExampleMapEE88CC4947F27ACA796887B4A5B02946.tmp' to '../../../../../Projects/Unreal Projects/GGJ2018/GGJ2018/Content/ThirdPersonBP/Maps/ThirdPersonExampleMap.umap'
[2018.01.27-01.11.33:013][595]LogSavePackage: Display: Finished SavePackage ../../../../../Projects/Unreal Projects/GGJ2018/GGJ2018/Content/ThirdPersonBP/Maps/ThirdPersonExampleMap.umap
[2018.01.27-01.11.33:050][595]LogFileHelpers: Saving map 'ThirdPersonExampleMap' took 0.377
[2018.01.27-01.11.40:612][ 30]LogSavePackage: Save=129.45ms
[2018.01.27-01.11.40:612][ 30]LogSavePackage: Moving '../../../../../Projects/Unreal Projects/GGJ2018/GGJ2018/Saved/ThirdPersonCharacter5C70EA224B8215C2A6F6B1AFE2A19A7C.tmp' to '../../../../../Projects/Unreal Projects/GGJ2018/GGJ2018/Content/ThirdPersonBP/Blueprints/ThirdPersonCharacter.uasset'
[2018.01.27-01.11.40:615][ 30]LogSavePackage: Display: Finished SavePackage ../../../../../Projects/Unreal Projects/GGJ2018/GGJ2018/Content/ThirdPersonBP/Blueprints/ThirdPersonCharacter.uasset
[2018.01.27-01.11.54:635][839]LogSavePackage: Save=134.77ms
[2018.01.27-01.11.54:636][839]LogSavePackage: Moving '../../../../../Projects/Unreal Projects/GGJ2018/GGJ2018/Saved/ThirdPersonCharacter69D8095042D34CE284EB0D9339BA617A.tmp' to '../../../../../Projects/Unreal Projects/GGJ2018/GGJ2018/Content/ThirdPersonBP/Blueprints/ThirdPersonCharacter.uasset'
[2018.01.27-01.11.54:639][839]LogSavePackage: Display: Finished SavePackage ../../../../../Projects/Unreal Projects/GGJ2018/GGJ2018/Content/ThirdPersonBP/Blueprints/ThirdPersonCharacter.uasset
[2018.01.27-01.12.04:846][436]LogSavePackage: Save=121.46ms
[2018.01.27-01.12.04:846][436]LogSavePackage: Moving '../../../../../Projects/Unreal Projects/GGJ2018/GGJ2018/Saved/ThirdPersonCharacter12CA7D0D43C7F62D28152D86DD9D2400.tmp' to '../../../../../Projects/Unreal Projects/GGJ2018/GGJ2018/Content/ThirdPersonBP/Blueprints/ThirdPersonCharacter.uasset'
[2018.01.27-01.12.04:849][436]LogSavePackage: Display: Finished SavePackage ../../../../../Projects/Unreal Projects/GGJ2018/GGJ2018/Content/ThirdPersonBP/Blueprints/ThirdPersonCharacter.uasset
[2018.01.27-01.12.20:946][384]LogSavePackage: Save=140.22ms
[2018.01.27-01.12.20:946][384]LogSavePackage: Moving '../../../../../Projects/Unreal Projects/GGJ2018/GGJ2018/Saved/ThirdPersonCharacter6F535EC84DAE619C6617C190AEEB4A13.tmp' to '../../../../../Projects/Unreal Projects/GGJ2018/GGJ2018/Content/ThirdPersonBP/Blueprints/ThirdPersonCharacter.uasset'
[2018.01.27-01.12.20:950][384]LogSavePackage: Display: Finished SavePackage ../../../../../Projects/Unreal Projects/GGJ2018/GGJ2018/Content/ThirdPersonBP/Blueprints/ThirdPersonCharacter.uasset
[2018.01.27-01.12.49:190][939]LogSavePackage: Save=133.96ms
[2018.01.27-01.12.49:190][939]LogSavePackage: Moving '../../../../../Projects/Unreal Projects/GGJ2018/GGJ2018/Saved/ThirdPersonCharacterAA41EE7B43A494DF1BFCD580DDEFB6F9.tmp' to '../../../../../Projects/Unreal Projects/GGJ2018/GGJ2018/Content/ThirdPersonBP/Blueprints/ThirdPersonCharacter.uasset'
[2018.01.27-01.12.49:193][939]LogSavePackage: Display: Finished SavePackage ../../../../../Projects/Unreal Projects/GGJ2018/GGJ2018/Content/ThirdPersonBP/Blueprints/ThirdPersonCharacter.uasset
[2018.01.27-01.13.03:088][761]LogSavePackage: Save=120.64ms
[2018.01.27-01.13.03:088][761]LogSavePackage: Moving '../../../../../Projects/Unreal Projects/GGJ2018/GGJ2018/Saved/ThirdPersonCharacterAA2D9BA449B0B113BC5DE3B358AC9C34.tmp' to '../../../../../Projects/Unreal Projects/GGJ2018/GGJ2018/Content/ThirdPersonBP/Blueprints/ThirdPersonCharacter.uasset'
[2018.01.27-01.13.03:091][761]LogSavePackage: Display: Finished SavePackage ../../../../../Projects/Unreal Projects/GGJ2018/GGJ2018/Content/ThirdPersonBP/Blueprints/ThirdPersonCharacter.uasset
[2018.01.27-01.13.05:014][868]LogSavePackage: Save=109.89ms
[2018.01.27-01.13.05:014][868]LogSavePackage: Moving '../../../../../Projects/Unreal Projects/GGJ2018/GGJ2018/Saved/ThirdPersonCharacter71955F654E3F4394355F36A7AA91419B.tmp' to '../../../../../Projects/Unreal Projects/GGJ2018/GGJ2018/Content/ThirdPersonBP/Blueprints/ThirdPersonCharacter.uasset'
[2018.01.27-01.13.05:017][868]LogSavePackage: Display: Finished SavePackage ../../../../../Projects/Unreal Projects/GGJ2018/GGJ2018/Content/ThirdPersonBP/Blueprints/ThirdPersonCharacter.uasset
[2018.01.27-01.13.12:091][281]LogSavePackage: Save=118.20ms
[2018.01.27-01.13.12:091][281]LogSavePackage: Moving '../../../../../Projects/Unreal Projects/GGJ2018/GGJ2018/Saved/ThirdPersonCharacter5FA87D47436B1183F36B848A53536EC0.tmp' to '../../../../../Projects/Unreal Projects/GGJ2018/GGJ2018/Content/ThirdPersonBP/Blueprints/ThirdPersonCharacter.uasset'
[2018.01.27-01.13.12:094][281]LogSavePackage: Display: Finished SavePackage ../../../../../Projects/Unreal Projects/GGJ2018/GGJ2018/Content/ThirdPersonBP/Blueprints/ThirdPersonCharacter.uasset
[2018.01.27-01.13.12:487][305]BlueprintLog: New page: Compile ThirdPersonCharacter
[2018.01.27-01.13.13:478][324]LogSavePackage: Save=132.85ms
[2018.01.27-01.13.13:478][324]LogSavePackage: Moving '../../../../../Projects/Unreal Projects/GGJ2018/GGJ2018/Saved/ThirdPersonCharacterFBCAD03A4982FB0C2738B5848EF039DB.tmp' to '../../../../../Projects/Unreal Projects/GGJ2018/GGJ2018/Content/ThirdPersonBP/Blueprints/ThirdPersonCharacter.uasset'
[2018.01.27-01.13.13:479][324]LogSavePackage: Display: Finished SavePackage ../../../../../Projects/Unreal Projects/GGJ2018/GGJ2018/Content/ThirdPersonBP/Blueprints/ThirdPersonCharacter.uasset
[2018.01.27-01.13.14:214][349]LogSavePackage: Save=209.42ms
[2018.01.27-01.13.14:214][349]LogSavePackage: Moving '../../../../../Projects/Unreal Projects/GGJ2018/GGJ2018/Saved/ThirdPersonExampleMap04010F95427D337E5257A18B88F4B156.tmp' to '../../../../../Projects/Unreal Projects/GGJ2018/GGJ2018/Content/ThirdPersonBP/Maps/ThirdPersonExampleMap.umap'
[2018.01.27-01.13.14:218][349]LogSavePackage: Display: Finished SavePackage ../../../../../Projects/Unreal Projects/GGJ2018/GGJ2018/Content/ThirdPersonBP/Maps/ThirdPersonExampleMap.umap
[2018.01.27-01.13.14:330][349]LogFileHelpers: Saving map 'ThirdPersonExampleMap' took 0.396
[2018.01.27-01.13.17:706][540]LogSavePackage: Save=124.00ms
[2018.01.27-01.13.17:706][540]LogSavePackage: Moving '../../../../../Projects/Unreal Projects/GGJ2018/GGJ2018/Saved/ThirdPersonCharacter7B3DA76444D6063AB88DFDAC88518042.tmp' to '../../../../../Projects/Unreal Projects/GGJ2018/GGJ2018/Content/ThirdPersonBP/Blueprints/ThirdPersonCharacter.uasset'
[2018.01.27-01.13.17:709][540]LogSavePackage: Display: Finished SavePackage ../../../../../Projects/Unreal Projects/GGJ2018/GGJ2018/Content/ThirdPersonBP/Blueprints/ThirdPersonCharacter.uasset
[2018.01.27-01.13.18:337][578]BlueprintLog: New page: Compile ThirdPersonCharacter
[2018.01.27-01.13.19:331][586]LogSavePackage: Save=276.78ms
[2018.01.27-01.13.19:331][586]LogSavePackage: Moving '../../../../../Projects/Unreal Projects/GGJ2018/GGJ2018/Saved/ThirdPersonExampleMap54F034BD4C1A0B1AD0DF59BA48E81429.tmp' to '../../../../../Projects/Unreal Projects/GGJ2018/GGJ2018/Content/ThirdPersonBP/Maps/ThirdPersonExampleMap.umap'
[2018.01.27-01.13.19:335][586]LogSavePackage: Display: Finished SavePackage ../../../../../Projects/Unreal Projects/GGJ2018/GGJ2018/Content/ThirdPersonBP/Maps/ThirdPersonExampleMap.umap
[2018.01.27-01.13.19:372][586]LogFileHelpers: Saving map 'ThirdPersonExampleMap' took 0.392
[2018.01.27-01.13.20:200][635]LogTemp: Repeating last play command: Selected Viewport
[2018.01.27-01.13.20:294][635]LogBlueprintUserMessages: Early PlayInEditor Detection: Level '/Game/ThirdPersonBP/Maps/ThirdPersonExampleMap.ThirdPersonExampleMap:PersistentLevel' has LevelScriptBlueprint '/Game/ThirdPersonBP/Maps/ThirdPersonExampleMap.ThirdPersonExampleMap:PersistentLevel.ThirdPersonExampleMap' with GeneratedClass '/Game/ThirdPersonBP/Maps/ThirdPersonExampleMap.ThirdPersonExampleMap_C' with ClassGeneratedBy '/Game/ThirdPersonBP/Maps/ThirdPersonExampleMap.ThirdPersonExampleMap:PersistentLevel.ThirdPersonExampleMap'
[2018.01.27-01.13.20:294][635]LogPlayLevel: PlayLevel: No blueprints needed recompiling
[2018.01.27-01.13.20:295][635]PIE: New page: PIE session: ThirdPersonExampleMap (Jan 27, 2018, 7:13:20 AM)
[2018.01.27-01.13.20:295][635]LogPlayLevel: Creating play world package: /Game/ThirdPersonBP/Maps/UEDPIE_0_ThirdPersonExampleMap
[2018.01.27-01.13.20:327][635]LogPlayLevel: PIE: StaticDuplicateObject took: (0.031593s)
[2018.01.27-01.13.20:328][635]LogAIModule: Creating AISystem for world ThirdPersonExampleMap
[2018.01.27-01.13.20:328][635]LogPlayLevel: PIE: World Init took: (0.001463s)
[2018.01.27-01.13.20:329][635]LogPlayLevel: PIE: Created PIE world by copying editor world from /Game/ThirdPersonBP/Maps/ThirdPersonExampleMap.ThirdPersonExampleMap to /Game/ThirdPersonBP/Maps/UEDPIE_0_ThirdPersonExampleMap.ThirdPersonExampleMap (0.033498s)
[2018.01.27-01.13.20:357][635]LogInit: XAudio2 using 'Динамики (Conexant SmartAudio HD)' : 2 channels at 48 kHz using 16 bits per sample (channel mask 0x3)
[2018.01.27-01.13.20:378][635]LogInit: FAudioDevice initialized.
[2018.01.27-01.13.20:455][635]LogLoad: Game class is 'ThirdPersonGameMode_C'
[2018.01.27-01.13.20:459][635]LogPhysics: Warning: Initialising Body : Scale3D is (nearly) zero: Component: '/Game/ThirdPersonBP/Maps/UEDPIE_0_ThirdPersonExampleMap.ThirdPersonExampleMap:PersistentLevel.WeakSpot_Hand_GEN_VARIABLE_A_WeakSpot_C_CAT_178.Sphere' 
[2018.01.27-01.13.20:459][635]LogPhysics: Warning: Initialising Body : Scale3D is (nearly) zero: Component: '/Game/ThirdPersonBP/Maps/UEDPIE_0_ThirdPersonExampleMap.ThirdPersonExampleMap:PersistentLevel.ChildActor_GEN_VARIABLE_A_WeakSpot_C_CAT_176.Sphere' 
[2018.01.27-01.13.20:459][635]LogWorld: Bringing World /Game/ThirdPersonBP/Maps/UEDPIE_0_ThirdPersonExampleMap.ThirdPersonExampleMap up for play (max tick rate 60) at 2018.01.27-04.13.20
[2018.01.27-01.13.20:460][635]LogWorld: Bringing up level for play took: 0.003118
[2018.01.27-01.13.20:503][635]LogContentBrowser: Native class hierarchy updated for 'MovieSceneCapture' in 0.0004 seconds. Added 11 classes and 0 folders.
[2018.01.27-01.13.20:505][635]PIE: Play in editor start time for /Game/ThirdPersonBP/Maps/UEDPIE_0_ThirdPersonExampleMap -0.643
[2018.01.27-01.13.20:506][635]LogBlueprintUserMessages: Late PlayInEditor Detection: Level '/Game/ThirdPersonBP/Maps/ThirdPersonExampleMap.ThirdPersonExampleMap:PersistentLevel' has LevelScriptBlueprint '/Game/ThirdPersonBP/Maps/ThirdPersonExampleMap.ThirdPersonExampleMap:PersistentLevel.ThirdPersonExampleMap' with GeneratedClass '/Game/ThirdPersonBP/Maps/ThirdPersonExampleMap.ThirdPersonExampleMap_C' with ClassGeneratedBy '/Game/ThirdPersonBP/Maps/ThirdPersonExampleMap.ThirdPersonExampleMap:PersistentLevel.ThirdPersonExampleMap'
[2018.01.27-01.13.24:109][848]LogBlueprintUserMessages: Early EndPlayMap Detection: Level '/Game/ThirdPersonBP/Maps/ThirdPersonExampleMap.ThirdPersonExampleMap:PersistentLevel' has LevelScriptBlueprint '/Game/ThirdPersonBP/Maps/ThirdPersonExampleMap.ThirdPersonExampleMap:PersistentLevel.ThirdPersonExampleMap' with GeneratedClass '/Game/ThirdPersonBP/Maps/ThirdPersonExampleMap.ThirdPersonExampleMap_C' with ClassGeneratedBy '/Game/ThirdPersonBP/Maps/ThirdPersonExampleMap.ThirdPersonExampleMap:PersistentLevel.ThirdPersonExampleMap'
[2018.01.27-01.13.24:149][848]LogBlueprintUserMessages: Late EndPlayMap Detection: Level '/Game/ThirdPersonBP/Maps/ThirdPersonExampleMap.ThirdPersonExampleMap:PersistentLevel' has LevelScriptBlueprint '/Game/ThirdPersonBP/Maps/ThirdPersonExampleMap.ThirdPersonExampleMap:PersistentLevel.ThirdPersonExampleMap' with GeneratedClass '/Game/ThirdPersonBP/Maps/ThirdPersonExampleMap.ThirdPersonExampleMap_C' with ClassGeneratedBy '/Game/ThirdPersonBP/Maps/ThirdPersonExampleMap.ThirdPersonExampleMap:PersistentLevel.ThirdPersonExampleMap'
[2018.01.27-01.13.33:129][377]BlueprintLog: New page: Compile ThirdPersonCharacter
[2018.01.27-01.13.34:629][429]LogTemp: Repeating last play command: Selected Viewport
[2018.01.27-01.13.34:776][429]LogBlueprintUserMessages: Early PlayInEditor Detection: Level '/Game/ThirdPersonBP/Maps/ThirdPersonExampleMap.ThirdPersonExampleMap:PersistentLevel' has LevelScriptBlueprint '/Game/ThirdPersonBP/Maps/ThirdPersonExampleMap.ThirdPersonExampleMap:PersistentLevel.ThirdPersonExampleMap' with GeneratedClass '/Game/ThirdPersonBP/Maps/ThirdPersonExampleMap.ThirdPersonExampleMap_C' with ClassGeneratedBy '/Game/ThirdPersonBP/Maps/ThirdPersonExampleMap.ThirdPersonExampleMap:PersistentLevel.ThirdPersonExampleMap'
[2018.01.27-01.13.34:776][429]LogPlayLevel: PlayLevel: No blueprints needed recompiling
[2018.01.27-01.13.34:777][429]PIE: New page: PIE session: ThirdPersonExampleMap (Jan 27, 2018, 7:13:34 AM)
[2018.01.27-01.13.34:777][429]LogPlayLevel: Creating play world package: /Game/ThirdPersonBP/Maps/UEDPIE_0_ThirdPersonExampleMap
[2018.01.27-01.13.34:807][429]LogPlayLevel: PIE: StaticDuplicateObject took: (0.029932s)
[2018.01.27-01.13.34:808][429]LogAIModule: Creating AISystem for world ThirdPersonExampleMap
[2018.01.27-01.13.34:808][429]LogPlayLevel: PIE: World Init took: (0.001263s)
[2018.01.27-01.13.34:808][429]LogPlayLevel: PIE: Created PIE world by copying editor world from /Game/ThirdPersonBP/Maps/ThirdPersonExampleMap.ThirdPersonExampleMap to /Game/ThirdPersonBP/Maps/UEDPIE_0_ThirdPersonExampleMap.ThirdPersonExampleMap (0.031667s)
[2018.01.27-01.13.34:835][429]LogInit: XAudio2 using 'Динамики (Conexant SmartAudio HD)' : 2 channels at 48 kHz using 16 bits per sample (channel mask 0x3)
[2018.01.27-01.13.34:854][429]LogInit: FAudioDevice initialized.
[2018.01.27-01.13.34:888][429]LogLoad: Game class is 'ThirdPersonGameMode_C'
[2018.01.27-01.13.34:890][429]LogPhysics: Warning: Initialising Body : Scale3D is (nearly) zero: Component: '/Game/ThirdPersonBP/Maps/UEDPIE_0_ThirdPersonExampleMap.ThirdPersonExampleMap:PersistentLevel.WeakSpot_Hand_GEN_VARIABLE_A_WeakSpot_C_CAT_178.Sphere' 
[2018.01.27-01.13.34:890][429]LogPhysics: Warning: Initialising Body : Scale3D is (nearly) zero: Component: '/Game/ThirdPersonBP/Maps/UEDPIE_0_ThirdPersonExampleMap.ThirdPersonExampleMap:PersistentLevel.ChildActor_GEN_VARIABLE_A_WeakSpot_C_CAT_176.Sphere' 
[2018.01.27-01.13.34:891][429]LogWorld: Bringing World /Game/ThirdPersonBP/Maps/UEDPIE_0_ThirdPersonExampleMap.ThirdPersonExampleMap up for play (max tick rate 60) at 2018.01.27-04.13.34
[2018.01.27-01.13.34:891][429]LogWorld: Bringing up level for play took: 0.002766
[2018.01.27-01.13.34:893][429]PIE: Play in editor start time for /Game/ThirdPersonBP/Maps/UEDPIE_0_ThirdPersonExampleMap -0.255
[2018.01.27-01.13.34:893][429]LogBlueprintUserMessages: Late PlayInEditor Detection: Level '/Game/ThirdPersonBP/Maps/ThirdPersonExampleMap.ThirdPersonExampleMap:PersistentLevel' has LevelScriptBlueprint '/Game/ThirdPersonBP/Maps/ThirdPersonExampleMap.ThirdPersonExampleMap:PersistentLevel.ThirdPersonExampleMap' with GeneratedClass '/Game/ThirdPersonBP/Maps/ThirdPersonExampleMap.ThirdPersonExampleMap_C' with ClassGeneratedBy '/Game/ThirdPersonBP/Maps/ThirdPersonExampleMap.ThirdPersonExampleMap:PersistentLevel.ThirdPersonExampleMap'
[2018.01.27-01.13.36:046][496]LogBlueprintUserMessages: Early EndPlayMap Detection: Level '/Game/ThirdPersonBP/Maps/ThirdPersonExampleMap.ThirdPersonExampleMap:PersistentLevel' has LevelScriptBlueprint '/Game/ThirdPersonBP/Maps/ThirdPersonExampleMap.ThirdPersonExampleMap:PersistentLevel.ThirdPersonExampleMap' with GeneratedClass '/Game/ThirdPersonBP/Maps/ThirdPersonExampleMap.ThirdPersonExampleMap_C' with ClassGeneratedBy '/Game/ThirdPersonBP/Maps/ThirdPersonExampleMap.ThirdPersonExampleMap:PersistentLevel.ThirdPersonExampleMap'
[2018.01.27-01.13.36:082][496]LogBlueprintUserMessages: Late EndPlayMap Detection: Level '/Game/ThirdPersonBP/Maps/ThirdPersonExampleMap.ThirdPersonExampleMap:PersistentLevel' has LevelScriptBlueprint '/Game/ThirdPersonBP/Maps/ThirdPersonExampleMap.ThirdPersonExampleMap:PersistentLevel.ThirdPersonExampleMap' with GeneratedClass '/Game/ThirdPersonBP/Maps/ThirdPersonExampleMap.ThirdPersonExampleMap_C' with ClassGeneratedBy '/Game/ThirdPersonBP/Maps/ThirdPersonExampleMap.ThirdPersonExampleMap:PersistentLevel.ThirdPersonExampleMap'
[2018.01.27-01.13.38:705][615]LogSavePackage: Save=331.24ms
[2018.01.27-01.13.38:706][615]LogSavePackage: Moving '../../../../../Projects/Unreal Projects/GGJ2018/GGJ2018/Saved/ThirdPersonExampleMapEA1AB549480BB5CCCC426188FBFF1B0F.tmp' to '../../../../../Projects/Unreal Projects/GGJ2018/GGJ2018/Content/ThirdPersonBP/Maps/ThirdPersonExampleMap.umap'
[2018.01.27-01.13.38:712][615]LogSavePackage: Display: Finished SavePackage ../../../../../Projects/Unreal Projects/GGJ2018/GGJ2018/Content/ThirdPersonBP/Maps/ThirdPersonExampleMap.umap
[2018.01.27-01.13.38:758][615]LogFileHelpers: Saving map 'ThirdPersonExampleMap' took 0.476
[2018.01.27-01.13.38:956][615]LogSavePackage: Save=159.24ms
[2018.01.27-01.13.38:956][615]LogSavePackage: Moving '../../../../../Projects/Unreal Projects/GGJ2018/GGJ2018/Saved/ThirdPersonCharacterB3ABA25E4EFEE3C6C7F4A68EA4810241.tmp' to '../../../../../Projects/Unreal Projects/GGJ2018/GGJ2018/Content/ThirdPersonBP/Blueprints/ThirdPersonCharacter.uasset'
[2018.01.27-01.13.38:961][615]LogSavePackage: Display: Finished SavePackage ../../../../../Projects/Unreal Projects/GGJ2018/GGJ2018/Content/ThirdPersonBP/Blueprints/ThirdPersonCharacter.uasset
[2018.01.27-01.14.08:812][350]LogSavePackage: Save=167.50ms
[2018.01.27-01.14.08:812][350]LogSavePackage: Moving '../../../../../Projects/Unreal Projects/GGJ2018/GGJ2018/Saved/ThirdPersonCharacter1E34AC6645EFEB2626FBF4A41019C052.tmp' to '../../../../../Projects/Unreal Projects/GGJ2018/GGJ2018/Content/ThirdPersonBP/Blueprints/ThirdPersonCharacter.uasset'
[2018.01.27-01.14.08:816][350]LogSavePackage: Display: Finished SavePackage ../../../../../Projects/Unreal Projects/GGJ2018/GGJ2018/Content/ThirdPersonBP/Blueprints/ThirdPersonCharacter.uasset
[2018.01.27-01.14.09:128][369]BlueprintLog: New page: Compile ThirdPersonCharacter
[2018.01.27-01.14.10:318][386]LogSavePackage: Save=169.50ms
[2018.01.27-01.14.10:318][386]LogSavePackage: Moving '../../../../../Projects/Unreal Projects/GGJ2018/GGJ2018/Saved/ThirdPersonCharacterD36FC38341BEB8952301CA8C60851CDC.tmp' to '../../../../../Projects/Unreal Projects/GGJ2018/GGJ2018/Content/ThirdPersonBP/Blueprints/ThirdPersonCharacter.uasset'
[2018.01.27-01.14.10:319][386]LogSavePackage: Display: Finished SavePackage ../../../../../Projects/Unreal Projects/GGJ2018/GGJ2018/Content/ThirdPersonBP/Blueprints/ThirdPersonCharacter.uasset
[2018.01.27-01.14.11:249][441]LogTemp: Repeating last play command: Selected Viewport
[2018.01.27-01.14.11:301][441]LogBlueprintUserMessages: Early PlayInEditor Detection: Level '/Game/ThirdPersonBP/Maps/ThirdPersonExampleMap.ThirdPersonExampleMap:PersistentLevel' has LevelScriptBlueprint '/Game/ThirdPersonBP/Maps/ThirdPersonExampleMap.ThirdPersonExampleMap:PersistentLevel.ThirdPersonExampleMap' with GeneratedClass '/Game/ThirdPersonBP/Maps/ThirdPersonExampleMap.ThirdPersonExampleMap_C' with ClassGeneratedBy '/Game/ThirdPersonBP/Maps/ThirdPersonExampleMap.ThirdPersonExampleMap:PersistentLevel.ThirdPersonExampleMap'
[2018.01.27-01.14.11:301][441]LogPlayLevel: PlayLevel: No blueprints needed recompiling
[2018.01.27-01.14.11:301][441]PIE: New page: PIE session: ThirdPersonExampleMap (Jan 27, 2018, 7:14:11 AM)
[2018.01.27-01.14.11:301][441]LogPlayLevel: Creating play world package: /Game/ThirdPersonBP/Maps/UEDPIE_0_ThirdPersonExampleMap
[2018.01.27-01.14.11:331][441]LogPlayLevel: PIE: StaticDuplicateObject took: (0.029472s)
[2018.01.27-01.14.11:332][441]LogAIModule: Creating AISystem for world ThirdPersonExampleMap
[2018.01.27-01.14.11:332][441]LogPlayLevel: PIE: World Init took: (0.001487s)
[2018.01.27-01.14.11:333][441]LogPlayLevel: PIE: Created PIE world by copying editor world from /Game/ThirdPersonBP/Maps/ThirdPersonExampleMap.ThirdPersonExampleMap to /Game/ThirdPersonBP/Maps/UEDPIE_0_ThirdPersonExampleMap.ThirdPersonExampleMap (0.031428s)
[2018.01.27-01.14.11:358][441]LogInit: XAudio2 using 'Динамики (Conexant SmartAudio HD)' : 2 channels at 48 kHz using 16 bits per sample (channel mask 0x3)
[2018.01.27-01.14.11:377][441]LogInit: FAudioDevice initialized.
[2018.01.27-01.14.11:414][441]LogLoad: Game class is 'ThirdPersonGameMode_C'
[2018.01.27-01.14.11:417][441]LogPhysics: Warning: Initialising Body : Scale3D is (nearly) zero: Component: '/Game/ThirdPersonBP/Maps/UEDPIE_0_ThirdPersonExampleMap.ThirdPersonExampleMap:PersistentLevel.WeakSpot_Hand_GEN_VARIABLE_A_WeakSpot_C_CAT_178.Sphere' 
[2018.01.27-01.14.11:417][441]LogPhysics: Warning: Initialising Body : Scale3D is (nearly) zero: Component: '/Game/ThirdPersonBP/Maps/UEDPIE_0_ThirdPersonExampleMap.ThirdPersonExampleMap:PersistentLevel.ChildActor_GEN_VARIABLE_A_WeakSpot_C_CAT_176.Sphere' 
[2018.01.27-01.14.11:417][441]LogWorld: Bringing World /Game/ThirdPersonBP/Maps/UEDPIE_0_ThirdPersonExampleMap.ThirdPersonExampleMap up for play (max tick rate 60) at 2018.01.27-04.14.11
[2018.01.27-01.14.11:418][441]LogWorld: Bringing up level for play took: 0.002922
[2018.01.27-01.14.11:420][441]PIE: Play in editor start time for /Game/ThirdPersonBP/Maps/UEDPIE_0_ThirdPersonExampleMap 0.272
[2018.01.27-01.14.11:420][441]LogBlueprintUserMessages: Late PlayInEditor Detection: Level '/Game/ThirdPersonBP/Maps/ThirdPersonExampleMap.ThirdPersonExampleMap:PersistentLevel' has LevelScriptBlueprint '/Game/ThirdPersonBP/Maps/ThirdPersonExampleMap.ThirdPersonExampleMap:PersistentLevel.ThirdPersonExampleMap' with GeneratedClass '/Game/ThirdPersonBP/Maps/ThirdPersonExampleMap.ThirdPersonExampleMap_C' with ClassGeneratedBy '/Game/ThirdPersonBP/Maps/ThirdPersonExampleMap.ThirdPersonExampleMap:PersistentLevel.ThirdPersonExampleMap'
[2018.01.27-01.14.18:090][838]LogBlueprintUserMessages: Early EndPlayMap Detection: Level '/Game/ThirdPersonBP/Maps/ThirdPersonExampleMap.ThirdPersonExampleMap:PersistentLevel' has LevelScriptBlueprint '/Game/ThirdPersonBP/Maps/ThirdPersonExampleMap.ThirdPersonExampleMap:PersistentLevel.ThirdPersonExampleMap' with GeneratedClass '/Game/ThirdPersonBP/Maps/ThirdPersonExampleMap.ThirdPersonExampleMap_C' with ClassGeneratedBy '/Game/ThirdPersonBP/Maps/ThirdPersonExampleMap.ThirdPersonExampleMap:PersistentLevel.ThirdPersonExampleMap'
[2018.01.27-01.14.18:127][838]LogBlueprintUserMessages: Late EndPlayMap Detection: Level '/Game/ThirdPersonBP/Maps/ThirdPersonExampleMap.ThirdPersonExampleMap:PersistentLevel' has LevelScriptBlueprint '/Game/ThirdPersonBP/Maps/ThirdPersonExampleMap.ThirdPersonExampleMap:PersistentLevel.ThirdPersonExampleMap' with GeneratedClass '/Game/ThirdPersonBP/Maps/ThirdPersonExampleMap.ThirdPersonExampleMap_C' with ClassGeneratedBy '/Game/ThirdPersonBP/Maps/ThirdPersonExampleMap.ThirdPersonExampleMap:PersistentLevel.ThirdPersonExampleMap'
[2018.01.27-01.14.36:847][915]BlueprintLog: New page: Compile ThirdPersonCharacter
[2018.01.27-01.14.38:004][933]LogSavePackage: Save=168.62ms
[2018.01.27-01.14.38:006][933]LogSavePackage: Moving '../../../../../Projects/Unreal Projects/GGJ2018/GGJ2018/Saved/ThirdPersonCharacterC8CB9A774159922BCBA9AD96930FDA5F.tmp' to '../../../../../Projects/Unreal Projects/GGJ2018/GGJ2018/Content/ThirdPersonBP/Blueprints/ThirdPersonCharacter.uasset'
[2018.01.27-01.14.38:010][933]LogSavePackage: Display: Finished SavePackage ../../../../../Projects/Unreal Projects/GGJ2018/GGJ2018/Content/ThirdPersonBP/Blueprints/ThirdPersonCharacter.uasset
[2018.01.27-01.14.38:793][950]LogSavePackage: Save=361.11ms
[2018.01.27-01.14.38:793][950]LogSavePackage: Moving '../../../../../Projects/Unreal Projects/GGJ2018/GGJ2018/Saved/ThirdPersonExampleMap57D17E424DB7391662FE9799CCDF2476.tmp' to '../../../../../Projects/Unreal Projects/GGJ2018/GGJ2018/Content/ThirdPersonBP/Maps/ThirdPersonExampleMap.umap'
[2018.01.27-01.14.38:798][950]LogSavePackage: Display: Finished SavePackage ../../../../../Projects/Unreal Projects/GGJ2018/GGJ2018/Content/ThirdPersonBP/Maps/ThirdPersonExampleMap.umap
[2018.01.27-01.14.38:851][950]LogFileHelpers: Saving map 'ThirdPersonExampleMap' took 0.508
[2018.01.27-01.14.39:789][  6]LogTemp: Repeating last play command: Selected Viewport
[2018.01.27-01.14.39:840][  6]LogBlueprintUserMessages: Early PlayInEditor Detection: Level '/Game/ThirdPersonBP/Maps/ThirdPersonExampleMap.ThirdPersonExampleMap:PersistentLevel' has LevelScriptBlueprint '/Game/ThirdPersonBP/Maps/ThirdPersonExampleMap.ThirdPersonExampleMap:PersistentLevel.ThirdPersonExampleMap' with GeneratedClass '/Game/ThirdPersonBP/Maps/ThirdPersonExampleMap.ThirdPersonExampleMap_C' with ClassGeneratedBy '/Game/ThirdPersonBP/Maps/ThirdPersonExampleMap.ThirdPersonExampleMap:PersistentLevel.ThirdPersonExampleMap'
[2018.01.27-01.14.39:840][  6]LogPlayLevel: PlayLevel: No blueprints needed recompiling
[2018.01.27-01.14.39:840][  6]PIE: New page: PIE session: ThirdPersonExampleMap (Jan 27, 2018, 7:14:39 AM)
[2018.01.27-01.14.39:840][  6]LogPlayLevel: Creating play world package: /Game/ThirdPersonBP/Maps/UEDPIE_0_ThirdPersonExampleMap
[2018.01.27-01.14.39:862][  6]LogPlayLevel: PIE: StaticDuplicateObject took: (0.021675s)
[2018.01.27-01.14.39:863][  6]LogAIModule: Creating AISystem for world ThirdPersonExampleMap
[2018.01.27-01.14.39:863][  6]LogPlayLevel: PIE: World Init took: (0.000975s)
[2018.01.27-01.14.39:863][  6]LogPlayLevel: PIE: Created PIE world by copying editor world from /Game/ThirdPersonBP/Maps/ThirdPersonExampleMap.ThirdPersonExampleMap to /Game/ThirdPersonBP/Maps/UEDPIE_0_ThirdPersonExampleMap.ThirdPersonExampleMap (0.022995s)
[2018.01.27-01.14.39:889][  6]LogInit: XAudio2 using 'Динамики (Conexant SmartAudio HD)' : 2 channels at 48 kHz using 16 bits per sample (channel mask 0x3)
[2018.01.27-01.14.39:908][  6]LogInit: FAudioDevice initialized.
[2018.01.27-01.14.39:944][  6]LogLoad: Game class is 'ThirdPersonGameMode_C'
[2018.01.27-01.14.39:947][  6]LogPhysics: Warning: Initialising Body : Scale3D is (nearly) zero: Component: '/Game/ThirdPersonBP/Maps/UEDPIE_0_ThirdPersonExampleMap.ThirdPersonExampleMap:PersistentLevel.WeakSpot_Hand_GEN_VARIABLE_A_WeakSpot_C_CAT_178.Sphere' 
[2018.01.27-01.14.39:947][  6]LogPhysics: Warning: Initialising Body : Scale3D is (nearly) zero: Component: '/Game/ThirdPersonBP/Maps/UEDPIE_0_ThirdPersonExampleMap.ThirdPersonExampleMap:PersistentLevel.ChildActor_GEN_VARIABLE_A_WeakSpot_C_CAT_176.Sphere' 
[2018.01.27-01.14.39:947][  6]LogWorld: Bringing World /Game/ThirdPersonBP/Maps/UEDPIE_0_ThirdPersonExampleMap.ThirdPersonExampleMap up for play (max tick rate 60) at 2018.01.27-04.14.39
[2018.01.27-01.14.39:948][  6]LogWorld: Bringing up level for play took: 0.002849
[2018.01.27-01.14.39:950][  6]PIE: Play in editor start time for /Game/ThirdPersonBP/Maps/UEDPIE_0_ThirdPersonExampleMap 0.802
[2018.01.27-01.14.39:951][  6]LogBlueprintUserMessages: Late PlayInEditor Detection: Level '/Game/ThirdPersonBP/Maps/ThirdPersonExampleMap.ThirdPersonExampleMap:PersistentLevel' has LevelScriptBlueprint '/Game/ThirdPersonBP/Maps/ThirdPersonExampleMap.ThirdPersonExampleMap:PersistentLevel.ThirdPersonExampleMap' with GeneratedClass '/Game/ThirdPersonBP/Maps/ThirdPersonExampleMap.ThirdPersonExampleMap_C' with ClassGeneratedBy '/Game/ThirdPersonBP/Maps/ThirdPersonExampleMap.ThirdPersonExampleMap:PersistentLevel.ThirdPersonExampleMap'
[2018.01.27-01.16.00:008][805]LogBlueprintUserMessages: Early EndPlayMap Detection: Level '/Game/ThirdPersonBP/Maps/ThirdPersonExampleMap.ThirdPersonExampleMap:PersistentLevel' has LevelScriptBlueprint '/Game/ThirdPersonBP/Maps/ThirdPersonExampleMap.ThirdPersonExampleMap:PersistentLevel.ThirdPersonExampleMap' with GeneratedClass '/Game/ThirdPersonBP/Maps/ThirdPersonExampleMap.ThirdPersonExampleMap_C' with ClassGeneratedBy '/Game/ThirdPersonBP/Maps/ThirdPersonExampleMap.ThirdPersonExampleMap:PersistentLevel.ThirdPersonExampleMap'
[2018.01.27-01.16.00:047][805]LogBlueprintUserMessages: Late EndPlayMap Detection: Level '/Game/ThirdPersonBP/Maps/ThirdPersonExampleMap.ThirdPersonExampleMap:PersistentLevel' has LevelScriptBlueprint '/Game/ThirdPersonBP/Maps/ThirdPersonExampleMap.ThirdPersonExampleMap:PersistentLevel.ThirdPersonExampleMap' with GeneratedClass '/Game/ThirdPersonBP/Maps/ThirdPersonExampleMap.ThirdPersonExampleMap_C' with ClassGeneratedBy '/Game/ThirdPersonBP/Maps/ThirdPersonExampleMap.ThirdPersonExampleMap:PersistentLevel.ThirdPersonExampleMap'
[2018.01.27-01.17.15:430][996]BlueprintLog: New page: Compile ThirdPersonCharacter
[2018.01.27-01.17.16:612][996]LogSavePackage: Save=171.70ms
[2018.01.27-01.17.16:612][996]LogSavePackage: Moving '../../../../../Projects/Unreal Projects/GGJ2018/GGJ2018/Saved/ThirdPersonCharacterE30AD7C54C19AE5C890008B688106DF1.tmp' to '../../../../../Projects/Unreal Projects/GGJ2018/GGJ2018/Content/ThirdPersonBP/Blueprints/ThirdPersonCharacter.uasset'
[2018.01.27-01.17.16:616][996]LogSavePackage: Display: Finished SavePackage ../../../../../Projects/Unreal Projects/GGJ2018/GGJ2018/Content/ThirdPersonBP/Blueprints/ThirdPersonCharacter.uasset
[2018.01.27-01.17.17:216][ 20]LogSavePackage: Save=160.29ms
[2018.01.27-01.17.17:216][ 20]LogSavePackage: Moving '../../../../../Projects/Unreal Projects/GGJ2018/GGJ2018/Saved/ThirdPersonCharacterBF6E9C1F47443534192E39A6196B036A.tmp' to '../../../../../Projects/Unreal Projects/GGJ2018/GGJ2018/Content/ThirdPersonBP/Blueprints/ThirdPersonCharacter.uasset'
[2018.01.27-01.17.17:218][ 20]LogSavePackage: Display: Finished SavePackage ../../../../../Projects/Unreal Projects/GGJ2018/GGJ2018/Content/ThirdPersonBP/Blueprints/ThirdPersonCharacter.uasset
[2018.01.27-01.17.18:144][ 75]LogTemp: Repeating last play command: Selected Viewport
[2018.01.27-01.17.18:196][ 75]LogBlueprintUserMessages: Early PlayInEditor Detection: Level '/Game/ThirdPersonBP/Maps/ThirdPersonExampleMap.ThirdPersonExampleMap:PersistentLevel' has LevelScriptBlueprint '/Game/ThirdPersonBP/Maps/ThirdPersonExampleMap.ThirdPersonExampleMap:PersistentLevel.ThirdPersonExampleMap' with GeneratedClass '/Game/ThirdPersonBP/Maps/ThirdPersonExampleMap.ThirdPersonExampleMap_C' with ClassGeneratedBy '/Game/ThirdPersonBP/Maps/ThirdPersonExampleMap.ThirdPersonExampleMap:PersistentLevel.ThirdPersonExampleMap'
[2018.01.27-01.17.18:196][ 75]LogPlayLevel: PlayLevel: No blueprints needed recompiling
[2018.01.27-01.17.18:196][ 75]PIE: New page: PIE session: ThirdPersonExampleMap (Jan 27, 2018, 7:17:18 AM)
[2018.01.27-01.17.18:197][ 75]LogPlayLevel: Creating play world package: /Game/ThirdPersonBP/Maps/UEDPIE_0_ThirdPersonExampleMap
[2018.01.27-01.17.18:229][ 75]LogPlayLevel: PIE: StaticDuplicateObject took: (0.032428s)
[2018.01.27-01.17.18:230][ 75]LogAIModule: Creating AISystem for world ThirdPersonExampleMap
[2018.01.27-01.17.18:230][ 75]LogPlayLevel: PIE: World Init took: (0.001063s)
[2018.01.27-01.17.18:230][ 75]LogPlayLevel: PIE: Created PIE world by copying editor world from /Game/ThirdPersonBP/Maps/ThirdPersonExampleMap.ThirdPersonExampleMap to /Game/ThirdPersonBP/Maps/UEDPIE_0_ThirdPersonExampleMap.ThirdPersonExampleMap (0.033871s)
[2018.01.27-01.17.18:257][ 75]LogInit: XAudio2 using 'Динамики (Conexant SmartAudio HD)' : 2 channels at 48 kHz using 16 bits per sample (channel mask 0x3)
[2018.01.27-01.17.18:276][ 75]LogInit: FAudioDevice initialized.
[2018.01.27-01.17.18:313][ 75]LogLoad: Game class is 'ThirdPersonGameMode_C'
[2018.01.27-01.17.18:315][ 75]LogPhysics: Warning: Initialising Body : Scale3D is (nearly) zero: Component: '/Game/ThirdPersonBP/Maps/UEDPIE_0_ThirdPersonExampleMap.ThirdPersonExampleMap:PersistentLevel.WeakSpot_Hand_GEN_VARIABLE_A_WeakSpot_C_CAT_178.Sphere' 
[2018.01.27-01.17.18:315][ 75]LogPhysics: Warning: Initialising Body : Scale3D is (nearly) zero: Component: '/Game/ThirdPersonBP/Maps/UEDPIE_0_ThirdPersonExampleMap.ThirdPersonExampleMap:PersistentLevel.ChildActor_GEN_VARIABLE_A_WeakSpot_C_CAT_176.Sphere' 
[2018.01.27-01.17.18:316][ 75]LogWorld: Bringing World /Game/ThirdPersonBP/Maps/UEDPIE_0_ThirdPersonExampleMap.ThirdPersonExampleMap up for play (max tick rate 60) at 2018.01.27-04.17.18
[2018.01.27-01.17.18:316][ 75]LogWorld: Bringing up level for play took: 0.002844
[2018.01.27-01.17.18:318][ 75]PIE: Play in editor start time for /Game/ThirdPersonBP/Maps/UEDPIE_0_ThirdPersonExampleMap -0.83
[2018.01.27-01.17.18:319][ 75]LogBlueprintUserMessages: Late PlayInEditor Detection: Level '/Game/ThirdPersonBP/Maps/ThirdPersonExampleMap.ThirdPersonExampleMap:PersistentLevel' has LevelScriptBlueprint '/Game/ThirdPersonBP/Maps/ThirdPersonExampleMap.ThirdPersonExampleMap:PersistentLevel.ThirdPersonExampleMap' with GeneratedClass '/Game/ThirdPersonBP/Maps/ThirdPersonExampleMap.ThirdPersonExampleMap_C' with ClassGeneratedBy '/Game/ThirdPersonBP/Maps/ThirdPersonExampleMap.ThirdPersonExampleMap:PersistentLevel.ThirdPersonExampleMap'
[2018.01.27-01.17.23:755][398]LogBlueprintUserMessages: Early EndPlayMap Detection: Level '/Game/ThirdPersonBP/Maps/ThirdPersonExampleMap.ThirdPersonExampleMap:PersistentLevel' has LevelScriptBlueprint '/Game/ThirdPersonBP/Maps/ThirdPersonExampleMap.ThirdPersonExampleMap:PersistentLevel.ThirdPersonExampleMap' with GeneratedClass '/Game/ThirdPersonBP/Maps/ThirdPersonExampleMap.ThirdPersonExampleMap_C' with ClassGeneratedBy '/Game/ThirdPersonBP/Maps/ThirdPersonExampleMap.ThirdPersonExampleMap:PersistentLevel.ThirdPersonExampleMap'
[2018.01.27-01.17.23:792][398]LogBlueprintUserMessages: Late EndPlayMap Detection: Level '/Game/ThirdPersonBP/Maps/ThirdPersonExampleMap.ThirdPersonExampleMap:PersistentLevel' has LevelScriptBlueprint '/Game/ThirdPersonBP/Maps/ThirdPersonExampleMap.ThirdPersonExampleMap:PersistentLevel.ThirdPersonExampleMap' with GeneratedClass '/Game/ThirdPersonBP/Maps/ThirdPersonExampleMap.ThirdPersonExampleMap_C' with ClassGeneratedBy '/Game/ThirdPersonBP/Maps/ThirdPersonExampleMap.ThirdPersonExampleMap:PersistentLevel.ThirdPersonExampleMap'
[2018.01.27-01.17.24:801][422]LogSavePackage: Save=317.23ms
[2018.01.27-01.17.24:801][422]LogSavePackage: Moving '../../../../../Projects/Unreal Projects/GGJ2018/GGJ2018/Saved/ThirdPersonExampleMap9A25082A45ED49574FF41296591BEC80.tmp' to '../../../../../Projects/Unreal Projects/GGJ2018/GGJ2018/Content/ThirdPersonBP/Maps/ThirdPersonExampleMap.umap'
[2018.01.27-01.17.24:805][422]LogSavePackage: Display: Finished SavePackage ../../../../../Projects/Unreal Projects/GGJ2018/GGJ2018/Content/ThirdPersonBP/Maps/ThirdPersonExampleMap.umap
[2018.01.27-01.17.24:855][422]LogFileHelpers: Saving map 'ThirdPersonExampleMap' took 0.588
[2018.01.27-01.17.29:604][679]BlueprintLog: New page: Compile ThirdPersonCharacter
[2018.01.27-01.17.30:725][690]LogSavePackage: Save=166.77ms
[2018.01.27-01.17.30:727][690]LogSavePackage: Moving '../../../../../Projects/Unreal Projects/GGJ2018/GGJ2018/Saved/ThirdPersonCharacterC53487D943635E23682AFCAD9E8CCD59.tmp' to '../../../../../Projects/Unreal Projects/GGJ2018/GGJ2018/Content/ThirdPersonBP/Blueprints/ThirdPersonCharacter.uasset'
[2018.01.27-01.17.30:731][690]LogSavePackage: Display: Finished SavePackage ../../../../../Projects/Unreal Projects/GGJ2018/GGJ2018/Content/ThirdPersonBP/Blueprints/ThirdPersonCharacter.uasset
[2018.01.27-01.17.31:470][708]LogSavePackage: Save=317.42ms
[2018.01.27-01.17.31:470][708]LogSavePackage: Moving '../../../../../Projects/Unreal Projects/GGJ2018/GGJ2018/Saved/ThirdPersonExampleMap3D6E01F8485A0F428DD678935CFB66A6.tmp' to '../../../../../Projects/Unreal Projects/GGJ2018/GGJ2018/Content/ThirdPersonBP/Maps/ThirdPersonExampleMap.umap'
[2018.01.27-01.17.31:474][708]LogSavePackage: Display: Finished SavePackage ../../../../../Projects/Unreal Projects/GGJ2018/GGJ2018/Content/ThirdPersonBP/Maps/ThirdPersonExampleMap.umap
[2018.01.27-01.17.31:523][708]LogFileHelpers: Saving map 'ThirdPersonExampleMap' took 0.458
[2018.01.27-01.17.32:543][764]LogTemp: Repeating last play command: Selected Viewport
[2018.01.27-01.17.32:597][764]LogBlueprintUserMessages: Early PlayInEditor Detection: Level '/Game/ThirdPersonBP/Maps/ThirdPersonExampleMap.ThirdPersonExampleMap:PersistentLevel' has LevelScriptBlueprint '/Game/ThirdPersonBP/Maps/ThirdPersonExampleMap.ThirdPersonExampleMap:PersistentLevel.ThirdPersonExampleMap' with GeneratedClass '/Game/ThirdPersonBP/Maps/ThirdPersonExampleMap.ThirdPersonExampleMap_C' with ClassGeneratedBy '/Game/ThirdPersonBP/Maps/ThirdPersonExampleMap.ThirdPersonExampleMap:PersistentLevel.ThirdPersonExampleMap'
[2018.01.27-01.17.32:597][764]LogPlayLevel: PlayLevel: No blueprints needed recompiling
[2018.01.27-01.17.32:597][764]PIE: New page: PIE session: ThirdPersonExampleMap (Jan 27, 2018, 7:17:32 AM)
[2018.01.27-01.17.32:597][764]LogPlayLevel: Creating play world package: /Game/ThirdPersonBP/Maps/UEDPIE_0_ThirdPersonExampleMap
[2018.01.27-01.17.32:629][764]LogPlayLevel: PIE: StaticDuplicateObject took: (0.031357s)
[2018.01.27-01.17.32:630][764]LogAIModule: Creating AISystem for world ThirdPersonExampleMap
[2018.01.27-01.17.32:630][764]LogPlayLevel: PIE: World Init took: (0.001238s)
[2018.01.27-01.17.32:630][764]LogPlayLevel: PIE: Created PIE world by copying editor world from /Game/ThirdPersonBP/Maps/ThirdPersonExampleMap.ThirdPersonExampleMap to /Game/ThirdPersonBP/Maps/UEDPIE_0_ThirdPersonExampleMap.ThirdPersonExampleMap (0.033069s)
[2018.01.27-01.17.32:663][764]LogInit: XAudio2 using 'Динамики (Conexant SmartAudio HD)' : 2 channels at 48 kHz using 16 bits per sample (channel mask 0x3)
[2018.01.27-01.17.32:682][764]LogInit: FAudioDevice initialized.
[2018.01.27-01.17.32:712][764]LogLoad: Game class is 'ThirdPersonGameMode_C'
[2018.01.27-01.17.32:715][764]LogPhysics: Warning: Initialising Body : Scale3D is (nearly) zero: Component: '/Game/ThirdPersonBP/Maps/UEDPIE_0_ThirdPersonExampleMap.ThirdPersonExampleMap:PersistentLevel.WeakSpot_Hand_GEN_VARIABLE_A_WeakSpot_C_CAT_178.Sphere' 
[2018.01.27-01.17.32:715][764]LogPhysics: Warning: Initialising Body : Scale3D is (nearly) zero: Component: '/Game/ThirdPersonBP/Maps/UEDPIE_0_ThirdPersonExampleMap.ThirdPersonExampleMap:PersistentLevel.ChildActor_GEN_VARIABLE_A_WeakSpot_C_CAT_176.Sphere' 
[2018.01.27-01.17.32:715][764]LogWorld: Bringing World /Game/ThirdPersonBP/Maps/UEDPIE_0_ThirdPersonExampleMap.ThirdPersonExampleMap up for play (max tick rate 60) at 2018.01.27-04.17.32
[2018.01.27-01.17.32:716][764]LogWorld: Bringing up level for play took: 0.002817
[2018.01.27-01.17.32:718][764]PIE: Play in editor start time for /Game/ThirdPersonBP/Maps/UEDPIE_0_ThirdPersonExampleMap -0.43
[2018.01.27-01.17.32:718][764]LogBlueprintUserMessages: Late PlayInEditor Detection: Level '/Game/ThirdPersonBP/Maps/ThirdPersonExampleMap.ThirdPersonExampleMap:PersistentLevel' has LevelScriptBlueprint '/Game/ThirdPersonBP/Maps/ThirdPersonExampleMap.ThirdPersonExampleMap:PersistentLevel.ThirdPersonExampleMap' with GeneratedClass '/Game/ThirdPersonBP/Maps/ThirdPersonExampleMap.ThirdPersonExampleMap_C' with ClassGeneratedBy '/Game/ThirdPersonBP/Maps/ThirdPersonExampleMap.ThirdPersonExampleMap:PersistentLevel.ThirdPersonExampleMap'
[2018.01.27-01.18.29:483][166]LogBlueprintUserMessages: Early EndPlayMap Detection: Level '/Game/ThirdPersonBP/Maps/ThirdPersonExampleMap.ThirdPersonExampleMap:PersistentLevel' has LevelScriptBlueprint '/Game/ThirdPersonBP/Maps/ThirdPersonExampleMap.ThirdPersonExampleMap:PersistentLevel.ThirdPersonExampleMap' with GeneratedClass '/Game/ThirdPersonBP/Maps/ThirdPersonExampleMap.ThirdPersonExampleMap_C' with ClassGeneratedBy '/Game/ThirdPersonBP/Maps/ThirdPersonExampleMap.ThirdPersonExampleMap:PersistentLevel.ThirdPersonExampleMap'
[2018.01.27-01.18.29:525][166]LogBlueprintUserMessages: Late EndPlayMap Detection: Level '/Game/ThirdPersonBP/Maps/ThirdPersonExampleMap.ThirdPersonExampleMap:PersistentLevel' has LevelScriptBlueprint '/Game/ThirdPersonBP/Maps/ThirdPersonExampleMap.ThirdPersonExampleMap:PersistentLevel.ThirdPersonExampleMap' with GeneratedClass '/Game/ThirdPersonBP/Maps/ThirdPersonExampleMap.ThirdPersonExampleMap_C' with ClassGeneratedBy '/Game/ThirdPersonBP/Maps/ThirdPersonExampleMap.ThirdPersonExampleMap:PersistentLevel.ThirdPersonExampleMap'
[2018.01.27-01.18.36:340][457]Cmd: OBJ SAVEPACKAGE PACKAGE="/Game/JAM/UI/HUDWidget" FILE="../../../../../Projects/Unreal Projects/GGJ2018/GGJ2018/Content/JAM/UI/HUDWidget.uasset" SILENT=true
[2018.01.27-01.18.36:526][457]LogSavePackage: Save=69.41ms
[2018.01.27-01.18.36:526][457]LogSavePackage: Moving '../../../../../Projects/Unreal Projects/GGJ2018/GGJ2018/Saved/HUDWidget00F555524B1F234B56258AA25D919E71.tmp' to '../../../../../Projects/Unreal Projects/GGJ2018/GGJ2018/Content/JAM/UI/HUDWidget.uasset'
[2018.01.27-01.18.36:530][457]LogSavePackage: Display: Finished SavePackage ../../../../../Projects/Unreal Projects/GGJ2018/GGJ2018/Content/JAM/UI/HUDWidget.uasset
[2018.01.27-01.18.37:004][482]BlueprintLog: New page: Compile HUDWidget
[2018.01.27-01.18.37:601][511]Cmd: OBJ SAVEPACKAGE PACKAGE="/Game/JAM/UI/HUDWidget" FILE="../../../../../Projects/Unreal Projects/GGJ2018/GGJ2018/Content/JAM/UI/HUDWidget.uasset" SILENT=true
[2018.01.27-01.18.37:710][511]LogSavePackage: Save=102.45ms
[2018.01.27-01.18.37:710][511]LogSavePackage: Moving '../../../../../Projects/Unreal Projects/GGJ2018/GGJ2018/Saved/HUDWidgetC6932FFB4CACEFD004B03DAC0663EC99.tmp' to '../../../../../Projects/Unreal Projects/GGJ2018/GGJ2018/Content/JAM/UI/HUDWidget.uasset'
[2018.01.27-01.18.37:711][511]LogSavePackage: Display: Finished SavePackage ../../../../../Projects/Unreal Projects/GGJ2018/GGJ2018/Content/JAM/UI/HUDWidget.uasset
[2018.01.27-01.19.03:729][ 20]LogD3D11RHI: Error: Result failed 
 at D:\Build\++UE4+Release-4.18+Compile\Sync\Engine\Source\Runtime\Windows\D3D11RHI\Private\D3D11Viewport.cpp:289 
 with error DXGI_ERROR_DEVICE_REMOVED DXGI_ERROR_DRIVER_INTERNAL_ERROR
[2018.01.27-01.19.03:729][ 20]LogWindows: Windows GetLastError: Операция успешно завершена. (0)
[2018.01.27-01.19.04:449][ 20]LogWindows: Windows GetLastError: Операция успешно завершена. (0)
[2018.01.27-01.19.04:449][ 20]LogWindows: Error: === Critical error: ===
[2018.01.27-01.19.04:449][ 20]LogWindows: Error: 
[2018.01.27-01.19.04:449][ 20]LogWindows: Error: Fatal error: [File:D:\Build\++UE4+Release-4.18+Compile\Sync\Engine\Source\Runtime\RenderCore\Private\RenderingThread.cpp] [Line: 813] 
[2018.01.27-01.19.04:449][ 20]LogWindows: Error: Rendering thread exception:
[2018.01.27-01.19.04:449][ 20]LogWindows: Error: Fatal error: [File:D:\Build\++UE4+Release-4.18+Compile\Sync\Engine\Source\Runtime\Windows\D3D11RHI\Private\D3D11Util.cpp] [Line: 182] 
[2018.01.27-01.19.04:449][ 20]LogWindows: Error: Unreal Engine is exiting due to D3D device being lost. (Error: 0x887A0020 - 'INTERNAL_ERROR')
[2018.01.27-01.19.04:449][ 20]LogWindows: Error: 
[2018.01.27-01.19.04:449][ 20]LogWindows: Error: 
[2018.01.27-01.19.04:449][ 20]LogWindows: Error: [Callstack] 0x00000000AFEE9D98 KERNELBASE.dll!UnknownFunction []
[2018.01.27-01.19.04:449][ 20]LogWindows: Error: [Callstack] 0x00000000A18276D4 UE4Editor-ApplicationCore.dll!UnknownFunction []
[2018.01.27-01.19.04:449][ 20]LogWindows: Error: [Callstack] 0x000000007D78330B UE4Editor-Core.dll!UnknownFunction []
[2018.01.27-01.19.04:450][ 20]LogWindows: Error: [Callstack] 0x000000007D7147F9 UE4Editor-Core.dll!UnknownFunction []
[2018.01.27-01.19.04:450][ 20]LogWindows: Error: [Callstack] 0x00000000624579FF UE4Editor-D3D11RHI.dll!UnknownFunction []
[2018.01.27-01.19.04:450][ 20]LogWindows: Error: [Callstack] 0x000000006245BBC0 UE4Editor-D3D11RHI.dll!UnknownFunction []
[2018.01.27-01.19.04:450][ 20]LogWindows: Error: [Callstack] 0x000000006243B3FA UE4Editor-D3D11RHI.dll!UnknownFunction []
[2018.01.27-01.19.04:450][ 20]LogWindows: Error: [Callstack] 0x000000006243B35E UE4Editor-D3D11RHI.dll!UnknownFunction []
[2018.01.27-01.19.04:450][ 20]LogWindows: Error: [Callstack] 0x00000000624483E8 UE4Editor-D3D11RHI.dll!UnknownFunction []
[2018.01.27-01.19.04:450][ 20]LogWindows: Error: [Callstack] 0x000000009E36E4F7 UE4Editor-RHI.dll!UnknownFunction []
[2018.01.27-01.19.04:450][ 20]LogWindows: Error: [Callstack] 0x0000000062220B45 UE4Editor-SlateRHIRenderer.dll!UnknownFunction []
[2018.01.27-01.19.04:450][ 20]LogWindows: Error: [Callstack] 0x00000000622260A9 UE4Editor-SlateRHIRenderer.dll!UnknownFunction []
[2018.01.27-01.19.04:450][ 20]LogWindows: Error: [Callstack] 0x000000007D5E4845 UE4Editor-Core.dll!UnknownFunction []
[2018.01.27-01.19.04:450][ 20]LogWindows: Error: [Callstack] 0x000000007D5E4E2A UE4Editor-Core.dll!UnknownFunction []
[2018.01.27-01.19.04:450][ 20]LogWindows: Error: [Callstack] 0x00000000A18A22C4 UE4Editor-RenderCore.dll!UnknownFunction []
[2018.01.27-01.19.04:450][ 20]LogWindows: Error: [Callstack] 0x00000000A18A32F6 UE4Editor-RenderCore.dll!UnknownFunction []
[2018.01.27-01.19.04:450][ 20]LogWindows: Error: [Callstack] 0x000000007D98092C UE4Editor-Core.dll!UnknownFunction []
[2018.01.27-01.19.04:450][ 20]LogWindows: Error: [Callstack] 0x000000007D972563 UE4Editor-Core.dll!UnknownFunction []
[2018.01.27-01.19.04:450][ 20]LogWindows: Error: [Callstack] 0x00000000B3492774 KERNEL32.DLL!UnknownFunction []
[2018.01.27-01.19.04:450][ 20]LogWindows: Error: [Callstack] 0x00000000B35D0D51 ntdll.dll!UnknownFunction []
[2018.01.27-01.19.04:450][ 20]LogWindows: Error: [Callstack] 0x00000000B35D0D51 ntdll.dll!UnknownFunction []
[2018.01.27-01.19.04:450][ 20]LogWindows: Error: 
[2018.01.27-01.19.04:450][ 20]LogWindows: Error: 
[2018.01.27-01.19.04:450][ 20]LogWindows: Error: 
[2018.01.27-01.19.04:450][ 20]LogWindows: Error: 
[2018.01.27-01.19.04:466][ 20]LogExit: Executing StaticShutdownAfterError
[2018.01.27-01.19.04:470][ 20]LogWindows: FPlatformMisc::RequestExit(1)
[2018.01.27-01.19.04:470][ 20]Log file closed, 01/27/18 04:19:04
