Log file open, 01/28/18 15:54:24
LogWindows: Failed to load 'aqProf.dll' (GetLastError=126)
LogWindows: File 'aqProf.dll' does not exist
LogWindows: Failed to load 'VSPerf140.dll' (GetLastError=126)
LogWindows: File 'VSPerf140.dll' does not exist
LogWindows: Failed to load 'VtuneApi.dll' (GetLastError=126)
LogWindows: File 'VtuneApi.dll' does not exist
LogWindows: Failed to load 'VtuneApi32e.dll' (GetLastError=126)
LogWindows: File 'VtuneApi32e.dll' does not exist
LogInit: Display: Running engine for game: GGJ2018
LogPlatformFile: Not using cached read wrapper
LogInit: Display: RandInit(-1884081915) SRandInit(-1884081915).
LogInit: Read version file with build ID '3709383'
LogInit: Overriding engine version to CL 3832480, compatible CL 3709383
LogInit: Registered custom module enumerator with build ID '3709383'
LogTaskGraph: Started task graph with 5 named threads and 14 total threads with 3 sets of task threads.
LogStats: Stats thread started at 0.174011
LogD3D11RHI: Aftermath initialized
LogModuleManager: Display: Found up-to-date module file ../../../Engine/Plugins/2D/Paper2D/Binaries/Win64/UE4Editor-Paper2D.dll (API version 3709383).
LogModuleManager: Display: Found up-to-date module file ../../../Engine/Plugins/2D/Paper2D/Binaries/Win64/UE4Editor-Paper2DEditor.dll (API version 3709383).
LogModuleManager: Display: Found up-to-date module file ../../../Engine/Plugins/2D/Paper2D/Binaries/Win64/UE4Editor-PaperSpriteSheetImporter.dll (API version 3709383).
LogModuleManager: Display: Found up-to-date module file ../../../Engine/Plugins/2D/Paper2D/Binaries/Win64/UE4Editor-PaperTiledImporter.dll (API version 3709383).
LogModuleManager: Display: Found up-to-date module file ../../../Engine/Plugins/2D/Paper2D/Binaries/Win64/UE4Editor-SmartSnapping.dll (API version 3709383).
LogModuleManager: Display: Found up-to-date module file ../../../Engine/Plugins/Blendables/LightPropagationVolume/Binaries/Win64/UE4Editor-LightPropagationVolumeRuntime.dll (API version 3709383).
LogModuleManager: Display: Found up-to-date module file ../../../Engine/Plugins/Blendables/LightPropagationVolume/Binaries/Win64/UE4Editor-LightPropagationVolumeEditor.dll (API version 3709383).
LogModuleManager: Display: Found up-to-date module file ../../../Engine/Plugins/Developer/GitSourceControl/Binaries/Win64/UE4Editor-GitSourceControl.dll (API version 3709383).
LogModuleManager: Display: Found up-to-date module file ../../../Engine/Plugins/Developer/PerforceSourceControl/Binaries/Win64/UE4Editor-PerforceSourceControl.dll (API version 3709383).
LogModuleManager: Display: Found up-to-date module file ../../../Engine/Plugins/Developer/SubversionSourceControl/Binaries/Win64/UE4Editor-SubversionSourceControl.dll (API version 3709383).
LogModuleManager: Display: Found up-to-date module file ../../../Engine/Plugins/Developer/UObjectPlugin/Binaries/Win64/UE4Editor-UObjectPlugin.dll (API version 3709383).
LogModuleManager: Display: Found up-to-date module file ../../../Engine/Plugins/Developer/VisualStudioCodeSourceCodeAccess/Binaries/Win64/UE4Editor-VisualStudioCodeSourceCodeAccess.dll (API version 3709383).
LogModuleManager: Display: Found up-to-date module file ../../../Engine/Plugins/Developer/VisualStudioSourceCodeAccess/Binaries/Win64/UE4Editor-VisualStudioSourceCodeAccess.dll (API version 3709383).
LogModuleManager: Display: Found up-to-date module file ../../../Engine/Plugins/Editor/AssetManagerEditor/Binaries/Win64/UE4Editor-AssetManagerEditor.dll (API version 3709383).
LogModuleManager: Display: Found up-to-date module file ../../../Engine/Plugins/Editor/AudioCapture/Binaries/Win64/UE4Editor-AudioCapture.dll (API version 3709383).
LogModuleManager: Display: Found up-to-date module file ../../../Engine/Plugins/Editor/FacialAnimation/Binaries/Win64/UE4Editor-FacialAnimation.dll (API version 3709383).
LogModuleManager: Display: Found up-to-date module file ../../../Engine/Plugins/Editor/FacialAnimation/Binaries/Win64/UE4Editor-FacialAnimationEditor.dll (API version 3709383).
LogModuleManager: Display: Found up-to-date module file ../../../Engine/Plugins/Editor/GameplayTagsEditor/Binaries/Win64/UE4Editor-GameplayTagsEditor.dll (API version 3709383).
LogModuleManager: Display: Found up-to-date module file ../../../Engine/Plugins/Editor/MobileLauncherProfileWizard/Binaries/Win64/UE4Editor-MobileLauncherProfileWizard.dll (API version 3709383).
LogModuleManager: Display: Found up-to-date module file ../../../Engine/Plugins/Editor/PluginBrowser/Binaries/Win64/UE4Editor-PluginBrowser.dll (API version 3709383).
LogModuleManager: Display: Found up-to-date module file ../../../Engine/Plugins/Editor/SpeedTreeImporter/Binaries/Win64/UE4Editor-SpeedTreeImporter.dll (API version 3709383).
LogModuleManager: Display: Found up-to-date module file ../../../Engine/Plugins/Experimental/AlembicImporter/Binaries/Win64/UE4Editor-AlembicImporter.dll (API version 3709383).
LogModuleManager: Display: Found up-to-date module file ../../../Engine/Plugins/Experimental/AlembicImporter/Binaries/Win64/UE4Editor-AlembicLibrary.dll (API version 3709383).
LogModuleManager: Display: Found up-to-date module file ../../../Engine/Plugins/Experimental/CharacterAI/Binaries/Win64/UE4Editor-CharacterAI.dll (API version 3709383).
LogModuleManager: Display: Found up-to-date module file ../../../Engine/Plugins/Experimental/HTML5Networking/Binaries/Win64/UE4Editor-HTML5Networking.dll (API version 3709383).
LogModuleManager: Display: Found up-to-date module file ../../../Engine/Plugins/Media/AndroidMedia/Binaries/Win64/UE4Editor-AndroidMediaEditor.dll (API version 3709383).
LogModuleManager: Display: Found up-to-date module file ../../../Engine/Plugins/Media/AndroidMedia/Binaries/Win64/UE4Editor-AndroidMediaFactory.dll (API version 3709383).
LogModuleManager: Display: Found up-to-date module file ../../../Engine/Plugins/Media/AvfMedia/Binaries/Win64/UE4Editor-AvfMediaEditor.dll (API version 3709383).
LogModuleManager: Display: Found up-to-date module file ../../../Engine/Plugins/Media/AvfMedia/Binaries/Win64/UE4Editor-AvfMediaFactory.dll (API version 3709383).
LogModuleManager: Display: Found up-to-date module file ../../../Engine/Plugins/Media/AvfMedia/Binaries/Win64/UE4Editor-AvfMediaFactory.dll (API version 3709383).
LogModuleManager: Display: Found up-to-date module file ../../../Engine/Plugins/Media/ImgMedia/Binaries/Win64/UE4Editor-ImgMedia.dll (API version 3709383).
LogModuleManager: Display: Found up-to-date module file ../../../Engine/Plugins/Media/ImgMedia/Binaries/Win64/UE4Editor-ImgMediaEditor.dll (API version 3709383).
LogModuleManager: Display: Found up-to-date module file ../../../Engine/Plugins/Media/ImgMedia/Binaries/Win64/UE4Editor-ImgMediaFactory.dll (API version 3709383).
LogModuleManager: Display: Found up-to-date module file ../../../Engine/Plugins/Media/ImgMedia/Binaries/Win64/UE4Editor-ImgMediaFactory.dll (API version 3709383).
LogModuleManager: Display: Found up-to-date module file ../../../Engine/Plugins/Media/ImgMedia/Binaries/Win64/UE4Editor-OpenExrWrapper.dll (API version 3709383).
LogModuleManager: Display: Found up-to-date module file ../../../Engine/Plugins/Media/MediaCompositing/Binaries/Win64/UE4Editor-MediaCompositing.dll (API version 3709383).
LogModuleManager: Display: Found up-to-date module file ../../../Engine/Plugins/Media/MediaCompositing/Binaries/Win64/UE4Editor-MediaCompositingEditor.dll (API version 3709383).
LogModuleManager: Display: Found up-to-date module file ../../../Engine/Plugins/Media/MediaPlayerEditor/Binaries/Win64/UE4Editor-MediaPlayerEditor.dll (API version 3709383).
LogModuleManager: Display: Found up-to-date module file ../../../Engine/Plugins/Media/WmfMedia/Binaries/Win64/UE4Editor-WmfMedia.dll (API version 3709383).
LogModuleManager: Display: Found up-to-date module file ../../../Engine/Plugins/Media/WmfMedia/Binaries/Win64/UE4Editor-WmfMediaEditor.dll (API version 3709383).
LogModuleManager: Display: Found up-to-date module file ../../../Engine/Plugins/Media/WmfMedia/Binaries/Win64/UE4Editor-WmfMediaFactory.dll (API version 3709383).
LogModuleManager: Display: Found up-to-date module file ../../../Engine/Plugins/Media/WmfMedia/Binaries/Win64/UE4Editor-WmfMediaFactory.dll (API version 3709383).
LogModuleManager: Display: Found up-to-date module file ../../../Engine/Plugins/Messaging/TcpMessaging/Binaries/Win64/UE4Editor-TcpMessaging.dll (API version 3709383).
LogModuleManager: Display: Found up-to-date module file ../../../Engine/Plugins/Messaging/UdpMessaging/Binaries/Win64/UE4Editor-UdpMessaging.dll (API version 3709383).
LogModuleManager: Display: Found up-to-date module file ../../../Engine/Plugins/MovieScene/ActorSequence/Binaries/Win64/UE4Editor-ActorSequence.dll (API version 3709383).
LogModuleManager: Display: Found up-to-date module file ../../../Engine/Plugins/MovieScene/LevelSequenceEditor/Binaries/Win64/UE4Editor-LevelSequenceEditor.dll (API version 3709383).
LogModuleManager: Display: Found up-to-date module file ../../../Engine/Plugins/MovieScene/MatineeToLevelSequence/Binaries/Win64/UE4Editor-MatineeToLevelSequence.dll (API version 3709383).
LogModuleManager: Display: Found up-to-date module file ../../../Engine/Plugins/Online/OnlineSubsystem/Binaries/Win64/UE4Editor-OnlineSubsystem.dll (API version 3709383).
LogModuleManager: Display: Found up-to-date module file ../../../Engine/Plugins/Runtime/AndroidPermission/Binaries/Win64/UE4Editor-AndroidPermission.dll (API version 3709383).
LogModuleManager: Display: Found up-to-date module file ../../../Engine/Plugins/Online/OnlineSubsystemNull/Binaries/Win64/UE4Editor-OnlineSubsystemNull.dll (API version 3709383).
LogModuleManager: Display: Found up-to-date module file ../../../Engine/Plugins/Online/OnlineSubsystemUtils/Binaries/Win64/UE4Editor-OnlineSubsystemUtils.dll (API version 3709383).
LogModuleManager: Display: Found up-to-date module file ../../../Engine/Plugins/Online/OnlineSubsystemUtils/Binaries/Win64/UE4Editor-OnlineBlueprintSupport.dll (API version 3709383).
LogModuleManager: Display: Found up-to-date module file ../../../Engine/Plugins/Runtime/AndroidDeviceProfileSelector/Binaries/Win64/UE4Editor-AndroidDeviceProfileSelector.dll (API version 3709383).
LogModuleManager: Display: Found up-to-date module file ../../../Engine/Plugins/Runtime/AppleARKit/Binaries/Win64/UE4Editor-AppleARKit.dll (API version 3709383).
LogModuleManager: Display: Found up-to-date module file ../../../Engine/Plugins/Runtime/ArchVisCharacter/Binaries/Win64/UE4Editor-ArchVisCharacter.dll (API version 3709383).
LogModuleManager: Display: Found up-to-date module file ../../../Engine/Plugins/Runtime/CableComponent/Binaries/Win64/UE4Editor-CableComponent.dll (API version 3709383).
LogModuleManager: Display: Found up-to-date module file ../../../Engine/Plugins/Runtime/CustomMeshComponent/Binaries/Win64/UE4Editor-CustomMeshComponent.dll (API version 3709383).
LogModuleManager: Display: Found up-to-date module file ../../../Engine/Plugins/Runtime/ExampleDeviceProfileSelector/Binaries/Win64/UE4Editor-ExampleDeviceProfileSelector.dll (API version 3709383).
LogModuleManager: Display: Found up-to-date module file ../../../Engine/Plugins/Runtime/ImmediatePhysics/Binaries/Win64/UE4Editor-ImmediatePhysics.dll (API version 3709383).
LogModuleManager: Display: Found up-to-date module file ../../../Engine/Plugins/Runtime/ImmediatePhysics/Binaries/Win64/UE4Editor-ImmediatePhysicsEditor.dll (API version 3709383).
LogModuleManager: Display: Found up-to-date module file ../../../Engine/Plugins/Runtime/LocationServicesBPLibrary/Binaries/Win64/UE4Editor-LocationServicesBPLibrary.dll (API version 3709383).
LogModuleManager: Display: Found up-to-date module file ../../../Engine/Plugins/Runtime/MobilePatchingUtils/Binaries/Win64/UE4Editor-MobilePatchingUtils.dll (API version 3709383).
LogModuleManager: Display: Found up-to-date module file ../../../Engine/Plugins/Runtime/Oculus/OculusVR/Binaries/Win64/UE4Editor-OculusHMD.dll (API version 3709383).
LogModuleManager: Display: Found up-to-date module file ../../../Engine/Plugins/Runtime/Oculus/OculusVR/Binaries/Win64/UE4Editor-OculusInput.dll (API version 3709383).
LogModuleManager: Display: Found up-to-date module file ../../../Engine/Plugins/Runtime/Oculus/OculusVR/Binaries/Win64/UE4Editor-OculusEditor.dll (API version 3709383).
LogModuleManager: Display: Found up-to-date module file ../../../Engine/Plugins/Runtime/PhysXVehicles/Binaries/Win64/UE4Editor-PhysXVehicles.dll (API version 3709383).
LogModuleManager: Display: Found up-to-date module file ../../../Engine/Plugins/Runtime/PhysXVehicles/Binaries/Win64/UE4Editor-PhysXVehiclesEditor.dll (API version 3709383).
LogModuleManager: Display: Found up-to-date module file ../../../Engine/Plugins/Runtime/ProceduralMeshComponent/Binaries/Win64/UE4Editor-ProceduralMeshComponent.dll (API version 3709383).
LogModuleManager: Display: Found up-to-date module file ../../../Engine/Plugins/Runtime/ProceduralMeshComponent/Binaries/Win64/UE4Editor-ProceduralMeshComponentEditor.dll (API version 3709383).
LogModuleManager: Display: Found up-to-date module file ../../../Engine/Plugins/Runtime/RuntimePhysXCooking/Binaries/Win64/UE4Editor-RuntimePhysXCooking.dll (API version 3709383).
LogModuleManager: Display: Found up-to-date module file ../../../Engine/Plugins/Runtime/Steam/SteamVR/Binaries/Win64/UE4Editor-SteamVR.dll (API version 3709383).
LogModuleManager: Display: Found up-to-date module file ../../../Engine/Plugins/Runtime/Steam/SteamVR/Binaries/Win64/UE4Editor-SteamVRController.dll (API version 3709383).
LogModuleManager: Display: Found up-to-date module file ../../../Engine/Plugins/Runtime/WindowsMoviePlayer/Binaries/Win64/UE4Editor-WindowsMoviePlayer.dll (API version 3709383).
LogPluginManager: Mounting plugin Paper2D
LogPluginManager: Mounting plugin LightPropagationVolume
LogPluginManager: Mounting plugin CodeLiteSourceCodeAccess
LogPluginManager: Mounting plugin GitSourceControl
LogPluginManager: Mounting plugin KDevelopSourceCodeAccess
LogPluginManager: Mounting plugin NullSourceCodeAccess
LogPluginManager: Mounting plugin PerforceSourceControl
LogPluginManager: Mounting plugin SubversionSourceControl
LogPluginManager: Mounting plugin UObjectPlugin
LogPluginManager: Mounting plugin VisualStudioCodeSourceCodeAccess
LogPluginManager: Mounting plugin VisualStudioSourceCodeAccess
LogPluginManager: Mounting plugin XCodeSourceCodeAccess
LogPluginManager: Mounting plugin AssetManagerEditor
LogPluginManager: Mounting plugin AudioCapture
LogPluginManager: Mounting plugin FacialAnimation
LogPluginManager: Mounting plugin GameplayTagsEditor
LogPluginManager: Mounting plugin MobileLauncherProfileWizard
LogPluginManager: Mounting plugin PluginBrowser
LogPluginManager: Mounting plugin SpeedTreeImporter
LogPluginManager: Mounting plugin AlembicImporter
LogPluginManager: Mounting plugin CharacterAI
LogPluginManager: Mounting plugin HTML5Networking
LogPluginManager: Mounting plugin AndroidMedia
LogPluginManager: Mounting plugin AvfMedia
LogPluginManager: Mounting plugin ImgMedia
LogPluginManager: Mounting plugin MediaCompositing
LogPluginManager: Mounting plugin MediaPlayerEditor
LogPluginManager: Mounting plugin WmfMedia
LogPluginManager: Mounting plugin TcpMessaging
LogPluginManager: Mounting plugin UdpMessaging
LogPluginManager: Mounting plugin ActorSequence
LogPluginManager: Mounting plugin LevelSequenceEditor
LogPluginManager: Mounting plugin MatineeToLevelSequence
LogPluginManager: Mounting plugin OnlineSubsystemGooglePlay
LogPluginManager: Mounting plugin OnlineSubsystemIOS
LogPluginManager: Mounting plugin OnlineSubsystem
LogPluginManager: Mounting plugin OnlineSubsystemNull
LogPluginManager: Mounting plugin OnlineSubsystemUtils
LogPluginManager: Mounting plugin AndroidDeviceProfileSelector
LogPluginManager: Mounting plugin AndroidMoviePlayer
LogPluginManager: Mounting plugin AndroidPermission
LogPluginManager: Mounting plugin AppleARKit
LogPluginManager: Mounting plugin AppleMoviePlayer
LogPluginManager: Mounting plugin ArchVisCharacter
LogPluginManager: Mounting plugin CableComponent
LogPluginManager: Mounting plugin CustomMeshComponent
LogPluginManager: Mounting plugin ExampleDeviceProfileSelector
LogPluginManager: Mounting plugin GoogleCloudMessaging
LogPluginManager: Mounting plugin ImmediatePhysics
LogPluginManager: Mounting plugin IOSDeviceProfileSelector
LogPluginManager: Mounting plugin LinuxDeviceProfileSelector
LogPluginManager: Mounting plugin LocationServicesBPLibrary
LogPluginManager: Mounting plugin MobilePatchingUtils
LogPluginManager: Mounting plugin OculusVR
LogPluginManager: Plugin shader directory ../../../Engine/Plugins/Runtime/Oculus/OculusVR/Shaders found
LogPluginManager: Mapping shader source directory ../../../Engine/Plugins/Runtime/Oculus/OculusVR/Shaders to virtual directory /Plugin/OculusVR
LogPluginManager: Mounting plugin PhysXVehicles
LogPluginManager: Mounting plugin ProceduralMeshComponent
LogPluginManager: Mounting plugin RuntimePhysXCooking
LogPluginManager: Mounting plugin SteamVR
LogPluginManager: Mounting plugin WindowsMoviePlayer
LogInit: Using libcurl 7.47.1
LogInit:  - built for x86_64-pc-win32
LogInit:  - supports SSL with OpenSSL/1.0.2g
LogInit:  - supports HTTP deflate (compression) using libz 1.2.8
LogInit:  - other features:
LogInit:      CURL_VERSION_SSL
LogInit:      CURL_VERSION_LIBZ
LogInit:      CURL_VERSION_IPV6
LogInit:      CURL_VERSION_ASYNCHDNS
LogInit:      CURL_VERSION_LARGEFILE
LogInit:      CURL_VERSION_IDN
LogInit:  CurlRequestOptions (configurable via config and command line):
LogInit:  - bVerifyPeer = false  - Libcurl will NOT verify peer certificate
LogInit:  - bUseHttpProxy = false  - Libcurl will NOT use HTTP proxy
LogInit:  - bDontReuseConnections = false  - Libcurl will reuse connections
LogInit:  - CertBundlePath = nullptr  - Libcurl will use whatever was configured at build time.
LogInit: Build: ++UE4+Release-4.18-CL-3832480
LogInit: Engine Version: 4.18.3-3832480+++UE4+Release-4.18
LogInit: Compatible Engine Version: 4.18.0-3709383+++UE4+Release-4.18
LogInit: Net CL: 3709383
LogDevObjectVersion: Number of dev versions registered: 16
LogDevObjectVersion:   Dev-Blueprints (B0D832E4-1F89-4F0D-ACCF-7EB736FD4AA2): 10
LogDevObjectVersion:   Dev-Build (E1C64328-A22C-4D53-A36C-8E866417BD8C): 0
LogDevObjectVersion:   Dev-Core (375EC13C-06E4-48FB-B500-84F0262A717E): 2
LogDevObjectVersion:   Dev-Editor (E4B068ED-F494-42E9-A231-DA0B2E46BB41): 20
LogDevObjectVersion:   Dev-Framework (CFFC743F-43B0-4480-9391-14DF171D2073): 30
LogDevObjectVersion:   Dev-Mobile (B02B49B5-BB20-44E9-A304-32B752E40360): 0
LogDevObjectVersion:   Dev-Networking (A4E4105C-59A1-49B5-A7C5-40C4547EDFEE): 0
LogDevObjectVersion:   Dev-Online (39C831C9-5AE6-47DC-9A44-9C173E1C8E7C): 0
LogDevObjectVersion:   Dev-Physics (78F01B33-EBEA-4F98-B9B4-84EACCB95AA2): 0
LogDevObjectVersion:   Dev-Platform (6631380F-2D4D-43E0-8009-CF276956A95A): 0
LogDevObjectVersion:   Dev-Rendering (12F88B9F-8875-4AFC-A67C-D90C383ABD29): 20
LogDevObjectVersion:   Dev-Sequencer (7B5AE74C-D270-4C10-A958-57980B212A5A): 4
LogDevObjectVersion:   Dev-VR (D7296918-1DD6-4BDD-9DE2-64A83CC13884): 0
LogDevObjectVersion:   Dev-LoadTimes (C2A15278-BFE7-4AFE-6C17-90FF531DF755): 1
LogDevObjectVersion:   Private-Geometry (6EACA3D4-40EC-4CC1-B786-8BED09428FC5): 1
LogDevObjectVersion:   Dev-AnimPhys (29E575DD-E0A3-4627-9D10-D276232CDCEA): 12
LogInit: Compiled (64-bit): Jan 12 2018 02:04:55
LogInit: Compiled with Visual C++: 19.00.24215.01
LogInit: Build Configuration: Development
LogInit: Branch Name: ++UE4+Release-4.18
LogInit: Command line: 
LogInit: Base directory: D:/Epic Games/UE_4.18/Engine/Binaries/Win64/
LogInit: Installed Engine Build: 1
LogInit: Presizing for max 8388607 objects, including 0 objects not considered by GC, pre-allocating 0 bytes for permanent pool.
LogInit: Object subsystem initialized
[2018.01.28-12.54.25:211][  0]LogInit: Selected Device Profile: [Windows]
[2018.01.28-12.54.25:211][  0]LogInit: Applying CVar settings loaded from the selected device profile: [Windows]
[2018.01.28-12.54.25:225][  0]LogInit: Computer: DESKTOP-R47TH6J
[2018.01.28-12.54.25:225][  0]LogInit: User: Wheatley
[2018.01.28-12.54.25:225][  0]LogInit: CPU Page size=4096, Cores=4
[2018.01.28-12.54.25:225][  0]LogInit: High frequency timer resolution =2.338347 MHz
[2018.01.28-12.54.25:225][  0]LogMemory: Memory total: Physical=7.9GB (8GB approx)
[2018.01.28-12.54.25:225][  0]LogMemory: Platform Memory Stats for Windows
[2018.01.28-12.54.25:225][  0]LogMemory: Process Physical Memory: 274.53 MB used, 274.53 MB peak
[2018.01.28-12.54.25:225][  0]LogMemory: Process Virtual Memory: 273.84 MB used, 273.84 MB peak
[2018.01.28-12.54.25:225][  0]LogMemory: Physical Memory: 4493.69 MB used,  3614.67 MB free, 8108.36 MB total
[2018.01.28-12.54.25:225][  0]LogMemory: Virtual Memory: 648.07 MB used,  3614.67 MB free, 134217728.00 MB total
[2018.01.28-12.54.25:386][  0]LogInit: Using OS detected language (ru-RU).
[2018.01.28-12.54.25:386][  0]LogInit: Using OS detected locale (ru-RU).
[2018.01.28-12.54.25:389][  0]LogTextLocalizationManager: No localization for 'ru-RU' exists, so 'en' will be used for the language.
[2018.01.28-12.54.25:389][  0]LogTextLocalizationManager: No localization for 'ru-RU' exists, so 'en' will be used for the locale.
[2018.01.28-12.54.25:810][  0]LogInit: Setting process to per monitor DPI aware
[2018.01.28-12.54.26:104][  0]LogD3D11RHI: D3D11 adapters:
[2018.01.28-12.54.26:121][  0]LogD3D11RHI:    0. 'AMD Radeon R7 M265 Series' (Feature Level 11_0)
[2018.01.28-12.54.26:121][  0]LogD3D11RHI:       2028/0/4054 MB DedicatedVideo/DedicatedSystem/SharedSystem, Outputs:1, VendorId:0x1002
[2018.01.28-12.54.26:126][  0]LogD3D11RHI:    1. 'Intel(R) HD Graphics 4600' (Feature Level 11_0)
[2018.01.28-12.54.26:126][  0]LogD3D11RHI:       112/0/2048 MB DedicatedVideo/DedicatedSystem/SharedSystem, Outputs:0, VendorId:0x8086
[2018.01.28-12.54.26:127][  0]LogD3D11RHI:    2. 'Microsoft Basic Render Driver' (Feature Level 11_0)
[2018.01.28-12.54.26:127][  0]LogD3D11RHI:       0/0/4054 MB DedicatedVideo/DedicatedSystem/SharedSystem, Outputs:0, VendorId:0x1414
[2018.01.28-12.54.26:127][  0]LogD3D11RHI: Chosen D3D11 Adapter: 0
[2018.01.28-12.54.26:134][  0]LogD3D11RHI: Creating new Direct3DDevice
[2018.01.28-12.54.26:134][  0]LogD3D11RHI:     GPU DeviceId: 0x6604 (for the marketing name, search the web for "GPU Device Id")
[2018.01.28-12.54.26:134][  0]LogWindows: EnumDisplayDevices:
[2018.01.28-12.54.26:134][  0]LogWindows:    0. 'Intel(R) HD Graphics 4600' (P:1 D:1)
[2018.01.28-12.54.26:134][  0]LogWindows:    1. 'Intel(R) HD Graphics 4600' (P:0 D:0)
[2018.01.28-12.54.26:134][  0]LogWindows:    2. 'Intel(R) HD Graphics 4600' (P:0 D:0)
[2018.01.28-12.54.26:134][  0]LogWindows:    3. 'AMD Radeon R7 M265 Series' (P:0 D:0)
[2018.01.28-12.54.26:135][  0]LogWindows:    4. 'AMD Radeon R7 M265 Series' (P:0 D:0)
[2018.01.28-12.54.26:135][  0]LogWindows:    5. 'AMD Radeon R7 M265 Series' (P:0 D:0)
[2018.01.28-12.54.26:135][  0]LogWindows:    6. 'AMD Radeon R7 M265 Series' (P:0 D:0)
[2018.01.28-12.54.26:135][  0]LogWindows:    7. 'AMD Radeon R7 M265 Series' (P:0 D:0)
[2018.01.28-12.54.26:135][  0]LogWindows:    8. 'AMD Radeon R7 M265 Series' (P:0 D:0)
[2018.01.28-12.54.26:136][  0]LogWindows:    9. 'AMD Radeon R7 M265 Series' (P:0 D:0)
[2018.01.28-12.54.26:136][  0]LogWindows:    10. 'AMD Radeon R7 M265 Series' (P:0 D:0)
[2018.01.28-12.54.26:136][  0]LogWindows:    11. 'AMD Radeon R7 M265 Series' (P:0 D:0)
[2018.01.28-12.54.26:137][  0]LogWindows:    12. 'AMD Radeon R7 M265 Series' (P:0 D:0)
[2018.01.28-12.54.26:137][  0]LogWindows:    13. 'AMD Radeon R7 M265 Series' (P:0 D:0)
[2018.01.28-12.54.26:137][  0]LogWindows:    14. 'AMD Radeon R7 M265 Series' (P:0 D:0)
[2018.01.28-12.54.26:137][  0]LogWindows:    15. 'AMD Radeon R7 M265 Series' (P:0 D:0)
[2018.01.28-12.54.26:137][  0]LogWindows:    16. 'AMD Radeon R7 M265 Series' (P:0 D:0)
[2018.01.28-12.54.26:138][  0]LogWindows:    17. 'AMD Radeon R7 M265 Series' (P:0 D:0)
[2018.01.28-12.54.26:138][  0]LogWindows:    18. 'AMD Radeon R7 M265 Series' (P:0 D:0)
[2018.01.28-12.54.26:138][  0]LogWindows: DebugString: PrimaryIsNotTheChoosenAdapter PrimaryIsNotTheChoosenAdapter PrimaryIsNotTheChoosenAdapter FoundDriverCount:16 
[2018.01.28-12.54.26:138][  0]LogD3D11RHI:     Adapter Name: AMD Radeon R7 M265 Series
[2018.01.28-12.54.26:138][  0]LogD3D11RHI:   Driver Version: Crimson ReLive 17.11.1 (internal:23.20.788.0, unified:23.20.788.0)
[2018.01.28-12.54.26:138][  0]LogD3D11RHI:      Driver Date: 11-2-2017
[2018.01.28-12.54.26:138][  0]LogRHI: Texture pool is 1419 MB (70% of 2028 MB)
[2018.01.28-12.54.26:168][  0]LogD3D11RHI: Async texture creation enabled
[2018.01.28-12.54.26:179][  0]LogD3D11RHI: GPU Timing Frequency: 27.000000 (Debug: 2 1)
[2018.01.28-12.54.26:179][  0]LogShaderCompilers: Guid format shader working directory is -7 characters bigger than the processId version (../../../../../Projects/Unreal Projects/GGJ2018/GGJ2018/Intermediate/Shaders/WorkingDirectory/14060/).
[2018.01.28-12.54.26:179][  0]LogShaderCompilers: Cleaned the shader compiler working directory 'C:/Users/Wheatley/AppData/Local/Temp/UnrealShaderWorkingDir/C5A7CFF9486078815BC165B22D7E7D84/'.
[2018.01.28-12.54.26:179][  0]LogShaderCompilers: Display: Using Local Shader Compiler.
[2018.01.28-12.54.27:082][  0]LogTemp: Display: Loaded TP AllDesktopTargetPlatform
[2018.01.28-12.54.27:125][  0]LogTemp: Display: Loaded TP MacClientTargetPlatform
[2018.01.28-12.54.27:169][  0]LogTemp: Display: Loaded TP MacNoEditorTargetPlatform
[2018.01.28-12.54.27:212][  0]LogTemp: Display: Loaded TP MacServerTargetPlatform
[2018.01.28-12.54.27:256][  0]LogTemp: Display: Loaded TP MacTargetPlatform
[2018.01.28-12.54.27:299][  0]LogTemp: Display: Loaded TP WindowsClientTargetPlatform
[2018.01.28-12.54.27:342][  0]LogTemp: Display: Loaded TP WindowsNoEditorTargetPlatform
[2018.01.28-12.54.27:386][  0]LogTemp: Display: Loaded TP WindowsServerTargetPlatform
[2018.01.28-12.54.27:420][  0]LogTemp: Display: Loaded TP WindowsTargetPlatform
[2018.01.28-12.54.27:463][  0]LogTemp: Display: Loaded TP Android_ASTCTargetPlatform
[2018.01.28-12.54.27:504][  0]LogTemp: Display: Loaded TP Android_ATCTargetPlatform
[2018.01.28-12.54.27:546][  0]LogTemp: Display: Loaded TP Android_DXTTargetPlatform
[2018.01.28-12.54.27:588][  0]LogTemp: Display: Loaded TP Android_ETC1TargetPlatform
[2018.01.28-12.54.27:630][  0]LogTemp: Display: Loaded TP Android_ETC2TargetPlatform
[2018.01.28-12.54.27:713][  0]LogTemp: Display: Loaded TP Android_MultiTargetPlatform
[2018.01.28-12.54.27:713][  0]LogTemp: Display: Loaded TP Android_PVRTCTargetPlatform
[2018.01.28-12.54.27:756][  0]LogTemp: Display: Loaded TP AndroidTargetPlatform
[2018.01.28-12.54.27:786][  0]LogTemp: Display: Loaded TP HTML5TargetPlatform
[2018.01.28-12.54.27:863][  0]LogTemp: Display: Loaded TP IOSTargetPlatform
[2018.01.28-12.54.27:887][  0]LogTemp: Display: Loaded TP TVOSTargetPlatform
[2018.01.28-12.54.27:928][  0]LogTemp: Display: Loaded TP LinuxClientTargetPlatform
[2018.01.28-12.54.27:969][  0]LogTemp: Display: Loaded TP LinuxNoEditorTargetPlatform
[2018.01.28-12.54.28:010][  0]LogTemp: Display: Loaded TP LinuxServerTargetPlatform
[2018.01.28-12.54.28:052][  0]LogTemp: Display: Loaded TP LinuxTargetPlatform
[2018.01.28-12.54.28:052][  0]LogTargetPlatformManager: Display: Building Assets For Windows
[2018.01.28-12.54.28:416][  0]LogDerivedDataCache: Display: Max Cache Size: 512 MB
[2018.01.28-12.54.28:511][  0]LogDerivedDataCache: Loaded boot cache 0.09s 78MB C:/Users/Wheatley/AppData/Local/UnrealEngine/4.18/DerivedDataCache/Boot.ddc.
[2018.01.28-12.54.28:511][  0]LogDerivedDataCache: Display: Loaded Boot cache: C:/Users/Wheatley/AppData/Local/UnrealEngine/4.18/DerivedDataCache/Boot.ddc
[2018.01.28-12.54.28:511][  0]LogDerivedDataCache: FDerivedDataBackendGraph:  Pak pak cache file ../../../../../Projects/Unreal Projects/GGJ2018/GGJ2018/DerivedDataCache/DDC.ddp not found, will not use a pak cache.
[2018.01.28-12.54.28:511][  0]LogDerivedDataCache: Unable to find inner node Pak for hierarchical cache Hierarchy.
[2018.01.28-12.54.28:511][  0]LogDerivedDataCache: FDerivedDataBackendGraph:  CompressedPak pak cache file ../../../../../Projects/Unreal Projects/GGJ2018/GGJ2018/DerivedDataCache/Compressed.ddp not found, will not use a pak cache.
[2018.01.28-12.54.28:511][  0]LogDerivedDataCache: Unable to find inner node CompressedPak for hierarchical cache Hierarchy.
[2018.01.28-12.54.28:528][  0]LogDerivedDataCache: Display: Pak cache opened for reading ../../../Engine/DerivedDataCache/Compressed.ddp.
[2018.01.28-12.54.28:540][  0]LogDerivedDataCache: Using Local data cache path C:/Users/Wheatley/AppData/Local/UnrealEngine/Common/DerivedDataCache: Writable
[2018.01.28-12.54.28:551][  0]LogMaterial: Verifying Global Shaders for PCD3D_SM5
[2018.01.28-12.54.28:551][  0]LogSlate: Using Freetype 2.6.0
[2018.01.28-12.54.28:552][  0]LogSlate: SlateFontCache - WITH_FREETYPE: 1, WITH_HARFBUZZ: 1
[2018.01.28-12.54.28:552][  0]LogSlate: SlateFontCache - WITH_FREETYPE: 1, WITH_HARFBUZZ: 1
[2018.01.28-12.54.28:923][  0]LogInit: Selected Device Profile: [Windows]
[2018.01.28-12.54.29:209][  0]LogSimplygon: Simplygon DLL not present - disabling.
[2018.01.28-12.54.29:240][  0]LogMeshReduction: Using SimplygonSwarm for distributed automatic mesh merging
[2018.01.28-12.54.29:240][  0]LogMeshReduction: Using QuadricMeshReduction for automatic static mesh reduction
[2018.01.28-12.54.29:240][  0]LogMeshReduction: No automatic skeletal mesh reduction module available
[2018.01.28-12.54.29:240][  0]LogMeshReduction: No automatic mesh merging module available
[2018.01.28-12.54.29:240][  0]LogMeshMerging: No automatic mesh merging module available
[2018.01.28-12.54.29:266][  0]LogNetVersion: GGJ2018 , NetCL: 3709383, EngineNetVer: 2, GameNetVer: 0 (Checksum: 4219683102)
[2018.01.28-12.54.29:416][  0]LogAssetRegistry: FAssetRegistry took 0.0265 seconds to start up
[2018.01.28-12.54.29:877][  0]LogPackageLocalizationCache: Processed 7 localized package path(s) for 1 prioritized culture(s) in 0.034227 seconds
[2018.01.28-12.54.29:883][  0]LogUObjectArray: 35870 objects as part of root set at end of initial load.
[2018.01.28-12.54.29:883][  0]LogUObjectAllocator: 7363696 out of 0 bytes used by permanent object pool.
[2018.01.28-12.54.29:883][  0]LogUObjectArray: CloseDisregardForGC: 0/0 objects in disregard for GC pool
[2018.01.28-12.54.29:921][  0]LogInit: WinSock: version 1.1 (2.2), MaxSocks=32767, MaxUdp=65467
[2018.01.28-12.54.32:292][  0]LogTcpMessaging: Initializing TcpMessaging bridge
[2018.01.28-12.54.32:328][  0]LogUdpMessaging: Initializing bridge on interface 0.0.0.0:0 to multicast group 230.0.0.1:6666.
[2018.01.28-12.54.32:887][  0]LogMaterial: Uniform references updated for custom material expression Custom.
[2018.01.28-12.54.33:233][  0]SourceControl: Source control is disabled
[2018.01.28-12.54.33:234][  0]SourceControl: Source control is disabled
[2018.01.28-12.54.33:276][  0]SourceControl: Source control is disabled
[2018.01.28-12.54.33:317][  0]SourceControl: Source control is disabled
[2018.01.28-12.54.33:955][  0]LogAndroidPermission: UAndroidPermissionCallbackProxy::GetInstance
[2018.01.28-12.54.34:167][  0]LogOcInput: OculusInput pre-init called
[2018.01.28-12.54.34:403][  0]LogEngine: Initializing Engine...
[2018.01.28-12.54.34:405][  0]LogHMD: Failed to initialize OpenVR with code 110
[2018.01.28-12.54.34:629][  0]LogStats: UGameplayTagsManager::ConstructGameplayTagTree: Construct from data asset -  0.000 s
[2018.01.28-12.54.34:629][  0]LogStats: UGameplayTagsManager::ConstructGameplayTagTree: GameplayTagTreeChangedEvent.Broadcast -  0.000 s
[2018.01.28-12.54.34:724][  0]LogAIModule: Creating AISystem for world Untitled
[2018.01.28-12.54.34:730][  0]LogInit: XAudio2 using 'Динамики (Conexant SmartAudio HD)' : 2 channels at 48 kHz using 16 bits per sample (channel mask 0x3)
[2018.01.28-12.54.34:767][  0]LogInit: FAudioDevice initialized.
[2018.01.28-12.54.34:844][  0]LogDerivedDataCache: Saved boot cache 0.08s 78MB C:/Users/Wheatley/AppData/Local/UnrealEngine/4.18/DerivedDataCache/Boot.ddc.
[2018.01.28-12.54.34:859][  0]LogInit: Texture streaming: Enabled
[2018.01.28-12.54.34:935][  0]LogEngineSessionManager: EngineSessionManager initialized
[2018.01.28-12.54.34:935][  0]LogEngineSessionManager: EngineSessionManager sent abnormal shutdown report. Type=Crashed, SessionId={7D208688-4CAC-E26E-983C-F1ACD229A9AF}
[2018.01.28-12.54.35:035][  0]LogWindowsTextInputMethodSystem: Display: IME system now deactivated.
[2018.01.28-12.54.35:092][  0]LogInit: Transaction tracking system initialized
[2018.01.28-12.54.35:328][  0]BlueprintLog: New page: Editor Load
[2018.01.28-12.54.35:998][  0]LocalizationService: Localization service is disabled
[2018.01.28-12.54.36:851][  0]LogConsoleResponse: Display: 
[2018.01.28-12.54.37:017][  0]LogCook: Display: Max memory allowance for cook 16384mb min free memory 0mb
[2018.01.28-12.54.37:017][  0]LogCook: Display: Mobile HDR setting 1
[2018.01.28-12.54.37:017][  0]LogGameplayTags: Display: UGameplayTagsManager::DoneAddingNativeTags. DelegateIsBound: 0
[2018.01.28-12.54.37:270][  0]LogFileCache: Scanning file cache for directory 'D:/Projects/Unreal Projects/GGJ2018/GGJ2018/Content/' took 0.01s
[2018.01.28-12.54.37:946][  0]SourceControl: Source control is disabled
[2018.01.28-12.54.37:946][  0]Cmd: MAP LOAD FILE="../../../../../Projects/Unreal Projects/GGJ2018/GGJ2018/Content/JAM/Maps/Level01.umap" TEMPLATE=0 SHOWPROGRESS=1 FEATURELEVEL=3
[2018.01.28-12.54.37:946][  0]LightingResults: New page: Lighting Build
[2018.01.28-12.54.37:977][  0]MapCheck: New page: Map Check
[2018.01.28-12.54.37:977][  0]LightingResults: New page: Lighting Build
[2018.01.28-12.54.38:909][  0]LogAIModule: Creating AISystem for world Level01
[2018.01.28-12.54.38:921][  0]LogPhysics: Warning: Initialising Body : Scale3D is (nearly) zero: Component: '/Game/JAM/Maps/Level01.Level01:PersistentLevel.WeakSpot_Hand_GEN_VARIABLE_A_WeakSpot_C_CAT_982.Sphere' 
[2018.01.28-12.54.38:921][  0]LogPhysics: Warning: Initialising Body : Scale3D is (nearly) zero: Component: '/Game/JAM/Maps/Level01.Level01:PersistentLevel.WeakSpot_Hand_GEN_VARIABLE_A_WeakSpot_C_CAT_982.Sphere' 
[2018.01.28-12.54.38:921][  0]LogPhysics: Warning: Initialising Body : Scale3D is (nearly) zero: Component: '/Game/JAM/Maps/Level01.Level01:PersistentLevel.ChildActor_GEN_VARIABLE_A_WeakSpot_C_CAT_978.Sphere' 
[2018.01.28-12.54.38:921][  0]LogPhysics: Warning: Initialising Body : Scale3D is (nearly) zero: Component: '/Game/JAM/Maps/Level01.Level01:PersistentLevel.ChildActor_GEN_VARIABLE_A_WeakSpot_C_CAT_978.Sphere' 
[2018.01.28-12.54.38:921][  0]LogPhysics: Warning: Initialising Body : Scale3D is (nearly) zero: Component: '/Game/JAM/Maps/Level01.Level01:PersistentLevel.ChildActor_GEN_VARIABLE_A_WeakSpot_C_CAT_980.Sphere' 
[2018.01.28-12.54.38:921][  0]LogPhysics: Warning: Initialising Body : Scale3D is (nearly) zero: Component: '/Game/JAM/Maps/Level01.Level01:PersistentLevel.ChildActor_GEN_VARIABLE_A_WeakSpot_C_CAT_980.Sphere' 
[2018.01.28-12.54.38:922][  0]LogPhysics: Warning: Initialising Body : Scale3D is (nearly) zero: Component: '/Game/JAM/Maps/Level01.Level01:PersistentLevel.ChildActor_GEN_VARIABLE_A_WeakSpot_C_CAT_984.Sphere' 
[2018.01.28-12.54.38:922][  0]LogPhysics: Warning: Initialising Body : Scale3D is (nearly) zero: Component: '/Game/JAM/Maps/Level01.Level01:PersistentLevel.ChildActor_GEN_VARIABLE_A_WeakSpot_C_CAT_984.Sphere' 
[2018.01.28-12.54.38:922][  0]LogEditorServer: Finished looking for orphan Actors (0.000 secs)
[2018.01.28-12.54.38:939][  0]Cmd: MAP CHECKDEP NOCLEARLOG
[2018.01.28-12.54.38:983][  0]MapCheck: Map check complete: 0 Error(s), 0 Warning(s), took 43.87ms to complete.
[2018.01.28-12.54.38:983][  0]LogFileHelpers: Loading map 'Level01' took 1.037
[2018.01.28-12.54.39:125][  0]LogCollectionManager: Loaded 0 collections in 0.001483 seconds
[2018.01.28-12.54.39:195][  0]LogFileCache: Scanning file cache for directory 'D:/Projects/Unreal Projects/GGJ2018/GGJ2018/Saved/Collections/' took 0.01s
[2018.01.28-12.54.39:195][  0]LogFileCache: Scanning file cache for directory 'D:/Projects/Unreal Projects/GGJ2018/GGJ2018/Content/Developers/Wheatley/Collections/' took 0.01s
[2018.01.28-12.54.39:195][  0]LogFileCache: Scanning file cache for directory 'D:/Projects/Unreal Projects/GGJ2018/GGJ2018/Content/Collections/' took 0.01s
[2018.01.28-12.54.39:195][  0]LogCollectionManager: Rebuilt the GUID cache for 0 collections in 0.000000 seconds
[2018.01.28-12.54.39:204][  0]LogContentBrowser: Native class hierarchy populated in 0.0088 seconds. Added 2363 classes and 519 folders.
[2018.01.28-12.54.39:256][  0]LogContentBrowser: Native class hierarchy updated for 'WidgetCarousel' in 0.0003 seconds. Added 0 classes and 0 folders.
[2018.01.28-12.54.39:291][  0]LogContentBrowser: Native class hierarchy updated for 'AddContentDialog' in 0.0002 seconds. Added 0 classes and 0 folders.
[2018.01.28-12.54.39:325][  0]LogContentBrowser: Native class hierarchy updated for 'SceneOutliner' in 0.0003 seconds. Added 1 classes and 2 folders.
[2018.01.28-12.54.39:342][  0]LogSlate: Took 0.000161 seconds to synchronously load lazily loaded font '../../../Engine/Content/Slate/Fonts/Roboto-Regular.ttf' (155K)
[2018.01.28-12.54.39:343][  0]LogSlate: Took 0.000129 seconds to synchronously load lazily loaded font '../../../Engine/Content/Slate/Fonts/Roboto-Bold.ttf' (160K)
[2018.01.28-12.54.39:349][  0]LogSlate: Took 0.000199 seconds to synchronously load lazily loaded font '../../../Engine/Content/Editor/Slate/Fonts/FontAwesome.ttf' (139K)
[2018.01.28-12.54.39:449][  0]LogRenderer: Reallocating scene render targets to support 792x396 Format 9 NumSamples 1 (Frame:1).
[2018.01.28-12.54.39:616][  0]LogContentBrowser: Native class hierarchy updated for 'HierarchicalLODOutliner' in 0.0004 seconds. Added 1 classes and 2 folders.
[2018.01.28-12.54.39:616][  0]LogLoad: (Engine Initialization) Total time: 16.49 seconds
[2018.01.28-12.54.39:616][  0]LogLoad: (Engine Initialization) Total Blueprint compile time: 0.00 seconds
[2018.01.28-12.54.39:616][  0]LogExternalProfiler: No external profilers were discovered.  External profiling features will not be available.
[2018.01.28-12.54.39:654][  0]LogContentStreaming: Texture pool size now 600 MB
[2018.01.28-12.54.39:696][  0]LogSlate: Took 0.000130 seconds to synchronously load lazily loaded font '../../../Engine/Content/Slate/Fonts/Roboto-Light.ttf' (159K)
[2018.01.28-12.54.39:728][  1]LogAssetRegistry: Asset discovery search completed in 10.3345 seconds
[2018.01.28-12.54.39:730][  1]LogCollectionManager: Rebuilt the object cache for 0 collections in 0.000000 seconds (found 0 objects)
[2018.01.28-12.54.39:730][  1]LogCollectionManager: Fixed up redirectors for 0 collections in 0.000050 seconds (updated 0 objects)
[2018.01.28-12.54.42:713][168]LogMaterial: Missing cached shader map for material Material_0, compiling. 
[2018.01.28-12.54.50:066][584]LogSlate: Took 0.000174 seconds to synchronously load lazily loaded font '../../../Engine/Content/Slate/Fonts/Roboto-Light.ttf' (159K)
[2018.01.28-12.54.50:399][584]LogContentBrowser: Native class hierarchy updated for 'SkeletonEditor' in 0.0003 seconds. Added 1 classes and 2 folders.
[2018.01.28-12.54.51:000][584]LogSlate: Took 0.000186 seconds to synchronously load lazily loaded font '../../../Engine/Content/Slate/Fonts/Roboto-Regular.ttf' (155K)
[2018.01.28-12.54.51:713][584]LogActorComponent: RegisterComponentWithWorld: (/Engine/Transient.World_5:PersistentLevel.Actor_0.DebugSkelMeshComponent_0) Already registered. Aborting.
[2018.01.28-12.54.52:265][584]LogSkeletalMesh: USkeletalMeshComponent::InitArticulated : Bodies already created (/Engine/Transient.World_5:PersistentLevel.Actor_0.DebugSkelMeshComponent_0) - call TermArticulated first.
[2018.01.28-12.54.53:903][584]LogContentBrowser: Native class hierarchy updated for 'ClothingSystemEditorInterface' in 0.0003 seconds. Added 1 classes and 0 folders.
[2018.01.28-12.54.53:918][584]LogContentBrowser: Verbose: The majority of assets in the view are of type: AnimSequence
[2018.01.28-12.54.55:159][648]LogRenderer: Reallocating scene render targets to support 808x396 Format 9 NumSamples 1 (Frame:66).
[2018.01.28-12.55.06:027][294]LogActorComponent: RegisterComponentWithWorld: (/Engine/Transient.World_10:PersistentLevel.Actor_1.DebugSkelMeshComponent_3) Already registered. Aborting.
[2018.01.28-12.55.06:105][294]LogSkeletalMesh: USkeletalMeshComponent::InitArticulated : Bodies already created (/Engine/Transient.World_10:PersistentLevel.Actor_1.DebugSkelMeshComponent_3) - call TermArticulated first.
[2018.01.28-12.55.06:514][294]LogSlate: Took 0.012929 seconds to synchronously load lazily loaded font '../../../Engine/Content/Editor/Slate/Fonts/Roboto-Italic.ttf' (157K)
[2018.01.28-12.55.06:577][295]LogRenderer: Reallocating scene render targets to support 808x616 Format 9 NumSamples 1 (Frame:1).
[2018.01.28-12.55.16:139][831]LogContentBrowser: Native class hierarchy updated for 'MaterialEditor' in 0.0003 seconds. Added 1 classes and 0 folders.
[2018.01.28-12.55.16:417][831]LogRenderer: Reallocating scene render targets to support 988x652 Format 9 NumSamples 1 (Frame:1).
[2018.01.28-12.55.24:315][282]Cmd: OBJ SAVEPACKAGE PACKAGE="/Game/JAM/Meshes/Boss_V2/MI_RedEm" FILE="../../../../../Projects/Unreal Projects/GGJ2018/GGJ2018/Content/JAM/Meshes/Boss_V2/MI_RedEm.uasset" SILENT=true
[2018.01.28-12.55.24:397][282]LogMaterial: Missing cached shader map for material FDebugViewModeMaterialProxy MI_RedEm, compiling. 
[2018.01.28-12.55.24:763][282]TextureStreamingBuild: Display: Compiling optional shaders took 0.392 seconds.
[2018.01.28-12.55.25:362][282]LogSavePackage: Save=68.91ms
[2018.01.28-12.55.25:362][282]LogSavePackage: Moving '../../../../../Projects/Unreal Projects/GGJ2018/GGJ2018/Saved/MI_RedEm1370A937476E65D45D40A9BFEF3F4493.tmp' to '../../../../../Projects/Unreal Projects/GGJ2018/GGJ2018/Content/JAM/Meshes/Boss_V2/MI_RedEm.uasset'
[2018.01.28-12.55.25:386][282]LogSavePackage: Display: Finished SavePackage ../../../../../Projects/Unreal Projects/GGJ2018/GGJ2018/Content/JAM/Meshes/Boss_V2/MI_RedEm.uasset
[2018.01.28-12.57.20:457][179]LogTemp: Repeating last play command: New Editor Window (PIE)
[2018.01.28-12.57.21:057][179]LogBlueprintUserMessages: Early PlayInEditor Detection: Level '/Game/JAM/Maps/Level01.Level01:PersistentLevel' has LevelScriptBlueprint '/Game/JAM/Maps/Level01.Level01:PersistentLevel.Level01' with GeneratedClass '/Game/JAM/Maps/Level01.Level01_C' with ClassGeneratedBy '/Game/JAM/Maps/Level01.Level01:PersistentLevel.Level01'
[2018.01.28-12.57.21:072][179]LogPlayLevel: PlayLevel: No blueprints needed recompiling
[2018.01.28-12.57.21:108][179]PIE: New page: PIE session: Level01 (Jan 28, 2018, 6:57:21 PM)
[2018.01.28-12.57.21:108][179]LogPlayLevel: Creating play world package: /Game/JAM/Maps/UEDPIE_0_Level01
[2018.01.28-12.57.21:135][179]LogPlayLevel: PIE: StaticDuplicateObject took: (0.026197s)
[2018.01.28-12.57.21:135][179]LogAIModule: Creating AISystem for world Level01
[2018.01.28-12.57.21:135][179]LogPlayLevel: PIE: World Init took: (0.000754s)
[2018.01.28-12.57.21:136][179]LogPlayLevel: PIE: Created PIE world by copying editor world from /Game/JAM/Maps/Level01.Level01 to /Game/JAM/Maps/UEDPIE_0_Level01.Level01 (0.027261s)
[2018.01.28-12.57.21:179][179]LogInit: XAudio2 using 'Динамики (Conexant SmartAudio HD)' : 2 channels at 48 kHz using 16 bits per sample (channel mask 0x3)
[2018.01.28-12.57.21:200][179]LogInit: FAudioDevice initialized.
[2018.01.28-12.57.21:277][179]LogLoad: Game class is 'ThirdPersonGameMode_C'
[2018.01.28-12.57.21:297][179]LogPhysics: Warning: Initialising Body : Scale3D is (nearly) zero: Component: '/Game/JAM/Maps/UEDPIE_0_Level01.Level01:PersistentLevel.WeakSpot_Hand_GEN_VARIABLE_A_WeakSpot_C_CAT_982.Sphere' 
[2018.01.28-12.57.21:297][179]LogPhysics: Warning: Initialising Body : Scale3D is (nearly) zero: Component: '/Game/JAM/Maps/UEDPIE_0_Level01.Level01:PersistentLevel.ChildActor_GEN_VARIABLE_A_WeakSpot_C_CAT_978.Sphere' 
[2018.01.28-12.57.21:297][179]LogPhysics: Warning: Initialising Body : Scale3D is (nearly) zero: Component: '/Game/JAM/Maps/UEDPIE_0_Level01.Level01:PersistentLevel.ChildActor_GEN_VARIABLE_A_WeakSpot_C_CAT_980.Sphere' 
[2018.01.28-12.57.21:297][179]LogPhysics: Warning: Initialising Body : Scale3D is (nearly) zero: Component: '/Game/JAM/Maps/UEDPIE_0_Level01.Level01:PersistentLevel.ChildActor_GEN_VARIABLE_A_WeakSpot_C_CAT_984.Sphere' 
[2018.01.28-12.57.21:297][179]LogWorld: Bringing World /Game/JAM/Maps/UEDPIE_0_Level01.Level01 up for play (max tick rate 60) at 2018.01.28-15.57.21
[2018.01.28-12.57.21:465][179]LogWorld: Bringing up level for play took: 0.187016
[2018.01.28-12.57.21:552][179]LogContentBrowser: Native class hierarchy updated for 'MovieSceneCapture' in 0.0004 seconds. Added 11 classes and 0 folders.
[2018.01.28-12.57.21:700][179]PIE: Play in editor start time for /Game/JAM/Maps/UEDPIE_0_Level01 -0.18
[2018.01.28-12.57.21:701][179]LogBlueprintUserMessages: Late PlayInEditor Detection: Level '/Game/JAM/Maps/Level01.Level01:PersistentLevel' has LevelScriptBlueprint '/Game/JAM/Maps/Level01.Level01:PersistentLevel.Level01' with GeneratedClass '/Game/JAM/Maps/Level01.Level01_C' with ClassGeneratedBy '/Game/JAM/Maps/Level01.Level01:PersistentLevel.Level01'
[2018.01.28-12.57.32:864][834]LogBlueprintUserMessages: Early EndPlayMap Detection: Level '/Game/JAM/Maps/Level01.Level01:PersistentLevel' has LevelScriptBlueprint '/Game/JAM/Maps/Level01.Level01:PersistentLevel.Level01' with GeneratedClass '/Game/JAM/Maps/Level01.Level01_C' with ClassGeneratedBy '/Game/JAM/Maps/Level01.Level01:PersistentLevel.Level01'
[2018.01.28-12.57.32:931][834]LogBlueprintUserMessages: Late EndPlayMap Detection: Level '/Game/JAM/Maps/Level01.Level01:PersistentLevel' has LevelScriptBlueprint '/Game/JAM/Maps/Level01.Level01:PersistentLevel.Level01' with GeneratedClass '/Game/JAM/Maps/Level01.Level01_C' with ClassGeneratedBy '/Game/JAM/Maps/Level01.Level01:PersistentLevel.Level01'
[2018.01.28-12.57.34:608][925]Cmd: OBJ SAVEPACKAGE PACKAGE="/Game/JAM/Maps/Level01" FILE="../../../../../Projects/Unreal Projects/GGJ2018/GGJ2018/Content/JAM/Maps/Level01.umap" SILENT=true AUTOSAVING=false KEEPDIRTY=false
[2018.01.28-12.57.35:130][925]LogSavePackage: Save=483.49ms
[2018.01.28-12.57.35:130][925]LogSavePackage: Moving '../../../../../Projects/Unreal Projects/GGJ2018/GGJ2018/Saved/Level01B1716EDF4F4D183A389C66B7A7FF6541.tmp' to '../../../../../Projects/Unreal Projects/GGJ2018/GGJ2018/Content/JAM/Maps/Level01.umap'
[2018.01.28-12.57.35:134][925]LogSavePackage: Display: Finished SavePackage ../../../../../Projects/Unreal Projects/GGJ2018/GGJ2018/Content/JAM/Maps/Level01.umap
[2018.01.28-12.57.41:151][245]LogWindowsTextInputMethodSystem: Display: IME system now deactivated.
[2018.01.28-12.57.41:390][246]Cmd: QUIT_EDITOR
[2018.01.28-12.57.42:240][246]LogExit: Preparing to exit.
[2018.01.28-12.57.42:427][246]LogDirectoryWatcher: A directory notification for 'D:/Projects/Unreal Projects/GGJ2018/GGJ2018/Content/' was aborted.
[2018.01.28-12.57.42:471][246]LogExit: Editor shut down
[2018.01.28-12.57.42:475][246]LogExit: Transaction tracking system shut down
[2018.01.28-12.57.42:770][246]LogDirectoryWatcher: A directory notification for '../../../Engine/Content/' was aborted.
[2018.01.28-12.57.42:770][246]LogDirectoryWatcher: A directory notification for '../../../../../Projects/Unreal Projects/GGJ2018/GGJ2018/Content/' was aborted.
[2018.01.28-12.57.42:770][246]LogDirectoryWatcher: A directory notification for '../../../Engine/Plugins/2D/Paper2D/Content/' was aborted.
[2018.01.28-12.57.42:770][246]LogDirectoryWatcher: A directory notification for '../../../Engine/Plugins/Media/MediaCompositing/Content/' was aborted.
[2018.01.28-12.57.42:770][246]LogDirectoryWatcher: A directory notification for '../../../Engine/Plugins/Runtime/AppleARKit/Content/' was aborted.
[2018.01.28-12.57.42:770][246]LogDirectoryWatcher: A directory notification for '../../../Engine/Plugins/Runtime/Oculus/OculusVR/Content/' was aborted.
[2018.01.28-12.57.42:770][246]LogDirectoryWatcher: A directory notification for '../../../Engine/Plugins/Runtime/Steam/SteamVR/Content/' was aborted.
[2018.01.28-12.57.43:145][246]LogExit: Object subsystem successfully closed.
[2018.01.28-12.57.43:167][246]LogD3D11RHI: Shutdown
[2018.01.28-12.57.43:167][246]LogD3D11RHI: CleanupD3DDevice
[2018.01.28-12.57.43:171][246]LogD3D11RHI: ~FD3D11DynamicRHI
[2018.01.28-12.57.43:386][246]LogModuleManager: Shutting down and abandoning module MovieSceneCapture (558)
[2018.01.28-12.57.43:386][246]LogModuleManager: Shutting down and abandoning module MaterialEditor (556)
[2018.01.28-12.57.43:386][246]LogModuleManager: Shutting down and abandoning module ClothingSystemEditorInterface (554)
[2018.01.28-12.57.43:386][246]LogModuleManager: Shutting down and abandoning module SkeletonEditor (552)
[2018.01.28-12.57.43:386][246]LogModuleManager: Shutting down and abandoning module AnimationEditor (550)
[2018.01.28-12.57.43:386][246]LogModuleManager: Shutting down and abandoning module HierarchicalLODOutliner (548)
[2018.01.28-12.57.43:386][246]LogModuleManager: Shutting down and abandoning module SceneOutliner (546)
[2018.01.28-12.57.43:400][246]LogModuleManager: Shutting down and abandoning module AddContentDialog (544)
[2018.01.28-12.57.43:414][246]LogDirectoryWatcher: A directory notification for 'D:/Epic Games/UE_4.18/FeaturePacks/' was aborted.
[2018.01.28-12.57.43:415][246]LogModuleManager: Shutting down and abandoning module WidgetCarousel (543)
[2018.01.28-12.57.43:415][246]LogModuleManager: Shutting down and abandoning module EditorWidgets (540)
[2018.01.28-12.57.43:415][246]LogModuleManager: Shutting down and abandoning module CollectionManager (538)
[2018.01.28-12.57.43:415][246]LogDirectoryWatcher: A directory notification for 'D:/Projects/Unreal Projects/GGJ2018/GGJ2018/Content/Collections/' was aborted.
[2018.01.28-12.57.43:415][246]LogDirectoryWatcher: A directory notification for 'D:/Projects/Unreal Projects/GGJ2018/GGJ2018/Content/Developers/Wheatley/Collections/' was aborted.
[2018.01.28-12.57.43:415][246]LogDirectoryWatcher: A directory notification for 'D:/Projects/Unreal Projects/GGJ2018/GGJ2018/Saved/Collections/' was aborted.
[2018.01.28-12.57.43:415][246]LogModuleManager: Shutting down and abandoning module StatsViewer (536)
[2018.01.28-12.57.43:415][246]LogModuleManager: Shutting down and abandoning module FoliageEdit (534)
[2018.01.28-12.57.43:415][246]LogModuleManager: Shutting down and abandoning module LandscapeEditor (532)
[2018.01.28-12.57.43:415][246]LogModuleManager: Shutting down and abandoning module MeshPaintMode (530)
[2018.01.28-12.57.43:415][246]LogModuleManager: Shutting down and abandoning module SceneDepthPickerMode (528)
[2018.01.28-12.57.43:415][246]LogModuleManager: Shutting down and abandoning module ActorPickerMode (526)
[2018.01.28-12.57.43:415][246]LogModuleManager: Shutting down and abandoning module GeometryMode (524)
[2018.01.28-12.57.43:415][246]LogModuleManager: Shutting down and abandoning module TextureAlignMode (522)
[2018.01.28-12.57.43:415][246]LogModuleManager: Shutting down and abandoning module BspMode (520)
[2018.01.28-12.57.43:415][246]LogModuleManager: Shutting down and abandoning module PIEPreviewDeviceProfileSelector (518)
[2018.01.28-12.57.43:416][246]LogModuleManager: Shutting down and abandoning module HardwareSurvey (516)
[2018.01.28-12.57.43:416][246]LogModuleManager: Shutting down and abandoning module SequenceRecorderSections (514)
[2018.01.28-12.57.43:416][246]LogModuleManager: Shutting down and abandoning module AutomationWorker (512)
[2018.01.28-12.57.43:416][246]LogModuleManager: Shutting down and abandoning module MatineeToLevelSequence (510)
[2018.01.28-12.57.43:416][246]LogModuleManager: Shutting down and abandoning module LevelSequenceEditor (508)
[2018.01.28-12.57.43:433][246]LogModuleManager: Shutting down and abandoning module PlacementMode (507)
[2018.01.28-12.57.43:433][246]LogModuleManager: Shutting down and abandoning module WmfMediaFactory (504)
[2018.01.28-12.57.43:433][246]LogModuleManager: Shutting down and abandoning module WmfMediaEditor (502)
[2018.01.28-12.57.43:433][246]LogModuleManager: Shutting down and abandoning module OpenExrWrapper (500)
[2018.01.28-12.57.43:433][246]LogModuleManager: Shutting down and abandoning module ImgMediaFactory (498)
[2018.01.28-12.57.43:433][246]LogModuleManager: Shutting down and abandoning module ImgMediaEditor (496)
[2018.01.28-12.57.43:433][246]LogModuleManager: Shutting down and abandoning module AvfMediaFactory (494)
[2018.01.28-12.57.43:433][246]LogModuleManager: Shutting down and abandoning module AvfMediaEditor (492)
[2018.01.28-12.57.43:433][246]LogModuleManager: Shutting down and abandoning module AndroidMediaFactory (490)
[2018.01.28-12.57.43:433][246]LogModuleManager: Shutting down and abandoning module AndroidMediaEditor (488)
[2018.01.28-12.57.43:433][246]LogModuleManager: Shutting down and abandoning module CharacterAI (486)
[2018.01.28-12.57.43:433][246]LogModuleManager: Shutting down and abandoning module AudioCapture (484)
[2018.01.28-12.57.43:433][246]LogModuleManager: Shutting down and abandoning module SequenceRecorder (483)
[2018.01.28-12.57.43:434][246]LogModuleManager: Shutting down and abandoning module SmartSnapping (480)
[2018.01.28-12.57.43:434][246]LogModuleManager: Shutting down and abandoning module SessionServices (478)
[2018.01.28-12.57.43:434][246]LogModuleManager: Shutting down and abandoning module ViewportSnapping (476)
[2018.01.28-12.57.43:434][246]LogModuleManager: Shutting down and abandoning module ViewportInteraction (474)
[2018.01.28-12.57.43:434][246]LogModuleManager: Shutting down and abandoning module ClothPainter (472)
[2018.01.28-12.57.43:434][246]LogModuleManager: Shutting down and abandoning module SkeletalMeshEditor (471)
[2018.01.28-12.57.43:434][246]LogModuleManager: Shutting down and abandoning module LogVisualizer (468)
[2018.01.28-12.57.43:434][246]LogModuleManager: Shutting down and abandoning module IntroTutorials (466)
[2018.01.28-12.57.43:434][246]LogModuleManager: Shutting down and abandoning module GameProjectGeneration (465)
[2018.01.28-12.57.43:434][246]LogModuleManager: Shutting down and abandoning module IOSPlatformEditor (462)
[2018.01.28-12.57.43:434][246]LogModuleManager: Shutting down and abandoning module HTML5PlatformEditor (460)
[2018.01.28-12.57.43:434][246]LogModuleManager: Shutting down and abandoning module AndroidPlatformEditor (458)
[2018.01.28-12.57.43:435][246]LogModuleManager: Shutting down and abandoning module AndroidDeviceDetection (457)
[2018.01.28-12.57.44:361][246]LogModuleManager: Shutting down and abandoning module WindowsPlatformEditor (454)
[2018.01.28-12.57.44:361][246]LogModuleManager: Shutting down and abandoning module IOSRuntimeSettings (452)
[2018.01.28-12.57.44:361][246]LogModuleManager: Shutting down and abandoning module AndroidRuntimeSettings (450)
[2018.01.28-12.57.44:361][246]LogModuleManager: Shutting down and abandoning module InputBindingEditor (448)
[2018.01.28-12.57.44:361][246]LogModuleManager: Shutting down and abandoning module MergeActors (446)
[2018.01.28-12.57.44:461][246]LogModuleManager: Shutting down and abandoning module SizeMap (444)
[2018.01.28-12.57.44:461][246]LogModuleManager: Shutting down and abandoning module TreeMap (442)
[2018.01.28-12.57.44:461][246]LogModuleManager: Shutting down and abandoning module ReferenceViewer (440)
[2018.01.28-12.57.44:461][246]LogModuleManager: Shutting down and abandoning module LocalizationDashboard (438)
[2018.01.28-12.57.44:466][246]LogModuleManager: Shutting down and abandoning module LocalizationService (437)
[2018.01.28-12.57.44:466][246]LogModuleManager: Shutting down and abandoning module HardwareTargeting (434)
[2018.01.28-12.57.44:466][246]LogModuleManager: Shutting down and abandoning module DeviceProfileEditor (432)
[2018.01.28-12.57.44:467][246]LogModuleManager: Shutting down and abandoning module UndoHistory (430)
[2018.01.28-12.57.44:467][246]LogModuleManager: Shutting down and abandoning module XmlParser (428)
[2018.01.28-12.57.44:467][246]LogModuleManager: Shutting down and abandoning module Blutility (426)
[2018.01.28-12.57.44:467][246]LogModuleManager: Shutting down and abandoning module ProjectSettingsViewer (424)
[2018.01.28-12.57.44:467][246]LogModuleManager: Shutting down and abandoning module ProjectTargetPlatformEditor (423)
[2018.01.28-12.57.44:467][246]LogModuleManager: Shutting down and abandoning module EditorSettingsViewer (420)
[2018.01.28-12.57.44:467][246]LogModuleManager: Shutting down and abandoning module SettingsEditor (418)
[2018.01.28-12.57.44:474][246]LogModuleManager: Shutting down and abandoning module ProjectLauncher (416)
[2018.01.28-12.57.44:482][246]LogModuleManager: Shutting down and abandoning module SessionFrontend (414)
[2018.01.28-12.57.44:482][246]LogModuleManager: Shutting down and abandoning module ProfilerClient (412)
[2018.01.28-12.57.44:494][246]LogModuleManager: Shutting down and abandoning module DeviceManager (410)
[2018.01.28-12.57.44:494][246]LogModuleManager: Shutting down and abandoning module TargetDeviceServices (409)
[2018.01.28-12.57.44:549][246]LogModuleManager: Shutting down and abandoning module AutomationController (406)
[2018.01.28-12.57.44:562][246]LogModuleManager: Shutting down and abandoning module AutomationWindow (404)
[2018.01.28-12.57.44:575][246]LogModuleManager: Shutting down and abandoning module Layers (402)
[2018.01.28-12.57.44:583][246]LogModuleManager: Shutting down and abandoning module ComponentVisualizers (400)
[2018.01.28-12.57.44:583][246]LogModuleManager: Shutting down and abandoning module DetailCustomizations (398)
[2018.01.28-12.57.44:583][246]LogModuleManager: Shutting down and abandoning module PackagesDialog (396)
[2018.01.28-12.57.44:583][246]LogModuleManager: Shutting down and abandoning module Persona (394)
[2018.01.28-12.57.44:584][246]LogModuleManager: Shutting down and abandoning module AdvancedPreviewScene (393)
[2018.01.28-12.57.44:584][246]LogModuleManager: Shutting down and abandoning module AnimGraph (391)
[2018.01.28-12.57.44:584][246]LogModuleManager: Shutting down and abandoning module Kismet (388)
[2018.01.28-12.57.44:585][246]LogModuleManager: Shutting down and abandoning module ClassViewer (386)
[2018.01.28-12.57.44:585][246]LogModuleManager: Shutting down and abandoning module Toolbox (384)
[2018.01.28-12.57.44:585][246]LogModuleManager: Shutting down and abandoning module ModuleUI (382)
[2018.01.28-12.57.44:597][246]LogModuleManager: Shutting down and abandoning module MovieSceneTools (380)
[2018.01.28-12.57.44:612][246]LogModuleManager: Shutting down and abandoning module OutputLog (378)
[2018.01.28-12.57.44:612][246]LogModuleManager: Shutting down and abandoning module GammaUI (376)
[2018.01.28-12.57.44:622][246]LogModuleManager: Shutting down and abandoning module Documentation (374)
[2018.01.28-12.57.44:623][246]LogModuleManager: Shutting down and abandoning module MovieSceneTracks (372)
[2018.01.28-12.57.44:623][246]LogModuleManager: Shutting down and abandoning module MovieScene (370)
[2018.01.28-12.57.44:623][246]LogModuleManager: Shutting down and abandoning module StreamingPauseRendering (368)
[2018.01.28-12.57.44:623][246]LogModuleManager: Shutting down and abandoning module LauncherPlatform (366)
[2018.01.28-12.57.44:623][246]LogModuleManager: Shutting down and abandoning module AnalyticsET (364)
[2018.01.28-12.57.44:623][246]LogModuleManager: Shutting down and abandoning module PortalServices (362)
[2018.01.28-12.57.44:623][246]LogModuleManager: Shutting down and abandoning module PortalRpc (360)
[2018.01.28-12.57.44:623][246]LogModuleManager: Shutting down and abandoning module MessagingRpc (358)
[2018.01.28-12.57.44:623][246]LogModuleManager: Shutting down and abandoning module AIModule (356)
[2018.01.28-12.57.44:623][246]LogModuleManager: Shutting down and abandoning module GameplayDebugger (355)
[2018.01.28-12.57.44:623][246]LogModuleManager: Shutting down and abandoning module AITestSuite (353)
[2018.01.28-12.57.44:623][246]LogModuleManager: Shutting down and abandoning module DesktopPlatform (350)
[2018.01.28-12.57.44:623][246]LogModuleManager: Shutting down and abandoning module ProfilerService (348)
[2018.01.28-12.57.44:844][246]LogModuleManager: Shutting down and abandoning module TaskGraph (346)
[2018.01.28-12.57.44:844][246]LogModuleManager: Shutting down and abandoning module SteamVRController (344)
[2018.01.28-12.57.44:844][246]LogModuleManager: Shutting down and abandoning module ProceduralMeshComponentEditor (342)
[2018.01.28-12.57.44:844][246]LogModuleManager: Shutting down and abandoning module ProceduralMeshComponent (340)
[2018.01.28-12.57.44:844][246]LogModuleManager: Shutting down and abandoning module OculusInput (338)
[2018.01.28-12.57.44:844][246]LogModuleManager: Shutting down and abandoning module MobilePatchingUtils (336)
[2018.01.28-12.57.44:844][246]LogModuleManager: Shutting down and abandoning module CustomMeshComponent (334)
[2018.01.28-12.57.44:844][246]LogModuleManager: Shutting down and abandoning module CableComponent (332)
[2018.01.28-12.57.44:844][246]LogModuleManager: Shutting down and abandoning module ArchVisCharacter (330)
[2018.01.28-12.57.44:844][246]LogModuleManager: Shutting down and abandoning module AndroidPermission (328)
[2018.01.28-12.57.44:844][246]LogModuleManager: Shutting down and abandoning module ActorSequence (324)
[2018.01.28-12.57.44:844][246]LogModuleManager: Shutting down and abandoning module MediaPlayerEditor (322)
[2018.01.28-12.57.44:859][246]LogModuleManager: Shutting down and abandoning module MediaCompositingEditor (320)
[2018.01.28-12.57.44:860][246]LogModuleManager: Shutting down and abandoning module MediaCompositing (318)
[2018.01.28-12.57.44:860][246]LogModuleManager: Shutting down and abandoning module HTML5Networking (316)
[2018.01.28-12.57.44:860][246]LogModuleManager: Shutting down and abandoning module AlembicImporter (314)
[2018.01.28-12.57.44:860][246]LogModuleManager: Shutting down and abandoning module AlembicLibrary (313)
[2018.01.28-12.57.44:860][246]LogModuleManager: Shutting down and abandoning module GeometryCache (312)
[2018.01.28-12.57.44:860][246]LogModuleManager: Shutting down and abandoning module GeometryCacheEd (311)
[2018.01.28-12.57.44:860][246]LogModuleManager: Shutting down and abandoning module SpeedTreeImporter (306)
[2018.01.28-12.57.44:860][246]LogModuleManager: Shutting down and abandoning module PluginBrowser (304)
[2018.01.28-12.57.44:871][246]LogModuleManager: Shutting down and abandoning module MobileLauncherProfileWizard (302)
[2018.01.28-12.57.44:871][246]LogModuleManager: Shutting down and abandoning module VisualStudioSourceCodeAccess (300)
[2018.01.28-12.57.44:871][246]LogModuleManager: Shutting down and abandoning module VisualStudioCodeSourceCodeAccess (298)
[2018.01.28-12.57.44:871][246]LogModuleManager: Shutting down and abandoning module UObjectPlugin (296)
[2018.01.28-12.57.44:871][246]LogModuleManager: Shutting down and abandoning module SubversionSourceControl (294)
[2018.01.28-12.57.44:872][246]LogModuleManager: Shutting down and abandoning module PerforceSourceControl (292)
[2018.01.28-12.57.44:883][246]LogModuleManager: Shutting down and abandoning module GitSourceControl (290)
[2018.01.28-12.57.44:883][246]LogModuleManager: Shutting down and abandoning module SourceControl (289)
[2018.01.28-12.57.44:883][246]LogModuleManager: Shutting down and abandoning module LightPropagationVolumeEditor (286)
[2018.01.28-12.57.44:883][246]LogModuleManager: Shutting down and abandoning module PaperTiledImporter (284)
[2018.01.28-12.57.44:883][246]LogModuleManager: Shutting down and abandoning module PaperSpriteSheetImporter (282)
[2018.01.28-12.57.44:883][246]LogModuleManager: Shutting down and abandoning module Paper2DEditor (280)
[2018.01.28-12.57.44:886][246]LogModuleManager: Shutting down and abandoning module MeshPaint (279)
[2018.01.28-12.57.44:886][246]LogModuleManager: Shutting down and abandoning module LevelEditor (277)
[2018.01.28-12.57.44:890][246]LogModuleManager: Shutting down and abandoning module PixelInspectorModule (276)
[2018.01.28-12.57.44:890][246]LogModuleManager: Shutting down and abandoning module MainFrame (274)
[2018.01.28-12.57.44:890][246]LogModuleManager: Shutting down and abandoning module HotReload (273)
[2018.01.28-12.57.44:891][246]LogModuleManager: Shutting down and abandoning module RuntimePhysXCooking (268)
[2018.01.28-12.57.44:891][246]LogModuleManager: Shutting down and abandoning module PhysXVehiclesEditor (266)
[2018.01.28-12.57.44:891][246]LogModuleManager: Shutting down and abandoning module PhysXVehicles (264)
[2018.01.28-12.57.44:891][246]LogModuleManager: Shutting down and abandoning module OculusEditor (262)
[2018.01.28-12.57.44:891][246]LogModuleManager: Shutting down and abandoning module LocationServicesBPLibrary (260)
[2018.01.28-12.57.44:891][246]LogModuleManager: Shutting down and abandoning module ImmediatePhysicsEditor (258)
[2018.01.28-12.57.44:891][246]LogModuleManager: Shutting down and abandoning module ImmediatePhysics (256)
[2018.01.28-12.57.44:891][246]LogModuleManager: Shutting down and abandoning module UdpMessaging (254)
[2018.01.28-12.57.44:992][246]LogModuleManager: Shutting down and abandoning module TcpMessaging (252)
[2018.01.28-12.57.45:092][246]LogModuleManager: Shutting down and abandoning module GameplayTagsEditor (250)
[2018.01.28-12.57.45:092][246]LogModuleManager: Shutting down and abandoning module FacialAnimationEditor (248)
[2018.01.28-12.57.45:092][246]LogModuleManager: Shutting down and abandoning module FacialAnimation (246)
[2018.01.28-12.57.45:092][246]LogModuleManager: Shutting down and abandoning module AssetManagerEditor (244)
[2018.01.28-12.57.45:092][246]LogModuleManager: Shutting down and abandoning module GraphEditor (243)
[2018.01.28-12.57.45:228][246]LogModuleManager: Shutting down and abandoning module ContentBrowser (241)
[2018.01.28-12.57.45:229][246]LogModuleManager: Shutting down and abandoning module LightPropagationVolumeRuntime (238)
[2018.01.28-12.57.45:229][246]LogModuleManager: Shutting down and abandoning module Paper2D (236)
[2018.01.28-12.57.45:229][246]LogModuleManager: Shutting down and abandoning module WindowsMoviePlayer (234)
[2018.01.28-12.57.45:229][246]LogModuleManager: Shutting down and abandoning module WmfMedia (232)
[2018.01.28-12.57.45:243][246]LogModuleManager: Shutting down and abandoning module ImgMedia (230)
[2018.01.28-12.57.45:243][246]LogModuleManager: Shutting down and abandoning module PacketHandler (228)
[2018.01.28-12.57.45:243][246]LogModuleManager: Shutting down and abandoning module ClothingSystemEditor (226)
[2018.01.28-12.57.45:243][246]LogModuleManager: Shutting down and abandoning module ClothingSystemRuntime (224)
[2018.01.28-12.57.45:270][246]LogModuleManager: Shutting down and abandoning module MediaAssets (222)
[2018.01.28-12.57.45:270][246]LogModuleManager: Shutting down and abandoning module Media (221)
[2018.01.28-12.57.45:276][246]LogModuleManager: Shutting down and abandoning module Overlay (218)
[2018.01.28-12.57.45:276][246]LogModuleManager: Shutting down and abandoning module OverlayEditor (217)
[2018.01.28-12.57.45:276][246]LogModuleManager: Shutting down and abandoning module VREditor (214)
[2018.01.28-12.57.45:278][246]LogModuleManager: Shutting down and abandoning module StringTableEditor (212)
[2018.01.28-12.57.45:278][246]LogModuleManager: Shutting down and abandoning module GameplayTasksEditor (210)
[2018.01.28-12.57.45:278][246]LogModuleManager: Shutting down and abandoning module BehaviorTreeEditor (208)
[2018.01.28-12.57.45:306][246]LogModuleManager: Shutting down and abandoning module FunctionalTesting (206)
[2018.01.28-12.57.45:306][246]LogModuleManager: Shutting down and abandoning module CollisionAnalyzer (204)
[2018.01.28-12.57.45:307][246]LogModuleManager: Shutting down and abandoning module WorkspaceMenuStructure (203)
[2018.01.28-12.57.45:307][246]LogModuleManager: Shutting down and abandoning module UMG (200)
[2018.01.28-12.57.45:307][246]LogModuleManager: Shutting down and abandoning module UMGEditor (199)
[2018.01.28-12.57.45:326][246]LogModuleManager: Shutting down and abandoning module Sequencer (198)
[2018.01.28-12.57.45:336][246]LogModuleManager: Shutting down and abandoning module MessageLog (195)
[2018.01.28-12.57.45:336][246]LogModuleManager: Shutting down and abandoning module SlateReflector (190)
[2018.01.28-12.57.45:354][246]LogModuleManager: Shutting down and abandoning module Slate (188)
[2018.01.28-12.57.45:354][246]LogModuleManager: Shutting down and abandoning module EditorStyle (186)
[2018.01.28-12.57.45:356][246]LogModuleManager: Shutting down and abandoning module MRMesh (184)
[2018.01.28-12.57.45:356][246]LogModuleManager: Shutting down and abandoning module SourceCodeAccess (182)
[2018.01.28-12.57.45:356][246]LogModuleManager: Shutting down and abandoning module HeadMountedDisplay (180)
[2018.01.28-12.57.45:356][246]LogModuleManager: Shutting down and abandoning module XAudio2 (178)
[2018.01.28-12.57.45:356][246]LogModuleManager: Shutting down and abandoning module Networking (176)
[2018.01.28-12.57.45:356][246]LogModuleManager: Shutting down and abandoning module Core (172)
[2018.01.28-12.57.45:356][246]LogModuleManager: Shutting down and abandoning module LevelSequence (168)
[2018.01.28-12.57.45:356][246]LogModuleManager: Shutting down and abandoning module DirectoryWatcher (166)
[2018.01.28-12.57.45:357][246]LogModuleManager: Shutting down and abandoning module KismetCompiler (164)
[2018.01.28-12.57.45:357][246]LogModuleManager: Shutting down and abandoning module MeshUtilities (162)
[2018.01.28-12.57.45:364][246]LogModuleManager: Shutting down and abandoning module MeshMergeUtilities (161)
[2018.01.28-12.57.45:364][246]LogModuleManager: Shutting down and abandoning module MeshReductionInterface (160)
[2018.01.28-12.57.45:364][246]LogModuleManager: Shutting down and abandoning module SimplygonSwarm (159)
[2018.01.28-12.57.45:372][246]LogModuleManager: Shutting down and abandoning module SimplygonMeshReduction (157)
[2018.01.28-12.57.45:372][246]LogModuleManager: Shutting down and abandoning module QuadricMeshReduction (155)
[2018.01.28-12.57.45:372][246]LogModuleManager: Shutting down and abandoning module MaterialBaking (151)
[2018.01.28-12.57.45:373][246]LogModuleManager: Shutting down and abandoning module DerivedDataCache (148)
[2018.01.28-12.57.45:401][246]LogDerivedDataCache: Shutdown
[2018.01.28-12.57.45:401][246]LogModuleManager: Shutting down and abandoning module TargetPlatform (146)
[2018.01.28-12.57.45:401][246]LogModuleManager: Shutting down and abandoning module VulkanShaderFormat (145)
[2018.01.28-12.57.45:401][246]LogModuleManager: Shutting down and abandoning module ShaderFormatVectorVM (143)
[2018.01.28-12.57.45:412][246]LogModuleManager: Shutting down and abandoning module ShaderFormatOpenGL (141)
[2018.01.28-12.57.45:419][246]LogModuleManager: Shutting down and abandoning module ShaderFormatD3D (139)
[2018.01.28-12.57.45:419][246]LogModuleManager: Shutting down and abandoning module MetalShaderFormat (137)
[2018.01.28-12.57.45:436][246]LogModuleManager: Shutting down and abandoning module TextureFormatUncompressed (135)
[2018.01.28-12.57.45:436][246]LogModuleManager: Shutting down and abandoning module TextureFormatPVR (133)
[2018.01.28-12.57.45:436][246]LogModuleManager: Shutting down and abandoning module TextureFormatDXT (131)
[2018.01.28-12.57.45:436][246]LogModuleManager: Shutting down and abandoning module TextureFormatIntelISPCTexComp (129)
[2018.01.28-12.57.45:436][246]LogModuleManager: Shutting down and abandoning module TextureFormatASTC (127)
[2018.01.28-12.57.45:436][246]LogModuleManager: Shutting down and abandoning module ImageWrapper (126)
[2018.01.28-12.57.45:436][246]LogModuleManager: Shutting down and abandoning module TextureFormatAndroid (123)
[2018.01.28-12.57.45:436][246]LogModuleManager: Shutting down and abandoning module AudioFormatOpus (121)
[2018.01.28-12.57.45:436][246]LogModuleManager: Shutting down and abandoning module AudioFormatOgg (119)
[2018.01.28-12.57.45:436][246]LogModuleManager: Shutting down and abandoning module AudioFormatADPCM (117)
[2018.01.28-12.57.45:436][246]LogModuleManager: Shutting down and abandoning module LinuxTargetPlatform (115)
[2018.01.28-12.57.45:436][246]LogModuleManager: Shutting down and abandoning module LinuxServerTargetPlatform (113)
[2018.01.28-12.57.45:436][246]LogModuleManager: Shutting down and abandoning module LinuxNoEditorTargetPlatform (111)
[2018.01.28-12.57.45:436][246]LogModuleManager: Shutting down and abandoning module LinuxClientTargetPlatform (109)
[2018.01.28-12.57.45:436][246]LogModuleManager: Shutting down and abandoning module TVOSTargetPlatform (107)
[2018.01.28-12.57.45:436][246]LogModuleManager: Shutting down and abandoning module Messaging (105)
[2018.01.28-12.57.45:436][246]LogModuleManager: Shutting down and abandoning module IOSTargetPlatform (103)
[2018.01.28-12.57.45:436][246]LogModuleManager: Shutting down and abandoning module HTML5TargetPlatform (101)
[2018.01.28-12.57.45:436][246]LogModuleManager: Shutting down and abandoning module AndroidTargetPlatform (99)
[2018.01.28-12.57.45:437][246]LogModuleManager: Shutting down and abandoning module Android_PVRTCTargetPlatform (97)
[2018.01.28-12.57.45:437][246]LogModuleManager: Shutting down and abandoning module Android_MultiTargetPlatform (95)
[2018.01.28-12.57.45:437][246]LogModuleManager: Shutting down and abandoning module Android_ETC2TargetPlatform (93)
[2018.01.28-12.57.45:437][246]LogModuleManager: Shutting down and abandoning module Android_ETC1TargetPlatform (91)
[2018.01.28-12.57.45:437][246]LogModuleManager: Shutting down and abandoning module Android_DXTTargetPlatform (89)
[2018.01.28-12.57.45:437][246]LogModuleManager: Shutting down and abandoning module Android_ATCTargetPlatform (87)
[2018.01.28-12.57.45:437][246]LogModuleManager: Shutting down and abandoning module Android_ASTCTargetPlatform (85)
[2018.01.28-12.57.45:437][246]LogModuleManager: Shutting down and abandoning module WindowsTargetPlatform (83)
[2018.01.28-12.57.45:437][246]LogModuleManager: Shutting down and abandoning module WindowsServerTargetPlatform (81)
[2018.01.28-12.57.45:437][246]LogModuleManager: Shutting down and abandoning module WindowsNoEditorTargetPlatform (79)
[2018.01.28-12.57.45:437][246]LogModuleManager: Shutting down and abandoning module WindowsClientTargetPlatform (77)
[2018.01.28-12.57.45:437][246]LogModuleManager: Shutting down and abandoning module MacTargetPlatform (75)
[2018.01.28-12.57.45:437][246]LogModuleManager: Shutting down and abandoning module MacServerTargetPlatform (73)
[2018.01.28-12.57.45:437][246]LogModuleManager: Shutting down and abandoning module MacNoEditorTargetPlatform (71)
[2018.01.28-12.57.45:437][246]LogModuleManager: Shutting down and abandoning module MacClientTargetPlatform (69)
[2018.01.28-12.57.45:437][246]LogModuleManager: Shutting down and abandoning module AllDesktopTargetPlatform (67)
[2018.01.28-12.57.45:437][246]LogModuleManager: Shutting down and abandoning module InputCore (64)
[2018.01.28-12.57.45:437][246]LogModuleManager: Shutting down and abandoning module Settings (62)
[2018.01.28-12.57.45:437][246]LogModuleManager: Shutting down and abandoning module PhysXCooking (60)
[2018.01.28-12.57.45:437][246]LogModuleManager: Shutting down and abandoning module SteamVR (58)
[2018.01.28-12.57.45:437][246]LogModuleManager: Shutting down and abandoning module OculusHMD (56)
[2018.01.28-12.57.45:437][246]LogModuleManager: Shutting down and abandoning module ExampleDeviceProfileSelector (54)
[2018.01.28-12.57.45:437][246]LogModuleManager: Shutting down and abandoning module AppleARKit (52)
[2018.01.28-12.57.45:437][246]LogModuleManager: Shutting down and abandoning module AugmentedReality (51)
[2018.01.28-12.57.45:437][246]LogModuleManager: Shutting down and abandoning module OnlineBlueprintSupport (48)
[2018.01.28-12.57.45:437][246]LogModuleManager: Shutting down and abandoning module OnlineSubsystem (44)
[2018.01.28-12.57.45:448][246]LogModuleManager: Shutting down and abandoning module XMPP (43)
[2018.01.28-12.57.45:461][246]LogModuleManager: Shutting down and abandoning module HTTP (41)
[2018.01.28-12.57.45:461][246]LogHttp: Display: Http module shutting down, but needs to wait on 1 outstanding Http requests:
[2018.01.28-12.57.45:461][246]LogHttp: Display: 	verb=[POST] url=[https://datarouter.ol.epicgames.com/datarouter/api/v1/public/data?SessionID=%7B3F3C02B4-490D-A79F-69B4-3BB9A5AC19C5%7D&AppID=UEEditor.Rocket.Release&AppVersion=4.18.3-3832480%2B%2B%2BUE4%2BRelease-4.18&UserID=ccaebb974b882ecba037bc9c0205b8aa%7C6f25fcf14ac0470b96cd5ca3efdcdfb7%7C0beb5a89-f47e-414c-b96a-ee29aac93d02&AppEnvironment=datacollector-binary&UploadType=eteventstream] status=Processing
[2018.01.28-12.57.45:489][246]LogModuleManager: Shutting down and abandoning module SSL (40)
[2018.01.28-12.57.45:490][246]LogModuleManager: Shutting down and abandoning module AnimationModifiers (36)
[2018.01.28-12.57.45:490][246]LogModuleManager: Shutting down and abandoning module PropertyEditor (35)
[2018.01.28-12.57.45:490][246]LogModuleManager: Shutting down and abandoning module AudioEditor (32)
[2018.01.28-12.57.45:490][246]LogModuleManager: Shutting down and abandoning module TextureCompressor (30)
[2018.01.28-12.57.45:491][246]LogModuleManager: Shutting down and abandoning module ShaderCore (28)
[2018.01.28-12.57.45:491][246]LogModuleManager: Shutting down and abandoning module Landscape (26)
[2018.01.28-12.57.45:491][246]LogModuleManager: Shutting down and abandoning module SlateRHIRenderer (24)
[2018.01.28-12.57.45:492][246]LogModuleManager: Shutting down and abandoning module OpenGLDrv (22)
[2018.01.28-12.57.45:506][246]LogModuleManager: Shutting down and abandoning module D3D11RHI (20)
[2018.01.28-12.57.45:506][246]LogModuleManager: Shutting down and abandoning module AnimGraphRuntime (18)
[2018.01.28-12.57.45:506][246]LogModuleManager: Shutting down and abandoning module Renderer (16)
[2018.01.28-12.57.45:506][246]LogModuleManager: Shutting down and abandoning module Engine (14)
[2018.01.28-12.57.45:506][246]LogModuleManager: Shutting down and abandoning module CoreUObject (12)
[2018.01.28-12.57.45:506][246]LogModuleManager: Shutting down and abandoning module NetworkFile (10)
[2018.01.28-12.57.45:506][246]LogModuleManager: Shutting down and abandoning module CookedIterativeFile (8)
[2018.01.28-12.57.45:506][246]LogModuleManager: Shutting down and abandoning module StreamingFile (6)
[2018.01.28-12.57.45:506][246]LogModuleManager: Shutting down and abandoning module SandboxFile (4)
[2018.01.28-12.57.45:506][246]LogModuleManager: Shutting down and abandoning module PakFile (2)
[2018.01.28-12.57.45:509][246]LogExit: Exiting.
[2018.01.28-12.57.45:543][246]Log file closed, 01/28/18 15:57:45
